#
# A fatal error has been detected by the Java Runtime Environment:
#
#  SIGSEGV (0xb) at pc=0x00007ff96698cadc, pid=22847, tid=140709526128384
#
# JRE version: OpenJDK Runtime Environment (7.0_51) (build 1.7.0_51-b00)
# Java VM: OpenJDK 64-Bit Server VM (24.45-b08 mixed mode linux-amd64 compressed oops)
# Problematic frame:
# C  [librange_tree.so+0x1adc]  aux_range_query+0x19b
#
# Failed to write core dump. Core dumps have been disabled. To enable core dumping, try "ulimit -c unlimited" before starting Java again
#
# If you would like to submit a bug report, please include
# instructions on how to reproduce the bug and visit:
#   http://icedtea.classpath.org/bugzilla
# The crash happened outside the Java Virtual Machine in native code.
# See problematic frame for where to report the bug.
#

---------------  T H R E A D  ---------------

Current thread (0x00007ff97800a800):  JavaThread "main" [_thread_in_native, id=22872, stack(0x00007ff97d324000,0x00007ff97d525000)]

siginfo:si_signo=SIGSEGV: si_errno=0, si_code=1 (SEGV_MAPERR), si_addr=0x0000000000000018

Registers:
RAX=0x0000000000000000, RBX=0x0000000000000001, RCX=0x00007ff9784ddbe0, RDX=0x00007ff966d92100
RSP=0x00007ff97d5212e0, RBP=0x00007ff97d521350, RSI=0x00007ff9784e3110, RDI=0x00007ff9784d70e0
R8 =0x0000000000000003, R9 =0x0000000000000018, R10=0x00007ff97d521030, R11=0x00007ff966b91296
R12=0x0000000000000008, R13=0x0000000000000005, R14=0x00007ff97d521520, R15=0x00007ff97d5213b0
RIP=0x00007ff96698cadc, EFLAGS=0x0000000000010202, CSGSFS=0x0000000000000033, ERR=0x0000000000000004
  TRAPNO=0x000000000000000e

Top of Stack: (sp=0x00007ff97d5212e0)
0x00007ff97d5212e0:   0000000000000004 40b80a0000000000
0x00007ff97d5212f0:   00007ff9784e3050 40c1d40000000000
0x00007ff97d521300:   40b80a0000000000 40c2150000000000
0x00007ff97d521310:   40c0330000000000 00007ff9784a7c70
0x00007ff97d521320:   40c2150000000000 00007ff9784dd940
0x00007ff97d521330:   00007ff9784d70e0 00007ff9784a7c70
0x00007ff97d521340:   00007ff978000020 0000000000000001
0x00007ff97d521350:   00007ff97d5213a0 00007ff96698cc83
0x00007ff97d521360:   40c0330000000000 40c1d40000000000
0x00007ff97d521370:   40b80a0000000000 40c2150000000000
0x00007ff97d521380:   40c0330000000000 00007ff9784a7c70
0x00007ff97d521390:   0000000000000000 00007ff9784e3050
0x00007ff97d5213a0:   00007ff97d5213b0 00007ff9679aaa78
0x00007ff97d5213b0:   000000000000080e 00007ff97d5215f0
0x00007ff97d5213c0:   00007ff97d5214a0 00007ff9679aa901
0x00007ff97d5213d0:   0000000000000000 00007ff97d5213f0
0x00007ff97d5213e0:   00007ff97d521300 00007ff97d521450
0x00007ff97d5213f0:   00007ff97d521460 00007ff97d521450
0x00007ff97d521400:   00007ff97d521464 00007ff97d5214c0
0x00007ff97d521410:   00007ff97d5215f0 00007ff96698cbcf
0x00007ff97d521420:   00007ff978465410 00007ff97844c7b0
0x00007ff97d521430:   0000000400000001 0000000500000005
0x00007ff97d521440:   00007ff97d521300 0000000175006233
0x00007ff97d521450:   0000000000000005 0000000000000000
0x00007ff97d521460:   0000000000000001 dd436bcb7700d900
0x00007ff97d521470:   00007ff97800a800 00007ff97d521500
0x00007ff97d521480:   0000000000000000 0000000000000000
0x00007ff97d521490:   00007ff97d5216b8 00007ff97800a800
0x00007ff97d5214a0:   00007ff97d5215d0 00007ff9679a7ddc
0x00007ff97d5214b0:   00000000f6c04430 00007ff97d521500
0x00007ff97d5214c0:   00007ff97d521500 00007ff97d521508
0x00007ff97d5214d0:   00007ff97d521510 00007ff97d521518 

Instructions: (pc=0x00007ff96698cadc)
0x00007ff96698cabc:   48 89 45 d8 eb 5e 48 8b 45 d8 48 8b 00 f2 0f 10
0x00007ff96698cacc:   00 66 0f 2e 45 c0 72 40 48 8b 45 d8 48 8b 40 10
0x00007ff96698cadc:   48 8b 48 18 48 8b 75 a0 48 8b 55 a8 48 8b 45 b0
0x00007ff96698caec:   48 89 55 98 f2 0f 10 4d 98 48 89 45 98 f2 0f 10 

Register to memory mapping:

RAX=0x0000000000000000 is an unknown value
RBX=0x0000000000000001 is an unknown value
RCX=0x00007ff9784ddbe0 is an unknown value
RDX=0x00007ff966d92100: sentinel+0 in lib/librb_tree.so at 0x00007ff966b8f000
RSP=0x00007ff97d5212e0 is pointing into the stack for thread: 0x00007ff97800a800
RBP=0x00007ff97d521350 is pointing into the stack for thread: 0x00007ff97800a800
RSI=0x00007ff9784e3110 is an unknown value
RDI=0x00007ff9784d70e0 is an unknown value
R8 =0x0000000000000003 is an unknown value
R9 =0x0000000000000018 is an unknown value
R10=0x00007ff97d521030 is pointing into the stack for thread: 0x00007ff97800a800
R11=0x00007ff966b91296: rb_range_query+0 in lib/librb_tree.so at 0x00007ff966b8f000
R12=0x0000000000000008 is an unknown value
R13=0x0000000000000005 is an unknown value
R14=0x00007ff97d521520 is pointing into the stack for thread: 0x00007ff97800a800
R15=0x00007ff97d5213b0 is pointing into the stack for thread: 0x00007ff97800a800


Stack: [0x00007ff97d324000,0x00007ff97d525000],  sp=0x00007ff97d5212e0,  free space=2036k
Native frames: (J=compiled Java code, j=interpreted, Vv=VM code, C=native code)
C  [librange_tree.so+0x1adc]  aux_range_query+0x19b
C  [librange_tree.so+0x1c83]  two_d_range_query+0xb4
C  [libjffi-1.2.so+0xda78]  ffi_call_unix64+0x4c

Java frames: (J=compiled Java code, j=interpreted, Vv=VM code)
j  com.kenai.jffi.Foreign.invokeArrayReturnLong(JJ[B)J+0
j  com.kenai.jffi.Invoker.invokeLong(Lcom/kenai/jffi/CallContext;JLcom/kenai/jffi/HeapInvocationBuffer;)J+38
j  com.kenai.jffi.Invoker$LP64.invokeAddress(Lcom/kenai/jffi/CallContext;JLcom/kenai/jffi/HeapInvocationBuffer;)J+5
j  com.kenai.jffi.Invoker.invokeAddress(Lcom/kenai/jffi/Function;Lcom/kenai/jffi/HeapInvocationBuffer;)J+10
j  org.jruby.ext.ffi.jffi.DefaultMethodFactory$Pointer64Invoker.invoke(Lorg/jruby/runtime/ThreadContext;Lcom/kenai/jffi/Function;Lcom/kenai/jffi/HeapInvocationBuffer;)Lorg/jruby/runtime/builtin/IRubyObject;+6
j  org.jruby.ext.ffi.jffi.DefaultMethodFactory$ConvertingInvoker.invoke(Lorg/jruby/runtime/ThreadContext;Lcom/kenai/jffi/Function;Lcom/kenai/jffi/HeapInvocationBuffer;)Lorg/jruby/runtime/builtin/IRubyObject;+12
j  org.jruby.ext.ffi.jffi.BufferNativeInvoker.call(Lorg/jruby/runtime/ThreadContext;Lorg/jruby/runtime/builtin/IRubyObject;Lorg/jruby/RubyModule;Ljava/lang/String;[Lorg/jruby/runtime/builtin/IRubyObject;)Lorg/jruby/runtime/builtin/IRubyObject;+160
j  org.jruby.ext.ffi.jffi.DefaultMethod.call(Lorg/jruby/runtime/ThreadContext;Lorg/jruby/runtime/builtin/IRubyObject;Lorg/jruby/RubyModule;Ljava/lang/String;[Lorg/jruby/runtime/builtin/IRubyObject;)Lorg/jruby/runtime/builtin/IRubyObject;+11
j  org.jruby.runtime.callsite.CachingCallSite.cacheAndCall(Lorg/jruby/runtime/builtin/IRubyObject;Lorg/jruby/RubyClass;[Lorg/jruby/runtime/builtin/IRubyObject;Lorg/jruby/runtime/ThreadContext;Lorg/jruby/runtime/builtin/IRubyObject;)Lorg/jruby/runtime/builtin/IRubyObject;+57
j  org.jruby.runtime.callsite.CachingCallSite.call(Lorg/jruby/runtime/ThreadContext;Lorg/jruby/runtime/builtin/IRubyObject;Lorg/jruby/runtime/builtin/IRubyObject;[Lorg/jruby/runtime/builtin/IRubyObject;)Lorg/jruby/runtime/builtin/IRubyObject;+50
j  org.jruby.ast.CallManyArgsNode.interpret(Lorg/jruby/Ruby;Lorg/jruby/runtime/ThreadContext;Lorg/jruby/runtime/builtin/IRubyObject;Lorg/jruby/runtime/Block;)Lorg/jruby/runtime/builtin/IRubyObject;+41
j  org.jruby.ast.DAsgnNode.interpret(Lorg/jruby/Ruby;Lorg/jruby/runtime/ThreadContext;Lorg/jruby/runtime/builtin/IRubyObject;Lorg/jruby/runtime/Block;)Lorg/jruby/runtime/builtin/IRubyObject;+17
J  org.jruby.runtime.Interpreted19Block.yield(Lorg/jruby/runtime/ThreadContext;Lorg/jruby/runtime/builtin/IRubyObject;Lorg/jruby/runtime/Binding;Lorg/jruby/runtime/Block$Type;)Lorg/jruby/runtime/builtin/IRubyObject;
j  org.jruby.runtime.Interpreted19Block.yieldSpecific(Lorg/jruby/runtime/ThreadContext;Lorg/jruby/runtime/Binding;Lorg/jruby/runtime/Block$Type;)Lorg/jruby/runtime/builtin/IRubyObject;+5
j  org.jruby.runtime.Block.yieldSpecific(Lorg/jruby/runtime/ThreadContext;)Lorg/jruby/runtime/builtin/IRubyObject;+13
j  org.jruby.RubyFixnum.times(Lorg/jruby/runtime/ThreadContext;Lorg/jruby/runtime/Block;)Lorg/jruby/runtime/builtin/IRubyObject;+102
j  org.jruby.RubyFixnum$INVOKER$i$0$0$times.call(Lorg/jruby/runtime/ThreadContext;Lorg/jruby/runtime/builtin/IRubyObject;Lorg/jruby/RubyModule;Ljava/lang/String;Lorg/jruby/runtime/Block;)Lorg/jruby/runtime/builtin/IRubyObject;+7
j  org.jruby.internal.runtime.methods.JavaMethod$JavaMethodZeroBlock.call(Lorg/jruby/runtime/ThreadContext;Lorg/jruby/runtime/builtin/IRubyObject;Lorg/jruby/RubyModule;Ljava/lang/String;[Lorg/jruby/runtime/builtin/IRubyObject;Lorg/jruby/runtime/Block;)Lorg/jruby/runtime/builtin/IRubyObject;+27
j  org.jruby.RubyClass.finvoke(Lorg/jruby/runtime/ThreadContext;Lorg/jruby/runtime/builtin/IRubyObject;Ljava/lang/String;[Lorg/jruby/runtime/builtin/IRubyObject;Lorg/jruby/runtime/Block;)Lorg/jruby/runtime/builtin/IRubyObject;+64
j  org.jruby.runtime.Helpers.invoke(Lorg/jruby/runtime/ThreadContext;Lorg/jruby/runtime/builtin/IRubyObject;Ljava/lang/String;[Lorg/jruby/runtime/builtin/IRubyObject;Lorg/jruby/runtime/Block;)Lorg/jruby/runtime/builtin/IRubyObject;+12
j  org.jruby.RubyBasicObject.callMethod(Lorg/jruby/runtime/ThreadContext;Ljava/lang/String;[Lorg/jruby/runtime/builtin/IRubyObject;Lorg/jruby/runtime/Block;)Lorg/jruby/runtime/builtin/IRubyObject;+6
j  org.jruby.RubyEnumerator.each(Lorg/jruby/runtime/ThreadContext;Lorg/jruby/runtime/Block;)Lorg/jruby/runtime/builtin/IRubyObject;+14
j  org.jruby.RubyEnumerator$INVOKER$i$each.call(Lorg/jruby/runtime/ThreadContext;Lorg/jruby/runtime/builtin/IRubyObject;Lorg/jruby/RubyModule;Ljava/lang/String;Lorg/jruby/runtime/Block;)Lorg/jruby/runtime/builtin/IRubyObject;+7
j  org.jruby.runtime.callsite.CachingCallSite.cacheAndCall(Lorg/jruby/runtime/builtin/IRubyObject;Lorg/jruby/RubyClass;Lorg/jruby/runtime/Block;Lorg/jruby/runtime/ThreadContext;Lorg/jruby/runtime/builtin/IRubyObject;)Lorg/jruby/runtime/builtin/IRubyObject;+57
j  org.jruby.runtime.callsite.CachingCallSite.callBlock(Lorg/jruby/runtime/ThreadContext;Lorg/jruby/runtime/builtin/IRubyObject;Lorg/jruby/runtime/builtin/IRubyObject;Lorg/jruby/runtime/Block;)Lorg/jruby/runtime/builtin/IRubyObject;+50
j  org.jruby.runtime.callsite.CachingCallSite.callIter(Lorg/jruby/runtime/ThreadContext;Lorg/jruby/runtime/builtin/IRubyObject;Lorg/jruby/runtime/builtin/IRubyObject;Lorg/jruby/runtime/Block;)Lorg/jruby/runtime/builtin/IRubyObject;+6
j  org.jruby.ast.CallNoArgBlockNode.interpret(Lorg/jruby/Ruby;Lorg/jruby/runtime/ThreadContext;Lorg/jruby/runtime/builtin/IRubyObject;Lorg/jruby/runtime/Block;)Lorg/jruby/runtime/builtin/IRubyObject;+35
J  org.jruby.ast.BlockNode.interpret(Lorg/jruby/Ruby;Lorg/jruby/runtime/ThreadContext;Lorg/jruby/runtime/builtin/IRubyObject;Lorg/jruby/runtime/Block;)Lorg/jruby/runtime/builtin/IRubyObject;
j  org.jruby.evaluator.ASTInterpreter.INTERPRET_METHOD(Lorg/jruby/Ruby;Lorg/jruby/runtime/ThreadContext;Ljava/lang/String;ILorg/jruby/RubyModule;Lorg/jruby/ast/Node;Ljava/lang/String;Lorg/jruby/runtime/builtin/IRubyObject;Lorg/jruby/runtime/Block;Z)Lorg/jruby/runtime/builtin/IRubyObject;+30
j  org.jruby.internal.runtime.methods.InterpretedMethod.call(Lorg/jruby/runtime/ThreadContext;Lorg/jruby/runtime/builtin/IRubyObject;Lorg/jruby/RubyModule;Ljava/lang/String;)Lorg/jruby/runtime/builtin/IRubyObject;+80
j  org.jruby.internal.runtime.methods.DefaultMethod.call(Lorg/jruby/runtime/ThreadContext;Lorg/jruby/runtime/builtin/IRubyObject;Lorg/jruby/RubyModule;Ljava/lang/String;)Lorg/jruby/runtime/builtin/IRubyObject;+20
J  org.jruby.ast.CallNoArgNode.interpret(Lorg/jruby/Ruby;Lorg/jruby/runtime/ThreadContext;Lorg/jruby/runtime/builtin/IRubyObject;Lorg/jruby/runtime/Block;)Lorg/jruby/runtime/builtin/IRubyObject;
j  org.jruby.ast.FCallTwoArgNode.interpret(Lorg/jruby/Ruby;Lorg/jruby/runtime/ThreadContext;Lorg/jruby/runtime/builtin/IRubyObject;Lorg/jruby/runtime/Block;)Lorg/jruby/runtime/builtin/IRubyObject;+28
J  org.jruby.ast.BlockNode.interpret(Lorg/jruby/Ruby;Lorg/jruby/runtime/ThreadContext;Lorg/jruby/runtime/builtin/IRubyObject;Lorg/jruby/runtime/Block;)Lorg/jruby/runtime/builtin/IRubyObject;
j  org.jruby.evaluator.ASTInterpreter.INTERPRET_METHOD(Lorg/jruby/Ruby;Lorg/jruby/runtime/ThreadContext;Ljava/lang/String;ILorg/jruby/RubyModule;Lorg/jruby/ast/Node;Ljava/lang/String;Lorg/jruby/runtime/builtin/IRubyObject;Lorg/jruby/runtime/Block;Z)Lorg/jruby/runtime/builtin/IRubyObject;+30
j  org.jruby.internal.runtime.methods.InterpretedMethod.call(Lorg/jruby/runtime/ThreadContext;Lorg/jruby/runtime/builtin/IRubyObject;Lorg/jruby/RubyModule;Ljava/lang/String;)Lorg/jruby/runtime/builtin/IRubyObject;+80
j  org.jruby.internal.runtime.methods.DefaultMethod.call(Lorg/jruby/runtime/ThreadContext;Lorg/jruby/runtime/builtin/IRubyObject;Lorg/jruby/RubyModule;Ljava/lang/String;)Lorg/jruby/runtime/builtin/IRubyObject;+20
j  org.jruby.runtime.callsite.CachingCallSite.cacheAndCall(Lorg/jruby/runtime/builtin/IRubyObject;Lorg/jruby/RubyClass;Lorg/jruby/runtime/ThreadContext;Lorg/jruby/runtime/builtin/IRubyObject;)Lorg/jruby/runtime/builtin/IRubyObject;+53
j  org.jruby.runtime.callsite.CachingCallSite.call(Lorg/jruby/runtime/ThreadContext;Lorg/jruby/runtime/builtin/IRubyObject;Lorg/jruby/runtime/builtin/IRubyObject;)Lorg/jruby/runtime/builtin/IRubyObject;+46
j  Makefile.method__2$RUBY$test(LMakefile;Lorg/jruby/runtime/ThreadContext;Lorg/jruby/runtime/builtin/IRubyObject;Lorg/jruby/runtime/Block;)Lorg/jruby/runtime/builtin/IRubyObject;+130
j  Makefile$method__2$RUBY$test.call(Lorg/jruby/runtime/ThreadContext;Lorg/jruby/runtime/builtin/IRubyObject;Lorg/jruby/RubyModule;Ljava/lang/String;Lorg/jruby/runtime/Block;)Lorg/jruby/runtime/builtin/IRubyObject;+17
j  org.jruby.RubyClass.finvoke(Lorg/jruby/runtime/ThreadContext;Lorg/jruby/runtime/builtin/IRubyObject;Ljava/lang/String;Lorg/jruby/runtime/Block;)Lorg/jruby/runtime/builtin/IRubyObject;+41
j  org.jruby.RubyBasicObject.send19(Lorg/jruby/runtime/ThreadContext;Lorg/jruby/runtime/builtin/IRubyObject;Lorg/jruby/runtime/Block;)Lorg/jruby/runtime/builtin/IRubyObject;+15
j  org.jruby.RubyKernel.send19(Lorg/jruby/runtime/ThreadContext;Lorg/jruby/runtime/builtin/IRubyObject;Lorg/jruby/runtime/builtin/IRubyObject;Lorg/jruby/runtime/Block;)Lorg/jruby/runtime/builtin/IRubyObject;+7
j  org.jruby.RubyKernel$INVOKER$s$send19.call(Lorg/jruby/runtime/ThreadContext;Lorg/jruby/runtime/builtin/IRubyObject;Lorg/jruby/RubyModule;Ljava/lang/String;Lorg/jruby/runtime/builtin/IRubyObject;Lorg/jruby/runtime/Block;)Lorg/jruby/runtime/builtin/IRubyObject;+6
j  org.jruby.internal.runtime.methods.JavaMethod$JavaMethodOneOrNBlock.call(Lorg/jruby/runtime/ThreadContext;Lorg/jruby/runtime/builtin/IRubyObject;Lorg/jruby/RubyModule;Ljava/lang/String;Lorg/jruby/runtime/builtin/IRubyObject;)Lorg/jruby/runtime/builtin/IRubyObject;+11
j  org.jruby.runtime.callsite.CachingCallSite.call(Lorg/jruby/runtime/ThreadContext;Lorg/jruby/runtime/builtin/IRubyObject;Lorg/jruby/runtime/builtin/IRubyObject;Lorg/jruby/runtime/builtin/IRubyObject;)Lorg/jruby/runtime/builtin/IRubyObject;+38
j  Makefile.block_7$RUBY$__file__(LMakefile;Lorg/jruby/runtime/ThreadContext;Lorg/jruby/runtime/builtin/IRubyObject;[Lorg/jruby/runtime/builtin/IRubyObject;Lorg/jruby/runtime/Block;)Lorg/jruby/runtime/builtin/IRubyObject;+46
j  Makefile$block_7$RUBY$__file__.call(Lorg/jruby/runtime/ThreadContext;Lorg/jruby/runtime/builtin/IRubyObject;[Lorg/jruby/runtime/builtin/IRubyObject;Lorg/jruby/runtime/Block;)Lorg/jruby/runtime/builtin/IRubyObject;+9
j  org.jruby.runtime.CompiledBlock19.yield(Lorg/jruby/runtime/ThreadContext;Lorg/jruby/runtime/builtin/IRubyObject;Lorg/jruby/runtime/Binding;Lorg/jruby/runtime/Block$Type;)Lorg/jruby/runtime/builtin/IRubyObject;+52
j  org.jruby.runtime.Block.yield(Lorg/jruby/runtime/ThreadContext;Lorg/jruby/runtime/builtin/IRubyObject;)Lorg/jruby/runtime/builtin/IRubyObject;+14
j  org.jruby.RubyArray.eachCommon(Lorg/jruby/runtime/ThreadContext;Lorg/jruby/runtime/Block;)Lorg/jruby/runtime/builtin/IRubyObject;+41
j  org.jruby.RubyArray.each(Lorg/jruby/runtime/ThreadContext;Lorg/jruby/runtime/Block;)Lorg/jruby/runtime/builtin/IRubyObject;+10
j  org.jruby.RubyArray$INVOKER$i$0$0$each.call(Lorg/jruby/runtime/ThreadContext;Lorg/jruby/runtime/builtin/IRubyObject;Lorg/jruby/RubyModule;Ljava/lang/String;Lorg/jruby/runtime/Block;)Lorg/jruby/runtime/builtin/IRubyObject;+7
j  org.jruby.runtime.callsite.CachingCallSite.cacheAndCall(Lorg/jruby/runtime/builtin/IRubyObject;Lorg/jruby/RubyClass;Lorg/jruby/runtime/Block;Lorg/jruby/runtime/ThreadContext;Lorg/jruby/runtime/builtin/IRubyObject;)Lorg/jruby/runtime/builtin/IRubyObject;+57
j  org.jruby.runtime.callsite.CachingCallSite.callBlock(Lorg/jruby/runtime/ThreadContext;Lorg/jruby/runtime/builtin/IRubyObject;Lorg/jruby/runtime/builtin/IRubyObject;Lorg/jruby/runtime/Block;)Lorg/jruby/runtime/builtin/IRubyObject;+50
j  org.jruby.runtime.callsite.CachingCallSite.callIter(Lorg/jruby/runtime/ThreadContext;Lorg/jruby/runtime/builtin/IRubyObject;Lorg/jruby/runtime/builtin/IRubyObject;Lorg/jruby/runtime/Block;)Lorg/jruby/runtime/builtin/IRubyObject;+6
j  Makefile.__file__(LMakefile;Lorg/jruby/runtime/ThreadContext;Lorg/jruby/runtime/builtin/IRubyObject;[Lorg/jruby/runtime/builtin/IRubyObject;Lorg/jruby/runtime/Block;)Lorg/jruby/runtime/builtin/IRubyObject;+907
j  Makefile.load(Lorg/jruby/runtime/ThreadContext;Lorg/jruby/runtime/builtin/IRubyObject;Z)Lorg/jruby/runtime/builtin/IRubyObject;+22
j  org.jruby.Ruby.runScript(Lorg/jruby/ast/executable/Script;Z)Lorg/jruby/runtime/builtin/IRubyObject;+12
j  org.jruby.Ruby.runScript(Lorg/jruby/ast/executable/Script;)Lorg/jruby/runtime/builtin/IRubyObject;+3
j  org.jruby.Ruby.runNormally(Lorg/jruby/ast/Node;)Lorg/jruby/runtime/builtin/IRubyObject;+73
j  org.jruby.Ruby.runFromMain(Ljava/io/InputStream;Ljava/lang/String;)V+320
j  org.jruby.Main.doRunFromMain(Lorg/jruby/Ruby;Ljava/io/InputStream;Ljava/lang/String;)Lorg/jruby/Main$Status;+12
j  org.jruby.Main.internalRun()Lorg/jruby/Main$Status;+234
j  org.jruby.Main.run([Ljava/lang/String;)Lorg/jruby/Main$Status;+9
j  org.jruby.Main.main([Ljava/lang/String;)V+35
v  ~StubRoutines::call_stub

---------------  P R O C E S S  ---------------

Java Threads: ( => current thread )
  0x00007ff978474000 JavaThread "ReferenceReaper" daemon [_thread_blocked, id=22972, stack(0x00007ff967199000,0x00007ff96739a000)]
  0x00007ff978450000 JavaThread "JRubyJIT-2" daemon [_thread_blocked, id=22971, stack(0x00007ff96759b000,0x00007ff96779c000)]
  0x00007ff978410000 JavaThread "process reaper" daemon [_thread_blocked, id=22888, stack(0x00007ff974019000,0x00007ff974052000)]
  0x00007ff978403800 JavaThread "JRubyJIT-1" daemon [_thread_blocked, id=22885, stack(0x00007ff96779c000,0x00007ff96799d000)]
  0x00007ff9780ae000 JavaThread "Service Thread" daemon [_thread_blocked, id=22883, stack(0x00007ff96d427000,0x00007ff96d628000)]
  0x00007ff9780ab800 JavaThread "C2 CompilerThread1" daemon [_thread_blocked, id=22882, stack(0x00007ff96d628000,0x00007ff96d729000)]
  0x00007ff9780a8800 JavaThread "C2 CompilerThread0" daemon [_thread_blocked, id=22881, stack(0x00007ff96d729000,0x00007ff96d82a000)]
  0x00007ff9780a6800 JavaThread "Signal Dispatcher" daemon [_thread_blocked, id=22880, stack(0x00007ff96d82a000,0x00007ff96da2b000)]
  0x00007ff978082800 JavaThread "Finalizer" daemon [_thread_blocked, id=22879, stack(0x00007ff96de25000,0x00007ff96e026000)]
  0x00007ff978080800 JavaThread "Reference Handler" daemon [_thread_blocked, id=22878, stack(0x00007ff96e026000,0x00007ff96e227000)]
=>0x00007ff97800a800 JavaThread "main" [_thread_in_native, id=22872, stack(0x00007ff97d324000,0x00007ff97d525000)]

Other Threads:
  0x00007ff97807c800 VMThread [stack: 0x00007ff96e227000,0x00007ff96e328000] [id=22877]
  0x00007ff9780b8800 WatcherThread [stack: 0x00007ff96d326000,0x00007ff96d427000] [id=22884]

VM state:not at safepoint (normal execution)

VM Mutex/Monitor currently owned by a thread: None

Heap
 PSYoungGen      total 32768K, used 22010K [0x00000000f5900000, 0x00000000f7b00000, 0x0000000100000000)
  eden space 30720K, 65% used [0x00000000f5900000,0x00000000f6c85520,0x00000000f7700000)
  from space 2048K, 98% used [0x00000000f7900000,0x00000000f7af9518,0x00000000f7b00000)
  to   space 2048K, 0% used [0x00000000f7700000,0x00000000f7700000,0x00000000f7900000)
 ParOldGen       total 38400K, used 5773K [0x00000000e0c00000, 0x00000000e3180000, 0x00000000f5900000)
  object space 38400K, 15% used [0x00000000e0c00000,0x00000000e11a3438,0x00000000e3180000)
 PSPermGen       total 25600K, used 25451K [0x00000000d6600000, 0x00000000d7f00000, 0x00000000e0c00000)
  object space 25600K, 99% used [0x00000000d6600000,0x00000000d7edaf48,0x00000000d7f00000)

Card table byte_map: [0x00007ff97c14a000,0x00007ff97c298000] byte_map_base: 0x00007ff97ba97000

Polling page: 0x00007ff97f932000

Code Cache  [0x00007ff975000000, 0x00007ff975270000, 0x00007ff978000000)
 total_blobs=942 nmethods=463 adapters=433 free_code_cache=47400Kb largest_free_block=48495744

Compilation events (10 events):
Event: 3,880 Thread 0x00007ff9780ab800 nmethod 466 0x00007ff9751b9a90 code [0x00007ff9751b9c40, 0x00007ff9751b9fe8]
Event: 3,880 Thread 0x00007ff9780ab800  468             org.jruby.RubyModule::cacheHit (33 bytes)
Event: 3,890 Thread 0x00007ff9780ab800 nmethod 468 0x00007ff9751b9090 code [0x00007ff9751b9220, 0x00007ff9751b96a8]
Event: 3,890 Thread 0x00007ff9780ab800  469             org.jruby.RubyModule::getCachedMethods (5 bytes)
Event: 3,891 Thread 0x00007ff9780ab800 nmethod 469 0x00007ff9751a9810 code [0x00007ff9751a9940, 0x00007ff9751a9998]
Event: 3,891 Thread 0x00007ff9780ab800  470             org.jruby.RubyRandom::randLimitedFixnum (103 bytes)
Event: 3,894 Thread 0x00007ff9780ab800 nmethod 470 0x00007ff9751b8b50 code [0x00007ff9751b8cc0, 0x00007ff9751b8e78]
Event: 3,894 Thread 0x00007ff9780ab800  471             org.jruby.internal.runtime.methods.DynamicMethod::isUndefined (13 bytes)
Event: 3,895 Thread 0x00007ff9780ab800 nmethod 471 0x00007ff9751a9590 code [0x00007ff9751a96c0, 0x00007ff9751a9738]
Event: 3,901 Thread 0x00007ff9780a8800 nmethod 467 0x00007ff9751be690 code [0x00007ff9751be8c0, 0x00007ff9751bf678]

GC Heap History (4 events):
Event: 1,363 GC heap before
{Heap before GC invocations=1 (full 0):
 PSYoungGen      total 17408K, used 15360K [0x00000000f5900000, 0x00000000f6c00000, 0x0000000100000000)
  eden space 15360K, 100% used [0x00000000f5900000,0x00000000f6800000,0x00000000f6800000)
  from space 2048K, 0% used [0x00000000f6a00000,0x00000000f6a00000,0x00000000f6c00000)
  to   space 2048K, 0% used [0x00000000f6800000,0x00000000f6800000,0x00000000f6a00000)
 ParOldGen       total 38400K, used 0K [0x00000000e0c00000, 0x00000000e3180000, 0x00000000f5900000)
  object space 38400K, 0% used [0x00000000e0c00000,0x00000000e0c00000,0x00000000e3180000)
 PSPermGen       total 21504K, used 18950K [0x00000000d6600000, 0x00000000d7b00000, 0x00000000e0c00000)
  object space 21504K, 88% used [0x00000000d6600000,0x00000000d7881898,0x00000000d7b00000)
Event: 1,377 GC heap after
Heap after GC invocations=1 (full 0):
 PSYoungGen      total 17408K, used 2037K [0x00000000f5900000, 0x00000000f7b00000, 0x0000000100000000)
  eden space 15360K, 0% used [0x00000000f5900000,0x00000000f5900000,0x00000000f6800000)
  from space 2048K, 99% used [0x00000000f6800000,0x00000000f69fd4d8,0x00000000f6a00000)
  to   space 2048K, 0% used [0x00000000f7900000,0x00000000f7900000,0x00000000f7b00000)
 ParOldGen       total 38400K, used 3780K [0x00000000e0c00000, 0x00000000e3180000, 0x00000000f5900000)
  object space 38400K, 9% used [0x00000000e0c00000,0x00000000e0fb1110,0x00000000e3180000)
 PSPermGen       total 21504K, used 18950K [0x00000000d6600000, 0x00000000d7b00000, 0x00000000e0c00000)
  object space 21504K, 88% used [0x00000000d6600000,0x00000000d7881898,0x00000000d7b00000)
}
Event: 2,443 GC heap before
{Heap before GC invocations=2 (full 0):
 PSYoungGen      total 17408K, used 17397K [0x00000000f5900000, 0x00000000f7b00000, 0x0000000100000000)
  eden space 15360K, 100% used [0x00000000f5900000,0x00000000f6800000,0x00000000f6800000)
  from space 2048K, 99% used [0x00000000f6800000,0x00000000f69fd4d8,0x00000000f6a00000)
  to   space 2048K, 0% used [0x00000000f7900000,0x00000000f7900000,0x00000000f7b00000)
 ParOldGen       total 38400K, used 3780K [0x00000000e0c00000, 0x00000000e3180000, 0x00000000f5900000)
  object space 38400K, 9% used [0x00000000e0c00000,0x00000000e0fb1110,0x00000000e3180000)
 PSPermGen       total 23552K, used 23439K [0x00000000d6600000, 0x00000000d7d00000, 0x00000000e0c00000)
  object space 23552K, 99% used [0x00000000d6600000,0x00000000d7ce3d00,0x00000000d7d00000)
Event: 2,467 GC heap after
Heap after GC invocations=2 (full 0):
 PSYoungGen      total 32768K, used 2021K [0x00000000f5900000, 0x00000000f7b00000, 0x0000000100000000)
  eden space 30720K, 0% used [0x00000000f5900000,0x00000000f5900000,0x00000000f7700000)
  from space 2048K, 98% used [0x00000000f7900000,0x00000000f7af9518,0x00000000f7b00000)
  to   space 2048K, 0% used [0x00000000f7700000,0x00000000f7700000,0x00000000f7900000)
 ParOldGen       total 38400K, used 5773K [0x00000000e0c00000, 0x00000000e3180000, 0x00000000f5900000)
  object space 38400K, 15% used [0x00000000e0c00000,0x00000000e11a3438,0x00000000e3180000)
 PSPermGen       total 23552K, used 23439K [0x00000000d6600000, 0x00000000d7d00000, 0x00000000e0c00000)
  object space 23552K, 99% used [0x00000000d6600000,0x00000000d7ce3d00,0x00000000d7d00000)
}

Deoptimization events (10 events):
Event: 3,676 Thread 0x00007ff97800a800 Uncommon trap: reason=class_check action=maybe_recompile pc=0x00007ff975189f3c method=org.jruby.evaluator.ASTInterpreter.INTERPRET_BLOCK(Lorg/jruby/Ruby;Lorg/jruby/runtime/ThreadContext;Ljava/lang/String;ILorg/jruby/ast/Node;Ljava/lang/String;Lorg/jruby/r
Event: 3,748 Thread 0x00007ff97800a800 Uncommon trap: reason=unreached action=reinterpret pc=0x00007ff975194d8c method=org.jruby.runtime.Helpers.restructureBlockArgs19(Lorg/jruby/runtime/builtin/IRubyObject;Lorg/jruby/runtime/Arity;Lorg/jruby/runtime/Block$Type;ZZ)[Lorg/jruby/runtime/builtin/I
Event: 3,748 Thread 0x00007ff97800a800 Uncommon trap: reason=unreached action=reinterpret pc=0x00007ff97518b364 method=org.jruby.runtime.Helpers.restructureBlockArgs19(Lorg/jruby/runtime/builtin/IRubyObject;Lorg/jruby/runtime/Arity;Lorg/jruby/runtime/Block$Type;ZZ)[Lorg/jruby/runtime/builtin/I
Event: 3,761 Thread 0x00007ff97800a800 Uncommon trap: reason=class_check action=maybe_recompile pc=0x00007ff975162ab8 method=org.jruby.RubyArray.compare(Lorg/jruby/runtime/ThreadContext;Lorg/jruby/runtime/invokedynamic/MethodNames;Lorg/jruby/runtime/builtin/IRubyObject;)Lorg/jruby/RubyBoolean;
Event: 3,805 Thread 0x00007ff97800a800 Uncommon trap: reason=class_check action=maybe_recompile pc=0x00007ff975162ab8 method=org.jruby.RubyArray.compare(Lorg/jruby/runtime/ThreadContext;Lorg/jruby/runtime/invokedynamic/MethodNames;Lorg/jruby/runtime/builtin/IRubyObject;)Lorg/jruby/RubyBoolean;
Event: 3,860 Thread 0x00007ff97800a800 Uncommon trap: reason=class_check action=maybe_recompile pc=0x00007ff975162ab8 method=org.jruby.RubyArray.compare(Lorg/jruby/runtime/ThreadContext;Lorg/jruby/runtime/invokedynamic/MethodNames;Lorg/jruby/runtime/builtin/IRubyObject;)Lorg/jruby/RubyBoolean;
Event: 3,885 Thread 0x00007ff97800a800 Uncommon trap: reason=class_check action=maybe_recompile pc=0x00007ff975199d50 method=org.jruby.runtime.Block.yield(Lorg/jruby/runtime/ThreadContext;Lorg/jruby/runtime/builtin/IRubyObject;)Lorg/jruby/runtime/builtin/IRubyObject; @ 14
Event: 3,885 Thread 0x00007ff97800a800 Uncommon trap: reason=class_check action=maybe_recompile pc=0x00007ff975199d50 method=org.jruby.runtime.Block.yield(Lorg/jruby/runtime/ThreadContext;Lorg/jruby/runtime/builtin/IRubyObject;)Lorg/jruby/runtime/builtin/IRubyObject; @ 14
Event: 3,886 Thread 0x00007ff97800a800 Uncommon trap: reason=class_check action=maybe_recompile pc=0x00007ff975199d50 method=org.jruby.runtime.Block.yield(Lorg/jruby/runtime/ThreadContext;Lorg/jruby/runtime/builtin/IRubyObject;)Lorg/jruby/runtime/builtin/IRubyObject; @ 14
Event: 3,886 Thread 0x00007ff97800a800 Uncommon trap: reason=class_check action=maybe_recompile pc=0x00007ff975199d50 method=org.jruby.runtime.Block.yield(Lorg/jruby/runtime/ThreadContext;Lorg/jruby/runtime/builtin/IRubyObject;)Lorg/jruby/runtime/builtin/IRubyObject; @ 14

Internal exceptions (10 events):
Event: 3,347 Thread 0x00007ff978450000 Threw 0x00000000f63854e8 at /build/buildd/openjdk-7-7u51-2.4.4/build/openjdk/hotspot/src/share/vm/prims/jvm.cpp:1244
Event: 3,347 Thread 0x00007ff978450000 Threw 0x00000000f6386e18 at /build/buildd/openjdk-7-7u51-2.4.4/build/openjdk/hotspot/src/share/vm/prims/jvm.cpp:1244
Event: 3,398 Thread 0x00007ff978403800 Threw 0x00000000f63d39c8 at /build/buildd/openjdk-7-7u51-2.4.4/build/openjdk/hotspot/src/share/vm/prims/jvm.cpp:1244
Event: 3,398 Thread 0x00007ff978450000 Threw 0x00000000f6512c28 at /build/buildd/openjdk-7-7u51-2.4.4/build/openjdk/hotspot/src/share/vm/prims/jvm.cpp:1244
Event: 3,398 Thread 0x00007ff978403800 Threw 0x00000000f63d5348 at /build/buildd/openjdk-7-7u51-2.4.4/build/openjdk/hotspot/src/share/vm/prims/jvm.cpp:1244
Event: 3,398 Thread 0x00007ff978450000 Threw 0x00000000f65145a0 at /build/buildd/openjdk-7-7u51-2.4.4/build/openjdk/hotspot/src/share/vm/prims/jvm.cpp:1244
Event: 3,401 Thread 0x00007ff978403800 Threw 0x00000000f65dd628 at /build/buildd/openjdk-7-7u51-2.4.4/build/openjdk/hotspot/src/share/vm/prims/jvm.cpp:1244
Event: 3,401 Thread 0x00007ff978403800 Threw 0x00000000f65df050 at /build/buildd/openjdk-7-7u51-2.4.4/build/openjdk/hotspot/src/share/vm/prims/jvm.cpp:1244
Event: 3,426 Thread 0x00007ff978450000 Threw 0x00000000f65f4a48 at /build/buildd/openjdk-7-7u51-2.4.4/build/openjdk/hotspot/src/share/vm/prims/jvm.cpp:1244
Event: 3,426 Thread 0x00007ff978450000 Threw 0x00000000f65f63c8 at /build/buildd/openjdk-7-7u51-2.4.4/build/openjdk/hotspot/src/share/vm/prims/jvm.cpp:1244

Events (10 events):
Event: 3,885 Thread 0x00007ff97800a800 DEOPT UNPACKING pc=0x00007ff975039045 sp=0x00007ff97d521428 mode 2
Event: 3,885 Thread 0x00007ff97800a800 Uncommon trap: trap_request=0xffffffde fr.pc=0x00007ff975199d50
Event: 3,885 Thread 0x00007ff97800a800 DEOPT PACKING pc=0x00007ff975199d50 sp=0x00007ff97d521470
Event: 3,885 Thread 0x00007ff97800a800 DEOPT UNPACKING pc=0x00007ff975039045 sp=0x00007ff97d521428 mode 2
Event: 3,886 Thread 0x00007ff97800a800 Uncommon trap: trap_request=0xffffffde fr.pc=0x00007ff975199d50
Event: 3,886 Thread 0x00007ff97800a800 DEOPT PACKING pc=0x00007ff975199d50 sp=0x00007ff97d521470
Event: 3,886 Thread 0x00007ff97800a800 DEOPT UNPACKING pc=0x00007ff975039045 sp=0x00007ff97d521428 mode 2
Event: 3,886 Thread 0x00007ff97800a800 Uncommon trap: trap_request=0xffffffde fr.pc=0x00007ff975199d50
Event: 3,886 Thread 0x00007ff97800a800 DEOPT PACKING pc=0x00007ff975199d50 sp=0x00007ff97d521470
Event: 3,886 Thread 0x00007ff97800a800 DEOPT UNPACKING pc=0x00007ff975039045 sp=0x00007ff97d521428 mode 2


Dynamic libraries:
00400000-00401000 r-xp 00000000 08:01 15861394                           /usr/lib/jvm/java-7-openjdk-amd64/jre/bin/java
00600000-00601000 r--p 00000000 08:01 15861394                           /usr/lib/jvm/java-7-openjdk-amd64/jre/bin/java
00601000-00602000 rw-p 00001000 08:01 15861394                           /usr/lib/jvm/java-7-openjdk-amd64/jre/bin/java
0122e000-0124f000 rw-p 00000000 00:00 0                                  [heap]
d6600000-d7f00000 rw-p 00000000 00:00 0 
d7f00000-e0c00000 rw-p 00000000 00:00 0 
e0c00000-e3180000 rw-p 00000000 00:00 0 
e3180000-f5900000 rw-p 00000000 00:00 0 
f5900000-f7b00000 rw-p 00000000 00:00 0 
f7b00000-100000000 rw-p 00000000 00:00 0 
7ff928000000-7ff928021000 rw-p 00000000 00:00 0 
7ff928021000-7ff92c000000 ---p 00000000 00:00 0 
7ff92c000000-7ff92c021000 rw-p 00000000 00:00 0 
7ff92c021000-7ff930000000 ---p 00000000 00:00 0 
7ff930000000-7ff930021000 rw-p 00000000 00:00 0 
7ff930021000-7ff934000000 ---p 00000000 00:00 0 
7ff934000000-7ff934021000 rw-p 00000000 00:00 0 
7ff934021000-7ff938000000 ---p 00000000 00:00 0 
7ff938000000-7ff938021000 rw-p 00000000 00:00 0 
7ff938021000-7ff93c000000 ---p 00000000 00:00 0 
7ff93c000000-7ff93c027000 rw-p 00000000 00:00 0 
7ff93c027000-7ff940000000 ---p 00000000 00:00 0 
7ff940000000-7ff940b0a000 rw-p 00000000 00:00 0 
7ff940b0a000-7ff944000000 ---p 00000000 00:00 0 
7ff944000000-7ff944021000 rw-p 00000000 00:00 0 
7ff944021000-7ff948000000 ---p 00000000 00:00 0 
7ff948000000-7ff948021000 rw-p 00000000 00:00 0 
7ff948021000-7ff94c000000 ---p 00000000 00:00 0 
7ff94c000000-7ff94cc2c000 rw-p 00000000 00:00 0 
7ff94cc2c000-7ff950000000 ---p 00000000 00:00 0 
7ff950000000-7ff950021000 rw-p 00000000 00:00 0 
7ff950021000-7ff954000000 ---p 00000000 00:00 0 
7ff954000000-7ff954021000 rw-p 00000000 00:00 0 
7ff954021000-7ff958000000 ---p 00000000 00:00 0 
7ff958000000-7ff958021000 rw-p 00000000 00:00 0 
7ff958021000-7ff95c000000 ---p 00000000 00:00 0 
7ff95c000000-7ff95c021000 rw-p 00000000 00:00 0 
7ff95c021000-7ff960000000 ---p 00000000 00:00 0 
7ff960000000-7ff960021000 rw-p 00000000 00:00 0 
7ff960021000-7ff964000000 ---p 00000000 00:00 0 
7ff96698b000-7ff96698e000 r-xp 00000000 08:01 14162119                   /home/alex/Documents/8vo_Semestre/Geometría Computacional/Lab/practica04/src/lib/librange_tree.so
7ff96698e000-7ff966b8d000 ---p 00003000 08:01 14162119                   /home/alex/Documents/8vo_Semestre/Geometría Computacional/Lab/practica04/src/lib/librange_tree.so
7ff966b8d000-7ff966b8e000 r--p 00002000 08:01 14162119                   /home/alex/Documents/8vo_Semestre/Geometría Computacional/Lab/practica04/src/lib/librange_tree.so
7ff966b8e000-7ff966b8f000 rw-p 00003000 08:01 14162119                   /home/alex/Documents/8vo_Semestre/Geometría Computacional/Lab/practica04/src/lib/librange_tree.so
7ff966b8f000-7ff966b92000 r-xp 00000000 08:01 14162104                   /home/alex/Documents/8vo_Semestre/Geometría Computacional/Lab/practica04/src/lib/librb_tree.so
7ff966b92000-7ff966d91000 ---p 00003000 08:01 14162104                   /home/alex/Documents/8vo_Semestre/Geometría Computacional/Lab/practica04/src/lib/librb_tree.so
7ff966d91000-7ff966d92000 r--p 00002000 08:01 14162104                   /home/alex/Documents/8vo_Semestre/Geometría Computacional/Lab/practica04/src/lib/librb_tree.so
7ff966d92000-7ff966d93000 rw-p 00003000 08:01 14162104                   /home/alex/Documents/8vo_Semestre/Geometría Computacional/Lab/practica04/src/lib/librb_tree.so
7ff966d93000-7ff966d95000 r-xp 00000000 08:01 14162095                   /home/alex/Documents/8vo_Semestre/Geometría Computacional/Lab/practica04/src/lib/libdouble_linked_list.so
7ff966d95000-7ff966f94000 ---p 00002000 08:01 14162095                   /home/alex/Documents/8vo_Semestre/Geometría Computacional/Lab/practica04/src/lib/libdouble_linked_list.so
7ff966f94000-7ff966f95000 r--p 00001000 08:01 14162095                   /home/alex/Documents/8vo_Semestre/Geometría Computacional/Lab/practica04/src/lib/libdouble_linked_list.so
7ff966f95000-7ff966f96000 rw-p 00002000 08:01 14162095                   /home/alex/Documents/8vo_Semestre/Geometría Computacional/Lab/practica04/src/lib/libdouble_linked_list.so
7ff966f96000-7ff966f97000 r-xp 00000000 08:01 14162103                   /home/alex/Documents/8vo_Semestre/Geometría Computacional/Lab/practica04/src/lib/lib2d_points.so
7ff966f97000-7ff967197000 ---p 00001000 08:01 14162103                   /home/alex/Documents/8vo_Semestre/Geometría Computacional/Lab/practica04/src/lib/lib2d_points.so
7ff967197000-7ff967198000 r--p 00001000 08:01 14162103                   /home/alex/Documents/8vo_Semestre/Geometría Computacional/Lab/practica04/src/lib/lib2d_points.so
7ff967198000-7ff967199000 rw-p 00002000 08:01 14162103                   /home/alex/Documents/8vo_Semestre/Geometría Computacional/Lab/practica04/src/lib/lib2d_points.so
7ff967199000-7ff96719c000 ---p 00000000 00:00 0 
7ff96719c000-7ff96739a000 rw-p 00000000 00:00 0                          [stack:22972]
7ff96739a000-7ff96739d000 ---p 00000000 00:00 0 
7ff96739d000-7ff96759b000 rw-p 00000000 00:00 0 
7ff96759b000-7ff96759e000 ---p 00000000 00:00 0 
7ff96759e000-7ff96779c000 rw-p 00000000 00:00 0                          [stack:22971]
7ff96779c000-7ff96779f000 ---p 00000000 00:00 0 
7ff96779f000-7ff96799d000 rw-p 00000000 00:00 0                          [stack:22885]
7ff96799d000-7ff9679af000 r-xp 00000000 08:01 12059135                   /home/alex/.rbenv/versions/jruby-1.7.10/lib/jni/x86_64-Linux/libjffi-1.2.so
7ff9679af000-7ff967bae000 ---p 00012000 08:01 12059135                   /home/alex/.rbenv/versions/jruby-1.7.10/lib/jni/x86_64-Linux/libjffi-1.2.so
7ff967bae000-7ff967baf000 rw-p 00011000 08:01 12059135                   /home/alex/.rbenv/versions/jruby-1.7.10/lib/jni/x86_64-Linux/libjffi-1.2.so
7ff967baf000-7ff967bbf000 r-xp 00000000 08:01 15861288                   /usr/lib/jvm/java-7-openjdk-amd64/jre/lib/amd64/libnio.so
7ff967bbf000-7ff967dbf000 ---p 00010000 08:01 15861288                   /usr/lib/jvm/java-7-openjdk-amd64/jre/lib/amd64/libnio.so
7ff967dbf000-7ff967dc0000 r--p 00010000 08:01 15861288                   /usr/lib/jvm/java-7-openjdk-amd64/jre/lib/amd64/libnio.so
7ff967dc0000-7ff967dc1000 rw-p 00011000 08:01 15861288                   /usr/lib/jvm/java-7-openjdk-amd64/jre/lib/amd64/libnio.so
7ff967dc1000-7ff967dfe000 r-xp 00000000 08:01 8130434                    /lib/x86_64-linux-gnu/libpcre.so.3.13.1
7ff967dfe000-7ff967ffe000 ---p 0003d000 08:01 8130434                    /lib/x86_64-linux-gnu/libpcre.so.3.13.1
7ff967ffe000-7ff967fff000 r--p 0003d000 08:01 8130434                    /lib/x86_64-linux-gnu/libpcre.so.3.13.1
7ff967fff000-7ff968000000 rw-p 0003e000 08:01 8130434                    /lib/x86_64-linux-gnu/libpcre.so.3.13.1
7ff968000000-7ff968021000 rw-p 00000000 00:00 0 
7ff968021000-7ff96c000000 ---p 00000000 00:00 0 
7ff96c012000-7ff96c019000 r-xp 00000000 08:01 15735894                   /usr/lib/x86_64-linux-gnu/libffi.so.6.0.1
7ff96c019000-7ff96c218000 ---p 00007000 08:01 15735894                   /usr/lib/x86_64-linux-gnu/libffi.so.6.0.1
7ff96c218000-7ff96c219000 r--p 00006000 08:01 15735894                   /usr/lib/x86_64-linux-gnu/libffi.so.6.0.1
7ff96c219000-7ff96c21a000 rw-p 00007000 08:01 15735894                   /usr/lib/x86_64-linux-gnu/libffi.so.6.0.1
7ff96c21a000-7ff96c230000 r-xp 00000000 08:01 8130457                    /lib/x86_64-linux-gnu/libresolv-2.17.so
7ff96c230000-7ff96c430000 ---p 00016000 08:01 8130457                    /lib/x86_64-linux-gnu/libresolv-2.17.so
7ff96c430000-7ff96c431000 r--p 00016000 08:01 8130457                    /lib/x86_64-linux-gnu/libresolv-2.17.so
7ff96c431000-7ff96c432000 rw-p 00017000 08:01 8130457                    /lib/x86_64-linux-gnu/libresolv-2.17.so
7ff96c432000-7ff96c434000 rw-p 00000000 00:00 0 
7ff96c434000-7ff96c453000 r-xp 00000000 08:01 8130461                    /lib/x86_64-linux-gnu/libselinux.so.1
7ff96c453000-7ff96c653000 ---p 0001f000 08:01 8130461                    /lib/x86_64-linux-gnu/libselinux.so.1
7ff96c653000-7ff96c654000 r--p 0001f000 08:01 8130461                    /lib/x86_64-linux-gnu/libselinux.so.1
7ff96c654000-7ff96c655000 rw-p 00020000 08:01 8130461                    /lib/x86_64-linux-gnu/libselinux.so.1
7ff96c655000-7ff96c656000 rw-p 00000000 00:00 0 
7ff96c656000-7ff96c659000 r-xp 00000000 08:01 15729078                   /usr/lib/x86_64-linux-gnu/libgmodule-2.0.so.0.3800.1
7ff96c659000-7ff96c858000 ---p 00003000 08:01 15729078                   /usr/lib/x86_64-linux-gnu/libgmodule-2.0.so.0.3800.1
7ff96c858000-7ff96c859000 r--p 00002000 08:01 15729078                   /usr/lib/x86_64-linux-gnu/libgmodule-2.0.so.0.3800.1
7ff96c859000-7ff96c85a000 rw-p 00003000 08:01 15729078                   /usr/lib/x86_64-linux-gnu/libgmodule-2.0.so.0.3800.1
7ff96c85a000-7ff96c958000 r-xp 00000000 08:01 8130449                    /lib/x86_64-linux-gnu/libglib-2.0.so.0.3800.1
7ff96c958000-7ff96cb58000 ---p 000fe000 08:01 8130449                    /lib/x86_64-linux-gnu/libglib-2.0.so.0.3800.1
7ff96cb58000-7ff96cb59000 r--p 000fe000 08:01 8130449                    /lib/x86_64-linux-gnu/libglib-2.0.so.0.3800.1
7ff96cb59000-7ff96cb5a000 rw-p 000ff000 08:01 8130449                    /lib/x86_64-linux-gnu/libglib-2.0.so.0.3800.1
7ff96cb5a000-7ff96cb5b000 rw-p 00000000 00:00 0 
7ff96cb5b000-7ff96cbaa000 r-xp 00000000 08:01 15729069                   /usr/lib/x86_64-linux-gnu/libgobject-2.0.so.0.3800.1
7ff96cbaa000-7ff96cdaa000 ---p 0004f000 08:01 15729069                   /usr/lib/x86_64-linux-gnu/libgobject-2.0.so.0.3800.1
7ff96cdaa000-7ff96cdab000 r--p 0004f000 08:01 15729069                   /usr/lib/x86_64-linux-gnu/libgobject-2.0.so.0.3800.1
7ff96cdab000-7ff96cdac000 rw-p 00050000 08:01 15729069                   /usr/lib/x86_64-linux-gnu/libgobject-2.0.so.0.3800.1
7ff96cdac000-7ff96cf08000 r-xp 00000000 08:01 15729043                   /usr/lib/x86_64-linux-gnu/libgio-2.0.so.0.3800.1
7ff96cf08000-7ff96d107000 ---p 0015c000 08:01 15729043                   /usr/lib/x86_64-linux-gnu/libgio-2.0.so.0.3800.1
7ff96d107000-7ff96d10b000 r--p 0015b000 08:01 15729043                   /usr/lib/x86_64-linux-gnu/libgio-2.0.so.0.3800.1
7ff96d10b000-7ff96d10d000 rw-p 0015f000 08:01 15729043                   /usr/lib/x86_64-linux-gnu/libgio-2.0.so.0.3800.1
7ff96d10d000-7ff96d10f000 rw-p 00000000 00:00 0 
7ff96d10f000-7ff96d125000 r-xp 00000000 08:01 15861076                   /usr/lib/jvm/java-7-openjdk-amd64/jre/lib/amd64/libnet.so
7ff96d125000-7ff96d324000 ---p 00016000 08:01 15861076                   /usr/lib/jvm/java-7-openjdk-amd64/jre/lib/amd64/libnet.so
7ff96d324000-7ff96d325000 r--p 00015000 08:01 15861076                   /usr/lib/jvm/java-7-openjdk-amd64/jre/lib/amd64/libnet.so
7ff96d325000-7ff96d326000 rw-p 00016000 08:01 15861076                   /usr/lib/jvm/java-7-openjdk-amd64/jre/lib/amd64/libnet.so
7ff96d326000-7ff96d327000 ---p 00000000 00:00 0 
7ff96d327000-7ff96d427000 rw-p 00000000 00:00 0                          [stack:22884]
7ff96d427000-7ff96d42a000 ---p 00000000 00:00 0 
7ff96d42a000-7ff96d628000 rw-p 00000000 00:00 0                          [stack:22883]
7ff96d628000-7ff96d62b000 ---p 00000000 00:00 0 
7ff96d62b000-7ff96d729000 rw-p 00000000 00:00 0                          [stack:22882]
7ff96d729000-7ff96d72c000 ---p 00000000 00:00 0 
7ff96d72c000-7ff96d82a000 rw-p 00000000 00:00 0                          [stack:22881]
7ff96d82a000-7ff96d82d000 ---p 00000000 00:00 0 
7ff96d82d000-7ff96da2b000 rw-p 00000000 00:00 0                          [stack:22880]
7ff96da2b000-7ff96de25000 r--p 00000000 08:01 15734328                   /usr/lib/locale/locale-archive
7ff96de25000-7ff96de28000 ---p 00000000 00:00 0 
7ff96de28000-7ff96e026000 rw-p 00000000 00:00 0                          [stack:22879]
7ff96e026000-7ff96e029000 ---p 00000000 00:00 0 
7ff96e029000-7ff96e227000 rw-p 00000000 00:00 0                          [stack:22878]
7ff96e227000-7ff96e228000 ---p 00000000 00:00 0 
7ff96e228000-7ff970000000 rw-p 00000000 00:00 0                          [stack:22877]
7ff970000000-7ff970021000 rw-p 00000000 00:00 0 
7ff970021000-7ff974000000 ---p 00000000 00:00 0 
7ff974017000-7ff974019000 rw-p 00000000 00:00 0 
7ff974019000-7ff97401c000 ---p 00000000 00:00 0 
7ff97401c000-7ff974052000 rw-p 00000000 00:00 0                          [stack:22888]
7ff974052000-7ff974053000 r-xp 00000000 00:00 0 
7ff974053000-7ff97405a000 r--s 00000000 08:01 16127910                   /usr/lib/x86_64-linux-gnu/gconv/gconv-modules.cache
7ff97405a000-7ff97405c000 r--s 00012000 08:01 15861308                   /usr/lib/jvm/java-7-openjdk-amd64/jre/lib/ext/zipfs.jar
7ff97405c000-7ff97405f000 r--s 00032000 08:01 15861310                   /usr/lib/jvm/java-7-openjdk-amd64/jre/lib/ext/sunjce_provider.jar
7ff97405f000-7ff974063000 r--s 00085000 08:01 15861304                   /usr/lib/jvm/java-7-openjdk-amd64/jre/lib/ext/localedata.jar
7ff974063000-7ff974065000 r--s 00006000 08:01 16256853                   /usr/share/java/java-atk-wrapper.jar
7ff974065000-7ff974068000 r--s 0000f000 08:01 15861306                   /usr/lib/jvm/java-7-openjdk-amd64/jre/lib/ext/pulse-java.jar
7ff974068000-7ff97406d000 r--s 0004c000 08:01 15861296                   /usr/lib/jvm/java-7-openjdk-amd64/jre/lib/jsse.jar
7ff97406d000-7ff974800000 rw-p 00000000 00:00 0 
7ff974800000-7ff9748e9000 r--s 00bb9000 08:01 12059138                   /home/alex/.rbenv/versions/jruby-1.7.10/lib/jruby.jar
7ff9748e9000-7ff974931000 rw-p 00000000 00:00 0 
7ff974931000-7ff974adf000 r--s 01cf4000 08:01 15861374                   /usr/lib/jvm/java-7-openjdk-amd64/jre/lib/rt.jar
7ff974adf000-7ff974cfd000 rw-p 00000000 00:00 0 
7ff974cfd000-7ff974cfe000 ---p 00000000 00:00 0 
7ff974cfe000-7ff974dfe000 rw-p 00000000 00:00 0                          [stack:22876]
7ff974dfe000-7ff974dff000 ---p 00000000 00:00 0 
7ff974dff000-7ff974eff000 rw-p 00000000 00:00 0                          [stack:22875]
7ff974eff000-7ff974f00000 ---p 00000000 00:00 0 
7ff974f00000-7ff975000000 rw-p 00000000 00:00 0                          [stack:22874]
7ff975000000-7ff975270000 rwxp 00000000 00:00 0 
7ff975270000-7ff9784e4000 rw-p 00000000 00:00 0 
7ff9784e4000-7ff97c000000 ---p 00000000 00:00 0 
7ff97c000000-7ff97c049000 rw-p 00000000 00:00 0 
7ff97c049000-7ff97c04a000 ---p 00000000 00:00 0 
7ff97c04a000-7ff97c157000 rw-p 00000000 00:00 0                          [stack:22873]
7ff97c157000-7ff97c19d000 rw-p 00000000 00:00 0 
7ff97c19d000-7ff97c1b0000 rw-p 00000000 00:00 0 
7ff97c1b0000-7ff97c243000 rw-p 00000000 00:00 0 
7ff97c243000-7ff97c255000 rw-p 00000000 00:00 0 
7ff97c255000-7ff97c297000 rw-p 00000000 00:00 0 
7ff97c297000-7ff97c298000 rw-p 00000000 00:00 0 
7ff97c298000-7ff97c2a0000 r-xp 00000000 08:01 15861025                   /usr/lib/jvm/java-7-openjdk-amd64/jre/lib/amd64/libzip.so
7ff97c2a0000-7ff97c49f000 ---p 00008000 08:01 15861025                   /usr/lib/jvm/java-7-openjdk-amd64/jre/lib/amd64/libzip.so
7ff97c49f000-7ff97c4a0000 r--p 00007000 08:01 15861025                   /usr/lib/jvm/java-7-openjdk-amd64/jre/lib/amd64/libzip.so
7ff97c4a0000-7ff97c4a1000 rw-p 00008000 08:01 15861025                   /usr/lib/jvm/java-7-openjdk-amd64/jre/lib/amd64/libzip.so
7ff97c4a1000-7ff97c4ad000 r-xp 00000000 08:01 8130412                    /lib/x86_64-linux-gnu/libnss_files-2.17.so
7ff97c4ad000-7ff97c6ac000 ---p 0000c000 08:01 8130412                    /lib/x86_64-linux-gnu/libnss_files-2.17.so
7ff97c6ac000-7ff97c6ad000 r--p 0000b000 08:01 8130412                    /lib/x86_64-linux-gnu/libnss_files-2.17.so
7ff97c6ad000-7ff97c6ae000 rw-p 0000c000 08:01 8130412                    /lib/x86_64-linux-gnu/libnss_files-2.17.so
7ff97c6ae000-7ff97c6b9000 r-xp 00000000 08:01 8130416                    /lib/x86_64-linux-gnu/libnss_nis-2.17.so
7ff97c6b9000-7ff97c8b8000 ---p 0000b000 08:01 8130416                    /lib/x86_64-linux-gnu/libnss_nis-2.17.so
7ff97c8b8000-7ff97c8b9000 r--p 0000a000 08:01 8130416                    /lib/x86_64-linux-gnu/libnss_nis-2.17.so
7ff97c8b9000-7ff97c8ba000 rw-p 0000b000 08:01 8130416                    /lib/x86_64-linux-gnu/libnss_nis-2.17.so
7ff97c8ba000-7ff97c8d1000 r-xp 00000000 08:01 8130406                    /lib/x86_64-linux-gnu/libnsl-2.17.so
7ff97c8d1000-7ff97cad0000 ---p 00017000 08:01 8130406                    /lib/x86_64-linux-gnu/libnsl-2.17.so
7ff97cad0000-7ff97cad1000 r--p 00016000 08:01 8130406                    /lib/x86_64-linux-gnu/libnsl-2.17.so
7ff97cad1000-7ff97cad2000 rw-p 00017000 08:01 8130406                    /lib/x86_64-linux-gnu/libnsl-2.17.so
7ff97cad2000-7ff97cad4000 rw-p 00000000 00:00 0 
7ff97cad4000-7ff97cadc000 r-xp 00000000 08:01 8130408                    /lib/x86_64-linux-gnu/libnss_compat-2.17.so
7ff97cadc000-7ff97ccdb000 ---p 00008000 08:01 8130408                    /lib/x86_64-linux-gnu/libnss_compat-2.17.so
7ff97ccdb000-7ff97ccdc000 r--p 00007000 08:01 8130408                    /lib/x86_64-linux-gnu/libnss_compat-2.17.so
7ff97ccdc000-7ff97ccdd000 rw-p 00008000 08:01 8130408                    /lib/x86_64-linux-gnu/libnss_compat-2.17.so
7ff97ccdd000-7ff97cd08000 r-xp 00000000 08:01 15860951                   /usr/lib/jvm/java-7-openjdk-amd64/jre/lib/amd64/libjava.so
7ff97cd08000-7ff97cf07000 ---p 0002b000 08:01 15860951                   /usr/lib/jvm/java-7-openjdk-amd64/jre/lib/amd64/libjava.so
7ff97cf07000-7ff97cf08000 r--p 0002a000 08:01 15860951                   /usr/lib/jvm/java-7-openjdk-amd64/jre/lib/amd64/libjava.so
7ff97cf08000-7ff97cf0a000 rw-p 0002b000 08:01 15860951                   /usr/lib/jvm/java-7-openjdk-amd64/jre/lib/amd64/libjava.so
7ff97cf0a000-7ff97cf1a000 r-xp 00000000 08:01 15861265                   /usr/lib/jvm/java-7-openjdk-amd64/jre/lib/amd64/libverify.so
7ff97cf1a000-7ff97d119000 ---p 00010000 08:01 15861265                   /usr/lib/jvm/java-7-openjdk-amd64/jre/lib/amd64/libverify.so
7ff97d119000-7ff97d11b000 r--p 0000f000 08:01 15861265                   /usr/lib/jvm/java-7-openjdk-amd64/jre/lib/amd64/libverify.so
7ff97d11b000-7ff97d11c000 rw-p 00011000 08:01 15861265                   /usr/lib/jvm/java-7-openjdk-amd64/jre/lib/amd64/libverify.so
7ff97d11c000-7ff97d123000 r-xp 00000000 08:01 8130459                    /lib/x86_64-linux-gnu/librt-2.17.so
7ff97d123000-7ff97d322000 ---p 00007000 08:01 8130459                    /lib/x86_64-linux-gnu/librt-2.17.so
7ff97d322000-7ff97d323000 r--p 00006000 08:01 8130459                    /lib/x86_64-linux-gnu/librt-2.17.so
7ff97d323000-7ff97d324000 rw-p 00007000 08:01 8130459                    /lib/x86_64-linux-gnu/librt-2.17.so
7ff97d324000-7ff97d327000 ---p 00000000 00:00 0 
7ff97d327000-7ff97d525000 rw-p 00000000 00:00 0                          [stack:22872]
7ff97d525000-7ff97d53a000 r-xp 00000000 08:01 8126477                    /lib/x86_64-linux-gnu/libgcc_s.so.1
7ff97d53a000-7ff97d739000 ---p 00015000 08:01 8126477                    /lib/x86_64-linux-gnu/libgcc_s.so.1
7ff97d739000-7ff97d73a000 r--p 00014000 08:01 8126477                    /lib/x86_64-linux-gnu/libgcc_s.so.1
7ff97d73a000-7ff97d73b000 rw-p 00015000 08:01 8126477                    /lib/x86_64-linux-gnu/libgcc_s.so.1
7ff97d73b000-7ff97d83e000 r-xp 00000000 08:01 8130387                    /lib/x86_64-linux-gnu/libm-2.17.so
7ff97d83e000-7ff97da3d000 ---p 00103000 08:01 8130387                    /lib/x86_64-linux-gnu/libm-2.17.so
7ff97da3d000-7ff97da3e000 r--p 00102000 08:01 8130387                    /lib/x86_64-linux-gnu/libm-2.17.so
7ff97da3e000-7ff97da3f000 rw-p 00103000 08:01 8130387                    /lib/x86_64-linux-gnu/libm-2.17.so
7ff97da3f000-7ff97db25000 r-xp 00000000 08:01 15729831                   /usr/lib/x86_64-linux-gnu/libstdc++.so.6.0.18
7ff97db25000-7ff97dd24000 ---p 000e6000 08:01 15729831                   /usr/lib/x86_64-linux-gnu/libstdc++.so.6.0.18
7ff97dd24000-7ff97dd2c000 r--p 000e5000 08:01 15729831                   /usr/lib/x86_64-linux-gnu/libstdc++.so.6.0.18
7ff97dd2c000-7ff97dd2e000 rw-p 000ed000 08:01 15729831                   /usr/lib/x86_64-linux-gnu/libstdc++.so.6.0.18
7ff97dd2e000-7ff97dd43000 rw-p 00000000 00:00 0 
7ff97dd43000-7ff97e822000 r-xp 00000000 08:01 15861284                   /usr/lib/jvm/java-7-openjdk-amd64/jre/lib/amd64/server/libjvm.so
7ff97e822000-7ff97ea21000 ---p 00adf000 08:01 15861284                   /usr/lib/jvm/java-7-openjdk-amd64/jre/lib/amd64/server/libjvm.so
7ff97ea21000-7ff97eab3000 r--p 00ade000 08:01 15861284                   /usr/lib/jvm/java-7-openjdk-amd64/jre/lib/amd64/server/libjvm.so
7ff97eab3000-7ff97ead6000 rw-p 00b70000 08:01 15861284                   /usr/lib/jvm/java-7-openjdk-amd64/jre/lib/amd64/server/libjvm.so
7ff97ead6000-7ff97eb03000 rw-p 00000000 00:00 0 
7ff97eb03000-7ff97eb1b000 r-xp 00000000 08:01 8130494                    /lib/x86_64-linux-gnu/libz.so.1.2.8
7ff97eb1b000-7ff97ed1a000 ---p 00018000 08:01 8130494                    /lib/x86_64-linux-gnu/libz.so.1.2.8
7ff97ed1a000-7ff97ed1b000 r--p 00017000 08:01 8130494                    /lib/x86_64-linux-gnu/libz.so.1.2.8
7ff97ed1b000-7ff97ed1c000 rw-p 00018000 08:01 8130494                    /lib/x86_64-linux-gnu/libz.so.1.2.8
7ff97ed1c000-7ff97ed33000 r-xp 00000000 08:01 8130451                    /lib/x86_64-linux-gnu/libpthread-2.17.so
7ff97ed33000-7ff97ef33000 ---p 00017000 08:01 8130451                    /lib/x86_64-linux-gnu/libpthread-2.17.so
7ff97ef33000-7ff97ef34000 r--p 00017000 08:01 8130451                    /lib/x86_64-linux-gnu/libpthread-2.17.so
7ff97ef34000-7ff97ef35000 rw-p 00018000 08:01 8130451                    /lib/x86_64-linux-gnu/libpthread-2.17.so
7ff97ef35000-7ff97ef39000 rw-p 00000000 00:00 0 
7ff97ef39000-7ff97ef3c000 r-xp 00000000 08:01 8130351                    /lib/x86_64-linux-gnu/libdl-2.17.so
7ff97ef3c000-7ff97f13b000 ---p 00003000 08:01 8130351                    /lib/x86_64-linux-gnu/libdl-2.17.so
7ff97f13b000-7ff97f13c000 r--p 00002000 08:01 8130351                    /lib/x86_64-linux-gnu/libdl-2.17.so
7ff97f13c000-7ff97f13d000 rw-p 00003000 08:01 8130351                    /lib/x86_64-linux-gnu/libdl-2.17.so
7ff97f13d000-7ff97f2fa000 r-xp 00000000 08:01 8130336                    /lib/x86_64-linux-gnu/libc-2.17.so
7ff97f2fa000-7ff97f4fa000 ---p 001bd000 08:01 8130336                    /lib/x86_64-linux-gnu/libc-2.17.so
7ff97f4fa000-7ff97f4fe000 r--p 001bd000 08:01 8130336                    /lib/x86_64-linux-gnu/libc-2.17.so
7ff97f4fe000-7ff97f500000 rw-p 001c1000 08:01 8130336                    /lib/x86_64-linux-gnu/libc-2.17.so
7ff97f500000-7ff97f505000 rw-p 00000000 00:00 0 
7ff97f505000-7ff97f512000 r-xp 00000000 08:01 15861291                   /usr/lib/jvm/java-7-openjdk-amd64/jre/lib/amd64/jli/libjli.so
7ff97f512000-7ff97f711000 ---p 0000d000 08:01 15861291                   /usr/lib/jvm/java-7-openjdk-amd64/jre/lib/amd64/jli/libjli.so
7ff97f711000-7ff97f712000 r--p 0000c000 08:01 15861291                   /usr/lib/jvm/java-7-openjdk-amd64/jre/lib/amd64/jli/libjli.so
7ff97f712000-7ff97f713000 rw-p 0000d000 08:01 15861291                   /usr/lib/jvm/java-7-openjdk-amd64/jre/lib/amd64/jli/libjli.so
7ff97f713000-7ff97f736000 r-xp 00000000 08:01 8130312                    /lib/x86_64-linux-gnu/ld-2.17.so
7ff97f736000-7ff97f73a000 r--s 0003b000 08:01 15861316                   /usr/lib/jvm/java-7-openjdk-amd64/jre/lib/ext/sunpkcs11.jar
7ff97f73a000-7ff97f768000 rw-p 00000000 00:00 0 
7ff97f768000-7ff97f7ae000 rw-p 00000000 00:00 0 
7ff97f7ae000-7ff97f7c1000 rw-p 00000000 00:00 0 
7ff97f7c1000-7ff97f855000 rw-p 00000000 00:00 0 
7ff97f855000-7ff97f85f000 rw-p 00000000 00:00 0 
7ff97f85f000-7ff97f915000 rw-p 00000000 00:00 0 
7ff97f915000-7ff97f91a000 rw-p 00000000 00:00 0 
7ff97f91a000-7ff97f91b000 r--s 00002000 08:01 15861314                   /usr/lib/jvm/java-7-openjdk-amd64/jre/lib/ext/dnsns.jar
7ff97f91b000-7ff97f929000 rw-p 00000000 00:00 0 
7ff97f929000-7ff97f931000 rw-s 00000000 08:01 6029327                    /tmp/hsperfdata_alex/22847
7ff97f931000-7ff97f932000 rw-p 00000000 00:00 0 
7ff97f932000-7ff97f933000 r--p 00000000 00:00 0 
7ff97f933000-7ff97f935000 rw-p 00000000 00:00 0 
7ff97f935000-7ff97f936000 r--p 00022000 08:01 8130312                    /lib/x86_64-linux-gnu/ld-2.17.so
7ff97f936000-7ff97f938000 rw-p 00023000 08:01 8130312                    /lib/x86_64-linux-gnu/ld-2.17.so
7fff4f6ca000-7fff4f6eb000 rw-p 00000000 00:00 0                          [stack]
7fff4f7fe000-7fff4f800000 r-xp 00000000 00:00 0                          [vdso]
ffffffffff600000-ffffffffff601000 r-xp 00000000 00:00 0                  [vsyscall]

VM Arguments:
jvm_args: -Djdk.home= -Djruby.home=/home/alex/.rbenv/versions/jruby-1.7.10 -Djruby.script=jruby -Djruby.shell=/bin/sh -Djffi.boot.library.path=/home/alex/.rbenv/versions/jruby-1.7.10/lib/jni:/home/alex/.rbenv/versions/jruby-1.7.10/lib/jni/i386-Linux:/home/alex/.rbenv/versions/jruby-1.7.10/lib/jni/arm-Linux:/home/alex/.rbenv/versions/jruby-1.7.10/lib/jni/x86_64-Linux -Xmx500m -Xss2048k -Xbootclasspath/a:/home/alex/.rbenv/versions/jruby-1.7.10/lib/jruby.jar 
java_command: org/jruby/Main Makefile.rb clean compile test clean
Launcher Type: SUN_STANDARD

Environment Variables:
PATH=/home/alex/.rbenv/versions/jruby-1.7.10/bin:/home/alex/.rbenv/libexec:/home/alex/.rbenv/plugins/ruby-build/bin:/home/alex/.rbenv/shims:~/.rbenv/bin:~/.rbenv/bin:/usr/local/sbin:/usr/local/bin:/usr/sbin:/usr/bin:/sbin:/bin:/usr/games:/usr/local/games
USERNAME=alex
SHELL=/bin/bash
DISPLAY=:0

Signal Handlers:
SIGSEGV: [libjvm.so+0x916ea0], sa_mask[0]=0x7ffbfeff, sa_flags=0x10000004
SIGBUS: [libjvm.so+0x916ea0], sa_mask[0]=0x7ffbfeff, sa_flags=0x10000004
SIGFPE: [libjvm.so+0x794800], sa_mask[0]=0x7ffbfeff, sa_flags=0x10000004
SIGPIPE: [libjvm.so+0x794800], sa_mask[0]=0x7ffbfeff, sa_flags=0x10000004
SIGXFSZ: [libjvm.so+0x794800], sa_mask[0]=0x7ffbfeff, sa_flags=0x10000004
SIGILL: [libjvm.so+0x794800], sa_mask[0]=0x7ffbfeff, sa_flags=0x10000004
SIGUSR1: SIG_DFL, sa_mask[0]=0x00000000, sa_flags=0x00000000
SIGUSR2: [libjvm.so+0x7946a0], sa_mask[0]=0x00000000, sa_flags=0x10000004
SIGHUP: [libjvm.so+0x794880], sa_mask[0]=0x7ffbfeff, sa_flags=0x10000004
SIGINT: [libjvm.so+0x794880], sa_mask[0]=0x7ffbfeff, sa_flags=0x10000004
SIGTERM: [libjvm.so+0x794880], sa_mask[0]=0x7ffbfeff, sa_flags=0x10000004
SIGQUIT: [libjvm.so+0x794880], sa_mask[0]=0x7ffbfeff, sa_flags=0x10000004


---------------  S Y S T E M  ---------------

OS:LinuxMint 16 (petra)
uname:Linux 3.11.0-12-generic #19-Ubuntu SMP Wed Oct 9 16:20:46 UTC 2013 x86_64
libc:glibc 2.17 NPTL 2.17 
rlimit: STACK 8192k, CORE 0k, NPROC 28798, NOFILE 4096, AS infinity
load average:0,48 0,27 0,19

/proc/meminfo:
MemTotal:        3715476 kB
MemFree:         1467804 kB
Buffers:          194260 kB
Cached:          1081208 kB
SwapCached:            0 kB
Active:          1291168 kB
Inactive:         754824 kB
Active(anon):     772204 kB
Inactive(anon):   174948 kB
Active(file):     518964 kB
Inactive(file):   579876 kB
Unevictable:          52 kB
Mlocked:              52 kB
SwapTotal:       3856380 kB
SwapFree:        3856380 kB
Dirty:               476 kB
Writeback:             0 kB
AnonPages:        770720 kB
Mapped:           181200 kB
Shmem:            176632 kB
Slab:             128408 kB
SReclaimable:     101656 kB
SUnreclaim:        26752 kB
KernelStack:        3448 kB
PageTables:        24620 kB
NFS_Unstable:          0 kB
Bounce:                0 kB
WritebackTmp:          0 kB
CommitLimit:     5714116 kB
Committed_AS:    3123144 kB
VmallocTotal:   34359738367 kB
VmallocUsed:      414316 kB
VmallocChunk:   34359319548 kB
HardwareCorrupted:     0 kB
AnonHugePages:         0 kB
HugePages_Total:       0
HugePages_Free:        0
HugePages_Rsvd:        0
HugePages_Surp:        0
Hugepagesize:       2048 kB
DirectMap4k:       58576 kB
DirectMap2M:     3799040 kB


CPU:total 4 (2 cores per cpu, 2 threads per core) family 6 model 37 stepping 5, cmov, cx8, fxsr, mmx, sse, sse2, sse3, ssse3, sse4.1, sse4.2, popcnt, ht, tsc, tscinvbit

/proc/cpuinfo:
processor	: 0
vendor_id	: GenuineIntel
cpu family	: 6
model		: 37
model name	: Intel(R) Core(TM) i3 CPU       M 380  @ 2.53GHz
stepping	: 5
microcode	: 0x2
cpu MHz		: 1333.000
cache size	: 3072 KB
physical id	: 0
siblings	: 4
core id		: 0
cpu cores	: 2
apicid		: 0
initial apicid	: 0
fpu		: yes
fpu_exception	: yes
cpuid level	: 11
wp		: yes
flags		: fpu vme de pse tsc msr pae mce cx8 apic sep mtrr pge mca cmov pat pse36 clflush dts acpi mmx fxsr sse sse2 ss ht tm pbe syscall nx rdtscp lm constant_tsc arch_perfmon pebs bts rep_good nopl xtopology nonstop_tsc aperfmperf pni dtes64 monitor ds_cpl vmx est tm2 ssse3 cx16 xtpr pdcm pcid sse4_1 sse4_2 popcnt lahf_lm arat dtherm tpr_shadow vnmi flexpriority ept vpid
bogomips	: 5053.98
clflush size	: 64
cache_alignment	: 64
address sizes	: 36 bits physical, 48 bits virtual
power management:

processor	: 1
vendor_id	: GenuineIntel
cpu family	: 6
model		: 37
model name	: Intel(R) Core(TM) i3 CPU       M 380  @ 2.53GHz
stepping	: 5
microcode	: 0x2
cpu MHz		: 2533.000
cache size	: 3072 KB
physical id	: 0
siblings	: 4
core id		: 0
cpu cores	: 2
apicid		: 1
initial apicid	: 1
fpu		: yes
fpu_exception	: yes
cpuid level	: 11
wp		: yes
flags		: fpu vme de pse tsc msr pae mce cx8 apic sep mtrr pge mca cmov pat pse36 clflush dts acpi mmx fxsr sse sse2 ss ht tm pbe syscall nx rdtscp lm constant_tsc arch_perfmon pebs bts rep_good nopl xtopology nonstop_tsc aperfmperf pni dtes64 monitor ds_cpl vmx est tm2 ssse3 cx16 xtpr pdcm pcid sse4_1 sse4_2 popcnt lahf_lm arat dtherm tpr_shadow vnmi flexpriority ept vpid
bogomips	: 5053.98
clflush size	: 64
cache_alignment	: 64
address sizes	: 36 bits physical, 48 bits virtual
power management:

processor	: 2
vendor_id	: GenuineIntel
cpu family	: 6
model		: 37
model name	: Intel(R) Core(TM) i3 CPU       M 380  @ 2.53GHz
stepping	: 5
microcode	: 0x2
cpu MHz		: 2533.000
cache size	: 3072 KB
physical id	: 0
siblings	: 4
core id		: 2
cpu cores	: 2
apicid		: 4
initial apicid	: 4
fpu		: yes
fpu_exception	: yes
cpuid level	: 11
wp		: yes
flags		: fpu vme de pse tsc msr pae mce cx8 apic sep mtrr pge mca cmov pat pse36 clflush dts acpi mmx fxsr sse sse2 ss ht tm pbe syscall nx rdtscp lm constant_tsc arch_perfmon pebs bts rep_good nopl xtopology nonstop_tsc aperfmperf pni dtes64 monitor ds_cpl vmx est tm2 ssse3 cx16 xtpr pdcm pcid sse4_1 sse4_2 popcnt lahf_lm arat dtherm tpr_shadow vnmi flexpriority ept vpid
bogomips	: 5053.98
clflush size	: 64
cache_alignment	: 64
address sizes	: 36 bits physical, 48 bits virtual
power management:

processor	: 3
vendor_id	: GenuineIntel
cpu family	: 6
model		: 37
model name	: Intel(R) Core(TM) i3 CPU       M 380  @ 2.53GHz
stepping	: 5
microcode	: 0x2
cpu MHz		: 2533.000
cache size	: 3072 KB
physical id	: 0
siblings	: 4
core id		: 2
cpu cores	: 2
apicid		: 5
initial apicid	: 5
fpu		: yes
fpu_exception	: yes
cpuid level	: 11
wp		: yes
flags		: fpu vme de pse tsc msr pae mce cx8 apic sep mtrr pge mca cmov pat pse36 clflush dts acpi mmx fxsr sse sse2 ss ht tm pbe syscall nx rdtscp lm constant_tsc arch_perfmon pebs bts rep_good nopl xtopology nonstop_tsc aperfmperf pni dtes64 monitor ds_cpl vmx est tm2 ssse3 cx16 xtpr pdcm pcid sse4_1 sse4_2 popcnt lahf_lm arat dtherm tpr_shadow vnmi flexpriority ept vpid
bogomips	: 5053.98
clflush size	: 64
cache_alignment	: 64
address sizes	: 36 bits physical, 48 bits virtual
power management:



Memory: 4k page, physical 3715476k(1467804k free), swap 3856380k(3856380k free)

vm_info: OpenJDK 64-Bit Server VM (24.45-b08) for linux-amd64 JRE (1.7.0_51-b00), built on Jan 15 2014 22:02:57 by "buildd" with gcc 4.8.1

time: Fri May 30 20:38:30 2014
elapsed time: 3 seconds

