#
# A fatal error has been detected by the Java Runtime Environment:
#
#  SIGSEGV (0xb) at pc=0x00007ff96cc7ab44, pid=26627, tid=140709563000576
#
# JRE version: OpenJDK Runtime Environment (7.0_51) (build 1.7.0_51-b00)
# Java VM: OpenJDK 64-Bit Server VM (24.45-b08 mixed mode linux-amd64 compressed oops)
# Problematic frame:
# C  [librange_tree.so+0x1b44]  aux_range_query+0x203
#
# Failed to write core dump. Core dumps have been disabled. To enable core dumping, try "ulimit -c unlimited" before starting Java again
#
# If you would like to submit a bug report, please include
# instructions on how to reproduce the bug and visit:
#   http://icedtea.classpath.org/bugzilla
# The crash happened outside the Java Virtual Machine in native code.
# See problematic frame for where to report the bug.
#

---------------  T H R E A D  ---------------

Current thread (0x00007ff97800a800):  JavaThread "main" [_thread_in_native, id=26652, stack(0x00007ff97f64e000,0x00007ff97f84f000)]

siginfo:si_signo=SIGSEGV: si_errno=0, si_code=1 (SEGV_MAPERR), si_addr=0x0000000000000018

Registers:
RAX=0x0000000000000000, RBX=0x0000000000000001, RCX=0x00007ff97855dbb0, RDX=0x00007ff96d080120
RSP=0x00007ff97f84b280, RBP=0x00007ff97f84b2f0, RSI=0x00007ff978594810, RDI=0x00007ff97855cf50
R8 =0x0000000000000003, R9 =0x0000000000000018, R10=0x00000000000007e1, R11=0x00007ff978000078
R12=0x0000000000000008, R13=0x0000000000000005, R14=0x00007ff97f84b4c0, R15=0x00007ff97f84b350
RIP=0x00007ff96cc7ab44, EFLAGS=0x0000000000010202, CSGSFS=0x0000000000000033, ERR=0x0000000000000004
  TRAPNO=0x000000000000000e

Top of Stack: (sp=0x00007ff97f84b280)
0x00007ff97f84b280:   0000000000000004 40a0900000000000
0x00007ff97f84b290:   00007ff978594770 40ba750000000000
0x00007ff97f84b2a0:   40a0900000000000 40c36a8000000000
0x00007ff97f84b2b0:   40b5e90000000000 00007ff9784f1c70
0x00007ff97f84b2c0:   40c36a8000000000 00007ff97855cf50
0x00007ff97f84b2d0:   00007ff97854a2b0 00007ff9784f1c70
0x00007ff97f84b2e0:   0000000000000018 0000000000000001
0x00007ff97f84b2f0:   00007ff97f84b340 00007ff96cc7ad34
0x00007ff97f84b300:   40b5e90000000000 40a0900000000000
0x00007ff97f84b310:   40ba750000000000 40c36a8000000000
0x00007ff97f84b320:   40b5e90000000000 00007ff9784f1c70
0x00007ff97f84b330:   0000000000000000 00007ff978594770
0x00007ff97f84b340:   00007ff97f84b350 00007ff96dc98a78
0x00007ff97f84b350:   000000000000080e 00007ff97f84b590
0x00007ff97f84b360:   00007ff97f84b440 00007ff96dc98901
0x00007ff97f84b370:   0000000000000000 00007ff97f84b390
0x00007ff97f84b380:   00007ff97f84b2a0 00007ff97f84b3f0
0x00007ff97f84b390:   00007ff97f84b400 00007ff97f84b3f0
0x00007ff97f84b3a0:   00007ff97f84b404 00007ff97f84b460
0x00007ff97f84b3b0:   00007ff97f84b590 00007ff96cc7ac37
0x00007ff97f84b3c0:   00007ff9784ad6e0 00007ff978403f20
0x00007ff97f84b3d0:   0000000400000001 0000000500000005
0x00007ff97f84b3e0:   00007ff97f84b2a0 0000000175006233
0x00007ff97f84b3f0:   0000000000000005 0000000000000000
0x00007ff97f84b400:   0000000000000001 ae4ed43d8a560400
0x00007ff97f84b410:   00007ff97800a800 00007ff97f84b4a0
0x00007ff97f84b420:   0000000000000000 0000000000000000
0x00007ff97f84b430:   00007ff97f84b658 00007ff97800a800
0x00007ff97f84b440:   00007ff97f84b570 00007ff96dc95ddc
0x00007ff97f84b450:   00000000f6c5fa98 00007ff97f84b4a0
0x00007ff97f84b460:   00007ff97f84b4a0 00007ff97f84b4a8
0x00007ff97f84b470:   00007ff97f84b4b0 00007ff97f84b4b8 

Instructions: (pc=0x00007ff96cc7ab44)
0x00007ff96cc7ab24:   48 89 45 d8 eb 5e 48 8b 45 d8 48 8b 00 f2 0f 10
0x00007ff96cc7ab34:   00 66 0f 2e 45 c0 72 40 48 8b 45 d8 48 8b 40 10
0x00007ff96cc7ab44:   48 8b 48 18 48 8b 75 a0 48 8b 55 a8 48 8b 45 b0
0x00007ff96cc7ab54:   48 89 55 98 f2 0f 10 4d 98 48 89 45 98 f2 0f 10 

Register to memory mapping:

RAX=0x0000000000000000 is an unknown value
RBX=0x0000000000000001 is an unknown value
RCX=0x00007ff97855dbb0 is an unknown value
RDX=0x00007ff96d080120: sentinel+0 in lib/librb_tree.so at 0x00007ff96ce7d000
RSP=0x00007ff97f84b280 is pointing into the stack for thread: 0x00007ff97800a800
RBP=0x00007ff97f84b2f0 is pointing into the stack for thread: 0x00007ff97800a800
RSI=0x00007ff978594810 is an unknown value
RDI=0x00007ff97855cf50 is an unknown value
R8 =0x0000000000000003 is an unknown value
R9 =0x0000000000000018 is an unknown value
R10=0x00000000000007e1 is an unknown value
R11=0x00007ff978000078 is an unknown value
R12=0x0000000000000008 is an unknown value
R13=0x0000000000000005 is an unknown value
R14=0x00007ff97f84b4c0 is pointing into the stack for thread: 0x00007ff97800a800
R15=0x00007ff97f84b350 is pointing into the stack for thread: 0x00007ff97800a800


Stack: [0x00007ff97f64e000,0x00007ff97f84f000],  sp=0x00007ff97f84b280,  free space=2036k
Native frames: (J=compiled Java code, j=interpreted, Vv=VM code, C=native code)
C  [librange_tree.so+0x1b44]  aux_range_query+0x203
C  [librange_tree.so+0x1d34]  two_d_range_query+0xfd
C  [libjffi-1.2.so+0xda78]  ffi_call_unix64+0x4c

Java frames: (J=compiled Java code, j=interpreted, Vv=VM code)
j  com.kenai.jffi.Foreign.invokeArrayReturnLong(JJ[B)J+0
j  com.kenai.jffi.Invoker.invokeLong(Lcom/kenai/jffi/CallContext;JLcom/kenai/jffi/HeapInvocationBuffer;)J+38
j  com.kenai.jffi.Invoker$LP64.invokeAddress(Lcom/kenai/jffi/CallContext;JLcom/kenai/jffi/HeapInvocationBuffer;)J+5
j  com.kenai.jffi.Invoker.invokeAddress(Lcom/kenai/jffi/Function;Lcom/kenai/jffi/HeapInvocationBuffer;)J+10
j  org.jruby.ext.ffi.jffi.DefaultMethodFactory$Pointer64Invoker.invoke(Lorg/jruby/runtime/ThreadContext;Lcom/kenai/jffi/Function;Lcom/kenai/jffi/HeapInvocationBuffer;)Lorg/jruby/runtime/builtin/IRubyObject;+6
j  org.jruby.ext.ffi.jffi.DefaultMethodFactory$ConvertingInvoker.invoke(Lorg/jruby/runtime/ThreadContext;Lcom/kenai/jffi/Function;Lcom/kenai/jffi/HeapInvocationBuffer;)Lorg/jruby/runtime/builtin/IRubyObject;+12
j  org.jruby.ext.ffi.jffi.BufferNativeInvoker.call(Lorg/jruby/runtime/ThreadContext;Lorg/jruby/runtime/builtin/IRubyObject;Lorg/jruby/RubyModule;Ljava/lang/String;[Lorg/jruby/runtime/builtin/IRubyObject;)Lorg/jruby/runtime/builtin/IRubyObject;+160
j  org.jruby.ext.ffi.jffi.DefaultMethod.call(Lorg/jruby/runtime/ThreadContext;Lorg/jruby/runtime/builtin/IRubyObject;Lorg/jruby/RubyModule;Ljava/lang/String;[Lorg/jruby/runtime/builtin/IRubyObject;)Lorg/jruby/runtime/builtin/IRubyObject;+11
j  org.jruby.runtime.callsite.CachingCallSite.cacheAndCall(Lorg/jruby/runtime/builtin/IRubyObject;Lorg/jruby/RubyClass;[Lorg/jruby/runtime/builtin/IRubyObject;Lorg/jruby/runtime/ThreadContext;Lorg/jruby/runtime/builtin/IRubyObject;)Lorg/jruby/runtime/builtin/IRubyObject;+57
j  org.jruby.runtime.callsite.CachingCallSite.call(Lorg/jruby/runtime/ThreadContext;Lorg/jruby/runtime/builtin/IRubyObject;Lorg/jruby/runtime/builtin/IRubyObject;[Lorg/jruby/runtime/builtin/IRubyObject;)Lorg/jruby/runtime/builtin/IRubyObject;+50
j  org.jruby.ast.CallManyArgsNode.interpret(Lorg/jruby/Ruby;Lorg/jruby/runtime/ThreadContext;Lorg/jruby/runtime/builtin/IRubyObject;Lorg/jruby/runtime/Block;)Lorg/jruby/runtime/builtin/IRubyObject;+41
j  org.jruby.ast.DAsgnNode.interpret(Lorg/jruby/Ruby;Lorg/jruby/runtime/ThreadContext;Lorg/jruby/runtime/builtin/IRubyObject;Lorg/jruby/runtime/Block;)Lorg/jruby/runtime/builtin/IRubyObject;+17
J  org.jruby.runtime.Interpreted19Block.evalBlockBody(Lorg/jruby/runtime/ThreadContext;Lorg/jruby/runtime/Binding;Lorg/jruby/runtime/builtin/IRubyObject;)Lorg/jruby/runtime/builtin/IRubyObject;
J  org.jruby.runtime.Interpreted19Block.yield(Lorg/jruby/runtime/ThreadContext;Lorg/jruby/runtime/builtin/IRubyObject;Lorg/jruby/runtime/Binding;Lorg/jruby/runtime/Block$Type;)Lorg/jruby/runtime/builtin/IRubyObject;
j  org.jruby.runtime.Interpreted19Block.yieldSpecific(Lorg/jruby/runtime/ThreadContext;Lorg/jruby/runtime/Binding;Lorg/jruby/runtime/Block$Type;)Lorg/jruby/runtime/builtin/IRubyObject;+5
j  org.jruby.runtime.Block.yieldSpecific(Lorg/jruby/runtime/ThreadContext;)Lorg/jruby/runtime/builtin/IRubyObject;+13
j  org.jruby.RubyFixnum.times(Lorg/jruby/runtime/ThreadContext;Lorg/jruby/runtime/Block;)Lorg/jruby/runtime/builtin/IRubyObject;+102
j  org.jruby.RubyFixnum$INVOKER$i$0$0$times.call(Lorg/jruby/runtime/ThreadContext;Lorg/jruby/runtime/builtin/IRubyObject;Lorg/jruby/RubyModule;Ljava/lang/String;Lorg/jruby/runtime/Block;)Lorg/jruby/runtime/builtin/IRubyObject;+7
j  org.jruby.internal.runtime.methods.JavaMethod$JavaMethodZeroBlock.call(Lorg/jruby/runtime/ThreadContext;Lorg/jruby/runtime/builtin/IRubyObject;Lorg/jruby/RubyModule;Ljava/lang/String;[Lorg/jruby/runtime/builtin/IRubyObject;Lorg/jruby/runtime/Block;)Lorg/jruby/runtime/builtin/IRubyObject;+27
j  org.jruby.RubyClass.finvoke(Lorg/jruby/runtime/ThreadContext;Lorg/jruby/runtime/builtin/IRubyObject;Ljava/lang/String;[Lorg/jruby/runtime/builtin/IRubyObject;Lorg/jruby/runtime/Block;)Lorg/jruby/runtime/builtin/IRubyObject;+64
j  org.jruby.runtime.Helpers.invoke(Lorg/jruby/runtime/ThreadContext;Lorg/jruby/runtime/builtin/IRubyObject;Ljava/lang/String;[Lorg/jruby/runtime/builtin/IRubyObject;Lorg/jruby/runtime/Block;)Lorg/jruby/runtime/builtin/IRubyObject;+12
j  org.jruby.RubyBasicObject.callMethod(Lorg/jruby/runtime/ThreadContext;Ljava/lang/String;[Lorg/jruby/runtime/builtin/IRubyObject;Lorg/jruby/runtime/Block;)Lorg/jruby/runtime/builtin/IRubyObject;+6
j  org.jruby.RubyEnumerator.each(Lorg/jruby/runtime/ThreadContext;Lorg/jruby/runtime/Block;)Lorg/jruby/runtime/builtin/IRubyObject;+14
j  org.jruby.RubyEnumerator$INVOKER$i$each.call(Lorg/jruby/runtime/ThreadContext;Lorg/jruby/runtime/builtin/IRubyObject;Lorg/jruby/RubyModule;Ljava/lang/String;Lorg/jruby/runtime/Block;)Lorg/jruby/runtime/builtin/IRubyObject;+7
j  org.jruby.runtime.callsite.CachingCallSite.cacheAndCall(Lorg/jruby/runtime/builtin/IRubyObject;Lorg/jruby/RubyClass;Lorg/jruby/runtime/Block;Lorg/jruby/runtime/ThreadContext;Lorg/jruby/runtime/builtin/IRubyObject;)Lorg/jruby/runtime/builtin/IRubyObject;+57
j  org.jruby.runtime.callsite.CachingCallSite.callBlock(Lorg/jruby/runtime/ThreadContext;Lorg/jruby/runtime/builtin/IRubyObject;Lorg/jruby/runtime/builtin/IRubyObject;Lorg/jruby/runtime/Block;)Lorg/jruby/runtime/builtin/IRubyObject;+50
j  org.jruby.runtime.callsite.CachingCallSite.callIter(Lorg/jruby/runtime/ThreadContext;Lorg/jruby/runtime/builtin/IRubyObject;Lorg/jruby/runtime/builtin/IRubyObject;Lorg/jruby/runtime/Block;)Lorg/jruby/runtime/builtin/IRubyObject;+6
j  org.jruby.ast.CallNoArgBlockNode.interpret(Lorg/jruby/Ruby;Lorg/jruby/runtime/ThreadContext;Lorg/jruby/runtime/builtin/IRubyObject;Lorg/jruby/runtime/Block;)Lorg/jruby/runtime/builtin/IRubyObject;+35
J  org.jruby.ast.BlockNode.interpret(Lorg/jruby/Ruby;Lorg/jruby/runtime/ThreadContext;Lorg/jruby/runtime/builtin/IRubyObject;Lorg/jruby/runtime/Block;)Lorg/jruby/runtime/builtin/IRubyObject;
j  org.jruby.evaluator.ASTInterpreter.INTERPRET_METHOD(Lorg/jruby/Ruby;Lorg/jruby/runtime/ThreadContext;Ljava/lang/String;ILorg/jruby/RubyModule;Lorg/jruby/ast/Node;Ljava/lang/String;Lorg/jruby/runtime/builtin/IRubyObject;Lorg/jruby/runtime/Block;Z)Lorg/jruby/runtime/builtin/IRubyObject;+30
j  org.jruby.internal.runtime.methods.InterpretedMethod.call(Lorg/jruby/runtime/ThreadContext;Lorg/jruby/runtime/builtin/IRubyObject;Lorg/jruby/RubyModule;Ljava/lang/String;)Lorg/jruby/runtime/builtin/IRubyObject;+80
j  org.jruby.internal.runtime.methods.DefaultMethod.call(Lorg/jruby/runtime/ThreadContext;Lorg/jruby/runtime/builtin/IRubyObject;Lorg/jruby/RubyModule;Ljava/lang/String;)Lorg/jruby/runtime/builtin/IRubyObject;+20
J  org.jruby.ast.CallNoArgNode.interpret(Lorg/jruby/Ruby;Lorg/jruby/runtime/ThreadContext;Lorg/jruby/runtime/builtin/IRubyObject;Lorg/jruby/runtime/Block;)Lorg/jruby/runtime/builtin/IRubyObject;
j  org.jruby.ast.FCallTwoArgNode.interpret(Lorg/jruby/Ruby;Lorg/jruby/runtime/ThreadContext;Lorg/jruby/runtime/builtin/IRubyObject;Lorg/jruby/runtime/Block;)Lorg/jruby/runtime/builtin/IRubyObject;+28
J  org.jruby.ast.BlockNode.interpret(Lorg/jruby/Ruby;Lorg/jruby/runtime/ThreadContext;Lorg/jruby/runtime/builtin/IRubyObject;Lorg/jruby/runtime/Block;)Lorg/jruby/runtime/builtin/IRubyObject;
j  org.jruby.evaluator.ASTInterpreter.INTERPRET_METHOD(Lorg/jruby/Ruby;Lorg/jruby/runtime/ThreadContext;Ljava/lang/String;ILorg/jruby/RubyModule;Lorg/jruby/ast/Node;Ljava/lang/String;Lorg/jruby/runtime/builtin/IRubyObject;Lorg/jruby/runtime/Block;Z)Lorg/jruby/runtime/builtin/IRubyObject;+30
j  org.jruby.internal.runtime.methods.InterpretedMethod.call(Lorg/jruby/runtime/ThreadContext;Lorg/jruby/runtime/builtin/IRubyObject;Lorg/jruby/RubyModule;Ljava/lang/String;)Lorg/jruby/runtime/builtin/IRubyObject;+80
j  org.jruby.internal.runtime.methods.DefaultMethod.call(Lorg/jruby/runtime/ThreadContext;Lorg/jruby/runtime/builtin/IRubyObject;Lorg/jruby/RubyModule;Ljava/lang/String;)Lorg/jruby/runtime/builtin/IRubyObject;+20
j  org.jruby.runtime.callsite.CachingCallSite.cacheAndCall(Lorg/jruby/runtime/builtin/IRubyObject;Lorg/jruby/RubyClass;Lorg/jruby/runtime/ThreadContext;Lorg/jruby/runtime/builtin/IRubyObject;)Lorg/jruby/runtime/builtin/IRubyObject;+53
j  org.jruby.runtime.callsite.CachingCallSite.call(Lorg/jruby/runtime/ThreadContext;Lorg/jruby/runtime/builtin/IRubyObject;Lorg/jruby/runtime/builtin/IRubyObject;)Lorg/jruby/runtime/builtin/IRubyObject;+46
j  Makefile.method__2$RUBY$test(LMakefile;Lorg/jruby/runtime/ThreadContext;Lorg/jruby/runtime/builtin/IRubyObject;Lorg/jruby/runtime/Block;)Lorg/jruby/runtime/builtin/IRubyObject;+130
j  Makefile$method__2$RUBY$test.call(Lorg/jruby/runtime/ThreadContext;Lorg/jruby/runtime/builtin/IRubyObject;Lorg/jruby/RubyModule;Ljava/lang/String;Lorg/jruby/runtime/Block;)Lorg/jruby/runtime/builtin/IRubyObject;+17
j  org.jruby.RubyClass.finvoke(Lorg/jruby/runtime/ThreadContext;Lorg/jruby/runtime/builtin/IRubyObject;Ljava/lang/String;Lorg/jruby/runtime/Block;)Lorg/jruby/runtime/builtin/IRubyObject;+41
j  org.jruby.RubyBasicObject.send19(Lorg/jruby/runtime/ThreadContext;Lorg/jruby/runtime/builtin/IRubyObject;Lorg/jruby/runtime/Block;)Lorg/jruby/runtime/builtin/IRubyObject;+15
j  org.jruby.RubyKernel.send19(Lorg/jruby/runtime/ThreadContext;Lorg/jruby/runtime/builtin/IRubyObject;Lorg/jruby/runtime/builtin/IRubyObject;Lorg/jruby/runtime/Block;)Lorg/jruby/runtime/builtin/IRubyObject;+7
j  org.jruby.RubyKernel$INVOKER$s$send19.call(Lorg/jruby/runtime/ThreadContext;Lorg/jruby/runtime/builtin/IRubyObject;Lorg/jruby/RubyModule;Ljava/lang/String;Lorg/jruby/runtime/builtin/IRubyObject;Lorg/jruby/runtime/Block;)Lorg/jruby/runtime/builtin/IRubyObject;+6
j  org.jruby.internal.runtime.methods.JavaMethod$JavaMethodOneOrNBlock.call(Lorg/jruby/runtime/ThreadContext;Lorg/jruby/runtime/builtin/IRubyObject;Lorg/jruby/RubyModule;Ljava/lang/String;Lorg/jruby/runtime/builtin/IRubyObject;)Lorg/jruby/runtime/builtin/IRubyObject;+11
j  org.jruby.runtime.callsite.CachingCallSite.call(Lorg/jruby/runtime/ThreadContext;Lorg/jruby/runtime/builtin/IRubyObject;Lorg/jruby/runtime/builtin/IRubyObject;Lorg/jruby/runtime/builtin/IRubyObject;)Lorg/jruby/runtime/builtin/IRubyObject;+38
j  Makefile.block_7$RUBY$__file__(LMakefile;Lorg/jruby/runtime/ThreadContext;Lorg/jruby/runtime/builtin/IRubyObject;[Lorg/jruby/runtime/builtin/IRubyObject;Lorg/jruby/runtime/Block;)Lorg/jruby/runtime/builtin/IRubyObject;+46
j  Makefile$block_7$RUBY$__file__.call(Lorg/jruby/runtime/ThreadContext;Lorg/jruby/runtime/builtin/IRubyObject;[Lorg/jruby/runtime/builtin/IRubyObject;Lorg/jruby/runtime/Block;)Lorg/jruby/runtime/builtin/IRubyObject;+9
j  org.jruby.runtime.CompiledBlock19.yield(Lorg/jruby/runtime/ThreadContext;Lorg/jruby/runtime/builtin/IRubyObject;Lorg/jruby/runtime/Binding;Lorg/jruby/runtime/Block$Type;)Lorg/jruby/runtime/builtin/IRubyObject;+52
j  org.jruby.runtime.Block.yield(Lorg/jruby/runtime/ThreadContext;Lorg/jruby/runtime/builtin/IRubyObject;)Lorg/jruby/runtime/builtin/IRubyObject;+14
j  org.jruby.RubyArray.eachCommon(Lorg/jruby/runtime/ThreadContext;Lorg/jruby/runtime/Block;)Lorg/jruby/runtime/builtin/IRubyObject;+41
j  org.jruby.RubyArray.each(Lorg/jruby/runtime/ThreadContext;Lorg/jruby/runtime/Block;)Lorg/jruby/runtime/builtin/IRubyObject;+10
j  org.jruby.RubyArray$INVOKER$i$0$0$each.call(Lorg/jruby/runtime/ThreadContext;Lorg/jruby/runtime/builtin/IRubyObject;Lorg/jruby/RubyModule;Ljava/lang/String;Lorg/jruby/runtime/Block;)Lorg/jruby/runtime/builtin/IRubyObject;+7
j  org.jruby.runtime.callsite.CachingCallSite.cacheAndCall(Lorg/jruby/runtime/builtin/IRubyObject;Lorg/jruby/RubyClass;Lorg/jruby/runtime/Block;Lorg/jruby/runtime/ThreadContext;Lorg/jruby/runtime/builtin/IRubyObject;)Lorg/jruby/runtime/builtin/IRubyObject;+57
j  org.jruby.runtime.callsite.CachingCallSite.callBlock(Lorg/jruby/runtime/ThreadContext;Lorg/jruby/runtime/builtin/IRubyObject;Lorg/jruby/runtime/builtin/IRubyObject;Lorg/jruby/runtime/Block;)Lorg/jruby/runtime/builtin/IRubyObject;+50
j  org.jruby.runtime.callsite.CachingCallSite.callIter(Lorg/jruby/runtime/ThreadContext;Lorg/jruby/runtime/builtin/IRubyObject;Lorg/jruby/runtime/builtin/IRubyObject;Lorg/jruby/runtime/Block;)Lorg/jruby/runtime/builtin/IRubyObject;+6
j  Makefile.__file__(LMakefile;Lorg/jruby/runtime/ThreadContext;Lorg/jruby/runtime/builtin/IRubyObject;[Lorg/jruby/runtime/builtin/IRubyObject;Lorg/jruby/runtime/Block;)Lorg/jruby/runtime/builtin/IRubyObject;+907
j  Makefile.load(Lorg/jruby/runtime/ThreadContext;Lorg/jruby/runtime/builtin/IRubyObject;Z)Lorg/jruby/runtime/builtin/IRubyObject;+22
j  org.jruby.Ruby.runScript(Lorg/jruby/ast/executable/Script;Z)Lorg/jruby/runtime/builtin/IRubyObject;+12
j  org.jruby.Ruby.runScript(Lorg/jruby/ast/executable/Script;)Lorg/jruby/runtime/builtin/IRubyObject;+3
j  org.jruby.Ruby.runNormally(Lorg/jruby/ast/Node;)Lorg/jruby/runtime/builtin/IRubyObject;+73
j  org.jruby.Ruby.runFromMain(Ljava/io/InputStream;Ljava/lang/String;)V+320
j  org.jruby.Main.doRunFromMain(Lorg/jruby/Ruby;Ljava/io/InputStream;Ljava/lang/String;)Lorg/jruby/Main$Status;+12
j  org.jruby.Main.internalRun()Lorg/jruby/Main$Status;+234
j  org.jruby.Main.run([Ljava/lang/String;)Lorg/jruby/Main$Status;+9
j  org.jruby.Main.main([Ljava/lang/String;)V+35
v  ~StubRoutines::call_stub

---------------  P R O C E S S  ---------------

Java Threads: ( => current thread )
  0x00007ff9784bc000 JavaThread "ReferenceReaper" daemon [_thread_blocked, id=26752, stack(0x00007ff96d889000,0x00007ff96da8a000)]
  0x00007ff978496000 JavaThread "JRubyJIT-2" daemon [_thread_blocked, id=26751, stack(0x00007ff96d688000,0x00007ff96d889000)]
  0x00007ff978428000 JavaThread "process reaper" daemon [_thread_blocked, id=26668, stack(0x00007ff974067000,0x00007ff9740a0000)]
  0x00007ff97841b800 JavaThread "JRubyJIT-1" daemon [_thread_blocked, id=26665, stack(0x00007ff96da8a000,0x00007ff96dc8b000)]
  0x00007ff9780ae000 JavaThread "Service Thread" daemon [_thread_blocked, id=26663, stack(0x00007ff96f703000,0x00007ff96f904000)]
  0x00007ff9780ab800 JavaThread "C2 CompilerThread1" daemon [_thread_blocked, id=26662, stack(0x00007ff96f904000,0x00007ff96fa05000)]
  0x00007ff9780a8800 JavaThread "C2 CompilerThread0" daemon [_thread_blocked, id=26661, stack(0x00007ff9740b1000,0x00007ff9741b2000)]
  0x00007ff9780a6800 JavaThread "Signal Dispatcher" daemon [_thread_blocked, id=26660, stack(0x00007ff96fa05000,0x00007ff96fc06000)]
  0x00007ff978082800 JavaThread "Finalizer" daemon [_thread_blocked, id=26659, stack(0x00007ff9741b2000,0x00007ff9743b3000)]
  0x00007ff978080800 JavaThread "Reference Handler" daemon [_thread_blocked, id=26658, stack(0x00007ff9743b3000,0x00007ff9745b4000)]
=>0x00007ff97800a800 JavaThread "main" [_thread_in_native, id=26652, stack(0x00007ff97f64e000,0x00007ff97f84f000)]

Other Threads:
  0x00007ff97807c800 VMThread [stack: 0x00007ff9745b4000,0x00007ff9746b5000] [id=26657]
  0x00007ff9780b8800 WatcherThread [stack: 0x00007ff96f602000,0x00007ff96f703000] [id=26664]

VM state:not at safepoint (normal execution)

VM Mutex/Monitor currently owned by a thread: None

Heap
 PSYoungGen      total 32768K, used 22269K [0x00000000f5900000, 0x00000000f7b00000, 0x0000000100000000)
  eden space 30720K, 65% used [0x00000000f5900000,0x00000000f6cc6140,0x00000000f7700000)
  from space 2048K, 98% used [0x00000000f7900000,0x00000000f7af9538,0x00000000f7b00000)
  to   space 2048K, 0% used [0x00000000f7700000,0x00000000f7700000,0x00000000f7900000)
 ParOldGen       total 38400K, used 5859K [0x00000000e0c00000, 0x00000000e3180000, 0x00000000f5900000)
  object space 38400K, 15% used [0x00000000e0c00000,0x00000000e11b8ea0,0x00000000e3180000)
 PSPermGen       total 25600K, used 25455K [0x00000000d6600000, 0x00000000d7f00000, 0x00000000e0c00000)
  object space 25600K, 99% used [0x00000000d6600000,0x00000000d7edbe90,0x00000000d7f00000)

Card table byte_map: [0x00007ff97e474000,0x00007ff97e5c2000] byte_map_base: 0x00007ff97ddc1000

Polling page: 0x00007ff981c5c000

Code Cache  [0x00007ff975000000, 0x00007ff975270000, 0x00007ff978000000)
 total_blobs=955 nmethods=476 adapters=433 free_code_cache=47371Kb largest_free_block=48469568

Compilation events (10 events):
Event: 3,894 Thread 0x00007ff9780ab800 nmethod 479 0x00007ff9751b1250 code [0x00007ff9751b1380, 0x00007ff9751b1418]
Event: 3,903 Thread 0x00007ff9780a8800 nmethod 476 0x00007ff9751c3a50 code [0x00007ff9751c3c60, 0x00007ff9751c45f0]
Event: 3,905 Thread 0x00007ff9780ab800  481             org.jruby.runtime.ivars.VariableAccessorField::getVariableAccessorForRead (5 bytes)
Event: 3,905 Thread 0x00007ff9780a8800  482             org.jruby.RubyBasicObject::getFFIHandle (12 bytes)
Event: 3,906 Thread 0x00007ff9780ab800 nmethod 481 0x00007ff9751c0410 code [0x00007ff9751c0540, 0x00007ff9751c0598]
Event: 3,906 Thread 0x00007ff9780ab800  483             org.jruby.runtime.ivars.VariableTableManager::getFFIHandle (9 bytes)
Event: 3,907 Thread 0x00007ff9780ab800 nmethod 483 0x00007ff9751be8d0 code [0x00007ff9751bea20, 0x00007ff9751beaf8]
Event: 3,907 Thread 0x00007ff9780ab800  484             org.jruby.runtime.ivars.VariableTableManager::getFFIHandleAccessorForRead (8 bytes)
Event: 3,907 Thread 0x00007ff9780a8800 nmethod 482 0x00007ff9751c1990 code [0x00007ff9751c1ae0, 0x00007ff9751c1bd8]
Event: 3,907 Thread 0x00007ff9780ab800 nmethod 484 0x00007ff9751be650 code [0x00007ff9751be780, 0x00007ff9751be7f8]

GC Heap History (4 events):
Event: 1,369 GC heap before
{Heap before GC invocations=1 (full 0):
 PSYoungGen      total 17408K, used 15360K [0x00000000f5900000, 0x00000000f6c00000, 0x0000000100000000)
  eden space 15360K, 100% used [0x00000000f5900000,0x00000000f6800000,0x00000000f6800000)
  from space 2048K, 0% used [0x00000000f6a00000,0x00000000f6a00000,0x00000000f6c00000)
  to   space 2048K, 0% used [0x00000000f6800000,0x00000000f6800000,0x00000000f6a00000)
 ParOldGen       total 38400K, used 0K [0x00000000e0c00000, 0x00000000e3180000, 0x00000000f5900000)
  object space 38400K, 0% used [0x00000000e0c00000,0x00000000e0c00000,0x00000000e3180000)
 PSPermGen       total 21504K, used 18949K [0x00000000d6600000, 0x00000000d7b00000, 0x00000000e0c00000)
  object space 21504K, 88% used [0x00000000d6600000,0x00000000d7881790,0x00000000d7b00000)
Event: 1,383 GC heap after
Heap after GC invocations=1 (full 0):
 PSYoungGen      total 17408K, used 2037K [0x00000000f5900000, 0x00000000f7b00000, 0x0000000100000000)
  eden space 15360K, 0% used [0x00000000f5900000,0x00000000f5900000,0x00000000f6800000)
  from space 2048K, 99% used [0x00000000f6800000,0x00000000f69fd4d8,0x00000000f6a00000)
  to   space 2048K, 0% used [0x00000000f7900000,0x00000000f7900000,0x00000000f7b00000)
 ParOldGen       total 38400K, used 3784K [0x00000000e0c00000, 0x00000000e3180000, 0x00000000f5900000)
  object space 38400K, 9% used [0x00000000e0c00000,0x00000000e0fb20d0,0x00000000e3180000)
 PSPermGen       total 21504K, used 18949K [0x00000000d6600000, 0x00000000d7b00000, 0x00000000e0c00000)
  object space 21504K, 88% used [0x00000000d6600000,0x00000000d7881790,0x00000000d7b00000)
}
Event: 2,398 GC heap before
{Heap before GC invocations=2 (full 0):
 PSYoungGen      total 17408K, used 17397K [0x00000000f5900000, 0x00000000f7b00000, 0x0000000100000000)
  eden space 15360K, 100% used [0x00000000f5900000,0x00000000f6800000,0x00000000f6800000)
  from space 2048K, 99% used [0x00000000f6800000,0x00000000f69fd4d8,0x00000000f6a00000)
  to   space 2048K, 0% used [0x00000000f7900000,0x00000000f7900000,0x00000000f7b00000)
 ParOldGen       total 38400K, used 3784K [0x00000000e0c00000, 0x00000000e3180000, 0x00000000f5900000)
  object space 38400K, 9% used [0x00000000e0c00000,0x00000000e0fb20d0,0x00000000e3180000)
 PSPermGen       total 23552K, used 23439K [0x00000000d6600000, 0x00000000d7d00000, 0x00000000e0c00000)
  object space 23552K, 99% used [0x00000000d6600000,0x00000000d7ce3cc0,0x00000000d7d00000)
Event: 2,417 GC heap after
Heap after GC invocations=2 (full 0):
 PSYoungGen      total 32768K, used 2021K [0x00000000f5900000, 0x00000000f7b00000, 0x0000000100000000)
  eden space 30720K, 0% used [0x00000000f5900000,0x00000000f5900000,0x00000000f7700000)
  from space 2048K, 98% used [0x00000000f7900000,0x00000000f7af9538,0x00000000f7b00000)
  to   space 2048K, 0% used [0x00000000f7700000,0x00000000f7700000,0x00000000f7900000)
 ParOldGen       total 38400K, used 5859K [0x00000000e0c00000, 0x00000000e3180000, 0x00000000f5900000)
  object space 38400K, 15% used [0x00000000e0c00000,0x00000000e11b8ea0,0x00000000e3180000)
 PSPermGen       total 23552K, used 23439K [0x00000000d6600000, 0x00000000d7d00000, 0x00000000e0c00000)
  object space 23552K, 99% used [0x00000000d6600000,0x00000000d7ce3cc0,0x00000000d7d00000)
}

Deoptimization events (10 events):
Event: 3,513 Thread 0x00007ff97800a800 Uncommon trap: reason=class_check action=maybe_recompile pc=0x00007ff975164188 method=org.jruby.RubyHash.internalKeyExist(Lorg/jruby/RubyHash$RubyHashEntry;ILorg/jruby/runtime/builtin/IRubyObject;)Z @ 28
Event: 3,649 Thread 0x00007ff97800a800 Uncommon trap: reason=unreached action=reinterpret pc=0x00007ff97518c650 method=org.jruby.runtime.Helpers.restructureBlockArgs19(Lorg/jruby/runtime/builtin/IRubyObject;Lorg/jruby/runtime/Arity;Lorg/jruby/runtime/Block$Type;ZZ)[Lorg/jruby/runtime/builtin/I
Event: 3,649 Thread 0x00007ff97800a800 Uncommon trap: reason=unreached action=reinterpret pc=0x00007ff97517a824 method=org.jruby.runtime.Helpers.restructureBlockArgs19(Lorg/jruby/runtime/builtin/IRubyObject;Lorg/jruby/runtime/Arity;Lorg/jruby/runtime/Block$Type;ZZ)[Lorg/jruby/runtime/builtin/I
Event: 3,667 Thread 0x00007ff97800a800 Uncommon trap: reason=class_check action=maybe_recompile pc=0x00007ff9751621b8 method=org.jruby.RubyArray.compare(Lorg/jruby/runtime/ThreadContext;Lorg/jruby/runtime/invokedynamic/MethodNames;Lorg/jruby/runtime/builtin/IRubyObject;)Lorg/jruby/RubyBoolean;
Event: 3,716 Thread 0x00007ff97800a800 Uncommon trap: reason=class_check action=maybe_recompile pc=0x00007ff9751621b8 method=org.jruby.RubyArray.compare(Lorg/jruby/runtime/ThreadContext;Lorg/jruby/runtime/invokedynamic/MethodNames;Lorg/jruby/runtime/builtin/IRubyObject;)Lorg/jruby/RubyBoolean;
Event: 3,844 Thread 0x00007ff97800a800 Uncommon trap: reason=class_check action=maybe_recompile pc=0x00007ff9751621b8 method=org.jruby.RubyArray.compare(Lorg/jruby/runtime/ThreadContext;Lorg/jruby/runtime/invokedynamic/MethodNames;Lorg/jruby/runtime/builtin/IRubyObject;)Lorg/jruby/RubyBoolean;
Event: 3,895 Thread 0x00007ff97800a800 Uncommon trap: reason=class_check action=maybe_recompile pc=0x00007ff975198f18 method=org.jruby.runtime.Block.yield(Lorg/jruby/runtime/ThreadContext;Lorg/jruby/runtime/builtin/IRubyObject;)Lorg/jruby/runtime/builtin/IRubyObject; @ 14
Event: 3,895 Thread 0x00007ff97800a800 Uncommon trap: reason=class_check action=maybe_recompile pc=0x00007ff975198f18 method=org.jruby.runtime.Block.yield(Lorg/jruby/runtime/ThreadContext;Lorg/jruby/runtime/builtin/IRubyObject;)Lorg/jruby/runtime/builtin/IRubyObject; @ 14
Event: 3,895 Thread 0x00007ff97800a800 Uncommon trap: reason=class_check action=maybe_recompile pc=0x00007ff975198f18 method=org.jruby.runtime.Block.yield(Lorg/jruby/runtime/ThreadContext;Lorg/jruby/runtime/builtin/IRubyObject;)Lorg/jruby/runtime/builtin/IRubyObject; @ 14
Event: 3,895 Thread 0x00007ff97800a800 Uncommon trap: reason=class_check action=maybe_recompile pc=0x00007ff975198f18 method=org.jruby.runtime.Block.yield(Lorg/jruby/runtime/ThreadContext;Lorg/jruby/runtime/builtin/IRubyObject;)Lorg/jruby/runtime/builtin/IRubyObject; @ 14

Internal exceptions (10 events):
Event: 3,274 Thread 0x00007ff978496000 Threw 0x00000000f6338760 at /build/buildd/openjdk-7-7u51-2.4.4/build/openjdk/hotspot/src/share/vm/prims/jvm.cpp:1244
Event: 3,274 Thread 0x00007ff978496000 Threw 0x00000000f633a090 at /build/buildd/openjdk-7-7u51-2.4.4/build/openjdk/hotspot/src/share/vm/prims/jvm.cpp:1244
Event: 3,323 Thread 0x00007ff97841b800 Threw 0x00000000f6386c40 at /build/buildd/openjdk-7-7u51-2.4.4/build/openjdk/hotspot/src/share/vm/prims/jvm.cpp:1244
Event: 3,323 Thread 0x00007ff97841b800 Threw 0x00000000f63885c0 at /build/buildd/openjdk-7-7u51-2.4.4/build/openjdk/hotspot/src/share/vm/prims/jvm.cpp:1244
Event: 3,327 Thread 0x00007ff97841b800 Threw 0x00000000f6590af0 at /build/buildd/openjdk-7-7u51-2.4.4/build/openjdk/hotspot/src/share/vm/prims/jvm.cpp:1244
Event: 3,327 Thread 0x00007ff97841b800 Threw 0x00000000f6592468 at /build/buildd/openjdk-7-7u51-2.4.4/build/openjdk/hotspot/src/share/vm/prims/jvm.cpp:1244
Event: 3,329 Thread 0x00007ff978496000 Threw 0x00000000f64c5c78 at /build/buildd/openjdk-7-7u51-2.4.4/build/openjdk/hotspot/src/share/vm/prims/jvm.cpp:1244
Event: 3,329 Thread 0x00007ff978496000 Threw 0x00000000f64c76a0 at /build/buildd/openjdk-7-7u51-2.4.4/build/openjdk/hotspot/src/share/vm/prims/jvm.cpp:1244
Event: 3,361 Thread 0x00007ff978496000 Threw 0x00000000f65cfac0 at /build/buildd/openjdk-7-7u51-2.4.4/build/openjdk/hotspot/src/share/vm/prims/jvm.cpp:1244
Event: 3,361 Thread 0x00007ff978496000 Threw 0x00000000f65d1440 at /build/buildd/openjdk-7-7u51-2.4.4/build/openjdk/hotspot/src/share/vm/prims/jvm.cpp:1244

Events (10 events):
Event: 3,895 Thread 0x00007ff97800a800 DEOPT UNPACKING pc=0x00007ff975039045 sp=0x00007ff97f84b3c8 mode 2
Event: 3,895 Thread 0x00007ff97800a800 Uncommon trap: trap_request=0xffffffde fr.pc=0x00007ff975198f18
Event: 3,895 Thread 0x00007ff97800a800 DEOPT PACKING pc=0x00007ff975198f18 sp=0x00007ff97f84b3e0
Event: 3,895 Thread 0x00007ff97800a800 DEOPT UNPACKING pc=0x00007ff975039045 sp=0x00007ff97f84b3c8 mode 2
Event: 3,895 Thread 0x00007ff97800a800 Uncommon trap: trap_request=0xffffffde fr.pc=0x00007ff975198f18
Event: 3,895 Thread 0x00007ff97800a800 DEOPT PACKING pc=0x00007ff975198f18 sp=0x00007ff97f84b3e0
Event: 3,895 Thread 0x00007ff97800a800 DEOPT UNPACKING pc=0x00007ff975039045 sp=0x00007ff97f84b3c8 mode 2
Event: 3,895 Thread 0x00007ff97800a800 Uncommon trap: trap_request=0xffffffde fr.pc=0x00007ff975198f18
Event: 3,895 Thread 0x00007ff97800a800 DEOPT PACKING pc=0x00007ff975198f18 sp=0x00007ff97f84b3e0
Event: 3,895 Thread 0x00007ff97800a800 DEOPT UNPACKING pc=0x00007ff975039045 sp=0x00007ff97f84b3c8 mode 2


Dynamic libraries:
00400000-00401000 r-xp 00000000 08:01 15861394                           /usr/lib/jvm/java-7-openjdk-amd64/jre/bin/java
00600000-00601000 r--p 00000000 08:01 15861394                           /usr/lib/jvm/java-7-openjdk-amd64/jre/bin/java
00601000-00602000 rw-p 00001000 08:01 15861394                           /usr/lib/jvm/java-7-openjdk-amd64/jre/bin/java
01d77000-01d98000 rw-p 00000000 00:00 0                                  [heap]
d6600000-d7f00000 rw-p 00000000 00:00 0 
d7f00000-e0c00000 rw-p 00000000 00:00 0 
e0c00000-e3180000 rw-p 00000000 00:00 0 
e3180000-f5900000 rw-p 00000000 00:00 0 
f5900000-f7b00000 rw-p 00000000 00:00 0 
f7b00000-100000000 rw-p 00000000 00:00 0 
7ff928000000-7ff928021000 rw-p 00000000 00:00 0 
7ff928021000-7ff92c000000 ---p 00000000 00:00 0 
7ff92c000000-7ff92c021000 rw-p 00000000 00:00 0 
7ff92c021000-7ff930000000 ---p 00000000 00:00 0 
7ff930000000-7ff930021000 rw-p 00000000 00:00 0 
7ff930021000-7ff934000000 ---p 00000000 00:00 0 
7ff934000000-7ff934021000 rw-p 00000000 00:00 0 
7ff934021000-7ff938000000 ---p 00000000 00:00 0 
7ff938000000-7ff938021000 rw-p 00000000 00:00 0 
7ff938021000-7ff93c000000 ---p 00000000 00:00 0 
7ff93c000000-7ff93c027000 rw-p 00000000 00:00 0 
7ff93c027000-7ff940000000 ---p 00000000 00:00 0 
7ff940000000-7ff940e25000 rw-p 00000000 00:00 0 
7ff940e25000-7ff944000000 ---p 00000000 00:00 0 
7ff944000000-7ff944021000 rw-p 00000000 00:00 0 
7ff944021000-7ff948000000 ---p 00000000 00:00 0 
7ff948000000-7ff948021000 rw-p 00000000 00:00 0 
7ff948021000-7ff94c000000 ---p 00000000 00:00 0 
7ff94c000000-7ff94cbc0000 rw-p 00000000 00:00 0 
7ff94cbc0000-7ff950000000 ---p 00000000 00:00 0 
7ff950000000-7ff950021000 rw-p 00000000 00:00 0 
7ff950021000-7ff954000000 ---p 00000000 00:00 0 
7ff954000000-7ff954021000 rw-p 00000000 00:00 0 
7ff954021000-7ff958000000 ---p 00000000 00:00 0 
7ff958000000-7ff958021000 rw-p 00000000 00:00 0 
7ff958021000-7ff95c000000 ---p 00000000 00:00 0 
7ff95c000000-7ff95c021000 rw-p 00000000 00:00 0 
7ff95c021000-7ff960000000 ---p 00000000 00:00 0 
7ff960000000-7ff960021000 rw-p 00000000 00:00 0 
7ff960021000-7ff964000000 ---p 00000000 00:00 0 
7ff968000000-7ff968021000 rw-p 00000000 00:00 0 
7ff968021000-7ff96c000000 ---p 00000000 00:00 0 
7ff96cc79000-7ff96cc7c000 r-xp 00000000 08:01 14162126                   /home/alex/Documents/8vo_Semestre/Geometría Computacional/Lab/practica04/src/lib/librange_tree.so
7ff96cc7c000-7ff96ce7b000 ---p 00003000 08:01 14162126                   /home/alex/Documents/8vo_Semestre/Geometría Computacional/Lab/practica04/src/lib/librange_tree.so
7ff96ce7b000-7ff96ce7c000 r--p 00002000 08:01 14162126                   /home/alex/Documents/8vo_Semestre/Geometría Computacional/Lab/practica04/src/lib/librange_tree.so
7ff96ce7c000-7ff96ce7d000 rw-p 00003000 08:01 14162126                   /home/alex/Documents/8vo_Semestre/Geometría Computacional/Lab/practica04/src/lib/librange_tree.so
7ff96ce7d000-7ff96ce80000 r-xp 00000000 08:01 14162104                   /home/alex/Documents/8vo_Semestre/Geometría Computacional/Lab/practica04/src/lib/librb_tree.so
7ff96ce80000-7ff96d07f000 ---p 00003000 08:01 14162104                   /home/alex/Documents/8vo_Semestre/Geometría Computacional/Lab/practica04/src/lib/librb_tree.so
7ff96d07f000-7ff96d080000 r--p 00002000 08:01 14162104                   /home/alex/Documents/8vo_Semestre/Geometría Computacional/Lab/practica04/src/lib/librb_tree.so
7ff96d080000-7ff96d081000 rw-p 00003000 08:01 14162104                   /home/alex/Documents/8vo_Semestre/Geometría Computacional/Lab/practica04/src/lib/librb_tree.so
7ff96d081000-7ff96d083000 r-xp 00000000 08:01 14162095                   /home/alex/Documents/8vo_Semestre/Geometría Computacional/Lab/practica04/src/lib/libdouble_linked_list.so
7ff96d083000-7ff96d282000 ---p 00002000 08:01 14162095                   /home/alex/Documents/8vo_Semestre/Geometría Computacional/Lab/practica04/src/lib/libdouble_linked_list.so
7ff96d282000-7ff96d283000 r--p 00001000 08:01 14162095                   /home/alex/Documents/8vo_Semestre/Geometría Computacional/Lab/practica04/src/lib/libdouble_linked_list.so
7ff96d283000-7ff96d284000 rw-p 00002000 08:01 14162095                   /home/alex/Documents/8vo_Semestre/Geometría Computacional/Lab/practica04/src/lib/libdouble_linked_list.so
7ff96d284000-7ff96d285000 r-xp 00000000 08:01 14162103                   /home/alex/Documents/8vo_Semestre/Geometría Computacional/Lab/practica04/src/lib/lib2d_points.so
7ff96d285000-7ff96d485000 ---p 00001000 08:01 14162103                   /home/alex/Documents/8vo_Semestre/Geometría Computacional/Lab/practica04/src/lib/lib2d_points.so
7ff96d485000-7ff96d486000 r--p 00001000 08:01 14162103                   /home/alex/Documents/8vo_Semestre/Geometría Computacional/Lab/practica04/src/lib/lib2d_points.so
7ff96d486000-7ff96d487000 rw-p 00002000 08:01 14162103                   /home/alex/Documents/8vo_Semestre/Geometría Computacional/Lab/practica04/src/lib/lib2d_points.so
7ff96d487000-7ff96d48a000 ---p 00000000 00:00 0 
7ff96d48a000-7ff96d688000 rw-p 00000000 00:00 0 
7ff96d688000-7ff96d68b000 ---p 00000000 00:00 0 
7ff96d68b000-7ff96d889000 rw-p 00000000 00:00 0                          [stack:26751]
7ff96d889000-7ff96d88c000 ---p 00000000 00:00 0 
7ff96d88c000-7ff96da8a000 rw-p 00000000 00:00 0                          [stack:26752]
7ff96da8a000-7ff96da8d000 ---p 00000000 00:00 0 
7ff96da8d000-7ff96dc8b000 rw-p 00000000 00:00 0                          [stack:26665]
7ff96dc8b000-7ff96dc9d000 r-xp 00000000 08:01 12059135                   /home/alex/.rbenv/versions/jruby-1.7.10/lib/jni/x86_64-Linux/libjffi-1.2.so
7ff96dc9d000-7ff96de9c000 ---p 00012000 08:01 12059135                   /home/alex/.rbenv/versions/jruby-1.7.10/lib/jni/x86_64-Linux/libjffi-1.2.so
7ff96de9c000-7ff96de9d000 rw-p 00011000 08:01 12059135                   /home/alex/.rbenv/versions/jruby-1.7.10/lib/jni/x86_64-Linux/libjffi-1.2.so
7ff96de9d000-7ff96dead000 r-xp 00000000 08:01 15861288                   /usr/lib/jvm/java-7-openjdk-amd64/jre/lib/amd64/libnio.so
7ff96dead000-7ff96e0ad000 ---p 00010000 08:01 15861288                   /usr/lib/jvm/java-7-openjdk-amd64/jre/lib/amd64/libnio.so
7ff96e0ad000-7ff96e0ae000 r--p 00010000 08:01 15861288                   /usr/lib/jvm/java-7-openjdk-amd64/jre/lib/amd64/libnio.so
7ff96e0ae000-7ff96e0af000 rw-p 00011000 08:01 15861288                   /usr/lib/jvm/java-7-openjdk-amd64/jre/lib/amd64/libnio.so
7ff96e0af000-7ff96e0ec000 r-xp 00000000 08:01 8130434                    /lib/x86_64-linux-gnu/libpcre.so.3.13.1
7ff96e0ec000-7ff96e2ec000 ---p 0003d000 08:01 8130434                    /lib/x86_64-linux-gnu/libpcre.so.3.13.1
7ff96e2ec000-7ff96e2ed000 r--p 0003d000 08:01 8130434                    /lib/x86_64-linux-gnu/libpcre.so.3.13.1
7ff96e2ed000-7ff96e2ee000 rw-p 0003e000 08:01 8130434                    /lib/x86_64-linux-gnu/libpcre.so.3.13.1
7ff96e2ee000-7ff96e2f5000 r-xp 00000000 08:01 15735894                   /usr/lib/x86_64-linux-gnu/libffi.so.6.0.1
7ff96e2f5000-7ff96e4f4000 ---p 00007000 08:01 15735894                   /usr/lib/x86_64-linux-gnu/libffi.so.6.0.1
7ff96e4f4000-7ff96e4f5000 r--p 00006000 08:01 15735894                   /usr/lib/x86_64-linux-gnu/libffi.so.6.0.1
7ff96e4f5000-7ff96e4f6000 rw-p 00007000 08:01 15735894                   /usr/lib/x86_64-linux-gnu/libffi.so.6.0.1
7ff96e4f6000-7ff96e50c000 r-xp 00000000 08:01 8130457                    /lib/x86_64-linux-gnu/libresolv-2.17.so
7ff96e50c000-7ff96e70c000 ---p 00016000 08:01 8130457                    /lib/x86_64-linux-gnu/libresolv-2.17.so
7ff96e70c000-7ff96e70d000 r--p 00016000 08:01 8130457                    /lib/x86_64-linux-gnu/libresolv-2.17.so
7ff96e70d000-7ff96e70e000 rw-p 00017000 08:01 8130457                    /lib/x86_64-linux-gnu/libresolv-2.17.so
7ff96e70e000-7ff96e710000 rw-p 00000000 00:00 0 
7ff96e710000-7ff96e72f000 r-xp 00000000 08:01 8130461                    /lib/x86_64-linux-gnu/libselinux.so.1
7ff96e72f000-7ff96e92f000 ---p 0001f000 08:01 8130461                    /lib/x86_64-linux-gnu/libselinux.so.1
7ff96e92f000-7ff96e930000 r--p 0001f000 08:01 8130461                    /lib/x86_64-linux-gnu/libselinux.so.1
7ff96e930000-7ff96e931000 rw-p 00020000 08:01 8130461                    /lib/x86_64-linux-gnu/libselinux.so.1
7ff96e931000-7ff96e932000 rw-p 00000000 00:00 0 
7ff96e932000-7ff96e935000 r-xp 00000000 08:01 15729078                   /usr/lib/x86_64-linux-gnu/libgmodule-2.0.so.0.3800.1
7ff96e935000-7ff96eb34000 ---p 00003000 08:01 15729078                   /usr/lib/x86_64-linux-gnu/libgmodule-2.0.so.0.3800.1
7ff96eb34000-7ff96eb35000 r--p 00002000 08:01 15729078                   /usr/lib/x86_64-linux-gnu/libgmodule-2.0.so.0.3800.1
7ff96eb35000-7ff96eb36000 rw-p 00003000 08:01 15729078                   /usr/lib/x86_64-linux-gnu/libgmodule-2.0.so.0.3800.1
7ff96eb36000-7ff96ec34000 r-xp 00000000 08:01 8130449                    /lib/x86_64-linux-gnu/libglib-2.0.so.0.3800.1
7ff96ec34000-7ff96ee34000 ---p 000fe000 08:01 8130449                    /lib/x86_64-linux-gnu/libglib-2.0.so.0.3800.1
7ff96ee34000-7ff96ee35000 r--p 000fe000 08:01 8130449                    /lib/x86_64-linux-gnu/libglib-2.0.so.0.3800.1
7ff96ee35000-7ff96ee36000 rw-p 000ff000 08:01 8130449                    /lib/x86_64-linux-gnu/libglib-2.0.so.0.3800.1
7ff96ee36000-7ff96ee37000 rw-p 00000000 00:00 0 
7ff96ee37000-7ff96ee86000 r-xp 00000000 08:01 15729069                   /usr/lib/x86_64-linux-gnu/libgobject-2.0.so.0.3800.1
7ff96ee86000-7ff96f086000 ---p 0004f000 08:01 15729069                   /usr/lib/x86_64-linux-gnu/libgobject-2.0.so.0.3800.1
7ff96f086000-7ff96f087000 r--p 0004f000 08:01 15729069                   /usr/lib/x86_64-linux-gnu/libgobject-2.0.so.0.3800.1
7ff96f087000-7ff96f088000 rw-p 00050000 08:01 15729069                   /usr/lib/x86_64-linux-gnu/libgobject-2.0.so.0.3800.1
7ff96f088000-7ff96f1e4000 r-xp 00000000 08:01 15729043                   /usr/lib/x86_64-linux-gnu/libgio-2.0.so.0.3800.1
7ff96f1e4000-7ff96f3e3000 ---p 0015c000 08:01 15729043                   /usr/lib/x86_64-linux-gnu/libgio-2.0.so.0.3800.1
7ff96f3e3000-7ff96f3e7000 r--p 0015b000 08:01 15729043                   /usr/lib/x86_64-linux-gnu/libgio-2.0.so.0.3800.1
7ff96f3e7000-7ff96f3e9000 rw-p 0015f000 08:01 15729043                   /usr/lib/x86_64-linux-gnu/libgio-2.0.so.0.3800.1
7ff96f3e9000-7ff96f3eb000 rw-p 00000000 00:00 0 
7ff96f3eb000-7ff96f401000 r-xp 00000000 08:01 15861076                   /usr/lib/jvm/java-7-openjdk-amd64/jre/lib/amd64/libnet.so
7ff96f401000-7ff96f600000 ---p 00016000 08:01 15861076                   /usr/lib/jvm/java-7-openjdk-amd64/jre/lib/amd64/libnet.so
7ff96f600000-7ff96f601000 r--p 00015000 08:01 15861076                   /usr/lib/jvm/java-7-openjdk-amd64/jre/lib/amd64/libnet.so
7ff96f601000-7ff96f602000 rw-p 00016000 08:01 15861076                   /usr/lib/jvm/java-7-openjdk-amd64/jre/lib/amd64/libnet.so
7ff96f602000-7ff96f603000 ---p 00000000 00:00 0 
7ff96f603000-7ff96f703000 rw-p 00000000 00:00 0                          [stack:26664]
7ff96f703000-7ff96f706000 ---p 00000000 00:00 0 
7ff96f706000-7ff96f904000 rw-p 00000000 00:00 0                          [stack:26663]
7ff96f904000-7ff96f907000 ---p 00000000 00:00 0 
7ff96f907000-7ff96fa05000 rw-p 00000000 00:00 0                          [stack:26662]
7ff96fa05000-7ff96fa08000 ---p 00000000 00:00 0 
7ff96fa08000-7ff96fc06000 rw-p 00000000 00:00 0                          [stack:26660]
7ff96fc06000-7ff970000000 r--p 00000000 08:01 15734328                   /usr/lib/locale/locale-archive
7ff970000000-7ff970021000 rw-p 00000000 00:00 0 
7ff970021000-7ff974000000 ---p 00000000 00:00 0 
7ff974065000-7ff974067000 rw-p 00000000 00:00 0 
7ff974067000-7ff97406a000 ---p 00000000 00:00 0 
7ff97406a000-7ff9740a0000 rw-p 00000000 00:00 0                          [stack:26668]
7ff9740a0000-7ff9740a1000 r-xp 00000000 00:00 0 
7ff9740a1000-7ff9740a8000 r--s 00000000 08:01 16127910                   /usr/lib/x86_64-linux-gnu/gconv/gconv-modules.cache
7ff9740a8000-7ff9740aa000 r--s 00012000 08:01 15861308                   /usr/lib/jvm/java-7-openjdk-amd64/jre/lib/ext/zipfs.jar
7ff9740aa000-7ff9740ad000 r--s 00032000 08:01 15861310                   /usr/lib/jvm/java-7-openjdk-amd64/jre/lib/ext/sunjce_provider.jar
7ff9740ad000-7ff9740b1000 r--s 00085000 08:01 15861304                   /usr/lib/jvm/java-7-openjdk-amd64/jre/lib/ext/localedata.jar
7ff9740b1000-7ff9740b4000 ---p 00000000 00:00 0 
7ff9740b4000-7ff9741b2000 rw-p 00000000 00:00 0                          [stack:26661]
7ff9741b2000-7ff9741b5000 ---p 00000000 00:00 0 
7ff9741b5000-7ff9743b3000 rw-p 00000000 00:00 0                          [stack:26659]
7ff9743b3000-7ff9743b6000 ---p 00000000 00:00 0 
7ff9743b6000-7ff9745b4000 rw-p 00000000 00:00 0                          [stack:26658]
7ff9745b4000-7ff9745b5000 ---p 00000000 00:00 0 
7ff9745b5000-7ff975000000 rw-p 00000000 00:00 0                          [stack:26657]
7ff975000000-7ff975270000 rwxp 00000000 00:00 0 
7ff975270000-7ff978595000 rw-p 00000000 00:00 0 
7ff978595000-7ff97c000000 ---p 00000000 00:00 0 
7ff97c000000-7ff97c002000 r--s 00006000 08:01 16256853                   /usr/share/java/java-atk-wrapper.jar
7ff97c002000-7ff97c005000 r--s 0000f000 08:01 15861306                   /usr/lib/jvm/java-7-openjdk-amd64/jre/lib/ext/pulse-java.jar
7ff97c005000-7ff97c00a000 r--s 0004c000 08:01 15861296                   /usr/lib/jvm/java-7-openjdk-amd64/jre/lib/jsse.jar
7ff97c00a000-7ff97c67b000 rw-p 00000000 00:00 0 
7ff97c67b000-7ff97c764000 r--s 00bb9000 08:01 12059138                   /home/alex/.rbenv/versions/jruby-1.7.10/lib/jruby.jar
7ff97c764000-7ff97c7ac000 rw-p 00000000 00:00 0 
7ff97c7ac000-7ff97c95a000 r--s 01cf4000 08:01 15861374                   /usr/lib/jvm/java-7-openjdk-amd64/jre/lib/rt.jar
7ff97c95a000-7ff97e070000 rw-p 00000000 00:00 0 
7ff97e070000-7ff97e071000 ---p 00000000 00:00 0 
7ff97e071000-7ff97e171000 rw-p 00000000 00:00 0                          [stack:26656]
7ff97e171000-7ff97e172000 ---p 00000000 00:00 0 
7ff97e172000-7ff97e272000 rw-p 00000000 00:00 0                          [stack:26655]
7ff97e272000-7ff97e273000 ---p 00000000 00:00 0 
7ff97e273000-7ff97e373000 rw-p 00000000 00:00 0                          [stack:26654]
7ff97e373000-7ff97e374000 ---p 00000000 00:00 0 
7ff97e374000-7ff97e481000 rw-p 00000000 00:00 0                          [stack:26653]
7ff97e481000-7ff97e4c7000 rw-p 00000000 00:00 0 
7ff97e4c7000-7ff97e4da000 rw-p 00000000 00:00 0 
7ff97e4da000-7ff97e56d000 rw-p 00000000 00:00 0 
7ff97e56d000-7ff97e57f000 rw-p 00000000 00:00 0 
7ff97e57f000-7ff97e5c1000 rw-p 00000000 00:00 0 
7ff97e5c1000-7ff97e5c2000 rw-p 00000000 00:00 0 
7ff97e5c2000-7ff97e5ca000 r-xp 00000000 08:01 15861025                   /usr/lib/jvm/java-7-openjdk-amd64/jre/lib/amd64/libzip.so
7ff97e5ca000-7ff97e7c9000 ---p 00008000 08:01 15861025                   /usr/lib/jvm/java-7-openjdk-amd64/jre/lib/amd64/libzip.so
7ff97e7c9000-7ff97e7ca000 r--p 00007000 08:01 15861025                   /usr/lib/jvm/java-7-openjdk-amd64/jre/lib/amd64/libzip.so
7ff97e7ca000-7ff97e7cb000 rw-p 00008000 08:01 15861025                   /usr/lib/jvm/java-7-openjdk-amd64/jre/lib/amd64/libzip.so
7ff97e7cb000-7ff97e7d7000 r-xp 00000000 08:01 8130412                    /lib/x86_64-linux-gnu/libnss_files-2.17.so
7ff97e7d7000-7ff97e9d6000 ---p 0000c000 08:01 8130412                    /lib/x86_64-linux-gnu/libnss_files-2.17.so
7ff97e9d6000-7ff97e9d7000 r--p 0000b000 08:01 8130412                    /lib/x86_64-linux-gnu/libnss_files-2.17.so
7ff97e9d7000-7ff97e9d8000 rw-p 0000c000 08:01 8130412                    /lib/x86_64-linux-gnu/libnss_files-2.17.so
7ff97e9d8000-7ff97e9e3000 r-xp 00000000 08:01 8130416                    /lib/x86_64-linux-gnu/libnss_nis-2.17.so
7ff97e9e3000-7ff97ebe2000 ---p 0000b000 08:01 8130416                    /lib/x86_64-linux-gnu/libnss_nis-2.17.so
7ff97ebe2000-7ff97ebe3000 r--p 0000a000 08:01 8130416                    /lib/x86_64-linux-gnu/libnss_nis-2.17.so
7ff97ebe3000-7ff97ebe4000 rw-p 0000b000 08:01 8130416                    /lib/x86_64-linux-gnu/libnss_nis-2.17.so
7ff97ebe4000-7ff97ebfb000 r-xp 00000000 08:01 8130406                    /lib/x86_64-linux-gnu/libnsl-2.17.so
7ff97ebfb000-7ff97edfa000 ---p 00017000 08:01 8130406                    /lib/x86_64-linux-gnu/libnsl-2.17.so
7ff97edfa000-7ff97edfb000 r--p 00016000 08:01 8130406                    /lib/x86_64-linux-gnu/libnsl-2.17.so
7ff97edfb000-7ff97edfc000 rw-p 00017000 08:01 8130406                    /lib/x86_64-linux-gnu/libnsl-2.17.so
7ff97edfc000-7ff97edfe000 rw-p 00000000 00:00 0 
7ff97edfe000-7ff97ee06000 r-xp 00000000 08:01 8130408                    /lib/x86_64-linux-gnu/libnss_compat-2.17.so
7ff97ee06000-7ff97f005000 ---p 00008000 08:01 8130408                    /lib/x86_64-linux-gnu/libnss_compat-2.17.so
7ff97f005000-7ff97f006000 r--p 00007000 08:01 8130408                    /lib/x86_64-linux-gnu/libnss_compat-2.17.so
7ff97f006000-7ff97f007000 rw-p 00008000 08:01 8130408                    /lib/x86_64-linux-gnu/libnss_compat-2.17.so
7ff97f007000-7ff97f032000 r-xp 00000000 08:01 15860951                   /usr/lib/jvm/java-7-openjdk-amd64/jre/lib/amd64/libjava.so
7ff97f032000-7ff97f231000 ---p 0002b000 08:01 15860951                   /usr/lib/jvm/java-7-openjdk-amd64/jre/lib/amd64/libjava.so
7ff97f231000-7ff97f232000 r--p 0002a000 08:01 15860951                   /usr/lib/jvm/java-7-openjdk-amd64/jre/lib/amd64/libjava.so
7ff97f232000-7ff97f234000 rw-p 0002b000 08:01 15860951                   /usr/lib/jvm/java-7-openjdk-amd64/jre/lib/amd64/libjava.so
7ff97f234000-7ff97f244000 r-xp 00000000 08:01 15861265                   /usr/lib/jvm/java-7-openjdk-amd64/jre/lib/amd64/libverify.so
7ff97f244000-7ff97f443000 ---p 00010000 08:01 15861265                   /usr/lib/jvm/java-7-openjdk-amd64/jre/lib/amd64/libverify.so
7ff97f443000-7ff97f445000 r--p 0000f000 08:01 15861265                   /usr/lib/jvm/java-7-openjdk-amd64/jre/lib/amd64/libverify.so
7ff97f445000-7ff97f446000 rw-p 00011000 08:01 15861265                   /usr/lib/jvm/java-7-openjdk-amd64/jre/lib/amd64/libverify.so
7ff97f446000-7ff97f44d000 r-xp 00000000 08:01 8130459                    /lib/x86_64-linux-gnu/librt-2.17.so
7ff97f44d000-7ff97f64c000 ---p 00007000 08:01 8130459                    /lib/x86_64-linux-gnu/librt-2.17.so
7ff97f64c000-7ff97f64d000 r--p 00006000 08:01 8130459                    /lib/x86_64-linux-gnu/librt-2.17.so
7ff97f64d000-7ff97f64e000 rw-p 00007000 08:01 8130459                    /lib/x86_64-linux-gnu/librt-2.17.so
7ff97f64e000-7ff97f651000 ---p 00000000 00:00 0 
7ff97f651000-7ff97f84f000 rw-p 00000000 00:00 0                          [stack:26652]
7ff97f84f000-7ff97f864000 r-xp 00000000 08:01 8126477                    /lib/x86_64-linux-gnu/libgcc_s.so.1
7ff97f864000-7ff97fa63000 ---p 00015000 08:01 8126477                    /lib/x86_64-linux-gnu/libgcc_s.so.1
7ff97fa63000-7ff97fa64000 r--p 00014000 08:01 8126477                    /lib/x86_64-linux-gnu/libgcc_s.so.1
7ff97fa64000-7ff97fa65000 rw-p 00015000 08:01 8126477                    /lib/x86_64-linux-gnu/libgcc_s.so.1
7ff97fa65000-7ff97fb68000 r-xp 00000000 08:01 8130387                    /lib/x86_64-linux-gnu/libm-2.17.so
7ff97fb68000-7ff97fd67000 ---p 00103000 08:01 8130387                    /lib/x86_64-linux-gnu/libm-2.17.so
7ff97fd67000-7ff97fd68000 r--p 00102000 08:01 8130387                    /lib/x86_64-linux-gnu/libm-2.17.so
7ff97fd68000-7ff97fd69000 rw-p 00103000 08:01 8130387                    /lib/x86_64-linux-gnu/libm-2.17.so
7ff97fd69000-7ff97fe4f000 r-xp 00000000 08:01 15729831                   /usr/lib/x86_64-linux-gnu/libstdc++.so.6.0.18
7ff97fe4f000-7ff98004e000 ---p 000e6000 08:01 15729831                   /usr/lib/x86_64-linux-gnu/libstdc++.so.6.0.18
7ff98004e000-7ff980056000 r--p 000e5000 08:01 15729831                   /usr/lib/x86_64-linux-gnu/libstdc++.so.6.0.18
7ff980056000-7ff980058000 rw-p 000ed000 08:01 15729831                   /usr/lib/x86_64-linux-gnu/libstdc++.so.6.0.18
7ff980058000-7ff98006d000 rw-p 00000000 00:00 0 
7ff98006d000-7ff980b4c000 r-xp 00000000 08:01 15861284                   /usr/lib/jvm/java-7-openjdk-amd64/jre/lib/amd64/server/libjvm.so
7ff980b4c000-7ff980d4b000 ---p 00adf000 08:01 15861284                   /usr/lib/jvm/java-7-openjdk-amd64/jre/lib/amd64/server/libjvm.so
7ff980d4b000-7ff980ddd000 r--p 00ade000 08:01 15861284                   /usr/lib/jvm/java-7-openjdk-amd64/jre/lib/amd64/server/libjvm.so
7ff980ddd000-7ff980e00000 rw-p 00b70000 08:01 15861284                   /usr/lib/jvm/java-7-openjdk-amd64/jre/lib/amd64/server/libjvm.so
7ff980e00000-7ff980e2d000 rw-p 00000000 00:00 0 
7ff980e2d000-7ff980e45000 r-xp 00000000 08:01 8130494                    /lib/x86_64-linux-gnu/libz.so.1.2.8
7ff980e45000-7ff981044000 ---p 00018000 08:01 8130494                    /lib/x86_64-linux-gnu/libz.so.1.2.8
7ff981044000-7ff981045000 r--p 00017000 08:01 8130494                    /lib/x86_64-linux-gnu/libz.so.1.2.8
7ff981045000-7ff981046000 rw-p 00018000 08:01 8130494                    /lib/x86_64-linux-gnu/libz.so.1.2.8
7ff981046000-7ff98105d000 r-xp 00000000 08:01 8130451                    /lib/x86_64-linux-gnu/libpthread-2.17.so
7ff98105d000-7ff98125d000 ---p 00017000 08:01 8130451                    /lib/x86_64-linux-gnu/libpthread-2.17.so
7ff98125d000-7ff98125e000 r--p 00017000 08:01 8130451                    /lib/x86_64-linux-gnu/libpthread-2.17.so
7ff98125e000-7ff98125f000 rw-p 00018000 08:01 8130451                    /lib/x86_64-linux-gnu/libpthread-2.17.so
7ff98125f000-7ff981263000 rw-p 00000000 00:00 0 
7ff981263000-7ff981266000 r-xp 00000000 08:01 8130351                    /lib/x86_64-linux-gnu/libdl-2.17.so
7ff981266000-7ff981465000 ---p 00003000 08:01 8130351                    /lib/x86_64-linux-gnu/libdl-2.17.so
7ff981465000-7ff981466000 r--p 00002000 08:01 8130351                    /lib/x86_64-linux-gnu/libdl-2.17.so
7ff981466000-7ff981467000 rw-p 00003000 08:01 8130351                    /lib/x86_64-linux-gnu/libdl-2.17.so
7ff981467000-7ff981624000 r-xp 00000000 08:01 8130336                    /lib/x86_64-linux-gnu/libc-2.17.so
7ff981624000-7ff981824000 ---p 001bd000 08:01 8130336                    /lib/x86_64-linux-gnu/libc-2.17.so
7ff981824000-7ff981828000 r--p 001bd000 08:01 8130336                    /lib/x86_64-linux-gnu/libc-2.17.so
7ff981828000-7ff98182a000 rw-p 001c1000 08:01 8130336                    /lib/x86_64-linux-gnu/libc-2.17.so
7ff98182a000-7ff98182f000 rw-p 00000000 00:00 0 
7ff98182f000-7ff98183c000 r-xp 00000000 08:01 15861291                   /usr/lib/jvm/java-7-openjdk-amd64/jre/lib/amd64/jli/libjli.so
7ff98183c000-7ff981a3b000 ---p 0000d000 08:01 15861291                   /usr/lib/jvm/java-7-openjdk-amd64/jre/lib/amd64/jli/libjli.so
7ff981a3b000-7ff981a3c000 r--p 0000c000 08:01 15861291                   /usr/lib/jvm/java-7-openjdk-amd64/jre/lib/amd64/jli/libjli.so
7ff981a3c000-7ff981a3d000 rw-p 0000d000 08:01 15861291                   /usr/lib/jvm/java-7-openjdk-amd64/jre/lib/amd64/jli/libjli.so
7ff981a3d000-7ff981a60000 r-xp 00000000 08:01 8130312                    /lib/x86_64-linux-gnu/ld-2.17.so
7ff981a60000-7ff981a64000 r--s 0003b000 08:01 15861316                   /usr/lib/jvm/java-7-openjdk-amd64/jre/lib/ext/sunpkcs11.jar
7ff981a64000-7ff981a92000 rw-p 00000000 00:00 0 
7ff981a92000-7ff981ad8000 rw-p 00000000 00:00 0 
7ff981ad8000-7ff981aeb000 rw-p 00000000 00:00 0 
7ff981aeb000-7ff981b7f000 rw-p 00000000 00:00 0 
7ff981b7f000-7ff981b89000 rw-p 00000000 00:00 0 
7ff981b89000-7ff981c3f000 rw-p 00000000 00:00 0 
7ff981c3f000-7ff981c44000 rw-p 00000000 00:00 0 
7ff981c44000-7ff981c45000 r--s 00002000 08:01 15861314                   /usr/lib/jvm/java-7-openjdk-amd64/jre/lib/ext/dnsns.jar
7ff981c45000-7ff981c53000 rw-p 00000000 00:00 0 
7ff981c53000-7ff981c5b000 rw-s 00000000 08:01 6029327                    /tmp/hsperfdata_alex/26627
7ff981c5b000-7ff981c5c000 rw-p 00000000 00:00 0 
7ff981c5c000-7ff981c5d000 r--p 00000000 00:00 0 
7ff981c5d000-7ff981c5f000 rw-p 00000000 00:00 0 
7ff981c5f000-7ff981c60000 r--p 00022000 08:01 8130312                    /lib/x86_64-linux-gnu/ld-2.17.so
7ff981c60000-7ff981c62000 rw-p 00023000 08:01 8130312                    /lib/x86_64-linux-gnu/ld-2.17.so
7fffb1fc7000-7fffb1fe8000 rw-p 00000000 00:00 0                          [stack]
7fffb1ffe000-7fffb2000000 r-xp 00000000 00:00 0                          [vdso]
ffffffffff600000-ffffffffff601000 r-xp 00000000 00:00 0                  [vsyscall]

VM Arguments:
jvm_args: -Djdk.home= -Djruby.home=/home/alex/.rbenv/versions/jruby-1.7.10 -Djruby.script=jruby -Djruby.shell=/bin/sh -Djffi.boot.library.path=/home/alex/.rbenv/versions/jruby-1.7.10/lib/jni:/home/alex/.rbenv/versions/jruby-1.7.10/lib/jni/i386-Linux:/home/alex/.rbenv/versions/jruby-1.7.10/lib/jni/arm-Linux:/home/alex/.rbenv/versions/jruby-1.7.10/lib/jni/x86_64-Linux -Xmx500m -Xss2048k -Xbootclasspath/a:/home/alex/.rbenv/versions/jruby-1.7.10/lib/jruby.jar 
java_command: org/jruby/Main Makefile.rb clean compile test clean
Launcher Type: SUN_STANDARD

Environment Variables:
PATH=/home/alex/.rbenv/versions/jruby-1.7.10/bin:/home/alex/.rbenv/libexec:/home/alex/.rbenv/plugins/ruby-build/bin:/home/alex/.rbenv/shims:~/.rbenv/bin:~/.rbenv/bin:/usr/local/sbin:/usr/local/bin:/usr/sbin:/usr/bin:/sbin:/bin:/usr/games:/usr/local/games
USERNAME=alex
SHELL=/bin/bash
DISPLAY=:0

Signal Handlers:
SIGSEGV: [libjvm.so+0x916ea0], sa_mask[0]=0x7ffbfeff, sa_flags=0x10000004
SIGBUS: [libjvm.so+0x916ea0], sa_mask[0]=0x7ffbfeff, sa_flags=0x10000004
SIGFPE: [libjvm.so+0x794800], sa_mask[0]=0x7ffbfeff, sa_flags=0x10000004
SIGPIPE: [libjvm.so+0x794800], sa_mask[0]=0x7ffbfeff, sa_flags=0x10000004
SIGXFSZ: [libjvm.so+0x794800], sa_mask[0]=0x7ffbfeff, sa_flags=0x10000004
SIGILL: [libjvm.so+0x794800], sa_mask[0]=0x7ffbfeff, sa_flags=0x10000004
SIGUSR1: SIG_DFL, sa_mask[0]=0x00000000, sa_flags=0x00000000
SIGUSR2: [libjvm.so+0x7946a0], sa_mask[0]=0x00000000, sa_flags=0x10000004
SIGHUP: [libjvm.so+0x794880], sa_mask[0]=0x7ffbfeff, sa_flags=0x10000004
SIGINT: [libjvm.so+0x794880], sa_mask[0]=0x7ffbfeff, sa_flags=0x10000004
SIGTERM: [libjvm.so+0x794880], sa_mask[0]=0x7ffbfeff, sa_flags=0x10000004
SIGQUIT: [libjvm.so+0x794880], sa_mask[0]=0x7ffbfeff, sa_flags=0x10000004


---------------  S Y S T E M  ---------------

OS:LinuxMint 16 (petra)
uname:Linux 3.11.0-12-generic #19-Ubuntu SMP Wed Oct 9 16:20:46 UTC 2013 x86_64
libc:glibc 2.17 NPTL 2.17 
rlimit: STACK 8192k, CORE 0k, NPROC 28798, NOFILE 4096, AS infinity
load average:0,95 0,39 0,34

/proc/meminfo:
MemTotal:        3715476 kB
MemFree:         1455820 kB
Buffers:          195396 kB
Cached:          1080652 kB
SwapCached:            0 kB
Active:          1304480 kB
Inactive:         753208 kB
Active(anon):     783336 kB
Inactive(anon):   173024 kB
Active(file):     521144 kB
Inactive(file):   580184 kB
Unevictable:          52 kB
Mlocked:              52 kB
SwapTotal:       3856380 kB
SwapFree:        3856380 kB
Dirty:               524 kB
Writeback:             0 kB
AnonPages:        781732 kB
Mapped:           179284 kB
Shmem:            174704 kB
Slab:             128452 kB
SReclaimable:     101828 kB
SUnreclaim:        26624 kB
KernelStack:        3480 kB
PageTables:        24796 kB
NFS_Unstable:          0 kB
Bounce:                0 kB
WritebackTmp:          0 kB
CommitLimit:     5714116 kB
Committed_AS:    3148572 kB
VmallocTotal:   34359738367 kB
VmallocUsed:      414316 kB
VmallocChunk:   34359319548 kB
HardwareCorrupted:     0 kB
AnonHugePages:         0 kB
HugePages_Total:       0
HugePages_Free:        0
HugePages_Rsvd:        0
HugePages_Surp:        0
Hugepagesize:       2048 kB
DirectMap4k:       58576 kB
DirectMap2M:     3799040 kB


CPU:total 4 (2 cores per cpu, 2 threads per core) family 6 model 37 stepping 5, cmov, cx8, fxsr, mmx, sse, sse2, sse3, ssse3, sse4.1, sse4.2, popcnt, ht, tsc, tscinvbit

/proc/cpuinfo:
processor	: 0
vendor_id	: GenuineIntel
cpu family	: 6
model		: 37
model name	: Intel(R) Core(TM) i3 CPU       M 380  @ 2.53GHz
stepping	: 5
microcode	: 0x2
cpu MHz		: 2533.000
cache size	: 3072 KB
physical id	: 0
siblings	: 4
core id		: 0
cpu cores	: 2
apicid		: 0
initial apicid	: 0
fpu		: yes
fpu_exception	: yes
cpuid level	: 11
wp		: yes
flags		: fpu vme de pse tsc msr pae mce cx8 apic sep mtrr pge mca cmov pat pse36 clflush dts acpi mmx fxsr sse sse2 ss ht tm pbe syscall nx rdtscp lm constant_tsc arch_perfmon pebs bts rep_good nopl xtopology nonstop_tsc aperfmperf pni dtes64 monitor ds_cpl vmx est tm2 ssse3 cx16 xtpr pdcm pcid sse4_1 sse4_2 popcnt lahf_lm arat dtherm tpr_shadow vnmi flexpriority ept vpid
bogomips	: 5053.98
clflush size	: 64
cache_alignment	: 64
address sizes	: 36 bits physical, 48 bits virtual
power management:

processor	: 1
vendor_id	: GenuineIntel
cpu family	: 6
model		: 37
model name	: Intel(R) Core(TM) i3 CPU       M 380  @ 2.53GHz
stepping	: 5
microcode	: 0x2
cpu MHz		: 2533.000
cache size	: 3072 KB
physical id	: 0
siblings	: 4
core id		: 0
cpu cores	: 2
apicid		: 1
initial apicid	: 1
fpu		: yes
fpu_exception	: yes
cpuid level	: 11
wp		: yes
flags		: fpu vme de pse tsc msr pae mce cx8 apic sep mtrr pge mca cmov pat pse36 clflush dts acpi mmx fxsr sse sse2 ss ht tm pbe syscall nx rdtscp lm constant_tsc arch_perfmon pebs bts rep_good nopl xtopology nonstop_tsc aperfmperf pni dtes64 monitor ds_cpl vmx est tm2 ssse3 cx16 xtpr pdcm pcid sse4_1 sse4_2 popcnt lahf_lm arat dtherm tpr_shadow vnmi flexpriority ept vpid
bogomips	: 5053.98
clflush size	: 64
cache_alignment	: 64
address sizes	: 36 bits physical, 48 bits virtual
power management:

processor	: 2
vendor_id	: GenuineIntel
cpu family	: 6
model		: 37
model name	: Intel(R) Core(TM) i3 CPU       M 380  @ 2.53GHz
stepping	: 5
microcode	: 0x2
cpu MHz		: 2533.000
cache size	: 3072 KB
physical id	: 0
siblings	: 4
core id		: 2
cpu cores	: 2
apicid		: 4
initial apicid	: 4
fpu		: yes
fpu_exception	: yes
cpuid level	: 11
wp		: yes
flags		: fpu vme de pse tsc msr pae mce cx8 apic sep mtrr pge mca cmov pat pse36 clflush dts acpi mmx fxsr sse sse2 ss ht tm pbe syscall nx rdtscp lm constant_tsc arch_perfmon pebs bts rep_good nopl xtopology nonstop_tsc aperfmperf pni dtes64 monitor ds_cpl vmx est tm2 ssse3 cx16 xtpr pdcm pcid sse4_1 sse4_2 popcnt lahf_lm arat dtherm tpr_shadow vnmi flexpriority ept vpid
bogomips	: 5053.98
clflush size	: 64
cache_alignment	: 64
address sizes	: 36 bits physical, 48 bits virtual
power management:

processor	: 3
vendor_id	: GenuineIntel
cpu family	: 6
model		: 37
model name	: Intel(R) Core(TM) i3 CPU       M 380  @ 2.53GHz
stepping	: 5
microcode	: 0x2
cpu MHz		: 933.000
cache size	: 3072 KB
physical id	: 0
siblings	: 4
core id		: 2
cpu cores	: 2
apicid		: 5
initial apicid	: 5
fpu		: yes
fpu_exception	: yes
cpuid level	: 11
wp		: yes
flags		: fpu vme de pse tsc msr pae mce cx8 apic sep mtrr pge mca cmov pat pse36 clflush dts acpi mmx fxsr sse sse2 ss ht tm pbe syscall nx rdtscp lm constant_tsc arch_perfmon pebs bts rep_good nopl xtopology nonstop_tsc aperfmperf pni dtes64 monitor ds_cpl vmx est tm2 ssse3 cx16 xtpr pdcm pcid sse4_1 sse4_2 popcnt lahf_lm arat dtherm tpr_shadow vnmi flexpriority ept vpid
bogomips	: 5053.98
clflush size	: 64
cache_alignment	: 64
address sizes	: 36 bits physical, 48 bits virtual
power management:



Memory: 4k page, physical 3715476k(1455820k free), swap 3856380k(3856380k free)

vm_info: OpenJDK 64-Bit Server VM (24.45-b08) for linux-amd64 JRE (1.7.0_51-b00), built on Jan 15 2014 22:02:57 by "buildd" with gcc 4.8.1

time: Fri May 30 20:56:24 2014
elapsed time: 3 seconds

