#
# A fatal error has been detected by the Java Runtime Environment:
#
#  SIGSEGV (0xb) at pc=0x00007f256188facd, pid=29714, tid=139798976435968
#
# JRE version: OpenJDK Runtime Environment (7.0_51) (build 1.7.0_51-b00)
# Java VM: OpenJDK 64-Bit Server VM (24.45-b08 mixed mode linux-amd64 compressed oops)
# Problematic frame:
# C  [librange_tree.so+0x1acd]  aux_range_query+0x19a
#
# Failed to write core dump. Core dumps have been disabled. To enable core dumping, try "ulimit -c unlimited" before starting Java again
#
# If you would like to submit a bug report, please include
# instructions on how to reproduce the bug and visit:
#   http://icedtea.classpath.org/bugzilla
# The crash happened outside the Java Virtual Machine in native code.
# See problematic frame for where to report the bug.
#

---------------  T H R E A D  ---------------

Current thread (0x00007f257800a800):  JavaThread "main" [_thread_in_native, id=29739, stack(0x00007f257c349000,0x00007f257c54a000)]

siginfo:si_signo=SIGSEGV: si_errno=0, si_code=1 (SEGV_MAPERR), si_addr=0x0000000000000018

Registers:
RAX=0x0000000000000000, RBX=0x0000000000000001, RCX=0x00007f25785b9e40, RDX=0x00007f2561c95100
RSP=0x00007f257c546360, RBP=0x00007f257c5463b0, RSI=0x00007f25785f7810, RDI=0x00007f25785b9100
R8 =0x0000000000000003, R9 =0x0000000000000020, R10=0x00007f257c546080, R11=0x00007f2561a94296
R12=0x0000000000000008, R13=0x0000000000000005, R14=0x00007f257c546580, R15=0x00007f257c546410
RIP=0x00007f256188facd, EFLAGS=0x0000000000010202, CSGSFS=0x0000000000000033, ERR=0x0000000000000004
  TRAPNO=0x000000000000000e

Top of Stack: (sp=0x00007f257c546360)
0x00007f257c546360:   0000000000000005 406f000000000000
0x00007f257c546370:   00007f25785f7810 40b5600000000000
0x00007f257c546380:   406f000000000000 40b6d40000000000
0x00007f257c546390:   4084e00000000000 00007f25785a3dd0
0x00007f257c5463a0:   00007f25785b9100 00007f25785abac0
0x00007f257c5463b0:   00007f257c546400 00007f256188fc27
0x00007f257c5463c0:   4084e00000000000 406f000000000000
0x00007f257c5463d0:   40b5600000000000 40b6d40000000000
0x00007f257c5463e0:   4084e00000000000 00007f25785a3dd0
0x00007f257c5463f0:   0000000000000000 00007f25785f7810
0x00007f257c546400:   00007f257c546410 00007f25628ada78
0x00007f257c546410:   000000000000080e 00007f257c546650
0x00007f257c546420:   00007f257c546500 00007f25628ad901
0x00007f257c546430:   0000000000000000 00007f257c546450
0x00007f257c546440:   00007f257c546360 00007f257c5464b0
0x00007f257c546450:   00007f257c5464c0 00007f257c5464b0
0x00007f257c546460:   00007f257c5464c4 00007f257c546520
0x00007f257c546470:   00007f257c546650 00007f256188fb2a
0x00007f257c546480:   00007f25784dd860 00007f25784c9980
0x00007f257c546490:   0000000400000001 0000000500000005
0x00007f257c5464a0:   00007f257c546360 0000000174182233
0x00007f257c5464b0:   0000000000000005 0000000000000000
0x00007f257c5464c0:   0000000000000001 e741c99bf47b4400
0x00007f257c5464d0:   00007f257800a800 00007f257c546560
0x00007f257c5464e0:   0000000000000000 0000000000000000
0x00007f257c5464f0:   00007f257c546718 00007f257800a800
0x00007f257c546500:   00007f257c546630 00007f25628aaddc
0x00007f257c546510:   00000000f6cfb338 00007f257c546560
0x00007f257c546520:   00007f257c546560 00007f257c546568
0x00007f257c546530:   00007f257c546570 00007f257c546578
0x00007f257c546540:   00007f257c546580 00007f25628aaee1
0x00007f257c546550:   00000000d7dd1200 0000000000000000 

Instructions: (pc=0x00007f256188facd)
0x00007f256188faad:   48 89 45 f0 eb 5e 48 8b 45 f0 48 8b 00 f2 0f 10
0x00007f256188fabd:   00 66 0f 2e 45 e0 72 40 48 8b 45 f0 48 8b 40 10
0x00007f256188facd:   48 8b 48 18 48 8b 75 c0 48 8b 55 c8 48 8b 45 d0
0x00007f256188fadd:   48 89 55 b8 f2 0f 10 4d b8 48 89 45 b8 f2 0f 10 

Register to memory mapping:

RAX=0x0000000000000000 is an unknown value
RBX=0x0000000000000001 is an unknown value
RCX=0x00007f25785b9e40 is an unknown value
RDX=0x00007f2561c95100: sentinel+0 in lib/librb_tree.so at 0x00007f2561a92000
RSP=0x00007f257c546360 is pointing into the stack for thread: 0x00007f257800a800
RBP=0x00007f257c5463b0 is pointing into the stack for thread: 0x00007f257800a800
RSI=0x00007f25785f7810 is an unknown value
RDI=0x00007f25785b9100 is an unknown value
R8 =0x0000000000000003 is an unknown value
R9 =0x0000000000000020 is an unknown value
R10=0x00007f257c546080 is pointing into the stack for thread: 0x00007f257800a800
R11=0x00007f2561a94296: rb_range_query+0 in lib/librb_tree.so at 0x00007f2561a92000
R12=0x0000000000000008 is an unknown value
R13=0x0000000000000005 is an unknown value
R14=0x00007f257c546580 is pointing into the stack for thread: 0x00007f257800a800
R15=0x00007f257c546410 is pointing into the stack for thread: 0x00007f257800a800


Stack: [0x00007f257c349000,0x00007f257c54a000],  sp=0x00007f257c546360,  free space=2036k
Native frames: (J=compiled Java code, j=interpreted, Vv=VM code, C=native code)
C  [librange_tree.so+0x1acd]  aux_range_query+0x19a
C  [librange_tree.so+0x1c27]  two_d_range_query+0xfd
C  [libjffi-1.2.so+0xda78]  ffi_call_unix64+0x4c

Java frames: (J=compiled Java code, j=interpreted, Vv=VM code)
j  com.kenai.jffi.Foreign.invokeArrayReturnLong(JJ[B)J+0
j  com.kenai.jffi.Invoker.invokeLong(Lcom/kenai/jffi/CallContext;JLcom/kenai/jffi/HeapInvocationBuffer;)J+38
j  com.kenai.jffi.Invoker$LP64.invokeAddress(Lcom/kenai/jffi/CallContext;JLcom/kenai/jffi/HeapInvocationBuffer;)J+5
j  com.kenai.jffi.Invoker.invokeAddress(Lcom/kenai/jffi/Function;Lcom/kenai/jffi/HeapInvocationBuffer;)J+10
j  org.jruby.ext.ffi.jffi.DefaultMethodFactory$Pointer64Invoker.invoke(Lorg/jruby/runtime/ThreadContext;Lcom/kenai/jffi/Function;Lcom/kenai/jffi/HeapInvocationBuffer;)Lorg/jruby/runtime/builtin/IRubyObject;+6
j  org.jruby.ext.ffi.jffi.DefaultMethodFactory$ConvertingInvoker.invoke(Lorg/jruby/runtime/ThreadContext;Lcom/kenai/jffi/Function;Lcom/kenai/jffi/HeapInvocationBuffer;)Lorg/jruby/runtime/builtin/IRubyObject;+12
j  org.jruby.ext.ffi.jffi.BufferNativeInvoker.call(Lorg/jruby/runtime/ThreadContext;Lorg/jruby/runtime/builtin/IRubyObject;Lorg/jruby/RubyModule;Ljava/lang/String;[Lorg/jruby/runtime/builtin/IRubyObject;)Lorg/jruby/runtime/builtin/IRubyObject;+160
j  org.jruby.ext.ffi.jffi.DefaultMethod.call(Lorg/jruby/runtime/ThreadContext;Lorg/jruby/runtime/builtin/IRubyObject;Lorg/jruby/RubyModule;Ljava/lang/String;[Lorg/jruby/runtime/builtin/IRubyObject;)Lorg/jruby/runtime/builtin/IRubyObject;+11
j  org.jruby.runtime.callsite.CachingCallSite.call(Lorg/jruby/runtime/ThreadContext;Lorg/jruby/runtime/builtin/IRubyObject;Lorg/jruby/runtime/builtin/IRubyObject;[Lorg/jruby/runtime/builtin/IRubyObject;)Lorg/jruby/runtime/builtin/IRubyObject;+38
j  org.jruby.ast.CallManyArgsNode.interpret(Lorg/jruby/Ruby;Lorg/jruby/runtime/ThreadContext;Lorg/jruby/runtime/builtin/IRubyObject;Lorg/jruby/runtime/Block;)Lorg/jruby/runtime/builtin/IRubyObject;+41
j  org.jruby.ast.DAsgnNode.interpret(Lorg/jruby/Ruby;Lorg/jruby/runtime/ThreadContext;Lorg/jruby/runtime/builtin/IRubyObject;Lorg/jruby/runtime/Block;)Lorg/jruby/runtime/builtin/IRubyObject;+17
J  org.jruby.runtime.Interpreted19Block.evalBlockBody(Lorg/jruby/runtime/ThreadContext;Lorg/jruby/runtime/Binding;Lorg/jruby/runtime/builtin/IRubyObject;)Lorg/jruby/runtime/builtin/IRubyObject;
J  org.jruby.runtime.Interpreted19Block.yield(Lorg/jruby/runtime/ThreadContext;Lorg/jruby/runtime/builtin/IRubyObject;Lorg/jruby/runtime/Binding;Lorg/jruby/runtime/Block$Type;)Lorg/jruby/runtime/builtin/IRubyObject;
j  org.jruby.runtime.Interpreted19Block.yieldSpecific(Lorg/jruby/runtime/ThreadContext;Lorg/jruby/runtime/Binding;Lorg/jruby/runtime/Block$Type;)Lorg/jruby/runtime/builtin/IRubyObject;+5
j  org.jruby.runtime.Block.yieldSpecific(Lorg/jruby/runtime/ThreadContext;)Lorg/jruby/runtime/builtin/IRubyObject;+13
j  org.jruby.RubyFixnum.times(Lorg/jruby/runtime/ThreadContext;Lorg/jruby/runtime/Block;)Lorg/jruby/runtime/builtin/IRubyObject;+102
j  org.jruby.RubyFixnum$INVOKER$i$0$0$times.call(Lorg/jruby/runtime/ThreadContext;Lorg/jruby/runtime/builtin/IRubyObject;Lorg/jruby/RubyModule;Ljava/lang/String;Lorg/jruby/runtime/Block;)Lorg/jruby/runtime/builtin/IRubyObject;+7
j  org.jruby.internal.runtime.methods.JavaMethod$JavaMethodZeroBlock.call(Lorg/jruby/runtime/ThreadContext;Lorg/jruby/runtime/builtin/IRubyObject;Lorg/jruby/RubyModule;Ljava/lang/String;[Lorg/jruby/runtime/builtin/IRubyObject;Lorg/jruby/runtime/Block;)Lorg/jruby/runtime/builtin/IRubyObject;+27
j  org.jruby.RubyClass.finvoke(Lorg/jruby/runtime/ThreadContext;Lorg/jruby/runtime/builtin/IRubyObject;Ljava/lang/String;[Lorg/jruby/runtime/builtin/IRubyObject;Lorg/jruby/runtime/Block;)Lorg/jruby/runtime/builtin/IRubyObject;+64
j  org.jruby.runtime.Helpers.invoke(Lorg/jruby/runtime/ThreadContext;Lorg/jruby/runtime/builtin/IRubyObject;Ljava/lang/String;[Lorg/jruby/runtime/builtin/IRubyObject;Lorg/jruby/runtime/Block;)Lorg/jruby/runtime/builtin/IRubyObject;+12
j  org.jruby.RubyBasicObject.callMethod(Lorg/jruby/runtime/ThreadContext;Ljava/lang/String;[Lorg/jruby/runtime/builtin/IRubyObject;Lorg/jruby/runtime/Block;)Lorg/jruby/runtime/builtin/IRubyObject;+6
j  org.jruby.RubyEnumerator.each(Lorg/jruby/runtime/ThreadContext;Lorg/jruby/runtime/Block;)Lorg/jruby/runtime/builtin/IRubyObject;+14
j  org.jruby.RubyEnumerator$INVOKER$i$each.call(Lorg/jruby/runtime/ThreadContext;Lorg/jruby/runtime/builtin/IRubyObject;Lorg/jruby/RubyModule;Ljava/lang/String;Lorg/jruby/runtime/Block;)Lorg/jruby/runtime/builtin/IRubyObject;+7
j  org.jruby.runtime.callsite.CachingCallSite.cacheAndCall(Lorg/jruby/runtime/builtin/IRubyObject;Lorg/jruby/RubyClass;Lorg/jruby/runtime/Block;Lorg/jruby/runtime/ThreadContext;Lorg/jruby/runtime/builtin/IRubyObject;)Lorg/jruby/runtime/builtin/IRubyObject;+57
j  org.jruby.runtime.callsite.CachingCallSite.callBlock(Lorg/jruby/runtime/ThreadContext;Lorg/jruby/runtime/builtin/IRubyObject;Lorg/jruby/runtime/builtin/IRubyObject;Lorg/jruby/runtime/Block;)Lorg/jruby/runtime/builtin/IRubyObject;+50
j  org.jruby.runtime.callsite.CachingCallSite.callIter(Lorg/jruby/runtime/ThreadContext;Lorg/jruby/runtime/builtin/IRubyObject;Lorg/jruby/runtime/builtin/IRubyObject;Lorg/jruby/runtime/Block;)Lorg/jruby/runtime/builtin/IRubyObject;+6
j  org.jruby.ast.CallNoArgBlockNode.interpret(Lorg/jruby/Ruby;Lorg/jruby/runtime/ThreadContext;Lorg/jruby/runtime/builtin/IRubyObject;Lorg/jruby/runtime/Block;)Lorg/jruby/runtime/builtin/IRubyObject;+35
J  org.jruby.ast.BlockNode.interpret(Lorg/jruby/Ruby;Lorg/jruby/runtime/ThreadContext;Lorg/jruby/runtime/builtin/IRubyObject;Lorg/jruby/runtime/Block;)Lorg/jruby/runtime/builtin/IRubyObject;
j  org.jruby.evaluator.ASTInterpreter.INTERPRET_METHOD(Lorg/jruby/Ruby;Lorg/jruby/runtime/ThreadContext;Ljava/lang/String;ILorg/jruby/RubyModule;Lorg/jruby/ast/Node;Ljava/lang/String;Lorg/jruby/runtime/builtin/IRubyObject;Lorg/jruby/runtime/Block;Z)Lorg/jruby/runtime/builtin/IRubyObject;+30
j  org.jruby.internal.runtime.methods.InterpretedMethod.call(Lorg/jruby/runtime/ThreadContext;Lorg/jruby/runtime/builtin/IRubyObject;Lorg/jruby/RubyModule;Ljava/lang/String;)Lorg/jruby/runtime/builtin/IRubyObject;+80
j  org.jruby.internal.runtime.methods.DefaultMethod.call(Lorg/jruby/runtime/ThreadContext;Lorg/jruby/runtime/builtin/IRubyObject;Lorg/jruby/RubyModule;Ljava/lang/String;)Lorg/jruby/runtime/builtin/IRubyObject;+20
J  org.jruby.ast.CallNoArgNode.interpret(Lorg/jruby/Ruby;Lorg/jruby/runtime/ThreadContext;Lorg/jruby/runtime/builtin/IRubyObject;Lorg/jruby/runtime/Block;)Lorg/jruby/runtime/builtin/IRubyObject;
j  org.jruby.ast.FCallTwoArgNode.interpret(Lorg/jruby/Ruby;Lorg/jruby/runtime/ThreadContext;Lorg/jruby/runtime/builtin/IRubyObject;Lorg/jruby/runtime/Block;)Lorg/jruby/runtime/builtin/IRubyObject;+28
J  org.jruby.ast.BlockNode.interpret(Lorg/jruby/Ruby;Lorg/jruby/runtime/ThreadContext;Lorg/jruby/runtime/builtin/IRubyObject;Lorg/jruby/runtime/Block;)Lorg/jruby/runtime/builtin/IRubyObject;
j  org.jruby.evaluator.ASTInterpreter.INTERPRET_METHOD(Lorg/jruby/Ruby;Lorg/jruby/runtime/ThreadContext;Ljava/lang/String;ILorg/jruby/RubyModule;Lorg/jruby/ast/Node;Ljava/lang/String;Lorg/jruby/runtime/builtin/IRubyObject;Lorg/jruby/runtime/Block;Z)Lorg/jruby/runtime/builtin/IRubyObject;+30
j  org.jruby.internal.runtime.methods.InterpretedMethod.call(Lorg/jruby/runtime/ThreadContext;Lorg/jruby/runtime/builtin/IRubyObject;Lorg/jruby/RubyModule;Ljava/lang/String;)Lorg/jruby/runtime/builtin/IRubyObject;+80
j  org.jruby.internal.runtime.methods.DefaultMethod.call(Lorg/jruby/runtime/ThreadContext;Lorg/jruby/runtime/builtin/IRubyObject;Lorg/jruby/RubyModule;Ljava/lang/String;)Lorg/jruby/runtime/builtin/IRubyObject;+20
j  org.jruby.runtime.callsite.CachingCallSite.cacheAndCall(Lorg/jruby/runtime/builtin/IRubyObject;Lorg/jruby/RubyClass;Lorg/jruby/runtime/ThreadContext;Lorg/jruby/runtime/builtin/IRubyObject;)Lorg/jruby/runtime/builtin/IRubyObject;+53
j  org.jruby.runtime.callsite.CachingCallSite.call(Lorg/jruby/runtime/ThreadContext;Lorg/jruby/runtime/builtin/IRubyObject;Lorg/jruby/runtime/builtin/IRubyObject;)Lorg/jruby/runtime/builtin/IRubyObject;+46
j  Makefile.method__2$RUBY$test(LMakefile;Lorg/jruby/runtime/ThreadContext;Lorg/jruby/runtime/builtin/IRubyObject;Lorg/jruby/runtime/Block;)Lorg/jruby/runtime/builtin/IRubyObject;+130
j  Makefile$method__2$RUBY$test.call(Lorg/jruby/runtime/ThreadContext;Lorg/jruby/runtime/builtin/IRubyObject;Lorg/jruby/RubyModule;Ljava/lang/String;Lorg/jruby/runtime/Block;)Lorg/jruby/runtime/builtin/IRubyObject;+17
j  org.jruby.RubyClass.finvoke(Lorg/jruby/runtime/ThreadContext;Lorg/jruby/runtime/builtin/IRubyObject;Ljava/lang/String;Lorg/jruby/runtime/Block;)Lorg/jruby/runtime/builtin/IRubyObject;+41
j  org.jruby.RubyBasicObject.send19(Lorg/jruby/runtime/ThreadContext;Lorg/jruby/runtime/builtin/IRubyObject;Lorg/jruby/runtime/Block;)Lorg/jruby/runtime/builtin/IRubyObject;+15
j  org.jruby.RubyKernel.send19(Lorg/jruby/runtime/ThreadContext;Lorg/jruby/runtime/builtin/IRubyObject;Lorg/jruby/runtime/builtin/IRubyObject;Lorg/jruby/runtime/Block;)Lorg/jruby/runtime/builtin/IRubyObject;+7
j  org.jruby.RubyKernel$INVOKER$s$send19.call(Lorg/jruby/runtime/ThreadContext;Lorg/jruby/runtime/builtin/IRubyObject;Lorg/jruby/RubyModule;Ljava/lang/String;Lorg/jruby/runtime/builtin/IRubyObject;Lorg/jruby/runtime/Block;)Lorg/jruby/runtime/builtin/IRubyObject;+6
j  org.jruby.internal.runtime.methods.JavaMethod$JavaMethodOneOrNBlock.call(Lorg/jruby/runtime/ThreadContext;Lorg/jruby/runtime/builtin/IRubyObject;Lorg/jruby/RubyModule;Ljava/lang/String;Lorg/jruby/runtime/builtin/IRubyObject;)Lorg/jruby/runtime/builtin/IRubyObject;+11
j  org.jruby.runtime.callsite.CachingCallSite.call(Lorg/jruby/runtime/ThreadContext;Lorg/jruby/runtime/builtin/IRubyObject;Lorg/jruby/runtime/builtin/IRubyObject;Lorg/jruby/runtime/builtin/IRubyObject;)Lorg/jruby/runtime/builtin/IRubyObject;+38
j  Makefile.block_7$RUBY$__file__(LMakefile;Lorg/jruby/runtime/ThreadContext;Lorg/jruby/runtime/builtin/IRubyObject;[Lorg/jruby/runtime/builtin/IRubyObject;Lorg/jruby/runtime/Block;)Lorg/jruby/runtime/builtin/IRubyObject;+46
j  Makefile$block_7$RUBY$__file__.call(Lorg/jruby/runtime/ThreadContext;Lorg/jruby/runtime/builtin/IRubyObject;[Lorg/jruby/runtime/builtin/IRubyObject;Lorg/jruby/runtime/Block;)Lorg/jruby/runtime/builtin/IRubyObject;+9
j  org.jruby.runtime.CompiledBlock19.yield(Lorg/jruby/runtime/ThreadContext;Lorg/jruby/runtime/builtin/IRubyObject;Lorg/jruby/runtime/Binding;Lorg/jruby/runtime/Block$Type;)Lorg/jruby/runtime/builtin/IRubyObject;+52
j  org.jruby.runtime.Block.yield(Lorg/jruby/runtime/ThreadContext;Lorg/jruby/runtime/builtin/IRubyObject;)Lorg/jruby/runtime/builtin/IRubyObject;+14
j  org.jruby.RubyArray.eachCommon(Lorg/jruby/runtime/ThreadContext;Lorg/jruby/runtime/Block;)Lorg/jruby/runtime/builtin/IRubyObject;+41
j  org.jruby.RubyArray.each(Lorg/jruby/runtime/ThreadContext;Lorg/jruby/runtime/Block;)Lorg/jruby/runtime/builtin/IRubyObject;+10
j  org.jruby.RubyArray$INVOKER$i$0$0$each.call(Lorg/jruby/runtime/ThreadContext;Lorg/jruby/runtime/builtin/IRubyObject;Lorg/jruby/RubyModule;Ljava/lang/String;Lorg/jruby/runtime/Block;)Lorg/jruby/runtime/builtin/IRubyObject;+7
j  org.jruby.runtime.callsite.CachingCallSite.cacheAndCall(Lorg/jruby/runtime/builtin/IRubyObject;Lorg/jruby/RubyClass;Lorg/jruby/runtime/Block;Lorg/jruby/runtime/ThreadContext;Lorg/jruby/runtime/builtin/IRubyObject;)Lorg/jruby/runtime/builtin/IRubyObject;+57
j  org.jruby.runtime.callsite.CachingCallSite.callBlock(Lorg/jruby/runtime/ThreadContext;Lorg/jruby/runtime/builtin/IRubyObject;Lorg/jruby/runtime/builtin/IRubyObject;Lorg/jruby/runtime/Block;)Lorg/jruby/runtime/builtin/IRubyObject;+50
j  org.jruby.runtime.callsite.CachingCallSite.callIter(Lorg/jruby/runtime/ThreadContext;Lorg/jruby/runtime/builtin/IRubyObject;Lorg/jruby/runtime/builtin/IRubyObject;Lorg/jruby/runtime/Block;)Lorg/jruby/runtime/builtin/IRubyObject;+6
j  Makefile.__file__(LMakefile;Lorg/jruby/runtime/ThreadContext;Lorg/jruby/runtime/builtin/IRubyObject;[Lorg/jruby/runtime/builtin/IRubyObject;Lorg/jruby/runtime/Block;)Lorg/jruby/runtime/builtin/IRubyObject;+907
j  Makefile.load(Lorg/jruby/runtime/ThreadContext;Lorg/jruby/runtime/builtin/IRubyObject;Z)Lorg/jruby/runtime/builtin/IRubyObject;+22
j  org.jruby.Ruby.runScript(Lorg/jruby/ast/executable/Script;Z)Lorg/jruby/runtime/builtin/IRubyObject;+12
j  org.jruby.Ruby.runScript(Lorg/jruby/ast/executable/Script;)Lorg/jruby/runtime/builtin/IRubyObject;+3
j  org.jruby.Ruby.runNormally(Lorg/jruby/ast/Node;)Lorg/jruby/runtime/builtin/IRubyObject;+73
j  org.jruby.Ruby.runFromMain(Ljava/io/InputStream;Ljava/lang/String;)V+320
j  org.jruby.Main.doRunFromMain(Lorg/jruby/Ruby;Ljava/io/InputStream;Ljava/lang/String;)Lorg/jruby/Main$Status;+12
j  org.jruby.Main.internalRun()Lorg/jruby/Main$Status;+234
j  org.jruby.Main.run([Ljava/lang/String;)Lorg/jruby/Main$Status;+9
j  org.jruby.Main.main([Ljava/lang/String;)V+35
v  ~StubRoutines::call_stub

---------------  P R O C E S S  ---------------

Java Threads: ( => current thread )
  0x00007f25784ec000 JavaThread "ReferenceReaper" daemon [_thread_blocked, id=29839, stack(0x00007f256209c000,0x00007f256229d000)]
  0x00007f25784c6000 JavaThread "JRubyJIT-2" daemon [_thread_blocked, id=29838, stack(0x00007f256249e000,0x00007f256269f000)]
  0x00007f2578478000 JavaThread "process reaper" daemon [_thread_blocked, id=29755, stack(0x00007f2570149000,0x00007f2570182000)]
  0x00007f257846b800 JavaThread "JRubyJIT-1" daemon [_thread_blocked, id=29752, stack(0x00007f256269f000,0x00007f25628a0000)]
  0x00007f25780ae000 JavaThread "Service Thread" daemon [_thread_blocked, id=29750, stack(0x00007f25704a1000,0x00007f25706a2000)]
  0x00007f25780ab800 JavaThread "C2 CompilerThread1" daemon [_thread_blocked, id=29749, stack(0x00007f25706a2000,0x00007f25707a3000)]
  0x00007f25780a8800 JavaThread "C2 CompilerThread0" daemon [_thread_blocked, id=29748, stack(0x00007f25707a3000,0x00007f25708a4000)]
  0x00007f25780a6800 JavaThread "Signal Dispatcher" daemon [_thread_blocked, id=29747, stack(0x00007f25708a4000,0x00007f2570aa5000)]
  0x00007f2578082800 JavaThread "Finalizer" daemon [_thread_blocked, id=29746, stack(0x00007f2570e9f000,0x00007f25710a0000)]
  0x00007f2578080800 JavaThread "Reference Handler" daemon [_thread_blocked, id=29745, stack(0x00007f25710a0000,0x00007f25712a1000)]
=>0x00007f257800a800 JavaThread "main" [_thread_in_native, id=29739, stack(0x00007f257c349000,0x00007f257c54a000)]

Other Threads:
  0x00007f257807c800 VMThread [stack: 0x00007f25712a1000,0x00007f25713a2000] [id=29744]
  0x00007f25780c0800 WatcherThread [stack: 0x00007f25703a0000,0x00007f25704a1000] [id=29751]

VM state:not at safepoint (normal execution)

VM Mutex/Monitor currently owned by a thread: None

Heap
 PSYoungGen      total 32768K, used 22734K [0x00000000f5900000, 0x00000000f7b00000, 0x0000000100000000)
  eden space 30720K, 67% used [0x00000000f5900000,0x00000000f6d3a4b0,0x00000000f7700000)
  from space 2048K, 98% used [0x00000000f7900000,0x00000000f7af9518,0x00000000f7b00000)
  to   space 2048K, 0% used [0x00000000f7700000,0x00000000f7700000,0x00000000f7900000)
 ParOldGen       total 38400K, used 5794K [0x00000000e0c00000, 0x00000000e3180000, 0x00000000f5900000)
  object space 38400K, 15% used [0x00000000e0c00000,0x00000000e11a8940,0x00000000e3180000)
 PSPermGen       total 25600K, used 25467K [0x00000000d6600000, 0x00000000d7f00000, 0x00000000e0c00000)
  object space 25600K, 99% used [0x00000000d6600000,0x00000000d7eded70,0x00000000d7f00000)

Card table byte_map: [0x00007f257402e000,0x00007f257417c000] byte_map_base: 0x00007f257397b000

Polling page: 0x00007f257e957000

Code Cache  [0x00007f257417c000, 0x00007f25743ec000, 0x00007f257717c000)
 total_blobs=948 nmethods=469 adapters=433 free_code_cache=47389Kb largest_free_block=48488064

Compilation events (10 events):
Event: 4,019 Thread 0x00007f25780a8800  473             org.jruby.runtime.scope.OneVarDynamicScope::setArgValues (13 bytes)
Event: 4,020 Thread 0x00007f25780a8800 nmethod 473 0x00007f2574332950 code [0x00007f2574332aa0, 0x00007f2574332b38]
Event: 4,040 Thread 0x00007f25780ab800  474             org.jruby.runtime.ivars.VariableAccessorField::getVariableAccessorForRead (5 bytes)
Event: 4,040 Thread 0x00007f25780a8800  475             org.jruby.RubyBasicObject::getFFIHandle (12 bytes)
Event: 4,041 Thread 0x00007f25780ab800 nmethod 474 0x00007f2574337bd0 code [0x00007f2574337d00, 0x00007f2574337d58]
Event: 4,041 Thread 0x00007f25780ab800  476             org.jruby.runtime.ivars.VariableTableManager::getFFIHandle (9 bytes)
Event: 4,042 Thread 0x00007f25780ab800 nmethod 476 0x00007f2574336090 code [0x00007f25743361e0, 0x00007f25743362b8]
Event: 4,042 Thread 0x00007f25780ab800  477             org.jruby.runtime.ivars.VariableTableManager::getFFIHandleAccessorForRead (8 bytes)
Event: 4,042 Thread 0x00007f25780a8800 nmethod 475 0x00007f2574314e10 code [0x00007f2574314f60, 0x00007f2574315058]
Event: 4,043 Thread 0x00007f25780ab800 nmethod 477 0x00007f2574337dd0 code [0x00007f2574337f00, 0x00007f2574337f78]

GC Heap History (4 events):
Event: 1,419 GC heap before
{Heap before GC invocations=1 (full 0):
 PSYoungGen      total 17408K, used 15360K [0x00000000f5900000, 0x00000000f6c00000, 0x0000000100000000)
  eden space 15360K, 100% used [0x00000000f5900000,0x00000000f6800000,0x00000000f6800000)
  from space 2048K, 0% used [0x00000000f6a00000,0x00000000f6a00000,0x00000000f6c00000)
  to   space 2048K, 0% used [0x00000000f6800000,0x00000000f6800000,0x00000000f6a00000)
 ParOldGen       total 38400K, used 0K [0x00000000e0c00000, 0x00000000e3180000, 0x00000000f5900000)
  object space 38400K, 0% used [0x00000000e0c00000,0x00000000e0c00000,0x00000000e3180000)
 PSPermGen       total 21504K, used 18950K [0x00000000d6600000, 0x00000000d7b00000, 0x00000000e0c00000)
  object space 21504K, 88% used [0x00000000d6600000,0x00000000d7881898,0x00000000d7b00000)
Event: 1,434 GC heap after
Heap after GC invocations=1 (full 0):
 PSYoungGen      total 17408K, used 2037K [0x00000000f5900000, 0x00000000f7b00000, 0x0000000100000000)
  eden space 15360K, 0% used [0x00000000f5900000,0x00000000f5900000,0x00000000f6800000)
  from space 2048K, 99% used [0x00000000f6800000,0x00000000f69fd4d8,0x00000000f6a00000)
  to   space 2048K, 0% used [0x00000000f7900000,0x00000000f7900000,0x00000000f7b00000)
 ParOldGen       total 38400K, used 3765K [0x00000000e0c00000, 0x00000000e3180000, 0x00000000f5900000)
  object space 38400K, 9% used [0x00000000e0c00000,0x00000000e0fad590,0x00000000e3180000)
 PSPermGen       total 21504K, used 18950K [0x00000000d6600000, 0x00000000d7b00000, 0x00000000e0c00000)
  object space 21504K, 88% used [0x00000000d6600000,0x00000000d7881898,0x00000000d7b00000)
}
Event: 2,581 GC heap before
{Heap before GC invocations=2 (full 0):
 PSYoungGen      total 17408K, used 17397K [0x00000000f5900000, 0x00000000f7b00000, 0x0000000100000000)
  eden space 15360K, 100% used [0x00000000f5900000,0x00000000f6800000,0x00000000f6800000)
  from space 2048K, 99% used [0x00000000f6800000,0x00000000f69fd4d8,0x00000000f6a00000)
  to   space 2048K, 0% used [0x00000000f7900000,0x00000000f7900000,0x00000000f7b00000)
 ParOldGen       total 38400K, used 3765K [0x00000000e0c00000, 0x00000000e3180000, 0x00000000f5900000)
  object space 38400K, 9% used [0x00000000e0c00000,0x00000000e0fad590,0x00000000e3180000)
 PSPermGen       total 23552K, used 23439K [0x00000000d6600000, 0x00000000d7d00000, 0x00000000e0c00000)
  object space 23552K, 99% used [0x00000000d6600000,0x00000000d7ce3c18,0x00000000d7d00000)
Event: 2,605 GC heap after
Heap after GC invocations=2 (full 0):
 PSYoungGen      total 32768K, used 2021K [0x00000000f5900000, 0x00000000f7b00000, 0x0000000100000000)
  eden space 30720K, 0% used [0x00000000f5900000,0x00000000f5900000,0x00000000f7700000)
  from space 2048K, 98% used [0x00000000f7900000,0x00000000f7af9518,0x00000000f7b00000)
  to   space 2048K, 0% used [0x00000000f7700000,0x00000000f7700000,0x00000000f7900000)
 ParOldGen       total 38400K, used 5794K [0x00000000e0c00000, 0x00000000e3180000, 0x00000000f5900000)
  object space 38400K, 15% used [0x00000000e0c00000,0x00000000e11a8940,0x00000000e3180000)
 PSPermGen       total 23552K, used 23439K [0x00000000d6600000, 0x00000000d7d00000, 0x00000000e0c00000)
  object space 23552K, 99% used [0x00000000d6600000,0x00000000d7ce3c18,0x00000000d7d00000)
}

Deoptimization events (10 events):
Event: 3,787 Thread 0x00007f257800a800 Uncommon trap: reason=class_check action=maybe_recompile pc=0x00007f2574305fbc method=org.jruby.evaluator.ASTInterpreter.INTERPRET_BLOCK(Lorg/jruby/Ruby;Lorg/jruby/runtime/ThreadContext;Ljava/lang/String;ILorg/jruby/ast/Node;Ljava/lang/String;Lorg/jruby/r
Event: 3,822 Thread 0x00007f257800a800 Uncommon trap: reason=unreached action=reinterpret pc=0x00007f2574308f10 method=org.jruby.runtime.Helpers.restructureBlockArgs19(Lorg/jruby/runtime/builtin/IRubyObject;Lorg/jruby/runtime/Arity;Lorg/jruby/runtime/Block$Type;ZZ)[Lorg/jruby/runtime/builtin/I
Event: 3,822 Thread 0x00007f257800a800 Uncommon trap: reason=unreached action=reinterpret pc=0x00007f2574304524 method=org.jruby.runtime.Helpers.restructureBlockArgs19(Lorg/jruby/runtime/builtin/IRubyObject;Lorg/jruby/runtime/Arity;Lorg/jruby/runtime/Block$Type;ZZ)[Lorg/jruby/runtime/builtin/I
Event: 3,834 Thread 0x00007f257800a800 Uncommon trap: reason=class_check action=maybe_recompile pc=0x00007f25742d7078 method=org.jruby.RubyArray.compare(Lorg/jruby/runtime/ThreadContext;Lorg/jruby/runtime/invokedynamic/MethodNames;Lorg/jruby/runtime/builtin/IRubyObject;)Lorg/jruby/RubyBoolean;
Event: 3,901 Thread 0x00007f257800a800 Uncommon trap: reason=class_check action=maybe_recompile pc=0x00007f25742d7078 method=org.jruby.RubyArray.compare(Lorg/jruby/runtime/ThreadContext;Lorg/jruby/runtime/invokedynamic/MethodNames;Lorg/jruby/runtime/builtin/IRubyObject;)Lorg/jruby/RubyBoolean;
Event: 3,961 Thread 0x00007f257800a800 Uncommon trap: reason=class_check action=maybe_recompile pc=0x00007f25742d7078 method=org.jruby.RubyArray.compare(Lorg/jruby/runtime/ThreadContext;Lorg/jruby/runtime/invokedynamic/MethodNames;Lorg/jruby/runtime/builtin/IRubyObject;)Lorg/jruby/RubyBoolean;
Event: 3,990 Thread 0x00007f257800a800 Uncommon trap: reason=class_check action=maybe_recompile pc=0x00007f257431c680 method=org.jruby.runtime.Block.yield(Lorg/jruby/runtime/ThreadContext;Lorg/jruby/runtime/builtin/IRubyObject;)Lorg/jruby/runtime/builtin/IRubyObject; @ 14
Event: 3,990 Thread 0x00007f257800a800 Uncommon trap: reason=class_check action=maybe_recompile pc=0x00007f257431c680 method=org.jruby.runtime.Block.yield(Lorg/jruby/runtime/ThreadContext;Lorg/jruby/runtime/builtin/IRubyObject;)Lorg/jruby/runtime/builtin/IRubyObject; @ 14
Event: 3,990 Thread 0x00007f257800a800 Uncommon trap: reason=class_check action=maybe_recompile pc=0x00007f257431c680 method=org.jruby.runtime.Block.yield(Lorg/jruby/runtime/ThreadContext;Lorg/jruby/runtime/builtin/IRubyObject;)Lorg/jruby/runtime/builtin/IRubyObject; @ 14
Event: 3,991 Thread 0x00007f257800a800 Uncommon trap: reason=class_check action=maybe_recompile pc=0x00007f257431c680 method=org.jruby.runtime.Block.yield(Lorg/jruby/runtime/ThreadContext;Lorg/jruby/runtime/builtin/IRubyObject;)Lorg/jruby/runtime/builtin/IRubyObject; @ 14

Internal exceptions (10 events):
Event: 3,423 Thread 0x00007f25784c6000 Threw 0x00000000f63ac8c8 at /build/buildd/openjdk-7-7u51-2.4.4/build/openjdk/hotspot/src/share/vm/prims/jvm.cpp:1244
Event: 3,423 Thread 0x00007f25784c6000 Threw 0x00000000f63ae1f8 at /build/buildd/openjdk-7-7u51-2.4.4/build/openjdk/hotspot/src/share/vm/prims/jvm.cpp:1244
Event: 3,461 Thread 0x00007f257846b800 Threw 0x00000000f63fada8 at /build/buildd/openjdk-7-7u51-2.4.4/build/openjdk/hotspot/src/share/vm/prims/jvm.cpp:1244
Event: 3,461 Thread 0x00007f25784c6000 Threw 0x00000000f653a038 at /build/buildd/openjdk-7-7u51-2.4.4/build/openjdk/hotspot/src/share/vm/prims/jvm.cpp:1244
Event: 3,461 Thread 0x00007f257846b800 Threw 0x00000000f63fc728 at /build/buildd/openjdk-7-7u51-2.4.4/build/openjdk/hotspot/src/share/vm/prims/jvm.cpp:1244
Event: 3,461 Thread 0x00007f25784c6000 Threw 0x00000000f653b9b0 at /build/buildd/openjdk-7-7u51-2.4.4/build/openjdk/hotspot/src/share/vm/prims/jvm.cpp:1244
Event: 3,465 Thread 0x00007f257846b800 Threw 0x00000000f66049e0 at /build/buildd/openjdk-7-7u51-2.4.4/build/openjdk/hotspot/src/share/vm/prims/jvm.cpp:1244
Event: 3,465 Thread 0x00007f257846b800 Threw 0x00000000f6606408 at /build/buildd/openjdk-7-7u51-2.4.4/build/openjdk/hotspot/src/share/vm/prims/jvm.cpp:1244
Event: 3,496 Thread 0x00007f25784c6000 Threw 0x00000000f661bdc0 at /build/buildd/openjdk-7-7u51-2.4.4/build/openjdk/hotspot/src/share/vm/prims/jvm.cpp:1244
Event: 3,496 Thread 0x00007f25784c6000 Threw 0x00000000f661d740 at /build/buildd/openjdk-7-7u51-2.4.4/build/openjdk/hotspot/src/share/vm/prims/jvm.cpp:1244

Events (10 events):
Event: 3,990 Thread 0x00007f257800a800 DEOPT UNPACKING pc=0x00007f25741b5045 sp=0x00007f257c5463f8 mode 2
Event: 3,990 Thread 0x00007f257800a800 Uncommon trap: trap_request=0xffffffde fr.pc=0x00007f257431c680
Event: 3,990 Thread 0x00007f257800a800 DEOPT PACKING pc=0x00007f257431c680 sp=0x00007f257c5463b0
Event: 3,990 Thread 0x00007f257800a800 DEOPT UNPACKING pc=0x00007f25741b5045 sp=0x00007f257c5463f8 mode 2
Event: 3,990 Thread 0x00007f257800a800 Uncommon trap: trap_request=0xffffffde fr.pc=0x00007f257431c680
Event: 3,990 Thread 0x00007f257800a800 DEOPT PACKING pc=0x00007f257431c680 sp=0x00007f257c5463b0
Event: 3,990 Thread 0x00007f257800a800 DEOPT UNPACKING pc=0x00007f25741b5045 sp=0x00007f257c5463f8 mode 2
Event: 3,991 Thread 0x00007f257800a800 Uncommon trap: trap_request=0xffffffde fr.pc=0x00007f257431c680
Event: 3,991 Thread 0x00007f257800a800 DEOPT PACKING pc=0x00007f257431c680 sp=0x00007f257c5463b0
Event: 3,991 Thread 0x00007f257800a800 DEOPT UNPACKING pc=0x00007f25741b5045 sp=0x00007f257c5463f8 mode 2


Dynamic libraries:
00400000-00401000 r-xp 00000000 08:01 15861394                           /usr/lib/jvm/java-7-openjdk-amd64/jre/bin/java
00600000-00601000 r--p 00000000 08:01 15861394                           /usr/lib/jvm/java-7-openjdk-amd64/jre/bin/java
00601000-00602000 rw-p 00001000 08:01 15861394                           /usr/lib/jvm/java-7-openjdk-amd64/jre/bin/java
01068000-01089000 rw-p 00000000 00:00 0                                  [heap]
d6600000-d7f00000 rw-p 00000000 00:00 0 
d7f00000-e0c00000 rw-p 00000000 00:00 0 
e0c00000-e3180000 rw-p 00000000 00:00 0 
e3180000-f5900000 rw-p 00000000 00:00 0 
f5900000-f7b00000 rw-p 00000000 00:00 0 
f7b00000-100000000 rw-p 00000000 00:00 0 
7f2524000000-7f2524021000 rw-p 00000000 00:00 0 
7f2524021000-7f2528000000 ---p 00000000 00:00 0 
7f252c000000-7f252c021000 rw-p 00000000 00:00 0 
7f252c021000-7f2530000000 ---p 00000000 00:00 0 
7f2530000000-7f2530021000 rw-p 00000000 00:00 0 
7f2530021000-7f2534000000 ---p 00000000 00:00 0 
7f2534000000-7f2534027000 rw-p 00000000 00:00 0 
7f2534027000-7f2538000000 ---p 00000000 00:00 0 
7f2538000000-7f2538021000 rw-p 00000000 00:00 0 
7f2538021000-7f253c000000 ---p 00000000 00:00 0 
7f253c000000-7f253c021000 rw-p 00000000 00:00 0 
7f253c021000-7f2540000000 ---p 00000000 00:00 0 
7f2540000000-7f2540021000 rw-p 00000000 00:00 0 
7f2540021000-7f2544000000 ---p 00000000 00:00 0 
7f2544000000-7f2544cba000 rw-p 00000000 00:00 0 
7f2544cba000-7f2548000000 ---p 00000000 00:00 0 
7f2548000000-7f2548d2b000 rw-p 00000000 00:00 0 
7f2548d2b000-7f254c000000 ---p 00000000 00:00 0 
7f254c000000-7f254c021000 rw-p 00000000 00:00 0 
7f254c021000-7f2550000000 ---p 00000000 00:00 0 
7f2550000000-7f2550021000 rw-p 00000000 00:00 0 
7f2550021000-7f2554000000 ---p 00000000 00:00 0 
7f2554000000-7f2554021000 rw-p 00000000 00:00 0 
7f2554021000-7f2558000000 ---p 00000000 00:00 0 
7f2558000000-7f2558021000 rw-p 00000000 00:00 0 
7f2558021000-7f255c000000 ---p 00000000 00:00 0 
7f255c000000-7f255c021000 rw-p 00000000 00:00 0 
7f255c021000-7f2560000000 ---p 00000000 00:00 0 
7f256188e000-7f2561891000 r-xp 00000000 08:01 14162142                   /home/alex/Documents/8vo_Semestre/Geometría Computacional/Lab/practica04/src/lib/librange_tree.so
7f2561891000-7f2561a90000 ---p 00003000 08:01 14162142                   /home/alex/Documents/8vo_Semestre/Geometría Computacional/Lab/practica04/src/lib/librange_tree.so
7f2561a90000-7f2561a91000 r--p 00002000 08:01 14162142                   /home/alex/Documents/8vo_Semestre/Geometría Computacional/Lab/practica04/src/lib/librange_tree.so
7f2561a91000-7f2561a92000 rw-p 00003000 08:01 14162142                   /home/alex/Documents/8vo_Semestre/Geometría Computacional/Lab/practica04/src/lib/librange_tree.so
7f2561a92000-7f2561a95000 r-xp 00000000 08:01 14162104                   /home/alex/Documents/8vo_Semestre/Geometría Computacional/Lab/practica04/src/lib/librb_tree.so
7f2561a95000-7f2561c94000 ---p 00003000 08:01 14162104                   /home/alex/Documents/8vo_Semestre/Geometría Computacional/Lab/practica04/src/lib/librb_tree.so
7f2561c94000-7f2561c95000 r--p 00002000 08:01 14162104                   /home/alex/Documents/8vo_Semestre/Geometría Computacional/Lab/practica04/src/lib/librb_tree.so
7f2561c95000-7f2561c96000 rw-p 00003000 08:01 14162104                   /home/alex/Documents/8vo_Semestre/Geometría Computacional/Lab/practica04/src/lib/librb_tree.so
7f2561c96000-7f2561c98000 r-xp 00000000 08:01 14162095                   /home/alex/Documents/8vo_Semestre/Geometría Computacional/Lab/practica04/src/lib/libdouble_linked_list.so
7f2561c98000-7f2561e97000 ---p 00002000 08:01 14162095                   /home/alex/Documents/8vo_Semestre/Geometría Computacional/Lab/practica04/src/lib/libdouble_linked_list.so
7f2561e97000-7f2561e98000 r--p 00001000 08:01 14162095                   /home/alex/Documents/8vo_Semestre/Geometría Computacional/Lab/practica04/src/lib/libdouble_linked_list.so
7f2561e98000-7f2561e99000 rw-p 00002000 08:01 14162095                   /home/alex/Documents/8vo_Semestre/Geometría Computacional/Lab/practica04/src/lib/libdouble_linked_list.so
7f2561e99000-7f2561e9a000 r-xp 00000000 08:01 14162103                   /home/alex/Documents/8vo_Semestre/Geometría Computacional/Lab/practica04/src/lib/lib2d_points.so
7f2561e9a000-7f256209a000 ---p 00001000 08:01 14162103                   /home/alex/Documents/8vo_Semestre/Geometría Computacional/Lab/practica04/src/lib/lib2d_points.so
7f256209a000-7f256209b000 r--p 00001000 08:01 14162103                   /home/alex/Documents/8vo_Semestre/Geometría Computacional/Lab/practica04/src/lib/lib2d_points.so
7f256209b000-7f256209c000 rw-p 00002000 08:01 14162103                   /home/alex/Documents/8vo_Semestre/Geometría Computacional/Lab/practica04/src/lib/lib2d_points.so
7f256209c000-7f256209f000 ---p 00000000 00:00 0 
7f256209f000-7f256229d000 rw-p 00000000 00:00 0                          [stack:29839]
7f256229d000-7f25622a0000 ---p 00000000 00:00 0 
7f25622a0000-7f256249e000 rw-p 00000000 00:00 0 
7f256249e000-7f25624a1000 ---p 00000000 00:00 0 
7f25624a1000-7f256269f000 rw-p 00000000 00:00 0                          [stack:29838]
7f256269f000-7f25626a2000 ---p 00000000 00:00 0 
7f25626a2000-7f25628a0000 rw-p 00000000 00:00 0                          [stack:29752]
7f25628a0000-7f25628b2000 r-xp 00000000 08:01 12059135                   /home/alex/.rbenv/versions/jruby-1.7.10/lib/jni/x86_64-Linux/libjffi-1.2.so
7f25628b2000-7f2562ab1000 ---p 00012000 08:01 12059135                   /home/alex/.rbenv/versions/jruby-1.7.10/lib/jni/x86_64-Linux/libjffi-1.2.so
7f2562ab1000-7f2562ab2000 rw-p 00011000 08:01 12059135                   /home/alex/.rbenv/versions/jruby-1.7.10/lib/jni/x86_64-Linux/libjffi-1.2.so
7f2562ab2000-7f2562ac2000 r-xp 00000000 08:01 15861288                   /usr/lib/jvm/java-7-openjdk-amd64/jre/lib/amd64/libnio.so
7f2562ac2000-7f2562cc2000 ---p 00010000 08:01 15861288                   /usr/lib/jvm/java-7-openjdk-amd64/jre/lib/amd64/libnio.so
7f2562cc2000-7f2562cc3000 r--p 00010000 08:01 15861288                   /usr/lib/jvm/java-7-openjdk-amd64/jre/lib/amd64/libnio.so
7f2562cc3000-7f2562cc4000 rw-p 00011000 08:01 15861288                   /usr/lib/jvm/java-7-openjdk-amd64/jre/lib/amd64/libnio.so
7f2562cc4000-7f2562d01000 r-xp 00000000 08:01 8130434                    /lib/x86_64-linux-gnu/libpcre.so.3.13.1
7f2562d01000-7f2562f01000 ---p 0003d000 08:01 8130434                    /lib/x86_64-linux-gnu/libpcre.so.3.13.1
7f2562f01000-7f2562f02000 r--p 0003d000 08:01 8130434                    /lib/x86_64-linux-gnu/libpcre.so.3.13.1
7f2562f02000-7f2562f03000 rw-p 0003e000 08:01 8130434                    /lib/x86_64-linux-gnu/libpcre.so.3.13.1
7f2562f03000-7f2562f0a000 r-xp 00000000 08:01 15735894                   /usr/lib/x86_64-linux-gnu/libffi.so.6.0.1
7f2562f0a000-7f2563109000 ---p 00007000 08:01 15735894                   /usr/lib/x86_64-linux-gnu/libffi.so.6.0.1
7f2563109000-7f256310a000 r--p 00006000 08:01 15735894                   /usr/lib/x86_64-linux-gnu/libffi.so.6.0.1
7f256310a000-7f256310b000 rw-p 00007000 08:01 15735894                   /usr/lib/x86_64-linux-gnu/libffi.so.6.0.1
7f256310b000-7f2563121000 r-xp 00000000 08:01 8130457                    /lib/x86_64-linux-gnu/libresolv-2.17.so
7f2563121000-7f2563321000 ---p 00016000 08:01 8130457                    /lib/x86_64-linux-gnu/libresolv-2.17.so
7f2563321000-7f2563322000 r--p 00016000 08:01 8130457                    /lib/x86_64-linux-gnu/libresolv-2.17.so
7f2563322000-7f2563323000 rw-p 00017000 08:01 8130457                    /lib/x86_64-linux-gnu/libresolv-2.17.so
7f2563323000-7f2563325000 rw-p 00000000 00:00 0 
7f2563325000-7f2563344000 r-xp 00000000 08:01 8130461                    /lib/x86_64-linux-gnu/libselinux.so.1
7f2563344000-7f2563544000 ---p 0001f000 08:01 8130461                    /lib/x86_64-linux-gnu/libselinux.so.1
7f2563544000-7f2563545000 r--p 0001f000 08:01 8130461                    /lib/x86_64-linux-gnu/libselinux.so.1
7f2563545000-7f2563546000 rw-p 00020000 08:01 8130461                    /lib/x86_64-linux-gnu/libselinux.so.1
7f2563546000-7f2563547000 rw-p 00000000 00:00 0 
7f2563547000-7f256354a000 r-xp 00000000 08:01 15729078                   /usr/lib/x86_64-linux-gnu/libgmodule-2.0.so.0.3800.1
7f256354a000-7f2563749000 ---p 00003000 08:01 15729078                   /usr/lib/x86_64-linux-gnu/libgmodule-2.0.so.0.3800.1
7f2563749000-7f256374a000 r--p 00002000 08:01 15729078                   /usr/lib/x86_64-linux-gnu/libgmodule-2.0.so.0.3800.1
7f256374a000-7f256374b000 rw-p 00003000 08:01 15729078                   /usr/lib/x86_64-linux-gnu/libgmodule-2.0.so.0.3800.1
7f256374b000-7f2563849000 r-xp 00000000 08:01 8130449                    /lib/x86_64-linux-gnu/libglib-2.0.so.0.3800.1
7f2563849000-7f2563a49000 ---p 000fe000 08:01 8130449                    /lib/x86_64-linux-gnu/libglib-2.0.so.0.3800.1
7f2563a49000-7f2563a4a000 r--p 000fe000 08:01 8130449                    /lib/x86_64-linux-gnu/libglib-2.0.so.0.3800.1
7f2563a4a000-7f2563a4b000 rw-p 000ff000 08:01 8130449                    /lib/x86_64-linux-gnu/libglib-2.0.so.0.3800.1
7f2563a4b000-7f2563a4c000 rw-p 00000000 00:00 0 
7f2563a4c000-7f2563a9b000 r-xp 00000000 08:01 15729069                   /usr/lib/x86_64-linux-gnu/libgobject-2.0.so.0.3800.1
7f2563a9b000-7f2563c9b000 ---p 0004f000 08:01 15729069                   /usr/lib/x86_64-linux-gnu/libgobject-2.0.so.0.3800.1
7f2563c9b000-7f2563c9c000 r--p 0004f000 08:01 15729069                   /usr/lib/x86_64-linux-gnu/libgobject-2.0.so.0.3800.1
7f2563c9c000-7f2563c9d000 rw-p 00050000 08:01 15729069                   /usr/lib/x86_64-linux-gnu/libgobject-2.0.so.0.3800.1
7f2563c9d000-7f2563df9000 r-xp 00000000 08:01 15729043                   /usr/lib/x86_64-linux-gnu/libgio-2.0.so.0.3800.1
7f2563df9000-7f2563ff8000 ---p 0015c000 08:01 15729043                   /usr/lib/x86_64-linux-gnu/libgio-2.0.so.0.3800.1
7f2563ff8000-7f2563ffc000 r--p 0015b000 08:01 15729043                   /usr/lib/x86_64-linux-gnu/libgio-2.0.so.0.3800.1
7f2563ffc000-7f2563ffe000 rw-p 0015f000 08:01 15729043                   /usr/lib/x86_64-linux-gnu/libgio-2.0.so.0.3800.1
7f2563ffe000-7f2564000000 rw-p 00000000 00:00 0 
7f2564000000-7f2564021000 rw-p 00000000 00:00 0 
7f2564021000-7f2568000000 ---p 00000000 00:00 0 
7f2568000000-7f2568021000 rw-p 00000000 00:00 0 
7f2568021000-7f256c000000 ---p 00000000 00:00 0 
7f256c000000-7f256c021000 rw-p 00000000 00:00 0 
7f256c021000-7f2570000000 ---p 00000000 00:00 0 
7f2570149000-7f257014c000 ---p 00000000 00:00 0 
7f257014c000-7f2570182000 rw-p 00000000 00:00 0                          [stack:29755]
7f2570182000-7f2570189000 r--s 00000000 08:01 16127910                   /usr/lib/x86_64-linux-gnu/gconv/gconv-modules.cache
7f2570189000-7f257019f000 r-xp 00000000 08:01 15861076                   /usr/lib/jvm/java-7-openjdk-amd64/jre/lib/amd64/libnet.so
7f257019f000-7f257039e000 ---p 00016000 08:01 15861076                   /usr/lib/jvm/java-7-openjdk-amd64/jre/lib/amd64/libnet.so
7f257039e000-7f257039f000 r--p 00015000 08:01 15861076                   /usr/lib/jvm/java-7-openjdk-amd64/jre/lib/amd64/libnet.so
7f257039f000-7f25703a0000 rw-p 00016000 08:01 15861076                   /usr/lib/jvm/java-7-openjdk-amd64/jre/lib/amd64/libnet.so
7f25703a0000-7f25703a1000 ---p 00000000 00:00 0 
7f25703a1000-7f25704a1000 rw-p 00000000 00:00 0                          [stack:29751]
7f25704a1000-7f25704a4000 ---p 00000000 00:00 0 
7f25704a4000-7f25706a2000 rw-p 00000000 00:00 0                          [stack:29750]
7f25706a2000-7f25706a5000 ---p 00000000 00:00 0 
7f25706a5000-7f25707a3000 rw-p 00000000 00:00 0                          [stack:29749]
7f25707a3000-7f25707a6000 ---p 00000000 00:00 0 
7f25707a6000-7f25708a4000 rw-p 00000000 00:00 0                          [stack:29748]
7f25708a4000-7f25708a7000 ---p 00000000 00:00 0 
7f25708a7000-7f2570aa5000 rw-p 00000000 00:00 0                          [stack:29747]
7f2570aa5000-7f2570e9f000 r--p 00000000 08:01 15734328                   /usr/lib/locale/locale-archive
7f2570e9f000-7f2570ea2000 ---p 00000000 00:00 0 
7f2570ea2000-7f25710a0000 rw-p 00000000 00:00 0                          [stack:29746]
7f25710a0000-7f25710a3000 ---p 00000000 00:00 0 
7f25710a3000-7f25712a1000 rw-p 00000000 00:00 0                          [stack:29745]
7f25712a1000-7f25712a2000 ---p 00000000 00:00 0 
7f25712a2000-7f257235e000 rw-p 00000000 00:00 0                          [stack:29744]
7f257235e000-7f2572447000 r--s 00bb9000 08:01 12059138                   /home/alex/.rbenv/versions/jruby-1.7.10/lib/jruby.jar
7f2572447000-7f257248f000 rw-p 00000000 00:00 0 
7f257248f000-7f257263d000 r--s 01cf4000 08:01 15861374                   /usr/lib/jvm/java-7-openjdk-amd64/jre/lib/rt.jar
7f257263d000-7f2573d2b000 rw-p 00000000 00:00 0 
7f2573d2b000-7f2573d2c000 ---p 00000000 00:00 0 
7f2573d2c000-7f2573e2c000 rw-p 00000000 00:00 0                          [stack:29743]
7f2573e2c000-7f2573e2d000 ---p 00000000 00:00 0 
7f2573e2d000-7f2573f2d000 rw-p 00000000 00:00 0                          [stack:29742]
7f2573f2d000-7f2573f2e000 ---p 00000000 00:00 0 
7f2573f2e000-7f257403b000 rw-p 00000000 00:00 0                          [stack:29741]
7f257403b000-7f2574081000 rw-p 00000000 00:00 0 
7f2574081000-7f2574094000 rw-p 00000000 00:00 0 
7f2574094000-7f2574127000 rw-p 00000000 00:00 0 
7f2574127000-7f2574139000 rw-p 00000000 00:00 0 
7f2574139000-7f257417b000 rw-p 00000000 00:00 0 
7f257417b000-7f257417c000 rw-p 00000000 00:00 0 
7f257417c000-7f25743ec000 rwxp 00000000 00:00 0 
7f25743ec000-7f257717c000 rw-p 00000000 00:00 0 
7f257717c000-7f2577184000 r-xp 00000000 08:01 15861025                   /usr/lib/jvm/java-7-openjdk-amd64/jre/lib/amd64/libzip.so
7f2577184000-7f2577383000 ---p 00008000 08:01 15861025                   /usr/lib/jvm/java-7-openjdk-amd64/jre/lib/amd64/libzip.so
7f2577383000-7f2577384000 r--p 00007000 08:01 15861025                   /usr/lib/jvm/java-7-openjdk-amd64/jre/lib/amd64/libzip.so
7f2577384000-7f2577385000 rw-p 00008000 08:01 15861025                   /usr/lib/jvm/java-7-openjdk-amd64/jre/lib/amd64/libzip.so
7f2577385000-7f2577391000 r-xp 00000000 08:01 8130412                    /lib/x86_64-linux-gnu/libnss_files-2.17.so
7f2577391000-7f2577590000 ---p 0000c000 08:01 8130412                    /lib/x86_64-linux-gnu/libnss_files-2.17.so
7f2577590000-7f2577591000 r--p 0000b000 08:01 8130412                    /lib/x86_64-linux-gnu/libnss_files-2.17.so
7f2577591000-7f2577592000 rw-p 0000c000 08:01 8130412                    /lib/x86_64-linux-gnu/libnss_files-2.17.so
7f2577592000-7f257759d000 r-xp 00000000 08:01 8130416                    /lib/x86_64-linux-gnu/libnss_nis-2.17.so
7f257759d000-7f257779c000 ---p 0000b000 08:01 8130416                    /lib/x86_64-linux-gnu/libnss_nis-2.17.so
7f257779c000-7f257779d000 r--p 0000a000 08:01 8130416                    /lib/x86_64-linux-gnu/libnss_nis-2.17.so
7f257779d000-7f257779e000 rw-p 0000b000 08:01 8130416                    /lib/x86_64-linux-gnu/libnss_nis-2.17.so
7f257779e000-7f25777b5000 r-xp 00000000 08:01 8130406                    /lib/x86_64-linux-gnu/libnsl-2.17.so
7f25777b5000-7f25779b4000 ---p 00017000 08:01 8130406                    /lib/x86_64-linux-gnu/libnsl-2.17.so
7f25779b4000-7f25779b5000 r--p 00016000 08:01 8130406                    /lib/x86_64-linux-gnu/libnsl-2.17.so
7f25779b5000-7f25779b6000 rw-p 00017000 08:01 8130406                    /lib/x86_64-linux-gnu/libnsl-2.17.so
7f25779b6000-7f25779b8000 rw-p 00000000 00:00 0 
7f25779b8000-7f25779c0000 r-xp 00000000 08:01 8130408                    /lib/x86_64-linux-gnu/libnss_compat-2.17.so
7f25779c0000-7f2577bbf000 ---p 00008000 08:01 8130408                    /lib/x86_64-linux-gnu/libnss_compat-2.17.so
7f2577bbf000-7f2577bc0000 r--p 00007000 08:01 8130408                    /lib/x86_64-linux-gnu/libnss_compat-2.17.so
7f2577bc0000-7f2577bc1000 rw-p 00008000 08:01 8130408                    /lib/x86_64-linux-gnu/libnss_compat-2.17.so
7f2577bc1000-7f2577bec000 r-xp 00000000 08:01 15860951                   /usr/lib/jvm/java-7-openjdk-amd64/jre/lib/amd64/libjava.so
7f2577bec000-7f2577deb000 ---p 0002b000 08:01 15860951                   /usr/lib/jvm/java-7-openjdk-amd64/jre/lib/amd64/libjava.so
7f2577deb000-7f2577dec000 r--p 0002a000 08:01 15860951                   /usr/lib/jvm/java-7-openjdk-amd64/jre/lib/amd64/libjava.so
7f2577dec000-7f2577dee000 rw-p 0002b000 08:01 15860951                   /usr/lib/jvm/java-7-openjdk-amd64/jre/lib/amd64/libjava.so
7f2577dee000-7f2577dfe000 r-xp 00000000 08:01 15861265                   /usr/lib/jvm/java-7-openjdk-amd64/jre/lib/amd64/libverify.so
7f2577dfe000-7f2577ffd000 ---p 00010000 08:01 15861265                   /usr/lib/jvm/java-7-openjdk-amd64/jre/lib/amd64/libverify.so
7f2577ffd000-7f2577fff000 r--p 0000f000 08:01 15861265                   /usr/lib/jvm/java-7-openjdk-amd64/jre/lib/amd64/libverify.so
7f2577fff000-7f2578000000 rw-p 00011000 08:01 15861265                   /usr/lib/jvm/java-7-openjdk-amd64/jre/lib/amd64/libverify.so
7f2578000000-7f25785f8000 rw-p 00000000 00:00 0 
7f25785f8000-7f257c000000 ---p 00000000 00:00 0 
7f257c002000-7f257c004000 rw-p 00000000 00:00 0 
7f257c004000-7f257c005000 r-xp 00000000 00:00 0 
7f257c005000-7f257c007000 r--s 00012000 08:01 15861308                   /usr/lib/jvm/java-7-openjdk-amd64/jre/lib/ext/zipfs.jar
7f257c007000-7f257c00a000 r--s 00032000 08:01 15861310                   /usr/lib/jvm/java-7-openjdk-amd64/jre/lib/ext/sunjce_provider.jar
7f257c00a000-7f257c00e000 r--s 00085000 08:01 15861304                   /usr/lib/jvm/java-7-openjdk-amd64/jre/lib/ext/localedata.jar
7f257c00e000-7f257c010000 r--s 00006000 08:01 16256853                   /usr/share/java/java-atk-wrapper.jar
7f257c010000-7f257c013000 r--s 0000f000 08:01 15861306                   /usr/lib/jvm/java-7-openjdk-amd64/jre/lib/ext/pulse-java.jar
7f257c013000-7f257c018000 r--s 0004c000 08:01 15861296                   /usr/lib/jvm/java-7-openjdk-amd64/jre/lib/jsse.jar
7f257c018000-7f257c040000 rw-p 00000000 00:00 0 
7f257c040000-7f257c041000 ---p 00000000 00:00 0 
7f257c041000-7f257c141000 rw-p 00000000 00:00 0                          [stack:29740]
7f257c141000-7f257c148000 r-xp 00000000 08:01 8130459                    /lib/x86_64-linux-gnu/librt-2.17.so
7f257c148000-7f257c347000 ---p 00007000 08:01 8130459                    /lib/x86_64-linux-gnu/librt-2.17.so
7f257c347000-7f257c348000 r--p 00006000 08:01 8130459                    /lib/x86_64-linux-gnu/librt-2.17.so
7f257c348000-7f257c349000 rw-p 00007000 08:01 8130459                    /lib/x86_64-linux-gnu/librt-2.17.so
7f257c349000-7f257c34c000 ---p 00000000 00:00 0 
7f257c34c000-7f257c54a000 rw-p 00000000 00:00 0                          [stack:29739]
7f257c54a000-7f257c55f000 r-xp 00000000 08:01 8126477                    /lib/x86_64-linux-gnu/libgcc_s.so.1
7f257c55f000-7f257c75e000 ---p 00015000 08:01 8126477                    /lib/x86_64-linux-gnu/libgcc_s.so.1
7f257c75e000-7f257c75f000 r--p 00014000 08:01 8126477                    /lib/x86_64-linux-gnu/libgcc_s.so.1
7f257c75f000-7f257c760000 rw-p 00015000 08:01 8126477                    /lib/x86_64-linux-gnu/libgcc_s.so.1
7f257c760000-7f257c863000 r-xp 00000000 08:01 8130387                    /lib/x86_64-linux-gnu/libm-2.17.so
7f257c863000-7f257ca62000 ---p 00103000 08:01 8130387                    /lib/x86_64-linux-gnu/libm-2.17.so
7f257ca62000-7f257ca63000 r--p 00102000 08:01 8130387                    /lib/x86_64-linux-gnu/libm-2.17.so
7f257ca63000-7f257ca64000 rw-p 00103000 08:01 8130387                    /lib/x86_64-linux-gnu/libm-2.17.so
7f257ca64000-7f257cb4a000 r-xp 00000000 08:01 15729831                   /usr/lib/x86_64-linux-gnu/libstdc++.so.6.0.18
7f257cb4a000-7f257cd49000 ---p 000e6000 08:01 15729831                   /usr/lib/x86_64-linux-gnu/libstdc++.so.6.0.18
7f257cd49000-7f257cd51000 r--p 000e5000 08:01 15729831                   /usr/lib/x86_64-linux-gnu/libstdc++.so.6.0.18
7f257cd51000-7f257cd53000 rw-p 000ed000 08:01 15729831                   /usr/lib/x86_64-linux-gnu/libstdc++.so.6.0.18
7f257cd53000-7f257cd68000 rw-p 00000000 00:00 0 
7f257cd68000-7f257d847000 r-xp 00000000 08:01 15861284                   /usr/lib/jvm/java-7-openjdk-amd64/jre/lib/amd64/server/libjvm.so
7f257d847000-7f257da46000 ---p 00adf000 08:01 15861284                   /usr/lib/jvm/java-7-openjdk-amd64/jre/lib/amd64/server/libjvm.so
7f257da46000-7f257dad8000 r--p 00ade000 08:01 15861284                   /usr/lib/jvm/java-7-openjdk-amd64/jre/lib/amd64/server/libjvm.so
7f257dad8000-7f257dafb000 rw-p 00b70000 08:01 15861284                   /usr/lib/jvm/java-7-openjdk-amd64/jre/lib/amd64/server/libjvm.so
7f257dafb000-7f257db28000 rw-p 00000000 00:00 0 
7f257db28000-7f257db40000 r-xp 00000000 08:01 8130494                    /lib/x86_64-linux-gnu/libz.so.1.2.8
7f257db40000-7f257dd3f000 ---p 00018000 08:01 8130494                    /lib/x86_64-linux-gnu/libz.so.1.2.8
7f257dd3f000-7f257dd40000 r--p 00017000 08:01 8130494                    /lib/x86_64-linux-gnu/libz.so.1.2.8
7f257dd40000-7f257dd41000 rw-p 00018000 08:01 8130494                    /lib/x86_64-linux-gnu/libz.so.1.2.8
7f257dd41000-7f257dd58000 r-xp 00000000 08:01 8130451                    /lib/x86_64-linux-gnu/libpthread-2.17.so
7f257dd58000-7f257df58000 ---p 00017000 08:01 8130451                    /lib/x86_64-linux-gnu/libpthread-2.17.so
7f257df58000-7f257df59000 r--p 00017000 08:01 8130451                    /lib/x86_64-linux-gnu/libpthread-2.17.so
7f257df59000-7f257df5a000 rw-p 00018000 08:01 8130451                    /lib/x86_64-linux-gnu/libpthread-2.17.so
7f257df5a000-7f257df5e000 rw-p 00000000 00:00 0 
7f257df5e000-7f257df61000 r-xp 00000000 08:01 8130351                    /lib/x86_64-linux-gnu/libdl-2.17.so
7f257df61000-7f257e160000 ---p 00003000 08:01 8130351                    /lib/x86_64-linux-gnu/libdl-2.17.so
7f257e160000-7f257e161000 r--p 00002000 08:01 8130351                    /lib/x86_64-linux-gnu/libdl-2.17.so
7f257e161000-7f257e162000 rw-p 00003000 08:01 8130351                    /lib/x86_64-linux-gnu/libdl-2.17.so
7f257e162000-7f257e31f000 r-xp 00000000 08:01 8130336                    /lib/x86_64-linux-gnu/libc-2.17.so
7f257e31f000-7f257e51f000 ---p 001bd000 08:01 8130336                    /lib/x86_64-linux-gnu/libc-2.17.so
7f257e51f000-7f257e523000 r--p 001bd000 08:01 8130336                    /lib/x86_64-linux-gnu/libc-2.17.so
7f257e523000-7f257e525000 rw-p 001c1000 08:01 8130336                    /lib/x86_64-linux-gnu/libc-2.17.so
7f257e525000-7f257e52a000 rw-p 00000000 00:00 0 
7f257e52a000-7f257e537000 r-xp 00000000 08:01 15861291                   /usr/lib/jvm/java-7-openjdk-amd64/jre/lib/amd64/jli/libjli.so
7f257e537000-7f257e736000 ---p 0000d000 08:01 15861291                   /usr/lib/jvm/java-7-openjdk-amd64/jre/lib/amd64/jli/libjli.so
7f257e736000-7f257e737000 r--p 0000c000 08:01 15861291                   /usr/lib/jvm/java-7-openjdk-amd64/jre/lib/amd64/jli/libjli.so
7f257e737000-7f257e738000 rw-p 0000d000 08:01 15861291                   /usr/lib/jvm/java-7-openjdk-amd64/jre/lib/amd64/jli/libjli.so
7f257e738000-7f257e75b000 r-xp 00000000 08:01 8130312                    /lib/x86_64-linux-gnu/ld-2.17.so
7f257e75b000-7f257e75f000 r--s 0003b000 08:01 15861316                   /usr/lib/jvm/java-7-openjdk-amd64/jre/lib/ext/sunpkcs11.jar
7f257e75f000-7f257e78d000 rw-p 00000000 00:00 0 
7f257e78d000-7f257e7d3000 rw-p 00000000 00:00 0 
7f257e7d3000-7f257e7e6000 rw-p 00000000 00:00 0 
7f257e7e6000-7f257e87a000 rw-p 00000000 00:00 0 
7f257e87a000-7f257e884000 rw-p 00000000 00:00 0 
7f257e884000-7f257e93a000 rw-p 00000000 00:00 0 
7f257e93a000-7f257e93f000 rw-p 00000000 00:00 0 
7f257e93f000-7f257e940000 r--s 00002000 08:01 15861314                   /usr/lib/jvm/java-7-openjdk-amd64/jre/lib/ext/dnsns.jar
7f257e940000-7f257e94e000 rw-p 00000000 00:00 0 
7f257e94e000-7f257e956000 rw-s 00000000 08:01 6029327                    /tmp/hsperfdata_alex/29714
7f257e956000-7f257e957000 rw-p 00000000 00:00 0 
7f257e957000-7f257e958000 r--p 00000000 00:00 0 
7f257e958000-7f257e95a000 rw-p 00000000 00:00 0 
7f257e95a000-7f257e95b000 r--p 00022000 08:01 8130312                    /lib/x86_64-linux-gnu/ld-2.17.so
7f257e95b000-7f257e95d000 rw-p 00023000 08:01 8130312                    /lib/x86_64-linux-gnu/ld-2.17.so
7fff47888000-7fff478a9000 rw-p 00000000 00:00 0                          [stack]
7fff479b9000-7fff479bb000 r-xp 00000000 00:00 0                          [vdso]
ffffffffff600000-ffffffffff601000 r-xp 00000000 00:00 0                  [vsyscall]

VM Arguments:
jvm_args: -Djdk.home= -Djruby.home=/home/alex/.rbenv/versions/jruby-1.7.10 -Djruby.script=jruby -Djruby.shell=/bin/sh -Djffi.boot.library.path=/home/alex/.rbenv/versions/jruby-1.7.10/lib/jni:/home/alex/.rbenv/versions/jruby-1.7.10/lib/jni/i386-Linux:/home/alex/.rbenv/versions/jruby-1.7.10/lib/jni/arm-Linux:/home/alex/.rbenv/versions/jruby-1.7.10/lib/jni/x86_64-Linux -Xmx500m -Xss2048k -Xbootclasspath/a:/home/alex/.rbenv/versions/jruby-1.7.10/lib/jruby.jar 
java_command: org/jruby/Main Makefile.rb clean compile test clean
Launcher Type: SUN_STANDARD

Environment Variables:
PATH=/home/alex/.rbenv/versions/jruby-1.7.10/bin:/home/alex/.rbenv/libexec:/home/alex/.rbenv/plugins/ruby-build/bin:/home/alex/.rbenv/shims:~/.rbenv/bin:~/.rbenv/bin:/usr/local/sbin:/usr/local/bin:/usr/sbin:/usr/bin:/sbin:/bin:/usr/games:/usr/local/games
USERNAME=alex
SHELL=/bin/bash
DISPLAY=:0

Signal Handlers:
SIGSEGV: [libjvm.so+0x916ea0], sa_mask[0]=0x7ffbfeff, sa_flags=0x10000004
SIGBUS: [libjvm.so+0x916ea0], sa_mask[0]=0x7ffbfeff, sa_flags=0x10000004
SIGFPE: [libjvm.so+0x794800], sa_mask[0]=0x7ffbfeff, sa_flags=0x10000004
SIGPIPE: [libjvm.so+0x794800], sa_mask[0]=0x7ffbfeff, sa_flags=0x10000004
SIGXFSZ: [libjvm.so+0x794800], sa_mask[0]=0x7ffbfeff, sa_flags=0x10000004
SIGILL: [libjvm.so+0x794800], sa_mask[0]=0x7ffbfeff, sa_flags=0x10000004
SIGUSR1: SIG_DFL, sa_mask[0]=0x00000000, sa_flags=0x00000000
SIGUSR2: [libjvm.so+0x7946a0], sa_mask[0]=0x00000000, sa_flags=0x10000004
SIGHUP: [libjvm.so+0x794880], sa_mask[0]=0x7ffbfeff, sa_flags=0x10000004
SIGINT: [libjvm.so+0x794880], sa_mask[0]=0x7ffbfeff, sa_flags=0x10000004
SIGTERM: [libjvm.so+0x794880], sa_mask[0]=0x7ffbfeff, sa_flags=0x10000004
SIGQUIT: [libjvm.so+0x794880], sa_mask[0]=0x7ffbfeff, sa_flags=0x10000004


---------------  S Y S T E M  ---------------

OS:LinuxMint 16 (petra)
uname:Linux 3.11.0-12-generic #19-Ubuntu SMP Wed Oct 9 16:20:46 UTC 2013 x86_64
libc:glibc 2.17 NPTL 2.17 
rlimit: STACK 8192k, CORE 0k, NPROC 28798, NOFILE 4096, AS infinity
load average:0,29 0,25 0,25

/proc/meminfo:
MemTotal:        3715476 kB
MemFree:         1333832 kB
Buffers:          196732 kB
Cached:          1089300 kB
SwapCached:            0 kB
Active:          1414612 kB
Inactive:         761272 kB
Active(anon):     891572 kB
Inactive(anon):   179920 kB
Active(file):     523040 kB
Inactive(file):   581352 kB
Unevictable:          52 kB
Mlocked:              52 kB
SwapTotal:       3856380 kB
SwapFree:        3856380 kB
Dirty:               436 kB
Writeback:             0 kB
AnonPages:        889928 kB
Mapped:           187692 kB
Shmem:            181644 kB
Slab:             128996 kB
SReclaimable:     102076 kB
SUnreclaim:        26920 kB
KernelStack:        3664 kB
PageTables:        27036 kB
NFS_Unstable:          0 kB
Bounce:                0 kB
WritebackTmp:          0 kB
CommitLimit:     5714116 kB
Committed_AS:    3449576 kB
VmallocTotal:   34359738367 kB
VmallocUsed:      414316 kB
VmallocChunk:   34359319548 kB
HardwareCorrupted:     0 kB
AnonHugePages:         0 kB
HugePages_Total:       0
HugePages_Free:        0
HugePages_Rsvd:        0
HugePages_Surp:        0
Hugepagesize:       2048 kB
DirectMap4k:       58576 kB
DirectMap2M:     3799040 kB


CPU:total 4 (2 cores per cpu, 2 threads per core) family 6 model 37 stepping 5, cmov, cx8, fxsr, mmx, sse, sse2, sse3, ssse3, sse4.1, sse4.2, popcnt, ht, tsc, tscinvbit

/proc/cpuinfo:
processor	: 0
vendor_id	: GenuineIntel
cpu family	: 6
model		: 37
model name	: Intel(R) Core(TM) i3 CPU       M 380  @ 2.53GHz
stepping	: 5
microcode	: 0x2
cpu MHz		: 1066.000
cache size	: 3072 KB
physical id	: 0
siblings	: 4
core id		: 0
cpu cores	: 2
apicid		: 0
initial apicid	: 0
fpu		: yes
fpu_exception	: yes
cpuid level	: 11
wp		: yes
flags		: fpu vme de pse tsc msr pae mce cx8 apic sep mtrr pge mca cmov pat pse36 clflush dts acpi mmx fxsr sse sse2 ss ht tm pbe syscall nx rdtscp lm constant_tsc arch_perfmon pebs bts rep_good nopl xtopology nonstop_tsc aperfmperf pni dtes64 monitor ds_cpl vmx est tm2 ssse3 cx16 xtpr pdcm pcid sse4_1 sse4_2 popcnt lahf_lm arat dtherm tpr_shadow vnmi flexpriority ept vpid
bogomips	: 5053.98
clflush size	: 64
cache_alignment	: 64
address sizes	: 36 bits physical, 48 bits virtual
power management:

processor	: 1
vendor_id	: GenuineIntel
cpu family	: 6
model		: 37
model name	: Intel(R) Core(TM) i3 CPU       M 380  @ 2.53GHz
stepping	: 5
microcode	: 0x2
cpu MHz		: 933.000
cache size	: 3072 KB
physical id	: 0
siblings	: 4
core id		: 0
cpu cores	: 2
apicid		: 1
initial apicid	: 1
fpu		: yes
fpu_exception	: yes
cpuid level	: 11
wp		: yes
flags		: fpu vme de pse tsc msr pae mce cx8 apic sep mtrr pge mca cmov pat pse36 clflush dts acpi mmx fxsr sse sse2 ss ht tm pbe syscall nx rdtscp lm constant_tsc arch_perfmon pebs bts rep_good nopl xtopology nonstop_tsc aperfmperf pni dtes64 monitor ds_cpl vmx est tm2 ssse3 cx16 xtpr pdcm pcid sse4_1 sse4_2 popcnt lahf_lm arat dtherm tpr_shadow vnmi flexpriority ept vpid
bogomips	: 5053.98
clflush size	: 64
cache_alignment	: 64
address sizes	: 36 bits physical, 48 bits virtual
power management:

processor	: 2
vendor_id	: GenuineIntel
cpu family	: 6
model		: 37
model name	: Intel(R) Core(TM) i3 CPU       M 380  @ 2.53GHz
stepping	: 5
microcode	: 0x2
cpu MHz		: 2533.000
cache size	: 3072 KB
physical id	: 0
siblings	: 4
core id		: 2
cpu cores	: 2
apicid		: 4
initial apicid	: 4
fpu		: yes
fpu_exception	: yes
cpuid level	: 11
wp		: yes
flags		: fpu vme de pse tsc msr pae mce cx8 apic sep mtrr pge mca cmov pat pse36 clflush dts acpi mmx fxsr sse sse2 ss ht tm pbe syscall nx rdtscp lm constant_tsc arch_perfmon pebs bts rep_good nopl xtopology nonstop_tsc aperfmperf pni dtes64 monitor ds_cpl vmx est tm2 ssse3 cx16 xtpr pdcm pcid sse4_1 sse4_2 popcnt lahf_lm arat dtherm tpr_shadow vnmi flexpriority ept vpid
bogomips	: 5053.98
clflush size	: 64
cache_alignment	: 64
address sizes	: 36 bits physical, 48 bits virtual
power management:

processor	: 3
vendor_id	: GenuineIntel
cpu family	: 6
model		: 37
model name	: Intel(R) Core(TM) i3 CPU       M 380  @ 2.53GHz
stepping	: 5
microcode	: 0x2
cpu MHz		: 2533.000
cache size	: 3072 KB
physical id	: 0
siblings	: 4
core id		: 2
cpu cores	: 2
apicid		: 5
initial apicid	: 5
fpu		: yes
fpu_exception	: yes
cpuid level	: 11
wp		: yes
flags		: fpu vme de pse tsc msr pae mce cx8 apic sep mtrr pge mca cmov pat pse36 clflush dts acpi mmx fxsr sse sse2 ss ht tm pbe syscall nx rdtscp lm constant_tsc arch_perfmon pebs bts rep_good nopl xtopology nonstop_tsc aperfmperf pni dtes64 monitor ds_cpl vmx est tm2 ssse3 cx16 xtpr pdcm pcid sse4_1 sse4_2 popcnt lahf_lm arat dtherm tpr_shadow vnmi flexpriority ept vpid
bogomips	: 5053.98
clflush size	: 64
cache_alignment	: 64
address sizes	: 36 bits physical, 48 bits virtual
power management:



Memory: 4k page, physical 3715476k(1333832k free), swap 3856380k(3856380k free)

vm_info: OpenJDK 64-Bit Server VM (24.45-b08) for linux-amd64 JRE (1.7.0_51-b00), built on Jan 15 2014 22:02:57 by "buildd" with gcc 4.8.1

time: Fri May 30 21:15:48 2014
elapsed time: 4 seconds

