#
# A fatal error has been detected by the Java Runtime Environment:
#
#  SIGSEGV (0xb) at pc=0x00007f0cbda59adc, pid=23905, tid=139693012051712
#
# JRE version: OpenJDK Runtime Environment (7.0_51) (build 1.7.0_51-b00)
# Java VM: OpenJDK 64-Bit Server VM (24.45-b08 mixed mode linux-amd64 compressed oops)
# Problematic frame:
# C  [librange_tree.so+0x1adc]  aux_range_query+0x19b
#
# Failed to write core dump. Core dumps have been disabled. To enable core dumping, try "ulimit -c unlimited" before starting Java again
#
# If you would like to submit a bug report, please include
# instructions on how to reproduce the bug and visit:
#   http://icedtea.classpath.org/bugzilla
# The crash happened outside the Java Virtual Machine in native code.
# See problematic frame for where to report the bug.
#

---------------  T H R E A D  ---------------

Current thread (0x00007f0ccc00a800):  JavaThread "main" [_thread_in_native, id=23930, stack(0x00007f0cd03c6000,0x00007f0cd05c7000)]

siginfo:si_signo=SIGSEGV: si_errno=0, si_code=1 (SEGV_MAPERR), si_addr=0x0000000000000018

Registers:
RAX=0x0000000000000000, RBX=0x0000000000000001, RCX=0x00007f0ccc5f8250, RDX=0x00007f0cbde5f100
RSP=0x00007f0cd05c3370, RBP=0x00007f0cd05c33e0, RSI=0x00007f0ccc605b10, RDI=0x00007f0ccc5f7ad0
R8 =0x0000000000000003, R9 =0x0000000000000018, R10=0x00000000000004e1, R11=0x00007f0ccc000078
R12=0x0000000000000008, R13=0x0000000000000005, R14=0x00007f0cd05c35b0, R15=0x00007f0cd05c3440
RIP=0x00007f0cbda59adc, EFLAGS=0x0000000000010202, CSGSFS=0x0000000000000033, ERR=0x0000000000000004
  TRAPNO=0x000000000000000e

Top of Stack: (sp=0x00007f0cd05c3370)
0x00007f0cd05c3370:   0000000000000004 40a9420000000000
0x00007f0cd05c3380:   00007f0ccc6059f0 40c00d0000000000
0x00007f0cd05c3390:   40a9420000000000 40b7670000000000
0x00007f0cd05c33a0:   40b0f50000000000 00007f0ccc5c5130
0x00007f0cd05c33b0:   00007f0ccc000078 00007f0ccc5f7ad0
0x00007f0cd05c33c0:   00007f0ccc5e87c0 00007f0cbde60b27
0x00007f0cd05c33d0:   40b7670000000000 0000000000000001
0x00007f0cd05c33e0:   00007f0cd05c3430 00007f0cbda59c83
0x00007f0cd05c33f0:   40b0f50000000000 40c00d0000000000
0x00007f0cd05c3400:   40a9420000000000 40b7670000000000
0x00007f0cd05c3410:   40b0f50000000000 00007f0ccc5c5130
0x00007f0cd05c3420:   0000000000000000 00007f0ccc6059f0
0x00007f0cd05c3430:   00007f0cd05c3440 00007f0cbeab8a78
0x00007f0cd05c3440:   000000000000080e 00007f0cd05c3680
0x00007f0cd05c3450:   00007f0cd05c3530 00007f0cbeab8901
0x00007f0cd05c3460:   0000000000000000 00007f0cd05c3480
0x00007f0cd05c3470:   00007f0cd05c3390 00007f0cd05c34e0
0x00007f0cd05c3480:   00007f0cd05c34f0 00007f0cd05c34e0
0x00007f0cd05c3490:   00007f0cd05c34f4 00007f0cd05c3550
0x00007f0cd05c34a0:   00007f0cd05c3680 00007f0cbda59bcf
0x00007f0cd05c34b0:   00007f0ccc52e830 00007f0ccc4f9450
0x00007f0cd05c34c0:   0000000400000001 0000000500000005
0x00007f0cd05c34d0:   00007f0cd05c3390 00000001c8182233
0x00007f0cd05c34e0:   0000000000000005 0000000000000000
0x00007f0cd05c34f0:   0000000000000001 72fe27b4f3299600
0x00007f0cd05c3500:   00007f0ccc00a800 00007f0cd05c3590
0x00007f0cd05c3510:   0000000000000000 0000000000000000
0x00007f0cd05c3520:   00007f0cd05c3748 00007f0ccc00a800
0x00007f0cd05c3530:   00007f0cd05c3660 00007f0cbeab5ddc
0x00007f0cd05c3540:   00000000f6f3ac90 00007f0cd05c3590
0x00007f0cd05c3550:   00007f0cd05c3590 00007f0cd05c3598
0x00007f0cd05c3560:   00007f0cd05c35a0 00007f0cd05c35a8 

Instructions: (pc=0x00007f0cbda59adc)
0x00007f0cbda59abc:   48 89 45 d8 eb 5e 48 8b 45 d8 48 8b 00 f2 0f 10
0x00007f0cbda59acc:   00 66 0f 2e 45 c0 72 40 48 8b 45 d8 48 8b 40 10
0x00007f0cbda59adc:   48 8b 48 18 48 8b 75 a0 48 8b 55 a8 48 8b 45 b0
0x00007f0cbda59aec:   48 89 55 98 f2 0f 10 4d 98 48 89 45 98 f2 0f 10 

Register to memory mapping:

RAX=0x0000000000000000 is an unknown value
RBX=0x0000000000000001 is an unknown value
RCX=0x00007f0ccc5f8250 is an unknown value
RDX=0x00007f0cbde5f100: sentinel+0 in lib/librb_tree.so at 0x00007f0cbdc5c000
RSP=0x00007f0cd05c3370 is pointing into the stack for thread: 0x00007f0ccc00a800
RBP=0x00007f0cd05c33e0 is pointing into the stack for thread: 0x00007f0ccc00a800
RSI=0x00007f0ccc605b10 is an unknown value
RDI=0x00007f0ccc5f7ad0 is an unknown value
R8 =0x0000000000000003 is an unknown value
R9 =0x0000000000000018 is an unknown value
R10=0x00000000000004e1 is an unknown value
R11=0x00007f0ccc000078 is an unknown value
R12=0x0000000000000008 is an unknown value
R13=0x0000000000000005 is an unknown value
R14=0x00007f0cd05c35b0 is pointing into the stack for thread: 0x00007f0ccc00a800
R15=0x00007f0cd05c3440 is pointing into the stack for thread: 0x00007f0ccc00a800


Stack: [0x00007f0cd03c6000,0x00007f0cd05c7000],  sp=0x00007f0cd05c3370,  free space=2036k
Native frames: (J=compiled Java code, j=interpreted, Vv=VM code, C=native code)
C  [librange_tree.so+0x1adc]  aux_range_query+0x19b
C  [librange_tree.so+0x1c83]  two_d_range_query+0xb4
C  [libjffi-1.2.so+0xda78]  ffi_call_unix64+0x4c

Java frames: (J=compiled Java code, j=interpreted, Vv=VM code)
j  com.kenai.jffi.Foreign.invokeArrayReturnLong(JJ[B)J+0
j  com.kenai.jffi.Invoker.invokeLong(Lcom/kenai/jffi/CallContext;JLcom/kenai/jffi/HeapInvocationBuffer;)J+38
j  com.kenai.jffi.Invoker$LP64.invokeAddress(Lcom/kenai/jffi/CallContext;JLcom/kenai/jffi/HeapInvocationBuffer;)J+5
j  com.kenai.jffi.Invoker.invokeAddress(Lcom/kenai/jffi/Function;Lcom/kenai/jffi/HeapInvocationBuffer;)J+10
j  org.jruby.ext.ffi.jffi.DefaultMethodFactory$Pointer64Invoker.invoke(Lorg/jruby/runtime/ThreadContext;Lcom/kenai/jffi/Function;Lcom/kenai/jffi/HeapInvocationBuffer;)Lorg/jruby/runtime/builtin/IRubyObject;+6
j  org.jruby.ext.ffi.jffi.DefaultMethodFactory$ConvertingInvoker.invoke(Lorg/jruby/runtime/ThreadContext;Lcom/kenai/jffi/Function;Lcom/kenai/jffi/HeapInvocationBuffer;)Lorg/jruby/runtime/builtin/IRubyObject;+12
j  org.jruby.ext.ffi.jffi.BufferNativeInvoker.call(Lorg/jruby/runtime/ThreadContext;Lorg/jruby/runtime/builtin/IRubyObject;Lorg/jruby/RubyModule;Ljava/lang/String;[Lorg/jruby/runtime/builtin/IRubyObject;)Lorg/jruby/runtime/builtin/IRubyObject;+160
j  org.jruby.ext.ffi.jffi.DefaultMethod.call(Lorg/jruby/runtime/ThreadContext;Lorg/jruby/runtime/builtin/IRubyObject;Lorg/jruby/RubyModule;Ljava/lang/String;[Lorg/jruby/runtime/builtin/IRubyObject;)Lorg/jruby/runtime/builtin/IRubyObject;+11
j  org.jruby.runtime.callsite.CachingCallSite.call(Lorg/jruby/runtime/ThreadContext;Lorg/jruby/runtime/builtin/IRubyObject;Lorg/jruby/runtime/builtin/IRubyObject;[Lorg/jruby/runtime/builtin/IRubyObject;)Lorg/jruby/runtime/builtin/IRubyObject;+38
j  org.jruby.ast.CallManyArgsNode.interpret(Lorg/jruby/Ruby;Lorg/jruby/runtime/ThreadContext;Lorg/jruby/runtime/builtin/IRubyObject;Lorg/jruby/runtime/Block;)Lorg/jruby/runtime/builtin/IRubyObject;+41
j  org.jruby.ast.DAsgnNode.interpret(Lorg/jruby/Ruby;Lorg/jruby/runtime/ThreadContext;Lorg/jruby/runtime/builtin/IRubyObject;Lorg/jruby/runtime/Block;)Lorg/jruby/runtime/builtin/IRubyObject;+17
J  org.jruby.runtime.Interpreted19Block.yield(Lorg/jruby/runtime/ThreadContext;Lorg/jruby/runtime/builtin/IRubyObject;Lorg/jruby/runtime/Binding;Lorg/jruby/runtime/Block$Type;)Lorg/jruby/runtime/builtin/IRubyObject;
j  org.jruby.runtime.Interpreted19Block.yieldSpecific(Lorg/jruby/runtime/ThreadContext;Lorg/jruby/runtime/Binding;Lorg/jruby/runtime/Block$Type;)Lorg/jruby/runtime/builtin/IRubyObject;+5
j  org.jruby.runtime.Block.yieldSpecific(Lorg/jruby/runtime/ThreadContext;)Lorg/jruby/runtime/builtin/IRubyObject;+13
j  org.jruby.RubyFixnum.times(Lorg/jruby/runtime/ThreadContext;Lorg/jruby/runtime/Block;)Lorg/jruby/runtime/builtin/IRubyObject;+102
j  org.jruby.RubyFixnum$INVOKER$i$0$0$times.call(Lorg/jruby/runtime/ThreadContext;Lorg/jruby/runtime/builtin/IRubyObject;Lorg/jruby/RubyModule;Ljava/lang/String;Lorg/jruby/runtime/Block;)Lorg/jruby/runtime/builtin/IRubyObject;+7
j  org.jruby.internal.runtime.methods.JavaMethod$JavaMethodZeroBlock.call(Lorg/jruby/runtime/ThreadContext;Lorg/jruby/runtime/builtin/IRubyObject;Lorg/jruby/RubyModule;Ljava/lang/String;[Lorg/jruby/runtime/builtin/IRubyObject;Lorg/jruby/runtime/Block;)Lorg/jruby/runtime/builtin/IRubyObject;+27
j  org.jruby.RubyClass.finvoke(Lorg/jruby/runtime/ThreadContext;Lorg/jruby/runtime/builtin/IRubyObject;Ljava/lang/String;[Lorg/jruby/runtime/builtin/IRubyObject;Lorg/jruby/runtime/Block;)Lorg/jruby/runtime/builtin/IRubyObject;+64
j  org.jruby.runtime.Helpers.invoke(Lorg/jruby/runtime/ThreadContext;Lorg/jruby/runtime/builtin/IRubyObject;Ljava/lang/String;[Lorg/jruby/runtime/builtin/IRubyObject;Lorg/jruby/runtime/Block;)Lorg/jruby/runtime/builtin/IRubyObject;+12
j  org.jruby.RubyBasicObject.callMethod(Lorg/jruby/runtime/ThreadContext;Ljava/lang/String;[Lorg/jruby/runtime/builtin/IRubyObject;Lorg/jruby/runtime/Block;)Lorg/jruby/runtime/builtin/IRubyObject;+6
j  org.jruby.RubyEnumerator.each(Lorg/jruby/runtime/ThreadContext;Lorg/jruby/runtime/Block;)Lorg/jruby/runtime/builtin/IRubyObject;+14
j  org.jruby.RubyEnumerator$INVOKER$i$each.call(Lorg/jruby/runtime/ThreadContext;Lorg/jruby/runtime/builtin/IRubyObject;Lorg/jruby/RubyModule;Ljava/lang/String;Lorg/jruby/runtime/Block;)Lorg/jruby/runtime/builtin/IRubyObject;+7
j  org.jruby.runtime.callsite.CachingCallSite.cacheAndCall(Lorg/jruby/runtime/builtin/IRubyObject;Lorg/jruby/RubyClass;Lorg/jruby/runtime/Block;Lorg/jruby/runtime/ThreadContext;Lorg/jruby/runtime/builtin/IRubyObject;)Lorg/jruby/runtime/builtin/IRubyObject;+57
j  org.jruby.runtime.callsite.CachingCallSite.callBlock(Lorg/jruby/runtime/ThreadContext;Lorg/jruby/runtime/builtin/IRubyObject;Lorg/jruby/runtime/builtin/IRubyObject;Lorg/jruby/runtime/Block;)Lorg/jruby/runtime/builtin/IRubyObject;+50
j  org.jruby.runtime.callsite.CachingCallSite.callIter(Lorg/jruby/runtime/ThreadContext;Lorg/jruby/runtime/builtin/IRubyObject;Lorg/jruby/runtime/builtin/IRubyObject;Lorg/jruby/runtime/Block;)Lorg/jruby/runtime/builtin/IRubyObject;+6
j  org.jruby.ast.CallNoArgBlockNode.interpret(Lorg/jruby/Ruby;Lorg/jruby/runtime/ThreadContext;Lorg/jruby/runtime/builtin/IRubyObject;Lorg/jruby/runtime/Block;)Lorg/jruby/runtime/builtin/IRubyObject;+35
J  org.jruby.ast.BlockNode.interpret(Lorg/jruby/Ruby;Lorg/jruby/runtime/ThreadContext;Lorg/jruby/runtime/builtin/IRubyObject;Lorg/jruby/runtime/Block;)Lorg/jruby/runtime/builtin/IRubyObject;
j  org.jruby.evaluator.ASTInterpreter.INTERPRET_METHOD(Lorg/jruby/Ruby;Lorg/jruby/runtime/ThreadContext;Ljava/lang/String;ILorg/jruby/RubyModule;Lorg/jruby/ast/Node;Ljava/lang/String;Lorg/jruby/runtime/builtin/IRubyObject;Lorg/jruby/runtime/Block;Z)Lorg/jruby/runtime/builtin/IRubyObject;+30
j  org.jruby.internal.runtime.methods.InterpretedMethod.call(Lorg/jruby/runtime/ThreadContext;Lorg/jruby/runtime/builtin/IRubyObject;Lorg/jruby/RubyModule;Ljava/lang/String;)Lorg/jruby/runtime/builtin/IRubyObject;+80
j  org.jruby.internal.runtime.methods.DefaultMethod.call(Lorg/jruby/runtime/ThreadContext;Lorg/jruby/runtime/builtin/IRubyObject;Lorg/jruby/RubyModule;Ljava/lang/String;)Lorg/jruby/runtime/builtin/IRubyObject;+20
J  org.jruby.ast.CallNoArgNode.interpret(Lorg/jruby/Ruby;Lorg/jruby/runtime/ThreadContext;Lorg/jruby/runtime/builtin/IRubyObject;Lorg/jruby/runtime/Block;)Lorg/jruby/runtime/builtin/IRubyObject;
j  org.jruby.ast.FCallTwoArgNode.interpret(Lorg/jruby/Ruby;Lorg/jruby/runtime/ThreadContext;Lorg/jruby/runtime/builtin/IRubyObject;Lorg/jruby/runtime/Block;)Lorg/jruby/runtime/builtin/IRubyObject;+28
J  org.jruby.ast.BlockNode.interpret(Lorg/jruby/Ruby;Lorg/jruby/runtime/ThreadContext;Lorg/jruby/runtime/builtin/IRubyObject;Lorg/jruby/runtime/Block;)Lorg/jruby/runtime/builtin/IRubyObject;
j  org.jruby.evaluator.ASTInterpreter.INTERPRET_METHOD(Lorg/jruby/Ruby;Lorg/jruby/runtime/ThreadContext;Ljava/lang/String;ILorg/jruby/RubyModule;Lorg/jruby/ast/Node;Ljava/lang/String;Lorg/jruby/runtime/builtin/IRubyObject;Lorg/jruby/runtime/Block;Z)Lorg/jruby/runtime/builtin/IRubyObject;+30
j  org.jruby.internal.runtime.methods.InterpretedMethod.call(Lorg/jruby/runtime/ThreadContext;Lorg/jruby/runtime/builtin/IRubyObject;Lorg/jruby/RubyModule;Ljava/lang/String;)Lorg/jruby/runtime/builtin/IRubyObject;+80
j  org.jruby.internal.runtime.methods.DefaultMethod.call(Lorg/jruby/runtime/ThreadContext;Lorg/jruby/runtime/builtin/IRubyObject;Lorg/jruby/RubyModule;Ljava/lang/String;)Lorg/jruby/runtime/builtin/IRubyObject;+20
j  org.jruby.runtime.callsite.CachingCallSite.cacheAndCall(Lorg/jruby/runtime/builtin/IRubyObject;Lorg/jruby/RubyClass;Lorg/jruby/runtime/ThreadContext;Lorg/jruby/runtime/builtin/IRubyObject;)Lorg/jruby/runtime/builtin/IRubyObject;+53
j  org.jruby.runtime.callsite.CachingCallSite.call(Lorg/jruby/runtime/ThreadContext;Lorg/jruby/runtime/builtin/IRubyObject;Lorg/jruby/runtime/builtin/IRubyObject;)Lorg/jruby/runtime/builtin/IRubyObject;+46
j  Makefile.method__2$RUBY$test(LMakefile;Lorg/jruby/runtime/ThreadContext;Lorg/jruby/runtime/builtin/IRubyObject;Lorg/jruby/runtime/Block;)Lorg/jruby/runtime/builtin/IRubyObject;+130
j  Makefile$method__2$RUBY$test.call(Lorg/jruby/runtime/ThreadContext;Lorg/jruby/runtime/builtin/IRubyObject;Lorg/jruby/RubyModule;Ljava/lang/String;Lorg/jruby/runtime/Block;)Lorg/jruby/runtime/builtin/IRubyObject;+17
j  org.jruby.RubyClass.finvoke(Lorg/jruby/runtime/ThreadContext;Lorg/jruby/runtime/builtin/IRubyObject;Ljava/lang/String;Lorg/jruby/runtime/Block;)Lorg/jruby/runtime/builtin/IRubyObject;+41
j  org.jruby.RubyBasicObject.send19(Lorg/jruby/runtime/ThreadContext;Lorg/jruby/runtime/builtin/IRubyObject;Lorg/jruby/runtime/Block;)Lorg/jruby/runtime/builtin/IRubyObject;+15
j  org.jruby.RubyKernel.send19(Lorg/jruby/runtime/ThreadContext;Lorg/jruby/runtime/builtin/IRubyObject;Lorg/jruby/runtime/builtin/IRubyObject;Lorg/jruby/runtime/Block;)Lorg/jruby/runtime/builtin/IRubyObject;+7
j  org.jruby.RubyKernel$INVOKER$s$send19.call(Lorg/jruby/runtime/ThreadContext;Lorg/jruby/runtime/builtin/IRubyObject;Lorg/jruby/RubyModule;Ljava/lang/String;Lorg/jruby/runtime/builtin/IRubyObject;Lorg/jruby/runtime/Block;)Lorg/jruby/runtime/builtin/IRubyObject;+6
j  org.jruby.internal.runtime.methods.JavaMethod$JavaMethodOneOrNBlock.call(Lorg/jruby/runtime/ThreadContext;Lorg/jruby/runtime/builtin/IRubyObject;Lorg/jruby/RubyModule;Ljava/lang/String;Lorg/jruby/runtime/builtin/IRubyObject;)Lorg/jruby/runtime/builtin/IRubyObject;+11
j  org.jruby.runtime.callsite.CachingCallSite.call(Lorg/jruby/runtime/ThreadContext;Lorg/jruby/runtime/builtin/IRubyObject;Lorg/jruby/runtime/builtin/IRubyObject;Lorg/jruby/runtime/builtin/IRubyObject;)Lorg/jruby/runtime/builtin/IRubyObject;+38
j  Makefile.block_7$RUBY$__file__(LMakefile;Lorg/jruby/runtime/ThreadContext;Lorg/jruby/runtime/builtin/IRubyObject;[Lorg/jruby/runtime/builtin/IRubyObject;Lorg/jruby/runtime/Block;)Lorg/jruby/runtime/builtin/IRubyObject;+46
j  Makefile$block_7$RUBY$__file__.call(Lorg/jruby/runtime/ThreadContext;Lorg/jruby/runtime/builtin/IRubyObject;[Lorg/jruby/runtime/builtin/IRubyObject;Lorg/jruby/runtime/Block;)Lorg/jruby/runtime/builtin/IRubyObject;+9
j  org.jruby.runtime.CompiledBlock19.yield(Lorg/jruby/runtime/ThreadContext;Lorg/jruby/runtime/builtin/IRubyObject;Lorg/jruby/runtime/Binding;Lorg/jruby/runtime/Block$Type;)Lorg/jruby/runtime/builtin/IRubyObject;+52
j  org.jruby.runtime.Block.yield(Lorg/jruby/runtime/ThreadContext;Lorg/jruby/runtime/builtin/IRubyObject;)Lorg/jruby/runtime/builtin/IRubyObject;+14
j  org.jruby.RubyArray.eachCommon(Lorg/jruby/runtime/ThreadContext;Lorg/jruby/runtime/Block;)Lorg/jruby/runtime/builtin/IRubyObject;+41
j  org.jruby.RubyArray.each(Lorg/jruby/runtime/ThreadContext;Lorg/jruby/runtime/Block;)Lorg/jruby/runtime/builtin/IRubyObject;+10
j  org.jruby.RubyArray$INVOKER$i$0$0$each.call(Lorg/jruby/runtime/ThreadContext;Lorg/jruby/runtime/builtin/IRubyObject;Lorg/jruby/RubyModule;Ljava/lang/String;Lorg/jruby/runtime/Block;)Lorg/jruby/runtime/builtin/IRubyObject;+7
j  org.jruby.runtime.callsite.CachingCallSite.cacheAndCall(Lorg/jruby/runtime/builtin/IRubyObject;Lorg/jruby/RubyClass;Lorg/jruby/runtime/Block;Lorg/jruby/runtime/ThreadContext;Lorg/jruby/runtime/builtin/IRubyObject;)Lorg/jruby/runtime/builtin/IRubyObject;+57
j  org.jruby.runtime.callsite.CachingCallSite.callBlock(Lorg/jruby/runtime/ThreadContext;Lorg/jruby/runtime/builtin/IRubyObject;Lorg/jruby/runtime/builtin/IRubyObject;Lorg/jruby/runtime/Block;)Lorg/jruby/runtime/builtin/IRubyObject;+50
j  org.jruby.runtime.callsite.CachingCallSite.callIter(Lorg/jruby/runtime/ThreadContext;Lorg/jruby/runtime/builtin/IRubyObject;Lorg/jruby/runtime/builtin/IRubyObject;Lorg/jruby/runtime/Block;)Lorg/jruby/runtime/builtin/IRubyObject;+6
j  Makefile.__file__(LMakefile;Lorg/jruby/runtime/ThreadContext;Lorg/jruby/runtime/builtin/IRubyObject;[Lorg/jruby/runtime/builtin/IRubyObject;Lorg/jruby/runtime/Block;)Lorg/jruby/runtime/builtin/IRubyObject;+907
j  Makefile.load(Lorg/jruby/runtime/ThreadContext;Lorg/jruby/runtime/builtin/IRubyObject;Z)Lorg/jruby/runtime/builtin/IRubyObject;+22
j  org.jruby.Ruby.runScript(Lorg/jruby/ast/executable/Script;Z)Lorg/jruby/runtime/builtin/IRubyObject;+12
j  org.jruby.Ruby.runScript(Lorg/jruby/ast/executable/Script;)Lorg/jruby/runtime/builtin/IRubyObject;+3
j  org.jruby.Ruby.runNormally(Lorg/jruby/ast/Node;)Lorg/jruby/runtime/builtin/IRubyObject;+73
j  org.jruby.Ruby.runFromMain(Ljava/io/InputStream;Ljava/lang/String;)V+320
j  org.jruby.Main.doRunFromMain(Lorg/jruby/Ruby;Ljava/io/InputStream;Ljava/lang/String;)Lorg/jruby/Main$Status;+12
j  org.jruby.Main.internalRun()Lorg/jruby/Main$Status;+234
j  org.jruby.Main.run([Ljava/lang/String;)Lorg/jruby/Main$Status;+9
j  org.jruby.Main.main([Ljava/lang/String;)V+35
v  ~StubRoutines::call_stub

---------------  P R O C E S S  ---------------

Java Threads: ( => current thread )
  0x00007f0ccc53d000 JavaThread "ReferenceReaper" daemon [_thread_blocked, id=24030, stack(0x00007f0cbe467000,0x00007f0cbe668000)]
  0x00007f0ccc517800 JavaThread "JRubyJIT-2" daemon [_thread_blocked, id=24029, stack(0x00007f0cbe668000,0x00007f0cbe869000)]
  0x00007f0ccc509800 JavaThread "process reaper" daemon [_thread_blocked, id=23945, stack(0x00007f0cbe869000,0x00007f0cbe8a2000)]
  0x00007f0ccc4f9800 JavaThread "JRubyJIT-1" daemon [_thread_blocked, id=23943, stack(0x00007f0cbe8a2000,0x00007f0cbeaa3000)]
  0x00007f0ccc0ae000 JavaThread "Service Thread" daemon [_thread_blocked, id=23941, stack(0x00007f0cc4536000,0x00007f0cc4737000)]
  0x00007f0ccc0ab800 JavaThread "C2 CompilerThread1" daemon [_thread_blocked, id=23940, stack(0x00007f0cc4737000,0x00007f0cc4838000)]
  0x00007f0ccc0a8800 JavaThread "C2 CompilerThread0" daemon [_thread_blocked, id=23939, stack(0x00007f0cc4838000,0x00007f0cc4939000)]
  0x00007f0ccc0a6800 JavaThread "Signal Dispatcher" daemon [_thread_blocked, id=23938, stack(0x00007f0cc4939000,0x00007f0cc4b3a000)]
  0x00007f0ccc082800 JavaThread "Finalizer" daemon [_thread_blocked, id=23937, stack(0x00007f0cc4f34000,0x00007f0cc5135000)]
  0x00007f0ccc080800 JavaThread "Reference Handler" daemon [_thread_blocked, id=23936, stack(0x00007f0cc5135000,0x00007f0cc5336000)]
=>0x00007f0ccc00a800 JavaThread "main" [_thread_in_native, id=23930, stack(0x00007f0cd03c6000,0x00007f0cd05c7000)]

Other Threads:
  0x00007f0ccc07c800 VMThread [stack: 0x00007f0cc5336000,0x00007f0cc5437000] [id=23935]
  0x00007f0ccc0b8800 WatcherThread [stack: 0x00007f0cc4435000,0x00007f0cc4536000] [id=23942]

VM state:not at safepoint (normal execution)

VM Mutex/Monitor currently owned by a thread: None

Heap
 PSYoungGen      total 32768K, used 25334K [0x00000000f5900000, 0x00000000f7b00000, 0x0000000100000000)
  eden space 30720K, 75% used [0x00000000f5900000,0x00000000f6fc03d8,0x00000000f7700000)
  from space 2048K, 99% used [0x00000000f7900000,0x00000000f7afd528,0x00000000f7b00000)
  to   space 2048K, 0% used [0x00000000f7700000,0x00000000f7700000,0x00000000f7900000)
 ParOldGen       total 38400K, used 5866K [0x00000000e0c00000, 0x00000000e3180000, 0x00000000f5900000)
  object space 38400K, 15% used [0x00000000e0c00000,0x00000000e11baa80,0x00000000e3180000)
 PSPermGen       total 25600K, used 25453K [0x00000000d6600000, 0x00000000d7f00000, 0x00000000e0c00000)
  object space 25600K, 99% used [0x00000000d6600000,0x00000000d7edb570,0x00000000d7f00000)

Card table byte_map: [0x00007f0cd0070000,0x00007f0cd01be000] byte_map_base: 0x00007f0ccf9bd000

Polling page: 0x00007f0cd29d4000

Code Cache  [0x00007f0cc817c000, 0x00007f0cc83ec000, 0x00007f0ccb17c000)
 total_blobs=944 nmethods=465 adapters=433 free_code_cache=47382Kb largest_free_block=48481280

Compilation events (10 events):
Event: 3,938 Thread 0x00007f0ccc0a8800 nmethod 467 0x00007f0cc83395d0 code [0x00007f0cc8339700, 0x00007f0cc8339778]
Event: 3,939 Thread 0x00007f0ccc0ab800 nmethod 468 0x00007f0cc8339350 code [0x00007f0cc8339480, 0x00007f0cc8339518]
Event: 3,949 Thread 0x00007f0ccc0a8800  470             org.jruby.runtime.ivars.VariableAccessorField::getVariableAccessorForRead (5 bytes)
Event: 3,950 Thread 0x00007f0ccc0ab800  471             org.jruby.RubyBasicObject::getFFIHandle (12 bytes)
Event: 3,950 Thread 0x00007f0ccc0a8800 nmethod 470 0x00007f0cc8338d90 code [0x00007f0cc8338ec0, 0x00007f0cc8338f18]
Event: 3,950 Thread 0x00007f0ccc0a8800  472             org.jruby.runtime.ivars.VariableTableManager::getFFIHandle (9 bytes)
Event: 3,951 Thread 0x00007f0ccc0a8800 nmethod 472 0x00007f0cc8338a10 code [0x00007f0cc8338b60, 0x00007f0cc8338c38]
Event: 3,951 Thread 0x00007f0ccc0a8800  473             org.jruby.runtime.ivars.VariableTableManager::getFFIHandleAccessorForRead (8 bytes)
Event: 3,951 Thread 0x00007f0ccc0a8800 nmethod 473 0x00007f0cc83387d0 code [0x00007f0cc8338900, 0x00007f0cc8338978]
Event: 3,952 Thread 0x00007f0ccc0ab800 nmethod 471 0x00007f0cc8338410 code [0x00007f0cc8338560, 0x00007f0cc8338658]

GC Heap History (4 events):
Event: 1,363 GC heap before
{Heap before GC invocations=1 (full 0):
 PSYoungGen      total 17408K, used 15360K [0x00000000f5900000, 0x00000000f6c00000, 0x0000000100000000)
  eden space 15360K, 100% used [0x00000000f5900000,0x00000000f6800000,0x00000000f6800000)
  from space 2048K, 0% used [0x00000000f6a00000,0x00000000f6a00000,0x00000000f6c00000)
  to   space 2048K, 0% used [0x00000000f6800000,0x00000000f6800000,0x00000000f6a00000)
 ParOldGen       total 38400K, used 0K [0x00000000e0c00000, 0x00000000e3180000, 0x00000000f5900000)
  object space 38400K, 0% used [0x00000000e0c00000,0x00000000e0c00000,0x00000000e3180000)
 PSPermGen       total 21504K, used 18949K [0x00000000d6600000, 0x00000000d7b00000, 0x00000000e0c00000)
  object space 21504K, 88% used [0x00000000d6600000,0x00000000d78816e8,0x00000000d7b00000)
Event: 1,378 GC heap after
Heap after GC invocations=1 (full 0):
 PSYoungGen      total 17408K, used 2038K [0x00000000f5900000, 0x00000000f7b00000, 0x0000000100000000)
  eden space 15360K, 0% used [0x00000000f5900000,0x00000000f5900000,0x00000000f6800000)
  from space 2048K, 99% used [0x00000000f6800000,0x00000000f69fd8d8,0x00000000f6a00000)
  to   space 2048K, 0% used [0x00000000f7900000,0x00000000f7900000,0x00000000f7b00000)
 ParOldGen       total 38400K, used 3788K [0x00000000e0c00000, 0x00000000e3180000, 0x00000000f5900000)
  object space 38400K, 9% used [0x00000000e0c00000,0x00000000e0fb31a8,0x00000000e3180000)
 PSPermGen       total 21504K, used 18949K [0x00000000d6600000, 0x00000000d7b00000, 0x00000000e0c00000)
  object space 21504K, 88% used [0x00000000d6600000,0x00000000d78816e8,0x00000000d7b00000)
}
Event: 2,380 GC heap before
{Heap before GC invocations=2 (full 0):
 PSYoungGen      total 17408K, used 17398K [0x00000000f5900000, 0x00000000f7b00000, 0x0000000100000000)
  eden space 15360K, 100% used [0x00000000f5900000,0x00000000f6800000,0x00000000f6800000)
  from space 2048K, 99% used [0x00000000f6800000,0x00000000f69fd8d8,0x00000000f6a00000)
  to   space 2048K, 0% used [0x00000000f7900000,0x00000000f7900000,0x00000000f7b00000)
 ParOldGen       total 38400K, used 3788K [0x00000000e0c00000, 0x00000000e3180000, 0x00000000f5900000)
  object space 38400K, 9% used [0x00000000e0c00000,0x00000000e0fb31a8,0x00000000e3180000)
 PSPermGen       total 23552K, used 23438K [0x00000000d6600000, 0x00000000d7d00000, 0x00000000e0c00000)
  object space 23552K, 99% used [0x00000000d6600000,0x00000000d7ce3be8,0x00000000d7d00000)
Event: 2,408 GC heap after
Heap after GC invocations=2 (full 0):
 PSYoungGen      total 32768K, used 2037K [0x00000000f5900000, 0x00000000f7b00000, 0x0000000100000000)
  eden space 30720K, 0% used [0x00000000f5900000,0x00000000f5900000,0x00000000f7700000)
  from space 2048K, 99% used [0x00000000f7900000,0x00000000f7afd528,0x00000000f7b00000)
  to   space 2048K, 0% used [0x00000000f7700000,0x00000000f7700000,0x00000000f7900000)
 ParOldGen       total 38400K, used 5866K [0x00000000e0c00000, 0x00000000e3180000, 0x00000000f5900000)
  object space 38400K, 15% used [0x00000000e0c00000,0x00000000e11baa80,0x00000000e3180000)
 PSPermGen       total 23552K, used 23438K [0x00000000d6600000, 0x00000000d7d00000, 0x00000000e0c00000)
  object space 23552K, 99% used [0x00000000d6600000,0x00000000d7ce3be8,0x00000000d7d00000)
}

Deoptimization events (10 events):
Event: 3,723 Thread 0x00007f0ccc00a800 Uncommon trap: reason=class_check action=maybe_recompile pc=0x00007f0cc8312d3c method=org.jruby.evaluator.ASTInterpreter.INTERPRET_BLOCK(Lorg/jruby/Ruby;Lorg/jruby/runtime/ThreadContext;Ljava/lang/String;ILorg/jruby/ast/Node;Ljava/lang/String;Lorg/jruby/r
Event: 3,789 Thread 0x00007f0ccc00a800 Uncommon trap: reason=unreached action=reinterpret pc=0x00007f0cc81eb044 method=org.jruby.runtime.Helpers.restructureBlockArgs19(Lorg/jruby/runtime/builtin/IRubyObject;Lorg/jruby/runtime/Arity;Lorg/jruby/runtime/Block$Type;ZZ)[Lorg/jruby/runtime/builtin/I
Event: 3,789 Thread 0x00007f0ccc00a800 Uncommon trap: reason=unreached action=reinterpret pc=0x00007f0cc82feb24 method=org.jruby.runtime.Helpers.restructureBlockArgs19(Lorg/jruby/runtime/builtin/IRubyObject;Lorg/jruby/runtime/Arity;Lorg/jruby/runtime/Block$Type;ZZ)[Lorg/jruby/runtime/builtin/I
Event: 3,801 Thread 0x00007f0ccc00a800 Uncommon trap: reason=class_check action=maybe_recompile pc=0x00007f0cc82a0638 method=org.jruby.RubyArray.compare(Lorg/jruby/runtime/ThreadContext;Lorg/jruby/runtime/invokedynamic/MethodNames;Lorg/jruby/runtime/builtin/IRubyObject;)Lorg/jruby/RubyBoolean;
Event: 3,840 Thread 0x00007f0ccc00a800 Uncommon trap: reason=class_check action=maybe_recompile pc=0x00007f0cc82a0638 method=org.jruby.RubyArray.compare(Lorg/jruby/runtime/ThreadContext;Lorg/jruby/runtime/invokedynamic/MethodNames;Lorg/jruby/runtime/builtin/IRubyObject;)Lorg/jruby/RubyBoolean;
Event: 3,892 Thread 0x00007f0ccc00a800 Uncommon trap: reason=class_check action=maybe_recompile pc=0x00007f0cc82a0638 method=org.jruby.RubyArray.compare(Lorg/jruby/runtime/ThreadContext;Lorg/jruby/runtime/invokedynamic/MethodNames;Lorg/jruby/runtime/builtin/IRubyObject;)Lorg/jruby/RubyBoolean;
Event: 3,915 Thread 0x00007f0ccc00a800 Uncommon trap: reason=class_check action=maybe_recompile pc=0x00007f0cc83258ac method=org.jruby.runtime.Block.yield(Lorg/jruby/runtime/ThreadContext;Lorg/jruby/runtime/builtin/IRubyObject;)Lorg/jruby/runtime/builtin/IRubyObject; @ 14
Event: 3,915 Thread 0x00007f0ccc00a800 Uncommon trap: reason=class_check action=maybe_recompile pc=0x00007f0cc83258ac method=org.jruby.runtime.Block.yield(Lorg/jruby/runtime/ThreadContext;Lorg/jruby/runtime/builtin/IRubyObject;)Lorg/jruby/runtime/builtin/IRubyObject; @ 14
Event: 3,915 Thread 0x00007f0ccc00a800 Uncommon trap: reason=class_check action=maybe_recompile pc=0x00007f0cc83258ac method=org.jruby.runtime.Block.yield(Lorg/jruby/runtime/ThreadContext;Lorg/jruby/runtime/builtin/IRubyObject;)Lorg/jruby/runtime/builtin/IRubyObject; @ 14
Event: 3,915 Thread 0x00007f0ccc00a800 Uncommon trap: reason=class_check action=maybe_recompile pc=0x00007f0cc83258ac method=org.jruby.runtime.Block.yield(Lorg/jruby/runtime/ThreadContext;Lorg/jruby/runtime/builtin/IRubyObject;)Lorg/jruby/runtime/builtin/IRubyObject; @ 14

Internal exceptions (10 events):
Event: 3,354 Thread 0x00007f0ccc517800 Threw 0x00000000f65ebb90 at /build/buildd/openjdk-7-7u51-2.4.4/build/openjdk/hotspot/src/share/vm/prims/jvm.cpp:1244
Event: 3,354 Thread 0x00007f0ccc517800 Threw 0x00000000f65ed4c0 at /build/buildd/openjdk-7-7u51-2.4.4/build/openjdk/hotspot/src/share/vm/prims/jvm.cpp:1244
Event: 3,403 Thread 0x00007f0ccc4f9800 Threw 0x00000000f6653a08 at /build/buildd/openjdk-7-7u51-2.4.4/build/openjdk/hotspot/src/share/vm/prims/jvm.cpp:1244
Event: 3,403 Thread 0x00007f0ccc4f9800 Threw 0x00000000f6655388 at /build/buildd/openjdk-7-7u51-2.4.4/build/openjdk/hotspot/src/share/vm/prims/jvm.cpp:1244
Event: 3,407 Thread 0x00007f0ccc4f9800 Threw 0x00000000f682a338 at /build/buildd/openjdk-7-7u51-2.4.4/build/openjdk/hotspot/src/share/vm/prims/jvm.cpp:1244
Event: 3,407 Thread 0x00007f0ccc4f9800 Threw 0x00000000f682bcb0 at /build/buildd/openjdk-7-7u51-2.4.4/build/openjdk/hotspot/src/share/vm/prims/jvm.cpp:1244
Event: 3,410 Thread 0x00007f0ccc4f9800 Threw 0x00000000f6853860 at /build/buildd/openjdk-7-7u51-2.4.4/build/openjdk/hotspot/src/share/vm/prims/jvm.cpp:1244
Event: 3,410 Thread 0x00007f0ccc4f9800 Threw 0x00000000f68554f0 at /build/buildd/openjdk-7-7u51-2.4.4/build/openjdk/hotspot/src/share/vm/prims/jvm.cpp:1244
Event: 3,436 Thread 0x00007f0ccc517800 Threw 0x00000000f690f400 at /build/buildd/openjdk-7-7u51-2.4.4/build/openjdk/hotspot/src/share/vm/prims/jvm.cpp:1244
Event: 3,436 Thread 0x00007f0ccc517800 Threw 0x00000000f6910d80 at /build/buildd/openjdk-7-7u51-2.4.4/build/openjdk/hotspot/src/share/vm/prims/jvm.cpp:1244

Events (10 events):
Event: 3,915 Thread 0x00007f0ccc00a800 DEOPT UNPACKING pc=0x00007f0cc81b5045 sp=0x00007f0cd05c3428 mode 2
Event: 3,915 Thread 0x00007f0ccc00a800 Uncommon trap: trap_request=0xffffffde fr.pc=0x00007f0cc83258ac
Event: 3,915 Thread 0x00007f0ccc00a800 DEOPT PACKING pc=0x00007f0cc83258ac sp=0x00007f0cd05c33e0
Event: 3,915 Thread 0x00007f0ccc00a800 DEOPT UNPACKING pc=0x00007f0cc81b5045 sp=0x00007f0cd05c3428 mode 2
Event: 3,915 Thread 0x00007f0ccc00a800 Uncommon trap: trap_request=0xffffffde fr.pc=0x00007f0cc83258ac
Event: 3,915 Thread 0x00007f0ccc00a800 DEOPT PACKING pc=0x00007f0cc83258ac sp=0x00007f0cd05c33e0
Event: 3,915 Thread 0x00007f0ccc00a800 DEOPT UNPACKING pc=0x00007f0cc81b5045 sp=0x00007f0cd05c3428 mode 2
Event: 3,915 Thread 0x00007f0ccc00a800 Uncommon trap: trap_request=0xffffffde fr.pc=0x00007f0cc83258ac
Event: 3,915 Thread 0x00007f0ccc00a800 DEOPT PACKING pc=0x00007f0cc83258ac sp=0x00007f0cd05c33e0
Event: 3,915 Thread 0x00007f0ccc00a800 DEOPT UNPACKING pc=0x00007f0cc81b5045 sp=0x00007f0cd05c3428 mode 2


Dynamic libraries:
00400000-00401000 r-xp 00000000 08:01 15861394                           /usr/lib/jvm/java-7-openjdk-amd64/jre/bin/java
00600000-00601000 r--p 00000000 08:01 15861394                           /usr/lib/jvm/java-7-openjdk-amd64/jre/bin/java
00601000-00602000 rw-p 00001000 08:01 15861394                           /usr/lib/jvm/java-7-openjdk-amd64/jre/bin/java
02471000-02492000 rw-p 00000000 00:00 0                                  [heap]
d6600000-d7f00000 rw-p 00000000 00:00 0 
d7f00000-e0c00000 rw-p 00000000 00:00 0 
e0c00000-e3180000 rw-p 00000000 00:00 0 
e3180000-f5900000 rw-p 00000000 00:00 0 
f5900000-f7b00000 rw-p 00000000 00:00 0 
f7b00000-100000000 rw-p 00000000 00:00 0 
7f0c78000000-7f0c78021000 rw-p 00000000 00:00 0 
7f0c78021000-7f0c7c000000 ---p 00000000 00:00 0 
7f0c7c000000-7f0c7c021000 rw-p 00000000 00:00 0 
7f0c7c021000-7f0c80000000 ---p 00000000 00:00 0 
7f0c80000000-7f0c80021000 rw-p 00000000 00:00 0 
7f0c80021000-7f0c84000000 ---p 00000000 00:00 0 
7f0c84000000-7f0c84021000 rw-p 00000000 00:00 0 
7f0c84021000-7f0c88000000 ---p 00000000 00:00 0 
7f0c88000000-7f0c88021000 rw-p 00000000 00:00 0 
7f0c88021000-7f0c8c000000 ---p 00000000 00:00 0 
7f0c8c000000-7f0c8c027000 rw-p 00000000 00:00 0 
7f0c8c027000-7f0c90000000 ---p 00000000 00:00 0 
7f0c90000000-7f0c90ad3000 rw-p 00000000 00:00 0 
7f0c90ad3000-7f0c94000000 ---p 00000000 00:00 0 
7f0c94000000-7f0c94021000 rw-p 00000000 00:00 0 
7f0c94021000-7f0c98000000 ---p 00000000 00:00 0 
7f0c98000000-7f0c98021000 rw-p 00000000 00:00 0 
7f0c98021000-7f0c9c000000 ---p 00000000 00:00 0 
7f0c9c000000-7f0c9ce15000 rw-p 00000000 00:00 0 
7f0c9ce15000-7f0ca0000000 ---p 00000000 00:00 0 
7f0ca0000000-7f0ca0021000 rw-p 00000000 00:00 0 
7f0ca0021000-7f0ca4000000 ---p 00000000 00:00 0 
7f0ca4000000-7f0ca4021000 rw-p 00000000 00:00 0 
7f0ca4021000-7f0ca8000000 ---p 00000000 00:00 0 
7f0ca8000000-7f0ca8021000 rw-p 00000000 00:00 0 
7f0ca8021000-7f0cac000000 ---p 00000000 00:00 0 
7f0cac000000-7f0cac021000 rw-p 00000000 00:00 0 
7f0cac021000-7f0cb0000000 ---p 00000000 00:00 0 
7f0cb0000000-7f0cb0021000 rw-p 00000000 00:00 0 
7f0cb0021000-7f0cb4000000 ---p 00000000 00:00 0 
7f0cb8000000-7f0cb8021000 rw-p 00000000 00:00 0 
7f0cb8021000-7f0cbc000000 ---p 00000000 00:00 0 
7f0cbda56000-7f0cbda58000 rw-p 00000000 00:00 0 
7f0cbda58000-7f0cbda5b000 r-xp 00000000 08:01 14162104                   /home/alex/Documents/8vo_Semestre/Geometría Computacional/Lab/practica04/src/lib/librange_tree.so
7f0cbda5b000-7f0cbdc5a000 ---p 00003000 08:01 14162104                   /home/alex/Documents/8vo_Semestre/Geometría Computacional/Lab/practica04/src/lib/librange_tree.so
7f0cbdc5a000-7f0cbdc5b000 r--p 00002000 08:01 14162104                   /home/alex/Documents/8vo_Semestre/Geometría Computacional/Lab/practica04/src/lib/librange_tree.so
7f0cbdc5b000-7f0cbdc5c000 rw-p 00003000 08:01 14162104                   /home/alex/Documents/8vo_Semestre/Geometría Computacional/Lab/practica04/src/lib/librange_tree.so
7f0cbdc5c000-7f0cbdc5f000 r-xp 00000000 08:01 14162103                   /home/alex/Documents/8vo_Semestre/Geometría Computacional/Lab/practica04/src/lib/librb_tree.so
7f0cbdc5f000-7f0cbde5e000 ---p 00003000 08:01 14162103                   /home/alex/Documents/8vo_Semestre/Geometría Computacional/Lab/practica04/src/lib/librb_tree.so
7f0cbde5e000-7f0cbde5f000 r--p 00002000 08:01 14162103                   /home/alex/Documents/8vo_Semestre/Geometría Computacional/Lab/practica04/src/lib/librb_tree.so
7f0cbde5f000-7f0cbde60000 rw-p 00003000 08:01 14162103                   /home/alex/Documents/8vo_Semestre/Geometría Computacional/Lab/practica04/src/lib/librb_tree.so
7f0cbde60000-7f0cbde62000 r-xp 00000000 08:01 14162083                   /home/alex/Documents/8vo_Semestre/Geometría Computacional/Lab/practica04/src/lib/libdouble_linked_list.so
7f0cbde62000-7f0cbe061000 ---p 00002000 08:01 14162083                   /home/alex/Documents/8vo_Semestre/Geometría Computacional/Lab/practica04/src/lib/libdouble_linked_list.so
7f0cbe061000-7f0cbe062000 r--p 00001000 08:01 14162083                   /home/alex/Documents/8vo_Semestre/Geometría Computacional/Lab/practica04/src/lib/libdouble_linked_list.so
7f0cbe062000-7f0cbe063000 rw-p 00002000 08:01 14162083                   /home/alex/Documents/8vo_Semestre/Geometría Computacional/Lab/practica04/src/lib/libdouble_linked_list.so
7f0cbe063000-7f0cbe064000 r-xp 00000000 08:01 14162095                   /home/alex/Documents/8vo_Semestre/Geometría Computacional/Lab/practica04/src/lib/lib2d_points.so
7f0cbe064000-7f0cbe264000 ---p 00001000 08:01 14162095                   /home/alex/Documents/8vo_Semestre/Geometría Computacional/Lab/practica04/src/lib/lib2d_points.so
7f0cbe264000-7f0cbe265000 r--p 00001000 08:01 14162095                   /home/alex/Documents/8vo_Semestre/Geometría Computacional/Lab/practica04/src/lib/lib2d_points.so
7f0cbe265000-7f0cbe266000 rw-p 00002000 08:01 14162095                   /home/alex/Documents/8vo_Semestre/Geometría Computacional/Lab/practica04/src/lib/lib2d_points.so
7f0cbe266000-7f0cbe269000 ---p 00000000 00:00 0 
7f0cbe269000-7f0cbe467000 rw-p 00000000 00:00 0 
7f0cbe467000-7f0cbe46a000 ---p 00000000 00:00 0 
7f0cbe46a000-7f0cbe668000 rw-p 00000000 00:00 0                          [stack:24030]
7f0cbe668000-7f0cbe66b000 ---p 00000000 00:00 0 
7f0cbe66b000-7f0cbe869000 rw-p 00000000 00:00 0                          [stack:24029]
7f0cbe869000-7f0cbe86c000 ---p 00000000 00:00 0 
7f0cbe86c000-7f0cbe8a2000 rw-p 00000000 00:00 0                          [stack:23945]
7f0cbe8a2000-7f0cbe8a5000 ---p 00000000 00:00 0 
7f0cbe8a5000-7f0cbeaa3000 rw-p 00000000 00:00 0                          [stack:23943]
7f0cbeaa3000-7f0cbeaa4000 r-xp 00000000 00:00 0 
7f0cbeaa4000-7f0cbeaab000 r--s 00000000 08:01 16127910                   /usr/lib/x86_64-linux-gnu/gconv/gconv-modules.cache
7f0cbeaab000-7f0cbeabd000 r-xp 00000000 08:01 12059135                   /home/alex/.rbenv/versions/jruby-1.7.10/lib/jni/x86_64-Linux/libjffi-1.2.so
7f0cbeabd000-7f0cbecbc000 ---p 00012000 08:01 12059135                   /home/alex/.rbenv/versions/jruby-1.7.10/lib/jni/x86_64-Linux/libjffi-1.2.so
7f0cbecbc000-7f0cbecbd000 rw-p 00011000 08:01 12059135                   /home/alex/.rbenv/versions/jruby-1.7.10/lib/jni/x86_64-Linux/libjffi-1.2.so
7f0cbecbd000-7f0cbecc0000 r--s 00032000 08:01 15861310                   /usr/lib/jvm/java-7-openjdk-amd64/jre/lib/ext/sunjce_provider.jar
7f0cbecc0000-7f0cbecc4000 r--s 00085000 08:01 15861304                   /usr/lib/jvm/java-7-openjdk-amd64/jre/lib/ext/localedata.jar
7f0cbecc4000-7f0cbed01000 r-xp 00000000 08:01 8130434                    /lib/x86_64-linux-gnu/libpcre.so.3.13.1
7f0cbed01000-7f0cbef01000 ---p 0003d000 08:01 8130434                    /lib/x86_64-linux-gnu/libpcre.so.3.13.1
7f0cbef01000-7f0cbef02000 r--p 0003d000 08:01 8130434                    /lib/x86_64-linux-gnu/libpcre.so.3.13.1
7f0cbef02000-7f0cbef03000 rw-p 0003e000 08:01 8130434                    /lib/x86_64-linux-gnu/libpcre.so.3.13.1
7f0cbef03000-7f0cbef0a000 r-xp 00000000 08:01 15735894                   /usr/lib/x86_64-linux-gnu/libffi.so.6.0.1
7f0cbef0a000-7f0cbf109000 ---p 00007000 08:01 15735894                   /usr/lib/x86_64-linux-gnu/libffi.so.6.0.1
7f0cbf109000-7f0cbf10a000 r--p 00006000 08:01 15735894                   /usr/lib/x86_64-linux-gnu/libffi.so.6.0.1
7f0cbf10a000-7f0cbf10b000 rw-p 00007000 08:01 15735894                   /usr/lib/x86_64-linux-gnu/libffi.so.6.0.1
7f0cbf10b000-7f0cbf121000 r-xp 00000000 08:01 8130457                    /lib/x86_64-linux-gnu/libresolv-2.17.so
7f0cbf121000-7f0cbf321000 ---p 00016000 08:01 8130457                    /lib/x86_64-linux-gnu/libresolv-2.17.so
7f0cbf321000-7f0cbf322000 r--p 00016000 08:01 8130457                    /lib/x86_64-linux-gnu/libresolv-2.17.so
7f0cbf322000-7f0cbf323000 rw-p 00017000 08:01 8130457                    /lib/x86_64-linux-gnu/libresolv-2.17.so
7f0cbf323000-7f0cbf325000 rw-p 00000000 00:00 0 
7f0cbf325000-7f0cbf344000 r-xp 00000000 08:01 8130461                    /lib/x86_64-linux-gnu/libselinux.so.1
7f0cbf344000-7f0cbf544000 ---p 0001f000 08:01 8130461                    /lib/x86_64-linux-gnu/libselinux.so.1
7f0cbf544000-7f0cbf545000 r--p 0001f000 08:01 8130461                    /lib/x86_64-linux-gnu/libselinux.so.1
7f0cbf545000-7f0cbf546000 rw-p 00020000 08:01 8130461                    /lib/x86_64-linux-gnu/libselinux.so.1
7f0cbf546000-7f0cbf547000 rw-p 00000000 00:00 0 
7f0cbf547000-7f0cbf54a000 r-xp 00000000 08:01 15729078                   /usr/lib/x86_64-linux-gnu/libgmodule-2.0.so.0.3800.1
7f0cbf54a000-7f0cbf749000 ---p 00003000 08:01 15729078                   /usr/lib/x86_64-linux-gnu/libgmodule-2.0.so.0.3800.1
7f0cbf749000-7f0cbf74a000 r--p 00002000 08:01 15729078                   /usr/lib/x86_64-linux-gnu/libgmodule-2.0.so.0.3800.1
7f0cbf74a000-7f0cbf74b000 rw-p 00003000 08:01 15729078                   /usr/lib/x86_64-linux-gnu/libgmodule-2.0.so.0.3800.1
7f0cbf74b000-7f0cbf849000 r-xp 00000000 08:01 8130449                    /lib/x86_64-linux-gnu/libglib-2.0.so.0.3800.1
7f0cbf849000-7f0cbfa49000 ---p 000fe000 08:01 8130449                    /lib/x86_64-linux-gnu/libglib-2.0.so.0.3800.1
7f0cbfa49000-7f0cbfa4a000 r--p 000fe000 08:01 8130449                    /lib/x86_64-linux-gnu/libglib-2.0.so.0.3800.1
7f0cbfa4a000-7f0cbfa4b000 rw-p 000ff000 08:01 8130449                    /lib/x86_64-linux-gnu/libglib-2.0.so.0.3800.1
7f0cbfa4b000-7f0cbfa4c000 rw-p 00000000 00:00 0 
7f0cbfa4c000-7f0cbfa9b000 r-xp 00000000 08:01 15729069                   /usr/lib/x86_64-linux-gnu/libgobject-2.0.so.0.3800.1
7f0cbfa9b000-7f0cbfc9b000 ---p 0004f000 08:01 15729069                   /usr/lib/x86_64-linux-gnu/libgobject-2.0.so.0.3800.1
7f0cbfc9b000-7f0cbfc9c000 r--p 0004f000 08:01 15729069                   /usr/lib/x86_64-linux-gnu/libgobject-2.0.so.0.3800.1
7f0cbfc9c000-7f0cbfc9d000 rw-p 00050000 08:01 15729069                   /usr/lib/x86_64-linux-gnu/libgobject-2.0.so.0.3800.1
7f0cbfc9d000-7f0cbfdf9000 r-xp 00000000 08:01 15729043                   /usr/lib/x86_64-linux-gnu/libgio-2.0.so.0.3800.1
7f0cbfdf9000-7f0cbfff8000 ---p 0015c000 08:01 15729043                   /usr/lib/x86_64-linux-gnu/libgio-2.0.so.0.3800.1
7f0cbfff8000-7f0cbfffc000 r--p 0015b000 08:01 15729043                   /usr/lib/x86_64-linux-gnu/libgio-2.0.so.0.3800.1
7f0cbfffc000-7f0cbfffe000 rw-p 0015f000 08:01 15729043                   /usr/lib/x86_64-linux-gnu/libgio-2.0.so.0.3800.1
7f0cbfffe000-7f0cc0000000 rw-p 00000000 00:00 0 
7f0cc0000000-7f0cc0021000 rw-p 00000000 00:00 0 
7f0cc0021000-7f0cc4000000 ---p 00000000 00:00 0 
7f0cc4000000-7f0cc4002000 r--s 00012000 08:01 15861308                   /usr/lib/jvm/java-7-openjdk-amd64/jre/lib/ext/zipfs.jar
7f0cc4002000-7f0cc4004000 r--s 00006000 08:01 16256853                   /usr/share/java/java-atk-wrapper.jar
7f0cc4004000-7f0cc4007000 r--s 0000f000 08:01 15861306                   /usr/lib/jvm/java-7-openjdk-amd64/jre/lib/ext/pulse-java.jar
7f0cc4007000-7f0cc4017000 r-xp 00000000 08:01 15861288                   /usr/lib/jvm/java-7-openjdk-amd64/jre/lib/amd64/libnio.so
7f0cc4017000-7f0cc4217000 ---p 00010000 08:01 15861288                   /usr/lib/jvm/java-7-openjdk-amd64/jre/lib/amd64/libnio.so
7f0cc4217000-7f0cc4218000 r--p 00010000 08:01 15861288                   /usr/lib/jvm/java-7-openjdk-amd64/jre/lib/amd64/libnio.so
7f0cc4218000-7f0cc4219000 rw-p 00011000 08:01 15861288                   /usr/lib/jvm/java-7-openjdk-amd64/jre/lib/amd64/libnio.so
7f0cc4219000-7f0cc422f000 r-xp 00000000 08:01 15861076                   /usr/lib/jvm/java-7-openjdk-amd64/jre/lib/amd64/libnet.so
7f0cc422f000-7f0cc442e000 ---p 00016000 08:01 15861076                   /usr/lib/jvm/java-7-openjdk-amd64/jre/lib/amd64/libnet.so
7f0cc442e000-7f0cc442f000 r--p 00015000 08:01 15861076                   /usr/lib/jvm/java-7-openjdk-amd64/jre/lib/amd64/libnet.so
7f0cc442f000-7f0cc4430000 rw-p 00016000 08:01 15861076                   /usr/lib/jvm/java-7-openjdk-amd64/jre/lib/amd64/libnet.so
7f0cc4430000-7f0cc4435000 r--s 0004c000 08:01 15861296                   /usr/lib/jvm/java-7-openjdk-amd64/jre/lib/jsse.jar
7f0cc4435000-7f0cc4436000 ---p 00000000 00:00 0 
7f0cc4436000-7f0cc4536000 rw-p 00000000 00:00 0                          [stack:23942]
7f0cc4536000-7f0cc4539000 ---p 00000000 00:00 0 
7f0cc4539000-7f0cc4737000 rw-p 00000000 00:00 0                          [stack:23941]
7f0cc4737000-7f0cc473a000 ---p 00000000 00:00 0 
7f0cc473a000-7f0cc4838000 rw-p 00000000 00:00 0                          [stack:23940]
7f0cc4838000-7f0cc483b000 ---p 00000000 00:00 0 
7f0cc483b000-7f0cc4939000 rw-p 00000000 00:00 0                          [stack:23939]
7f0cc4939000-7f0cc493c000 ---p 00000000 00:00 0 
7f0cc493c000-7f0cc4b3a000 rw-p 00000000 00:00 0                          [stack:23938]
7f0cc4b3a000-7f0cc4f34000 r--p 00000000 08:01 15734328                   /usr/lib/locale/locale-archive
7f0cc4f34000-7f0cc4f37000 ---p 00000000 00:00 0 
7f0cc4f37000-7f0cc5135000 rw-p 00000000 00:00 0                          [stack:23937]
7f0cc5135000-7f0cc5138000 ---p 00000000 00:00 0 
7f0cc5138000-7f0cc5336000 rw-p 00000000 00:00 0                          [stack:23936]
7f0cc5336000-7f0cc5337000 ---p 00000000 00:00 0 
7f0cc5337000-7f0cc63f3000 rw-p 00000000 00:00 0                          [stack:23935]
7f0cc63f3000-7f0cc64dc000 r--s 00bb9000 08:01 12059138                   /home/alex/.rbenv/versions/jruby-1.7.10/lib/jruby.jar
7f0cc64dc000-7f0cc668a000 r--s 01cf4000 08:01 15861374                   /usr/lib/jvm/java-7-openjdk-amd64/jre/lib/rt.jar
7f0cc668a000-7f0cc7d78000 rw-p 00000000 00:00 0 
7f0cc7d78000-7f0cc7d79000 ---p 00000000 00:00 0 
7f0cc7d79000-7f0cc7e79000 rw-p 00000000 00:00 0                          [stack:23934]
7f0cc7e79000-7f0cc7e7a000 ---p 00000000 00:00 0 
7f0cc7e7a000-7f0cc7f7a000 rw-p 00000000 00:00 0                          [stack:23933]
7f0cc7f7a000-7f0cc7f7b000 ---p 00000000 00:00 0 
7f0cc7f7b000-7f0cc807b000 rw-p 00000000 00:00 0                          [stack:23932]
7f0cc807b000-7f0cc807c000 ---p 00000000 00:00 0 
7f0cc807c000-7f0cc817c000 rw-p 00000000 00:00 0                          [stack:23931]
7f0cc817c000-7f0cc83ec000 rwxp 00000000 00:00 0 
7f0cc83ec000-7f0ccb17c000 rw-p 00000000 00:00 0 
7f0ccb17c000-7f0ccb184000 r-xp 00000000 08:01 15861025                   /usr/lib/jvm/java-7-openjdk-amd64/jre/lib/amd64/libzip.so
7f0ccb184000-7f0ccb383000 ---p 00008000 08:01 15861025                   /usr/lib/jvm/java-7-openjdk-amd64/jre/lib/amd64/libzip.so
7f0ccb383000-7f0ccb384000 r--p 00007000 08:01 15861025                   /usr/lib/jvm/java-7-openjdk-amd64/jre/lib/amd64/libzip.so
7f0ccb384000-7f0ccb385000 rw-p 00008000 08:01 15861025                   /usr/lib/jvm/java-7-openjdk-amd64/jre/lib/amd64/libzip.so
7f0ccb385000-7f0ccb391000 r-xp 00000000 08:01 8130412                    /lib/x86_64-linux-gnu/libnss_files-2.17.so
7f0ccb391000-7f0ccb590000 ---p 0000c000 08:01 8130412                    /lib/x86_64-linux-gnu/libnss_files-2.17.so
7f0ccb590000-7f0ccb591000 r--p 0000b000 08:01 8130412                    /lib/x86_64-linux-gnu/libnss_files-2.17.so
7f0ccb591000-7f0ccb592000 rw-p 0000c000 08:01 8130412                    /lib/x86_64-linux-gnu/libnss_files-2.17.so
7f0ccb592000-7f0ccb59d000 r-xp 00000000 08:01 8130416                    /lib/x86_64-linux-gnu/libnss_nis-2.17.so
7f0ccb59d000-7f0ccb79c000 ---p 0000b000 08:01 8130416                    /lib/x86_64-linux-gnu/libnss_nis-2.17.so
7f0ccb79c000-7f0ccb79d000 r--p 0000a000 08:01 8130416                    /lib/x86_64-linux-gnu/libnss_nis-2.17.so
7f0ccb79d000-7f0ccb79e000 rw-p 0000b000 08:01 8130416                    /lib/x86_64-linux-gnu/libnss_nis-2.17.so
7f0ccb79e000-7f0ccb7b5000 r-xp 00000000 08:01 8130406                    /lib/x86_64-linux-gnu/libnsl-2.17.so
7f0ccb7b5000-7f0ccb9b4000 ---p 00017000 08:01 8130406                    /lib/x86_64-linux-gnu/libnsl-2.17.so
7f0ccb9b4000-7f0ccb9b5000 r--p 00016000 08:01 8130406                    /lib/x86_64-linux-gnu/libnsl-2.17.so
7f0ccb9b5000-7f0ccb9b6000 rw-p 00017000 08:01 8130406                    /lib/x86_64-linux-gnu/libnsl-2.17.so
7f0ccb9b6000-7f0ccb9b8000 rw-p 00000000 00:00 0 
7f0ccb9b8000-7f0ccb9c0000 r-xp 00000000 08:01 8130408                    /lib/x86_64-linux-gnu/libnss_compat-2.17.so
7f0ccb9c0000-7f0ccbbbf000 ---p 00008000 08:01 8130408                    /lib/x86_64-linux-gnu/libnss_compat-2.17.so
7f0ccbbbf000-7f0ccbbc0000 r--p 00007000 08:01 8130408                    /lib/x86_64-linux-gnu/libnss_compat-2.17.so
7f0ccbbc0000-7f0ccbbc1000 rw-p 00008000 08:01 8130408                    /lib/x86_64-linux-gnu/libnss_compat-2.17.so
7f0ccbbc1000-7f0ccbbec000 r-xp 00000000 08:01 15860951                   /usr/lib/jvm/java-7-openjdk-amd64/jre/lib/amd64/libjava.so
7f0ccbbec000-7f0ccbdeb000 ---p 0002b000 08:01 15860951                   /usr/lib/jvm/java-7-openjdk-amd64/jre/lib/amd64/libjava.so
7f0ccbdeb000-7f0ccbdec000 r--p 0002a000 08:01 15860951                   /usr/lib/jvm/java-7-openjdk-amd64/jre/lib/amd64/libjava.so
7f0ccbdec000-7f0ccbdee000 rw-p 0002b000 08:01 15860951                   /usr/lib/jvm/java-7-openjdk-amd64/jre/lib/amd64/libjava.so
7f0ccbdee000-7f0ccbdfe000 r-xp 00000000 08:01 15861265                   /usr/lib/jvm/java-7-openjdk-amd64/jre/lib/amd64/libverify.so
7f0ccbdfe000-7f0ccbffd000 ---p 00010000 08:01 15861265                   /usr/lib/jvm/java-7-openjdk-amd64/jre/lib/amd64/libverify.so
7f0ccbffd000-7f0ccbfff000 r--p 0000f000 08:01 15861265                   /usr/lib/jvm/java-7-openjdk-amd64/jre/lib/amd64/libverify.so
7f0ccbfff000-7f0ccc000000 rw-p 00011000 08:01 15861265                   /usr/lib/jvm/java-7-openjdk-amd64/jre/lib/amd64/libverify.so
7f0ccc000000-7f0ccc606000 rw-p 00000000 00:00 0 
7f0ccc606000-7f0cd0000000 ---p 00000000 00:00 0 
7f0cd0000000-7f0cd007d000 rw-p 00000000 00:00 0 
7f0cd007d000-7f0cd00c3000 rw-p 00000000 00:00 0 
7f0cd00c3000-7f0cd00d6000 rw-p 00000000 00:00 0 
7f0cd00d6000-7f0cd0169000 rw-p 00000000 00:00 0 
7f0cd0169000-7f0cd017b000 rw-p 00000000 00:00 0 
7f0cd017b000-7f0cd01bd000 rw-p 00000000 00:00 0 
7f0cd01bd000-7f0cd01be000 rw-p 00000000 00:00 0 
7f0cd01be000-7f0cd01c5000 r-xp 00000000 08:01 8130459                    /lib/x86_64-linux-gnu/librt-2.17.so
7f0cd01c5000-7f0cd03c4000 ---p 00007000 08:01 8130459                    /lib/x86_64-linux-gnu/librt-2.17.so
7f0cd03c4000-7f0cd03c5000 r--p 00006000 08:01 8130459                    /lib/x86_64-linux-gnu/librt-2.17.so
7f0cd03c5000-7f0cd03c6000 rw-p 00007000 08:01 8130459                    /lib/x86_64-linux-gnu/librt-2.17.so
7f0cd03c6000-7f0cd03c9000 ---p 00000000 00:00 0 
7f0cd03c9000-7f0cd05c7000 rw-p 00000000 00:00 0                          [stack:23930]
7f0cd05c7000-7f0cd05dc000 r-xp 00000000 08:01 8126477                    /lib/x86_64-linux-gnu/libgcc_s.so.1
7f0cd05dc000-7f0cd07db000 ---p 00015000 08:01 8126477                    /lib/x86_64-linux-gnu/libgcc_s.so.1
7f0cd07db000-7f0cd07dc000 r--p 00014000 08:01 8126477                    /lib/x86_64-linux-gnu/libgcc_s.so.1
7f0cd07dc000-7f0cd07dd000 rw-p 00015000 08:01 8126477                    /lib/x86_64-linux-gnu/libgcc_s.so.1
7f0cd07dd000-7f0cd08e0000 r-xp 00000000 08:01 8130387                    /lib/x86_64-linux-gnu/libm-2.17.so
7f0cd08e0000-7f0cd0adf000 ---p 00103000 08:01 8130387                    /lib/x86_64-linux-gnu/libm-2.17.so
7f0cd0adf000-7f0cd0ae0000 r--p 00102000 08:01 8130387                    /lib/x86_64-linux-gnu/libm-2.17.so
7f0cd0ae0000-7f0cd0ae1000 rw-p 00103000 08:01 8130387                    /lib/x86_64-linux-gnu/libm-2.17.so
7f0cd0ae1000-7f0cd0bc7000 r-xp 00000000 08:01 15729831                   /usr/lib/x86_64-linux-gnu/libstdc++.so.6.0.18
7f0cd0bc7000-7f0cd0dc6000 ---p 000e6000 08:01 15729831                   /usr/lib/x86_64-linux-gnu/libstdc++.so.6.0.18
7f0cd0dc6000-7f0cd0dce000 r--p 000e5000 08:01 15729831                   /usr/lib/x86_64-linux-gnu/libstdc++.so.6.0.18
7f0cd0dce000-7f0cd0dd0000 rw-p 000ed000 08:01 15729831                   /usr/lib/x86_64-linux-gnu/libstdc++.so.6.0.18
7f0cd0dd0000-7f0cd0de5000 rw-p 00000000 00:00 0 
7f0cd0de5000-7f0cd18c4000 r-xp 00000000 08:01 15861284                   /usr/lib/jvm/java-7-openjdk-amd64/jre/lib/amd64/server/libjvm.so
7f0cd18c4000-7f0cd1ac3000 ---p 00adf000 08:01 15861284                   /usr/lib/jvm/java-7-openjdk-amd64/jre/lib/amd64/server/libjvm.so
7f0cd1ac3000-7f0cd1b55000 r--p 00ade000 08:01 15861284                   /usr/lib/jvm/java-7-openjdk-amd64/jre/lib/amd64/server/libjvm.so
7f0cd1b55000-7f0cd1b78000 rw-p 00b70000 08:01 15861284                   /usr/lib/jvm/java-7-openjdk-amd64/jre/lib/amd64/server/libjvm.so
7f0cd1b78000-7f0cd1ba5000 rw-p 00000000 00:00 0 
7f0cd1ba5000-7f0cd1bbd000 r-xp 00000000 08:01 8130494                    /lib/x86_64-linux-gnu/libz.so.1.2.8
7f0cd1bbd000-7f0cd1dbc000 ---p 00018000 08:01 8130494                    /lib/x86_64-linux-gnu/libz.so.1.2.8
7f0cd1dbc000-7f0cd1dbd000 r--p 00017000 08:01 8130494                    /lib/x86_64-linux-gnu/libz.so.1.2.8
7f0cd1dbd000-7f0cd1dbe000 rw-p 00018000 08:01 8130494                    /lib/x86_64-linux-gnu/libz.so.1.2.8
7f0cd1dbe000-7f0cd1dd5000 r-xp 00000000 08:01 8130451                    /lib/x86_64-linux-gnu/libpthread-2.17.so
7f0cd1dd5000-7f0cd1fd5000 ---p 00017000 08:01 8130451                    /lib/x86_64-linux-gnu/libpthread-2.17.so
7f0cd1fd5000-7f0cd1fd6000 r--p 00017000 08:01 8130451                    /lib/x86_64-linux-gnu/libpthread-2.17.so
7f0cd1fd6000-7f0cd1fd7000 rw-p 00018000 08:01 8130451                    /lib/x86_64-linux-gnu/libpthread-2.17.so
7f0cd1fd7000-7f0cd1fdb000 rw-p 00000000 00:00 0 
7f0cd1fdb000-7f0cd1fde000 r-xp 00000000 08:01 8130351                    /lib/x86_64-linux-gnu/libdl-2.17.so
7f0cd1fde000-7f0cd21dd000 ---p 00003000 08:01 8130351                    /lib/x86_64-linux-gnu/libdl-2.17.so
7f0cd21dd000-7f0cd21de000 r--p 00002000 08:01 8130351                    /lib/x86_64-linux-gnu/libdl-2.17.so
7f0cd21de000-7f0cd21df000 rw-p 00003000 08:01 8130351                    /lib/x86_64-linux-gnu/libdl-2.17.so
7f0cd21df000-7f0cd239c000 r-xp 00000000 08:01 8130336                    /lib/x86_64-linux-gnu/libc-2.17.so
7f0cd239c000-7f0cd259c000 ---p 001bd000 08:01 8130336                    /lib/x86_64-linux-gnu/libc-2.17.so
7f0cd259c000-7f0cd25a0000 r--p 001bd000 08:01 8130336                    /lib/x86_64-linux-gnu/libc-2.17.so
7f0cd25a0000-7f0cd25a2000 rw-p 001c1000 08:01 8130336                    /lib/x86_64-linux-gnu/libc-2.17.so
7f0cd25a2000-7f0cd25a7000 rw-p 00000000 00:00 0 
7f0cd25a7000-7f0cd25b4000 r-xp 00000000 08:01 15861291                   /usr/lib/jvm/java-7-openjdk-amd64/jre/lib/amd64/jli/libjli.so
7f0cd25b4000-7f0cd27b3000 ---p 0000d000 08:01 15861291                   /usr/lib/jvm/java-7-openjdk-amd64/jre/lib/amd64/jli/libjli.so
7f0cd27b3000-7f0cd27b4000 r--p 0000c000 08:01 15861291                   /usr/lib/jvm/java-7-openjdk-amd64/jre/lib/amd64/jli/libjli.so
7f0cd27b4000-7f0cd27b5000 rw-p 0000d000 08:01 15861291                   /usr/lib/jvm/java-7-openjdk-amd64/jre/lib/amd64/jli/libjli.so
7f0cd27b5000-7f0cd27d8000 r-xp 00000000 08:01 8130312                    /lib/x86_64-linux-gnu/ld-2.17.so
7f0cd27d8000-7f0cd27dc000 r--s 0003b000 08:01 15861316                   /usr/lib/jvm/java-7-openjdk-amd64/jre/lib/ext/sunpkcs11.jar
7f0cd27dc000-7f0cd280a000 rw-p 00000000 00:00 0 
7f0cd280a000-7f0cd2850000 rw-p 00000000 00:00 0 
7f0cd2850000-7f0cd2863000 rw-p 00000000 00:00 0 
7f0cd2863000-7f0cd28f7000 rw-p 00000000 00:00 0 
7f0cd28f7000-7f0cd2901000 rw-p 00000000 00:00 0 
7f0cd2901000-7f0cd29b7000 rw-p 00000000 00:00 0 
7f0cd29b7000-7f0cd29bc000 rw-p 00000000 00:00 0 
7f0cd29bc000-7f0cd29bd000 r--s 00002000 08:01 15861314                   /usr/lib/jvm/java-7-openjdk-amd64/jre/lib/ext/dnsns.jar
7f0cd29bd000-7f0cd29cb000 rw-p 00000000 00:00 0 
7f0cd29cb000-7f0cd29d3000 rw-s 00000000 08:01 6029327                    /tmp/hsperfdata_alex/23905
7f0cd29d3000-7f0cd29d4000 rw-p 00000000 00:00 0 
7f0cd29d4000-7f0cd29d5000 r--p 00000000 00:00 0 
7f0cd29d5000-7f0cd29d7000 rw-p 00000000 00:00 0 
7f0cd29d7000-7f0cd29d8000 r--p 00022000 08:01 8130312                    /lib/x86_64-linux-gnu/ld-2.17.so
7f0cd29d8000-7f0cd29da000 rw-p 00023000 08:01 8130312                    /lib/x86_64-linux-gnu/ld-2.17.so
7fff8d024000-7fff8d045000 rw-p 00000000 00:00 0                          [stack]
7fff8d085000-7fff8d087000 r-xp 00000000 00:00 0                          [vdso]
ffffffffff600000-ffffffffff601000 r-xp 00000000 00:00 0                  [vsyscall]

VM Arguments:
jvm_args: -Djdk.home= -Djruby.home=/home/alex/.rbenv/versions/jruby-1.7.10 -Djruby.script=jruby -Djruby.shell=/bin/sh -Djffi.boot.library.path=/home/alex/.rbenv/versions/jruby-1.7.10/lib/jni:/home/alex/.rbenv/versions/jruby-1.7.10/lib/jni/i386-Linux:/home/alex/.rbenv/versions/jruby-1.7.10/lib/jni/arm-Linux:/home/alex/.rbenv/versions/jruby-1.7.10/lib/jni/x86_64-Linux -Xmx500m -Xss2048k -Xbootclasspath/a:/home/alex/.rbenv/versions/jruby-1.7.10/lib/jruby.jar 
java_command: org/jruby/Main Makefile.rb clean compile test clean
Launcher Type: SUN_STANDARD

Environment Variables:
PATH=/home/alex/.rbenv/versions/jruby-1.7.10/bin:/home/alex/.rbenv/libexec:/home/alex/.rbenv/plugins/ruby-build/bin:/home/alex/.rbenv/shims:~/.rbenv/bin:~/.rbenv/bin:/usr/local/sbin:/usr/local/bin:/usr/sbin:/usr/bin:/sbin:/bin:/usr/games:/usr/local/games
USERNAME=alex
SHELL=/bin/bash
DISPLAY=:0

Signal Handlers:
SIGSEGV: [libjvm.so+0x916ea0], sa_mask[0]=0x7ffbfeff, sa_flags=0x10000004
SIGBUS: [libjvm.so+0x916ea0], sa_mask[0]=0x7ffbfeff, sa_flags=0x10000004
SIGFPE: [libjvm.so+0x794800], sa_mask[0]=0x7ffbfeff, sa_flags=0x10000004
SIGPIPE: [libjvm.so+0x794800], sa_mask[0]=0x7ffbfeff, sa_flags=0x10000004
SIGXFSZ: [libjvm.so+0x794800], sa_mask[0]=0x7ffbfeff, sa_flags=0x10000004
SIGILL: [libjvm.so+0x794800], sa_mask[0]=0x7ffbfeff, sa_flags=0x10000004
SIGUSR1: SIG_DFL, sa_mask[0]=0x00000000, sa_flags=0x00000000
SIGUSR2: [libjvm.so+0x7946a0], sa_mask[0]=0x00000000, sa_flags=0x10000004
SIGHUP: [libjvm.so+0x794880], sa_mask[0]=0x7ffbfeff, sa_flags=0x10000004
SIGINT: [libjvm.so+0x794880], sa_mask[0]=0x7ffbfeff, sa_flags=0x10000004
SIGTERM: [libjvm.so+0x794880], sa_mask[0]=0x7ffbfeff, sa_flags=0x10000004
SIGQUIT: [libjvm.so+0x794880], sa_mask[0]=0x7ffbfeff, sa_flags=0x10000004


---------------  S Y S T E M  ---------------

OS:LinuxMint 16 (petra)
uname:Linux 3.11.0-12-generic #19-Ubuntu SMP Wed Oct 9 16:20:46 UTC 2013 x86_64
libc:glibc 2.17 NPTL 2.17 
rlimit: STACK 8192k, CORE 0k, NPROC 28798, NOFILE 4096, AS infinity
load average:0,98 0,49 0,28

/proc/meminfo:
MemTotal:        3715476 kB
MemFree:         1463392 kB
Buffers:          194376 kB
Cached:          1077840 kB
SwapCached:            0 kB
Active:          1299276 kB
Inactive:         751196 kB
Active(anon):     779928 kB
Inactive(anon):   171292 kB
Active(file):     519348 kB
Inactive(file):   579904 kB
Unevictable:          52 kB
Mlocked:              52 kB
SwapTotal:       3856380 kB
SwapFree:        3856380 kB
Dirty:               188 kB
Writeback:             0 kB
AnonPages:        778428 kB
Mapped:           177808 kB
Shmem:            172968 kB
Slab:             128464 kB
SReclaimable:     101688 kB
SUnreclaim:        26776 kB
KernelStack:        3448 kB
PageTables:        24648 kB
NFS_Unstable:          0 kB
Bounce:                0 kB
WritebackTmp:          0 kB
CommitLimit:     5714116 kB
Committed_AS:    3125092 kB
VmallocTotal:   34359738367 kB
VmallocUsed:      414316 kB
VmallocChunk:   34359319548 kB
HardwareCorrupted:     0 kB
AnonHugePages:         0 kB
HugePages_Total:       0
HugePages_Free:        0
HugePages_Rsvd:        0
HugePages_Surp:        0
Hugepagesize:       2048 kB
DirectMap4k:       58576 kB
DirectMap2M:     3799040 kB


CPU:total 4 (2 cores per cpu, 2 threads per core) family 6 model 37 stepping 5, cmov, cx8, fxsr, mmx, sse, sse2, sse3, ssse3, sse4.1, sse4.2, popcnt, ht, tsc, tscinvbit

/proc/cpuinfo:
processor	: 0
vendor_id	: GenuineIntel
cpu family	: 6
model		: 37
model name	: Intel(R) Core(TM) i3 CPU       M 380  @ 2.53GHz
stepping	: 5
microcode	: 0x2
cpu MHz		: 2533.000
cache size	: 3072 KB
physical id	: 0
siblings	: 4
core id		: 0
cpu cores	: 2
apicid		: 0
initial apicid	: 0
fpu		: yes
fpu_exception	: yes
cpuid level	: 11
wp		: yes
flags		: fpu vme de pse tsc msr pae mce cx8 apic sep mtrr pge mca cmov pat pse36 clflush dts acpi mmx fxsr sse sse2 ss ht tm pbe syscall nx rdtscp lm constant_tsc arch_perfmon pebs bts rep_good nopl xtopology nonstop_tsc aperfmperf pni dtes64 monitor ds_cpl vmx est tm2 ssse3 cx16 xtpr pdcm pcid sse4_1 sse4_2 popcnt lahf_lm arat dtherm tpr_shadow vnmi flexpriority ept vpid
bogomips	: 5053.98
clflush size	: 64
cache_alignment	: 64
address sizes	: 36 bits physical, 48 bits virtual
power management:

processor	: 1
vendor_id	: GenuineIntel
cpu family	: 6
model		: 37
model name	: Intel(R) Core(TM) i3 CPU       M 380  @ 2.53GHz
stepping	: 5
microcode	: 0x2
cpu MHz		: 933.000
cache size	: 3072 KB
physical id	: 0
siblings	: 4
core id		: 0
cpu cores	: 2
apicid		: 1
initial apicid	: 1
fpu		: yes
fpu_exception	: yes
cpuid level	: 11
wp		: yes
flags		: fpu vme de pse tsc msr pae mce cx8 apic sep mtrr pge mca cmov pat pse36 clflush dts acpi mmx fxsr sse sse2 ss ht tm pbe syscall nx rdtscp lm constant_tsc arch_perfmon pebs bts rep_good nopl xtopology nonstop_tsc aperfmperf pni dtes64 monitor ds_cpl vmx est tm2 ssse3 cx16 xtpr pdcm pcid sse4_1 sse4_2 popcnt lahf_lm arat dtherm tpr_shadow vnmi flexpriority ept vpid
bogomips	: 5053.98
clflush size	: 64
cache_alignment	: 64
address sizes	: 36 bits physical, 48 bits virtual
power management:

processor	: 2
vendor_id	: GenuineIntel
cpu family	: 6
model		: 37
model name	: Intel(R) Core(TM) i3 CPU       M 380  @ 2.53GHz
stepping	: 5
microcode	: 0x2
cpu MHz		: 933.000
cache size	: 3072 KB
physical id	: 0
siblings	: 4
core id		: 2
cpu cores	: 2
apicid		: 4
initial apicid	: 4
fpu		: yes
fpu_exception	: yes
cpuid level	: 11
wp		: yes
flags		: fpu vme de pse tsc msr pae mce cx8 apic sep mtrr pge mca cmov pat pse36 clflush dts acpi mmx fxsr sse sse2 ss ht tm pbe syscall nx rdtscp lm constant_tsc arch_perfmon pebs bts rep_good nopl xtopology nonstop_tsc aperfmperf pni dtes64 monitor ds_cpl vmx est tm2 ssse3 cx16 xtpr pdcm pcid sse4_1 sse4_2 popcnt lahf_lm arat dtherm tpr_shadow vnmi flexpriority ept vpid
bogomips	: 5053.98
clflush size	: 64
cache_alignment	: 64
address sizes	: 36 bits physical, 48 bits virtual
power management:

processor	: 3
vendor_id	: GenuineIntel
cpu family	: 6
model		: 37
model name	: Intel(R) Core(TM) i3 CPU       M 380  @ 2.53GHz
stepping	: 5
microcode	: 0x2
cpu MHz		: 933.000
cache size	: 3072 KB
physical id	: 0
siblings	: 4
core id		: 2
cpu cores	: 2
apicid		: 5
initial apicid	: 5
fpu		: yes
fpu_exception	: yes
cpuid level	: 11
wp		: yes
flags		: fpu vme de pse tsc msr pae mce cx8 apic sep mtrr pge mca cmov pat pse36 clflush dts acpi mmx fxsr sse sse2 ss ht tm pbe syscall nx rdtscp lm constant_tsc arch_perfmon pebs bts rep_good nopl xtopology nonstop_tsc aperfmperf pni dtes64 monitor ds_cpl vmx est tm2 ssse3 cx16 xtpr pdcm pcid sse4_1 sse4_2 popcnt lahf_lm arat dtherm tpr_shadow vnmi flexpriority ept vpid
bogomips	: 5053.98
clflush size	: 64
cache_alignment	: 64
address sizes	: 36 bits physical, 48 bits virtual
power management:



Memory: 4k page, physical 3715476k(1463392k free), swap 3856380k(3856380k free)

vm_info: OpenJDK 64-Bit Server VM (24.45-b08) for linux-amd64 JRE (1.7.0_51-b00), built on Jan 15 2014 22:02:57 by "buildd" with gcc 4.8.1

time: Fri May 30 20:40:21 2014
elapsed time: 3 seconds

