#
# A fatal error has been detected by the Java Runtime Environment:
#
#  SIGSEGV (0xb) at pc=0x00007f96e2348b42, pid=32264, tid=140286398596864
#
# JRE version: OpenJDK Runtime Environment (7.0_51) (build 1.7.0_51-b00)
# Java VM: OpenJDK 64-Bit Server VM (24.45-b08 mixed mode linux-amd64 compressed oops)
# Problematic frame:
# C  [librange_tree.so+0x1b42]  aux_range_query+0x20f
#
# Failed to write core dump. Core dumps have been disabled. To enable core dumping, try "ulimit -c unlimited" before starting Java again
#
# If you would like to submit a bug report, please include
# instructions on how to reproduce the bug and visit:
#   http://icedtea.classpath.org/bugzilla
# The crash happened outside the Java Virtual Machine in native code.
# See problematic frame for where to report the bug.
#

---------------  T H R E A D  ---------------

Current thread (0x00007f96f400a800):  JavaThread "main" [_thread_in_native, id=32289, stack(0x00007f96f8d48000,0x00007f96f8f49000)]

siginfo:si_signo=SIGSEGV: si_errno=0, si_code=1 (SEGV_MAPERR), si_addr=0x0000000000000018

Registers:
RAX=0x0000000000000000, RBX=0x0000000000000001, RCX=0xffffffffffffffff, RDX=0x00007f96faf249f0
RSP=0x00007f96f8f453a0, RBP=0x00007f96f8f45410, RSI=0x00007f96e8b83000, RDI=0x00000000ffffffff
R8 =0x00007f96faf249f0, R9 =0x0000000000000018, R10=0x0000000000000271, R11=0x0000000000000000
R12=0x0000000000000008, R13=0x0000000000000005, R14=0x00007f96f8f455e0, R15=0x00007f96f8f45470
RIP=0x00007f96e2348b42, EFLAGS=0x0000000000010246, CSGSFS=0x0000000000000033, ERR=0x0000000000000004
  TRAPNO=0x000000000000000e

Top of Stack: (sp=0x00007f96f8f453a0)
0x00007f96f8f453a0:   0000000000000004 4084180000000000
0x00007f96f8f453b0:   00007f96f464f980 40c21d0000000000
0x00007f96f8f453c0:   4084180000000000 40b32f0000000000
0x00007f96f8f453d0:   4096ec0000000000 00007f96f463b670
0x00007f96f8f453e0:   00007f96f8f453f8 00007f96f4643fc0
0x00007f96f8f453f0:   00007f96f463daa0 00007f96e274fb27
0x00007f96f8f45400:   40b32f0000000000 0000000000000001
0x00007f96f8f45410:   00007f96f8f45460 00007f96e2348cf9
0x00007f96f8f45420:   4096ec0000000000 40c21d0000000000
0x00007f96f8f45430:   4084180000000000 40b32f0000000000
0x00007f96f8f45440:   4096ec0000000000 00007f96f463b670
0x00007f96f8f45450:   00007f96f8f45468 00007f96f464f980
0x00007f96f8f45460:   00007f96f8f45470 00007f96e3366a78
0x00007f96f8f45470:   000000000000080e 00007f96f8f456b0
0x00007f96f8f45480:   00007f96f8f45560 00007f96e3366901
0x00007f96f8f45490:   00000000d79635e8 00007f96f8f454f8
0x00007f96f8f454a0:   00007f96f8f453c0 00007f96f8f45510
0x00007f96f8f454b0:   00007f96f8f45520 00007f96f8f45510
0x00007f96f8f454c0:   00007f96f8f45524 00007f96f8f45580
0x00007f96f8f454d0:   00007f96f8f456b0 00007f96e2348c45
0x00007f96f8f454e0:   00007f96f448d580 00007f96f4479cd0
0x00007f96f8f454f0:   0000000400000001 0000000500000005
0x00007f96f8f45500:   00007f96f8f453c0 00000001f8f45548
0x00007f96f8f45510:   0000000000000005 00000000d7ed74b0
0x00007f96f8f45520:   0000000000000001 39e7ac2058ddfd00
0x00007f96f8f45530:   00007f96f400a800 00007f96f8f455c0
0x00007f96f8f45540:   0000000000000000 0000000000000000
0x00007f96f8f45550:   00007f96f8f45780 00007f96f400a800
0x00007f96f8f45560:   00007f96f8f45690 00007f96e3363ddc
0x00007f96f8f45570:   00007f96f8f455c0 00007f96f8f455c0
0x00007f96f8f45580:   00007f96f8f455c0 00007f96f8f455c8
0x00007f96f8f45590:   00007f96f8f455d0 00007f96f8f455d8 

Instructions: (pc=0x00007f96e2348b42)
0x00007f96e2348b22:   00 f2 0f 10 00 66 0f 2e 45 c0 72 4c 48 8d 3d bc
0x00007f96e2348b32:   03 00 00 e8 b6 f3 ff ff 48 8b 45 d8 48 8b 40 10
0x00007f96e2348b42:   48 8b 48 18 48 8b 75 a0 48 8b 55 a8 48 8b 45 b0
0x00007f96e2348b52:   48 89 55 98 f2 0f 10 4d 98 48 89 45 98 f2 0f 10 

Register to memory mapping:

RAX=0x0000000000000000 is an unknown value
RBX=0x0000000000000001 is an unknown value
RCX=0xffffffffffffffff is an unknown value
RDX=0x00007f96faf249f0: <offset 0x3c39f0> in /lib/x86_64-linux-gnu/libc.so.6 at 0x00007f96fab61000
RSP=0x00007f96f8f453a0 is pointing into the stack for thread: 0x00007f96f400a800
RBP=0x00007f96f8f45410 is pointing into the stack for thread: 0x00007f96f400a800
RSI=0x00007f96e8b83000 is an unknown value
RDI=0x00000000ffffffff is an unallocated location in the heap
R8 =0x00007f96faf249f0: <offset 0x3c39f0> in /lib/x86_64-linux-gnu/libc.so.6 at 0x00007f96fab61000
R9 =0x0000000000000018 is an unknown value
R10=0x0000000000000271 is an unknown value
R11=0x0000000000000000 is an unknown value
R12=0x0000000000000008 is an unknown value
R13=0x0000000000000005 is an unknown value
R14=0x00007f96f8f455e0 is pointing into the stack for thread: 0x00007f96f400a800
R15=0x00007f96f8f45470 is pointing into the stack for thread: 0x00007f96f400a800


Stack: [0x00007f96f8d48000,0x00007f96f8f49000],  sp=0x00007f96f8f453a0,  free space=2036k
Native frames: (J=compiled Java code, j=interpreted, Vv=VM code, C=native code)
C  [librange_tree.so+0x1b42]  aux_range_query+0x20f
C  [librange_tree.so+0x1cf9]  two_d_range_query+0xb4
C  [libjffi-1.2.so+0xda78]  ffi_call_unix64+0x4c

Java frames: (J=compiled Java code, j=interpreted, Vv=VM code)
j  com.kenai.jffi.Foreign.invokeArrayReturnLong(JJ[B)J+0
j  com.kenai.jffi.Invoker.invokeLong(Lcom/kenai/jffi/CallContext;JLcom/kenai/jffi/HeapInvocationBuffer;)J+38
j  com.kenai.jffi.Invoker$LP64.invokeAddress(Lcom/kenai/jffi/CallContext;JLcom/kenai/jffi/HeapInvocationBuffer;)J+5
j  com.kenai.jffi.Invoker.invokeAddress(Lcom/kenai/jffi/Function;Lcom/kenai/jffi/HeapInvocationBuffer;)J+10
j  org.jruby.ext.ffi.jffi.DefaultMethodFactory$Pointer64Invoker.invoke(Lorg/jruby/runtime/ThreadContext;Lcom/kenai/jffi/Function;Lcom/kenai/jffi/HeapInvocationBuffer;)Lorg/jruby/runtime/builtin/IRubyObject;+6
j  org.jruby.ext.ffi.jffi.DefaultMethodFactory$ConvertingInvoker.invoke(Lorg/jruby/runtime/ThreadContext;Lcom/kenai/jffi/Function;Lcom/kenai/jffi/HeapInvocationBuffer;)Lorg/jruby/runtime/builtin/IRubyObject;+12
j  org.jruby.ext.ffi.jffi.BufferNativeInvoker.call(Lorg/jruby/runtime/ThreadContext;Lorg/jruby/runtime/builtin/IRubyObject;Lorg/jruby/RubyModule;Ljava/lang/String;[Lorg/jruby/runtime/builtin/IRubyObject;)Lorg/jruby/runtime/builtin/IRubyObject;+160
j  org.jruby.ext.ffi.jffi.DefaultMethod.call(Lorg/jruby/runtime/ThreadContext;Lorg/jruby/runtime/builtin/IRubyObject;Lorg/jruby/RubyModule;Ljava/lang/String;[Lorg/jruby/runtime/builtin/IRubyObject;)Lorg/jruby/runtime/builtin/IRubyObject;+11
j  org.jruby.runtime.callsite.CachingCallSite.call(Lorg/jruby/runtime/ThreadContext;Lorg/jruby/runtime/builtin/IRubyObject;Lorg/jruby/runtime/builtin/IRubyObject;[Lorg/jruby/runtime/builtin/IRubyObject;)Lorg/jruby/runtime/builtin/IRubyObject;+38
j  org.jruby.ast.CallManyArgsNode.interpret(Lorg/jruby/Ruby;Lorg/jruby/runtime/ThreadContext;Lorg/jruby/runtime/builtin/IRubyObject;Lorg/jruby/runtime/Block;)Lorg/jruby/runtime/builtin/IRubyObject;+41
J  org.jruby.ast.DAsgnNode.interpret(Lorg/jruby/Ruby;Lorg/jruby/runtime/ThreadContext;Lorg/jruby/runtime/builtin/IRubyObject;Lorg/jruby/runtime/Block;)Lorg/jruby/runtime/builtin/IRubyObject;
J  org.jruby.runtime.Interpreted19Block.yield(Lorg/jruby/runtime/ThreadContext;Lorg/jruby/runtime/builtin/IRubyObject;Lorg/jruby/runtime/Binding;Lorg/jruby/runtime/Block$Type;)Lorg/jruby/runtime/builtin/IRubyObject;
j  org.jruby.runtime.Interpreted19Block.yieldSpecific(Lorg/jruby/runtime/ThreadContext;Lorg/jruby/runtime/Binding;Lorg/jruby/runtime/Block$Type;)Lorg/jruby/runtime/builtin/IRubyObject;+5
j  org.jruby.runtime.Block.yieldSpecific(Lorg/jruby/runtime/ThreadContext;)Lorg/jruby/runtime/builtin/IRubyObject;+13
j  org.jruby.RubyFixnum.times(Lorg/jruby/runtime/ThreadContext;Lorg/jruby/runtime/Block;)Lorg/jruby/runtime/builtin/IRubyObject;+102
j  org.jruby.RubyFixnum$INVOKER$i$0$0$times.call(Lorg/jruby/runtime/ThreadContext;Lorg/jruby/runtime/builtin/IRubyObject;Lorg/jruby/RubyModule;Ljava/lang/String;Lorg/jruby/runtime/Block;)Lorg/jruby/runtime/builtin/IRubyObject;+7
j  org.jruby.internal.runtime.methods.JavaMethod$JavaMethodZeroBlock.call(Lorg/jruby/runtime/ThreadContext;Lorg/jruby/runtime/builtin/IRubyObject;Lorg/jruby/RubyModule;Ljava/lang/String;[Lorg/jruby/runtime/builtin/IRubyObject;Lorg/jruby/runtime/Block;)Lorg/jruby/runtime/builtin/IRubyObject;+27
j  org.jruby.RubyClass.finvoke(Lorg/jruby/runtime/ThreadContext;Lorg/jruby/runtime/builtin/IRubyObject;Ljava/lang/String;[Lorg/jruby/runtime/builtin/IRubyObject;Lorg/jruby/runtime/Block;)Lorg/jruby/runtime/builtin/IRubyObject;+64
j  org.jruby.runtime.Helpers.invoke(Lorg/jruby/runtime/ThreadContext;Lorg/jruby/runtime/builtin/IRubyObject;Ljava/lang/String;[Lorg/jruby/runtime/builtin/IRubyObject;Lorg/jruby/runtime/Block;)Lorg/jruby/runtime/builtin/IRubyObject;+12
j  org.jruby.RubyBasicObject.callMethod(Lorg/jruby/runtime/ThreadContext;Ljava/lang/String;[Lorg/jruby/runtime/builtin/IRubyObject;Lorg/jruby/runtime/Block;)Lorg/jruby/runtime/builtin/IRubyObject;+6
j  org.jruby.RubyEnumerator.each(Lorg/jruby/runtime/ThreadContext;Lorg/jruby/runtime/Block;)Lorg/jruby/runtime/builtin/IRubyObject;+14
j  org.jruby.RubyEnumerator$INVOKER$i$each.call(Lorg/jruby/runtime/ThreadContext;Lorg/jruby/runtime/builtin/IRubyObject;Lorg/jruby/RubyModule;Ljava/lang/String;Lorg/jruby/runtime/Block;)Lorg/jruby/runtime/builtin/IRubyObject;+7
j  org.jruby.runtime.callsite.CachingCallSite.cacheAndCall(Lorg/jruby/runtime/builtin/IRubyObject;Lorg/jruby/RubyClass;Lorg/jruby/runtime/Block;Lorg/jruby/runtime/ThreadContext;Lorg/jruby/runtime/builtin/IRubyObject;)Lorg/jruby/runtime/builtin/IRubyObject;+57
j  org.jruby.runtime.callsite.CachingCallSite.callBlock(Lorg/jruby/runtime/ThreadContext;Lorg/jruby/runtime/builtin/IRubyObject;Lorg/jruby/runtime/builtin/IRubyObject;Lorg/jruby/runtime/Block;)Lorg/jruby/runtime/builtin/IRubyObject;+50
j  org.jruby.runtime.callsite.CachingCallSite.callIter(Lorg/jruby/runtime/ThreadContext;Lorg/jruby/runtime/builtin/IRubyObject;Lorg/jruby/runtime/builtin/IRubyObject;Lorg/jruby/runtime/Block;)Lorg/jruby/runtime/builtin/IRubyObject;+6
j  org.jruby.ast.CallNoArgBlockNode.interpret(Lorg/jruby/Ruby;Lorg/jruby/runtime/ThreadContext;Lorg/jruby/runtime/builtin/IRubyObject;Lorg/jruby/runtime/Block;)Lorg/jruby/runtime/builtin/IRubyObject;+35
J  org.jruby.ast.BlockNode.interpret(Lorg/jruby/Ruby;Lorg/jruby/runtime/ThreadContext;Lorg/jruby/runtime/builtin/IRubyObject;Lorg/jruby/runtime/Block;)Lorg/jruby/runtime/builtin/IRubyObject;
j  org.jruby.evaluator.ASTInterpreter.INTERPRET_METHOD(Lorg/jruby/Ruby;Lorg/jruby/runtime/ThreadContext;Ljava/lang/String;ILorg/jruby/RubyModule;Lorg/jruby/ast/Node;Ljava/lang/String;Lorg/jruby/runtime/builtin/IRubyObject;Lorg/jruby/runtime/Block;Z)Lorg/jruby/runtime/builtin/IRubyObject;+30
j  org.jruby.internal.runtime.methods.InterpretedMethod.call(Lorg/jruby/runtime/ThreadContext;Lorg/jruby/runtime/builtin/IRubyObject;Lorg/jruby/RubyModule;Ljava/lang/String;)Lorg/jruby/runtime/builtin/IRubyObject;+80
j  org.jruby.internal.runtime.methods.DefaultMethod.call(Lorg/jruby/runtime/ThreadContext;Lorg/jruby/runtime/builtin/IRubyObject;Lorg/jruby/RubyModule;Ljava/lang/String;)Lorg/jruby/runtime/builtin/IRubyObject;+20
J  org.jruby.ast.CallNoArgNode.interpret(Lorg/jruby/Ruby;Lorg/jruby/runtime/ThreadContext;Lorg/jruby/runtime/builtin/IRubyObject;Lorg/jruby/runtime/Block;)Lorg/jruby/runtime/builtin/IRubyObject;
j  org.jruby.ast.FCallTwoArgNode.interpret(Lorg/jruby/Ruby;Lorg/jruby/runtime/ThreadContext;Lorg/jruby/runtime/builtin/IRubyObject;Lorg/jruby/runtime/Block;)Lorg/jruby/runtime/builtin/IRubyObject;+28
J  org.jruby.ast.BlockNode.interpret(Lorg/jruby/Ruby;Lorg/jruby/runtime/ThreadContext;Lorg/jruby/runtime/builtin/IRubyObject;Lorg/jruby/runtime/Block;)Lorg/jruby/runtime/builtin/IRubyObject;
j  org.jruby.evaluator.ASTInterpreter.INTERPRET_METHOD(Lorg/jruby/Ruby;Lorg/jruby/runtime/ThreadContext;Ljava/lang/String;ILorg/jruby/RubyModule;Lorg/jruby/ast/Node;Ljava/lang/String;Lorg/jruby/runtime/builtin/IRubyObject;Lorg/jruby/runtime/Block;Z)Lorg/jruby/runtime/builtin/IRubyObject;+30
j  org.jruby.internal.runtime.methods.InterpretedMethod.call(Lorg/jruby/runtime/ThreadContext;Lorg/jruby/runtime/builtin/IRubyObject;Lorg/jruby/RubyModule;Ljava/lang/String;)Lorg/jruby/runtime/builtin/IRubyObject;+80
j  org.jruby.internal.runtime.methods.DefaultMethod.call(Lorg/jruby/runtime/ThreadContext;Lorg/jruby/runtime/builtin/IRubyObject;Lorg/jruby/RubyModule;Ljava/lang/String;)Lorg/jruby/runtime/builtin/IRubyObject;+20
j  org.jruby.runtime.callsite.CachingCallSite.cacheAndCall(Lorg/jruby/runtime/builtin/IRubyObject;Lorg/jruby/RubyClass;Lorg/jruby/runtime/ThreadContext;Lorg/jruby/runtime/builtin/IRubyObject;)Lorg/jruby/runtime/builtin/IRubyObject;+53
j  org.jruby.runtime.callsite.CachingCallSite.call(Lorg/jruby/runtime/ThreadContext;Lorg/jruby/runtime/builtin/IRubyObject;Lorg/jruby/runtime/builtin/IRubyObject;)Lorg/jruby/runtime/builtin/IRubyObject;+46
j  Makefile.method__2$RUBY$test(LMakefile;Lorg/jruby/runtime/ThreadContext;Lorg/jruby/runtime/builtin/IRubyObject;Lorg/jruby/runtime/Block;)Lorg/jruby/runtime/builtin/IRubyObject;+130
j  Makefile$method__2$RUBY$test.call(Lorg/jruby/runtime/ThreadContext;Lorg/jruby/runtime/builtin/IRubyObject;Lorg/jruby/RubyModule;Ljava/lang/String;Lorg/jruby/runtime/Block;)Lorg/jruby/runtime/builtin/IRubyObject;+17
j  org.jruby.RubyClass.finvoke(Lorg/jruby/runtime/ThreadContext;Lorg/jruby/runtime/builtin/IRubyObject;Ljava/lang/String;Lorg/jruby/runtime/Block;)Lorg/jruby/runtime/builtin/IRubyObject;+41
j  org.jruby.RubyBasicObject.send19(Lorg/jruby/runtime/ThreadContext;Lorg/jruby/runtime/builtin/IRubyObject;Lorg/jruby/runtime/Block;)Lorg/jruby/runtime/builtin/IRubyObject;+15
j  org.jruby.RubyKernel.send19(Lorg/jruby/runtime/ThreadContext;Lorg/jruby/runtime/builtin/IRubyObject;Lorg/jruby/runtime/builtin/IRubyObject;Lorg/jruby/runtime/Block;)Lorg/jruby/runtime/builtin/IRubyObject;+7
j  org.jruby.RubyKernel$INVOKER$s$send19.call(Lorg/jruby/runtime/ThreadContext;Lorg/jruby/runtime/builtin/IRubyObject;Lorg/jruby/RubyModule;Ljava/lang/String;Lorg/jruby/runtime/builtin/IRubyObject;Lorg/jruby/runtime/Block;)Lorg/jruby/runtime/builtin/IRubyObject;+6
j  org.jruby.internal.runtime.methods.JavaMethod$JavaMethodOneOrNBlock.call(Lorg/jruby/runtime/ThreadContext;Lorg/jruby/runtime/builtin/IRubyObject;Lorg/jruby/RubyModule;Ljava/lang/String;Lorg/jruby/runtime/builtin/IRubyObject;)Lorg/jruby/runtime/builtin/IRubyObject;+11
j  org.jruby.runtime.callsite.CachingCallSite.call(Lorg/jruby/runtime/ThreadContext;Lorg/jruby/runtime/builtin/IRubyObject;Lorg/jruby/runtime/builtin/IRubyObject;Lorg/jruby/runtime/builtin/IRubyObject;)Lorg/jruby/runtime/builtin/IRubyObject;+38
j  Makefile.block_7$RUBY$__file__(LMakefile;Lorg/jruby/runtime/ThreadContext;Lorg/jruby/runtime/builtin/IRubyObject;[Lorg/jruby/runtime/builtin/IRubyObject;Lorg/jruby/runtime/Block;)Lorg/jruby/runtime/builtin/IRubyObject;+46
j  Makefile$block_7$RUBY$__file__.call(Lorg/jruby/runtime/ThreadContext;Lorg/jruby/runtime/builtin/IRubyObject;[Lorg/jruby/runtime/builtin/IRubyObject;Lorg/jruby/runtime/Block;)Lorg/jruby/runtime/builtin/IRubyObject;+9
j  org.jruby.runtime.CompiledBlock19.yield(Lorg/jruby/runtime/ThreadContext;Lorg/jruby/runtime/builtin/IRubyObject;Lorg/jruby/runtime/Binding;Lorg/jruby/runtime/Block$Type;)Lorg/jruby/runtime/builtin/IRubyObject;+52
j  org.jruby.runtime.Block.yield(Lorg/jruby/runtime/ThreadContext;Lorg/jruby/runtime/builtin/IRubyObject;)Lorg/jruby/runtime/builtin/IRubyObject;+14
j  org.jruby.RubyArray.eachCommon(Lorg/jruby/runtime/ThreadContext;Lorg/jruby/runtime/Block;)Lorg/jruby/runtime/builtin/IRubyObject;+41
j  org.jruby.RubyArray.each(Lorg/jruby/runtime/ThreadContext;Lorg/jruby/runtime/Block;)Lorg/jruby/runtime/builtin/IRubyObject;+10
j  org.jruby.RubyArray$INVOKER$i$0$0$each.call(Lorg/jruby/runtime/ThreadContext;Lorg/jruby/runtime/builtin/IRubyObject;Lorg/jruby/RubyModule;Ljava/lang/String;Lorg/jruby/runtime/Block;)Lorg/jruby/runtime/builtin/IRubyObject;+7
j  org.jruby.runtime.callsite.CachingCallSite.cacheAndCall(Lorg/jruby/runtime/builtin/IRubyObject;Lorg/jruby/RubyClass;Lorg/jruby/runtime/Block;Lorg/jruby/runtime/ThreadContext;Lorg/jruby/runtime/builtin/IRubyObject;)Lorg/jruby/runtime/builtin/IRubyObject;+57
j  org.jruby.runtime.callsite.CachingCallSite.callBlock(Lorg/jruby/runtime/ThreadContext;Lorg/jruby/runtime/builtin/IRubyObject;Lorg/jruby/runtime/builtin/IRubyObject;Lorg/jruby/runtime/Block;)Lorg/jruby/runtime/builtin/IRubyObject;+50
j  org.jruby.runtime.callsite.CachingCallSite.callIter(Lorg/jruby/runtime/ThreadContext;Lorg/jruby/runtime/builtin/IRubyObject;Lorg/jruby/runtime/builtin/IRubyObject;Lorg/jruby/runtime/Block;)Lorg/jruby/runtime/builtin/IRubyObject;+6
j  Makefile.__file__(LMakefile;Lorg/jruby/runtime/ThreadContext;Lorg/jruby/runtime/builtin/IRubyObject;[Lorg/jruby/runtime/builtin/IRubyObject;Lorg/jruby/runtime/Block;)Lorg/jruby/runtime/builtin/IRubyObject;+907
j  Makefile.load(Lorg/jruby/runtime/ThreadContext;Lorg/jruby/runtime/builtin/IRubyObject;Z)Lorg/jruby/runtime/builtin/IRubyObject;+22
j  org.jruby.Ruby.runScript(Lorg/jruby/ast/executable/Script;Z)Lorg/jruby/runtime/builtin/IRubyObject;+12
j  org.jruby.Ruby.runScript(Lorg/jruby/ast/executable/Script;)Lorg/jruby/runtime/builtin/IRubyObject;+3
j  org.jruby.Ruby.runNormally(Lorg/jruby/ast/Node;)Lorg/jruby/runtime/builtin/IRubyObject;+73
j  org.jruby.Ruby.runFromMain(Ljava/io/InputStream;Ljava/lang/String;)V+320
j  org.jruby.Main.doRunFromMain(Lorg/jruby/Ruby;Ljava/io/InputStream;Ljava/lang/String;)Lorg/jruby/Main$Status;+12
j  org.jruby.Main.internalRun()Lorg/jruby/Main$Status;+234
j  org.jruby.Main.run([Ljava/lang/String;)Lorg/jruby/Main$Status;+9
j  org.jruby.Main.main([Ljava/lang/String;)V+35
v  ~StubRoutines::call_stub

---------------  P R O C E S S  ---------------

Java Threads: ( => current thread )
  0x00007f96f449c000 JavaThread "ReferenceReaper" daemon [_thread_blocked, id=32389, stack(0x00007f96e2d56000,0x00007f96e2f57000)]
  0x00007f96f4478000 JavaThread "JRubyJIT-2" daemon [_thread_blocked, id=32388, stack(0x00007f96e2b55000,0x00007f96e2d56000)]
  0x00007f96f4450000 JavaThread "process reaper" daemon [_thread_blocked, id=32305, stack(0x00007f96e807b000,0x00007f96e80b4000)]
  0x00007f96f4443800 JavaThread "JRubyJIT-1" daemon [_thread_blocked, id=32302, stack(0x00007f96e3158000,0x00007f96e3359000)]
  0x00007f96f40ae000 JavaThread "Service Thread" daemon [_thread_blocked, id=32300, stack(0x00007f96e8e9e000,0x00007f96e909f000)]
  0x00007f96f40ab800 JavaThread "C2 CompilerThread1" daemon [_thread_blocked, id=32299, stack(0x00007f96e909f000,0x00007f96e91a0000)]
  0x00007f96f40a8800 JavaThread "C2 CompilerThread0" daemon [_thread_blocked, id=32298, stack(0x00007f96e91a0000,0x00007f96e92a1000)]
  0x00007f96f40a6800 JavaThread "Signal Dispatcher" daemon [_thread_blocked, id=32297, stack(0x00007f96e92a1000,0x00007f96e94a2000)]
  0x00007f96f4082800 JavaThread "Finalizer" daemon [_thread_blocked, id=32296, stack(0x00007f96e989c000,0x00007f96e9a9d000)]
  0x00007f96f4080800 JavaThread "Reference Handler" daemon [_thread_blocked, id=32295, stack(0x00007f96e9a9d000,0x00007f96e9c9e000)]
=>0x00007f96f400a800 JavaThread "main" [_thread_in_native, id=32289, stack(0x00007f96f8d48000,0x00007f96f8f49000)]

Other Threads:
  0x00007f96f407c800 VMThread [stack: 0x00007f96e9c9e000,0x00007f96e9d9f000] [id=32294]
  0x00007f96f40b8800 WatcherThread [stack: 0x00007f96e8d9d000,0x00007f96e8e9e000] [id=32301]

VM state:not at safepoint (normal execution)

VM Mutex/Monitor currently owned by a thread: None

Heap
 PSYoungGen      total 32768K, used 24147K [0x00000000f5900000, 0x00000000f7b00000, 0x0000000100000000)
  eden space 30720K, 71% used [0x00000000f5900000,0x00000000f6e97800,0x00000000f7700000)
  from space 2048K, 99% used [0x00000000f7900000,0x00000000f7afd528,0x00000000f7b00000)
  to   space 2048K, 0% used [0x00000000f7700000,0x00000000f7700000,0x00000000f7900000)
 ParOldGen       total 38400K, used 5895K [0x00000000e0c00000, 0x00000000e3180000, 0x00000000f5900000)
  object space 38400K, 15% used [0x00000000e0c00000,0x00000000e11c1ed0,0x00000000e3180000)
 PSPermGen       total 25600K, used 25474K [0x00000000d6600000, 0x00000000d7f00000, 0x00000000e0c00000)
  object space 25600K, 99% used [0x00000000d6600000,0x00000000d7ee08d0,0x00000000d7f00000)

Card table byte_map: [0x00007f96f0a9c000,0x00007f96f0bea000] byte_map_base: 0x00007f96f03e9000

Polling page: 0x00007f96fb356000

Code Cache  [0x00007f96f0bea000, 0x00007f96f0e5a000, 0x00007f96f3bea000)
 total_blobs=958 nmethods=479 adapters=433 free_code_cache=47488Kb largest_free_block=48458112

Compilation events (10 events):
Event: 4,032 Thread 0x00007f96f40ab800 nmethod 492 0x00007f96f0c87790 code [0x00007f96f0c878e0, 0x00007f96f0c879d8]
Event: 4,033 Thread 0x00007f96f40ab800  493             org.jruby.ast.StrNode::interpret (13 bytes)
Event: 4,034 Thread 0x00007f96f40ab800 nmethod 493 0x00007f96f0da6c90 code [0x00007f96f0da6de0, 0x00007f96f0da6f78]
Event: 4,043 Thread 0x00007f96f40ab800  494             org.jruby.RubyClass::allocate (81 bytes)
Event: 4,049 Thread 0x00007f96f40ab800 nmethod 494 0x00007f96f0da5f50 code [0x00007f96f0da6100, 0x00007f96f0da6518]
Event: 4,049 Thread 0x00007f96f40a8800 nmethod 490 0x00007f96f0d5a650 code [0x00007f96f0d5a7a0, 0x00007f96f0d5b2f8]
Event: 4,050 Thread 0x00007f96f40ab800  495             org.jruby.ast.CallTwoArgNode::interpret (46 bytes)
Event: 4,059 Thread 0x00007f96f40a8800  496             org.jruby.runtime.scope.OneVarDynamicScope::setArgValues (13 bytes)
Event: 4,060 Thread 0x00007f96f40a8800 nmethod 496 0x00007f96f0c790d0 code [0x00007f96f0c79220, 0x00007f96f0c792b8]
Event: 4,061 Thread 0x00007f96f40ab800 nmethod 495 0x00007f96f0cc8190 code [0x00007f96f0cc8380, 0x00007f96f0cc8a18]

GC Heap History (4 events):
Event: 1,382 GC heap before
{Heap before GC invocations=1 (full 0):
 PSYoungGen      total 17408K, used 15360K [0x00000000f5900000, 0x00000000f6c00000, 0x0000000100000000)
  eden space 15360K, 100% used [0x00000000f5900000,0x00000000f6800000,0x00000000f6800000)
  from space 2048K, 0% used [0x00000000f6a00000,0x00000000f6a00000,0x00000000f6c00000)
  to   space 2048K, 0% used [0x00000000f6800000,0x00000000f6800000,0x00000000f6a00000)
 ParOldGen       total 38400K, used 0K [0x00000000e0c00000, 0x00000000e3180000, 0x00000000f5900000)
  object space 38400K, 0% used [0x00000000e0c00000,0x00000000e0c00000,0x00000000e3180000)
 PSPermGen       total 21504K, used 18950K [0x00000000d6600000, 0x00000000d7b00000, 0x00000000e0c00000)
  object space 21504K, 88% used [0x00000000d6600000,0x00000000d7881898,0x00000000d7b00000)
Event: 1,397 GC heap after
Heap after GC invocations=1 (full 0):
 PSYoungGen      total 17408K, used 2021K [0x00000000f5900000, 0x00000000f7b00000, 0x0000000100000000)
  eden space 15360K, 0% used [0x00000000f5900000,0x00000000f5900000,0x00000000f6800000)
  from space 2048K, 98% used [0x00000000f6800000,0x00000000f69f94c8,0x00000000f6a00000)
  to   space 2048K, 0% used [0x00000000f7900000,0x00000000f7900000,0x00000000f7b00000)
 ParOldGen       total 38400K, used 3804K [0x00000000e0c00000, 0x00000000e3180000, 0x00000000f5900000)
  object space 38400K, 9% used [0x00000000e0c00000,0x00000000e0fb70e8,0x00000000e3180000)
 PSPermGen       total 21504K, used 18950K [0x00000000d6600000, 0x00000000d7b00000, 0x00000000e0c00000)
  object space 21504K, 88% used [0x00000000d6600000,0x00000000d7881898,0x00000000d7b00000)
}
Event: 2,452 GC heap before
{Heap before GC invocations=2 (full 0):
 PSYoungGen      total 17408K, used 17381K [0x00000000f5900000, 0x00000000f7b00000, 0x0000000100000000)
  eden space 15360K, 100% used [0x00000000f5900000,0x00000000f6800000,0x00000000f6800000)
  from space 2048K, 98% used [0x00000000f6800000,0x00000000f69f94c8,0x00000000f6a00000)
  to   space 2048K, 0% used [0x00000000f7900000,0x00000000f7900000,0x00000000f7b00000)
 ParOldGen       total 38400K, used 3804K [0x00000000e0c00000, 0x00000000e3180000, 0x00000000f5900000)
  object space 38400K, 9% used [0x00000000e0c00000,0x00000000e0fb70e8,0x00000000e3180000)
 PSPermGen       total 23552K, used 23438K [0x00000000d6600000, 0x00000000d7d00000, 0x00000000e0c00000)
  object space 23552K, 99% used [0x00000000d6600000,0x00000000d7ce3bb0,0x00000000d7d00000)
Event: 2,479 GC heap after
Heap after GC invocations=2 (full 0):
 PSYoungGen      total 32768K, used 2037K [0x00000000f5900000, 0x00000000f7b00000, 0x0000000100000000)
  eden space 30720K, 0% used [0x00000000f5900000,0x00000000f5900000,0x00000000f7700000)
  from space 2048K, 99% used [0x00000000f7900000,0x00000000f7afd528,0x00000000f7b00000)
  to   space 2048K, 0% used [0x00000000f7700000,0x00000000f7700000,0x00000000f7900000)
 ParOldGen       total 38400K, used 5895K [0x00000000e0c00000, 0x00000000e3180000, 0x00000000f5900000)
  object space 38400K, 15% used [0x00000000e0c00000,0x00000000e11c1ed0,0x00000000e3180000)
 PSPermGen       total 23552K, used 23438K [0x00000000d6600000, 0x00000000d7d00000, 0x00000000e0c00000)
  object space 23552K, 99% used [0x00000000d6600000,0x00000000d7ce3bb0,0x00000000d7d00000)
}

Deoptimization events (10 events):
Event: 3,641 Thread 0x00007f96f400a800 Uncommon trap: reason=class_check action=maybe_recompile pc=0x00007f96f0d7793c method=org.jruby.evaluator.ASTInterpreter.INTERPRET_BLOCK(Lorg/jruby/Ruby;Lorg/jruby/runtime/ThreadContext;Ljava/lang/String;ILorg/jruby/ast/Node;Ljava/lang/String;Lorg/jruby/r
Event: 3,750 Thread 0x00007f96f400a800 Uncommon trap: reason=unreached action=reinterpret pc=0x00007f96f0d73ed0 method=org.jruby.runtime.Helpers.restructureBlockArgs19(Lorg/jruby/runtime/builtin/IRubyObject;Lorg/jruby/runtime/Arity;Lorg/jruby/runtime/Block$Type;ZZ)[Lorg/jruby/runtime/builtin/I
Event: 3,751 Thread 0x00007f96f400a800 Uncommon trap: reason=unreached action=reinterpret pc=0x00007f96f0d60624 method=org.jruby.runtime.Helpers.restructureBlockArgs19(Lorg/jruby/runtime/builtin/IRubyObject;Lorg/jruby/runtime/Arity;Lorg/jruby/runtime/Block$Type;ZZ)[Lorg/jruby/runtime/builtin/I
Event: 3,763 Thread 0x00007f96f400a800 Uncommon trap: reason=class_check action=maybe_recompile pc=0x00007f96f0d2bd78 method=org.jruby.RubyArray.compare(Lorg/jruby/runtime/ThreadContext;Lorg/jruby/runtime/invokedynamic/MethodNames;Lorg/jruby/runtime/builtin/IRubyObject;)Lorg/jruby/RubyBoolean;
Event: 3,789 Thread 0x00007f96f400a800 Uncommon trap: reason=class_check action=maybe_recompile pc=0x00007f96f0d2bd78 method=org.jruby.RubyArray.compare(Lorg/jruby/runtime/ThreadContext;Lorg/jruby/runtime/invokedynamic/MethodNames;Lorg/jruby/runtime/builtin/IRubyObject;)Lorg/jruby/RubyBoolean;
Event: 3,918 Thread 0x00007f96f400a800 Uncommon trap: reason=class_check action=maybe_recompile pc=0x00007f96f0d2bd78 method=org.jruby.RubyArray.compare(Lorg/jruby/runtime/ThreadContext;Lorg/jruby/runtime/invokedynamic/MethodNames;Lorg/jruby/runtime/builtin/IRubyObject;)Lorg/jruby/RubyBoolean;
Event: 3,962 Thread 0x00007f96f400a800 Uncommon trap: reason=class_check action=maybe_recompile pc=0x00007f96f0d8016c method=org.jruby.runtime.Block.yield(Lorg/jruby/runtime/ThreadContext;Lorg/jruby/runtime/builtin/IRubyObject;)Lorg/jruby/runtime/builtin/IRubyObject; @ 14
Event: 3,963 Thread 0x00007f96f400a800 Uncommon trap: reason=class_check action=maybe_recompile pc=0x00007f96f0d8016c method=org.jruby.runtime.Block.yield(Lorg/jruby/runtime/ThreadContext;Lorg/jruby/runtime/builtin/IRubyObject;)Lorg/jruby/runtime/builtin/IRubyObject; @ 14
Event: 3,963 Thread 0x00007f96f400a800 Uncommon trap: reason=class_check action=maybe_recompile pc=0x00007f96f0d8016c method=org.jruby.runtime.Block.yield(Lorg/jruby/runtime/ThreadContext;Lorg/jruby/runtime/builtin/IRubyObject;)Lorg/jruby/runtime/builtin/IRubyObject; @ 14
Event: 3,963 Thread 0x00007f96f400a800 Uncommon trap: reason=class_check action=maybe_recompile pc=0x00007f96f0d8016c method=org.jruby.runtime.Block.yield(Lorg/jruby/runtime/ThreadContext;Lorg/jruby/runtime/builtin/IRubyObject;)Lorg/jruby/runtime/builtin/IRubyObject; @ 14

Internal exceptions (10 events):
Event: 3,307 Thread 0x00007f96f4478000 Threw 0x00000000f63388e0 at /build/buildd/openjdk-7-7u51-2.4.4/build/openjdk/hotspot/src/share/vm/prims/jvm.cpp:1244
Event: 3,307 Thread 0x00007f96f4478000 Threw 0x00000000f633a210 at /build/buildd/openjdk-7-7u51-2.4.4/build/openjdk/hotspot/src/share/vm/prims/jvm.cpp:1244
Event: 3,355 Thread 0x00007f96f4443800 Threw 0x00000000f6386dc0 at /build/buildd/openjdk-7-7u51-2.4.4/build/openjdk/hotspot/src/share/vm/prims/jvm.cpp:1244
Event: 3,355 Thread 0x00007f96f4478000 Threw 0x00000000f64c6098 at /build/buildd/openjdk-7-7u51-2.4.4/build/openjdk/hotspot/src/share/vm/prims/jvm.cpp:1244
Event: 3,355 Thread 0x00007f96f4443800 Threw 0x00000000f6388740 at /build/buildd/openjdk-7-7u51-2.4.4/build/openjdk/hotspot/src/share/vm/prims/jvm.cpp:1244
Event: 3,355 Thread 0x00007f96f4478000 Threw 0x00000000f64c7a10 at /build/buildd/openjdk-7-7u51-2.4.4/build/openjdk/hotspot/src/share/vm/prims/jvm.cpp:1244
Event: 3,359 Thread 0x00007f96f4478000 Threw 0x00000000f65a5260 at /build/buildd/openjdk-7-7u51-2.4.4/build/openjdk/hotspot/src/share/vm/prims/jvm.cpp:1244
Event: 3,359 Thread 0x00007f96f4478000 Threw 0x00000000f65a6c88 at /build/buildd/openjdk-7-7u51-2.4.4/build/openjdk/hotspot/src/share/vm/prims/jvm.cpp:1244
Event: 3,392 Thread 0x00007f96f4443800 Threw 0x00000000f6593490 at /build/buildd/openjdk-7-7u51-2.4.4/build/openjdk/hotspot/src/share/vm/prims/jvm.cpp:1244
Event: 3,392 Thread 0x00007f96f4443800 Threw 0x00000000f6689138 at /build/buildd/openjdk-7-7u51-2.4.4/build/openjdk/hotspot/src/share/vm/prims/jvm.cpp:1244

Events (10 events):
Event: 3,963 Thread 0x00007f96f400a800 DEOPT UNPACKING pc=0x00007f96f0c23045 sp=0x00007f96f8f45428 mode 2
Event: 3,999 Thread 0x00007f96f40ab800 flushing nmethod 0x00007f96f0c5c110
Event: 3,999 Thread 0x00007f96f40a8800 flushing nmethod 0x00007f96f0c61810
Event: 4,002 Thread 0x00007f96f40a8800 flushing nmethod 0x00007f96f0c75dd0
Event: 4,008 Thread 0x00007f96f40a8800 flushing nmethod 0x00007f96f0c790d0
Event: 4,008 Thread 0x00007f96f40a8800 flushing nmethod 0x00007f96f0c81010
Event: 4,009 Thread 0x00007f96f40a8800 flushing nmethod 0x00007f96f0c872d0
Event: 4,009 Thread 0x00007f96f40a8800 flushing nmethod 0x00007f96f0c8b310
Event: 4,010 Thread 0x00007f96f40ab800 flushing nmethod 0x00007f96f0ca7c10
Event: 4,013 Thread 0x00007f96f40a8800 flushing nmethod 0x00007f96f0cc0050


Dynamic libraries:
00400000-00401000 r-xp 00000000 08:01 15861394                           /usr/lib/jvm/java-7-openjdk-amd64/jre/bin/java
00600000-00601000 r--p 00000000 08:01 15861394                           /usr/lib/jvm/java-7-openjdk-amd64/jre/bin/java
00601000-00602000 rw-p 00001000 08:01 15861394                           /usr/lib/jvm/java-7-openjdk-amd64/jre/bin/java
022ba000-022db000 rw-p 00000000 00:00 0                                  [heap]
d6600000-d7f00000 rw-p 00000000 00:00 0 
d7f00000-e0c00000 rw-p 00000000 00:00 0 
e0c00000-e3180000 rw-p 00000000 00:00 0 
e3180000-f5900000 rw-p 00000000 00:00 0 
f5900000-f7b00000 rw-p 00000000 00:00 0 
f7b00000-100000000 rw-p 00000000 00:00 0 
7f96a4000000-7f96a4021000 rw-p 00000000 00:00 0 
7f96a4021000-7f96a8000000 ---p 00000000 00:00 0 
7f96a8000000-7f96a8021000 rw-p 00000000 00:00 0 
7f96a8021000-7f96ac000000 ---p 00000000 00:00 0 
7f96ac000000-7f96ac021000 rw-p 00000000 00:00 0 
7f96ac021000-7f96b0000000 ---p 00000000 00:00 0 
7f96b0000000-7f96b0021000 rw-p 00000000 00:00 0 
7f96b0021000-7f96b4000000 ---p 00000000 00:00 0 
7f96b4000000-7f96b4021000 rw-p 00000000 00:00 0 
7f96b4021000-7f96b8000000 ---p 00000000 00:00 0 
7f96b8000000-7f96b8027000 rw-p 00000000 00:00 0 
7f96b8027000-7f96bc000000 ---p 00000000 00:00 0 
7f96bc000000-7f96bcbad000 rw-p 00000000 00:00 0 
7f96bcbad000-7f96c0000000 ---p 00000000 00:00 0 
7f96c0000000-7f96c0021000 rw-p 00000000 00:00 0 
7f96c0021000-7f96c4000000 ---p 00000000 00:00 0 
7f96c4000000-7f96c4021000 rw-p 00000000 00:00 0 
7f96c4021000-7f96c8000000 ---p 00000000 00:00 0 
7f96c8000000-7f96c8d08000 rw-p 00000000 00:00 0 
7f96c8d08000-7f96cc000000 ---p 00000000 00:00 0 
7f96cc000000-7f96cc021000 rw-p 00000000 00:00 0 
7f96cc021000-7f96d0000000 ---p 00000000 00:00 0 
7f96d0000000-7f96d0021000 rw-p 00000000 00:00 0 
7f96d0021000-7f96d4000000 ---p 00000000 00:00 0 
7f96d4000000-7f96d4021000 rw-p 00000000 00:00 0 
7f96d4021000-7f96d8000000 ---p 00000000 00:00 0 
7f96d8000000-7f96d8021000 rw-p 00000000 00:00 0 
7f96d8021000-7f96dc000000 ---p 00000000 00:00 0 
7f96dc000000-7f96dc021000 rw-p 00000000 00:00 0 
7f96dc021000-7f96e0000000 ---p 00000000 00:00 0 
7f96e2347000-7f96e234a000 r-xp 00000000 08:01 14162142                   /home/alex/Documents/8vo_Semestre/Geometría Computacional/Lab/practica04/src/lib/librange_tree.so
7f96e234a000-7f96e2549000 ---p 00003000 08:01 14162142                   /home/alex/Documents/8vo_Semestre/Geometría Computacional/Lab/practica04/src/lib/librange_tree.so
7f96e2549000-7f96e254a000 r--p 00002000 08:01 14162142                   /home/alex/Documents/8vo_Semestre/Geometría Computacional/Lab/practica04/src/lib/librange_tree.so
7f96e254a000-7f96e254b000 rw-p 00003000 08:01 14162142                   /home/alex/Documents/8vo_Semestre/Geometría Computacional/Lab/practica04/src/lib/librange_tree.so
7f96e254b000-7f96e254e000 r-xp 00000000 08:01 14162104                   /home/alex/Documents/8vo_Semestre/Geometría Computacional/Lab/practica04/src/lib/librb_tree.so
7f96e254e000-7f96e274d000 ---p 00003000 08:01 14162104                   /home/alex/Documents/8vo_Semestre/Geometría Computacional/Lab/practica04/src/lib/librb_tree.so
7f96e274d000-7f96e274e000 r--p 00002000 08:01 14162104                   /home/alex/Documents/8vo_Semestre/Geometría Computacional/Lab/practica04/src/lib/librb_tree.so
7f96e274e000-7f96e274f000 rw-p 00003000 08:01 14162104                   /home/alex/Documents/8vo_Semestre/Geometría Computacional/Lab/practica04/src/lib/librb_tree.so
7f96e274f000-7f96e2751000 r-xp 00000000 08:01 14162095                   /home/alex/Documents/8vo_Semestre/Geometría Computacional/Lab/practica04/src/lib/libdouble_linked_list.so
7f96e2751000-7f96e2950000 ---p 00002000 08:01 14162095                   /home/alex/Documents/8vo_Semestre/Geometría Computacional/Lab/practica04/src/lib/libdouble_linked_list.so
7f96e2950000-7f96e2951000 r--p 00001000 08:01 14162095                   /home/alex/Documents/8vo_Semestre/Geometría Computacional/Lab/practica04/src/lib/libdouble_linked_list.so
7f96e2951000-7f96e2952000 rw-p 00002000 08:01 14162095                   /home/alex/Documents/8vo_Semestre/Geometría Computacional/Lab/practica04/src/lib/libdouble_linked_list.so
7f96e2952000-7f96e2953000 r-xp 00000000 08:01 14162103                   /home/alex/Documents/8vo_Semestre/Geometría Computacional/Lab/practica04/src/lib/lib2d_points.so
7f96e2953000-7f96e2b53000 ---p 00001000 08:01 14162103                   /home/alex/Documents/8vo_Semestre/Geometría Computacional/Lab/practica04/src/lib/lib2d_points.so
7f96e2b53000-7f96e2b54000 r--p 00001000 08:01 14162103                   /home/alex/Documents/8vo_Semestre/Geometría Computacional/Lab/practica04/src/lib/lib2d_points.so
7f96e2b54000-7f96e2b55000 rw-p 00002000 08:01 14162103                   /home/alex/Documents/8vo_Semestre/Geometría Computacional/Lab/practica04/src/lib/lib2d_points.so
7f96e2b55000-7f96e2b58000 ---p 00000000 00:00 0 
7f96e2b58000-7f96e2d56000 rw-p 00000000 00:00 0                          [stack:32388]
7f96e2d56000-7f96e2d59000 ---p 00000000 00:00 0 
7f96e2d59000-7f96e2f57000 rw-p 00000000 00:00 0                          [stack:32389]
7f96e2f57000-7f96e2f5a000 ---p 00000000 00:00 0 
7f96e2f5a000-7f96e3158000 rw-p 00000000 00:00 0 
7f96e3158000-7f96e315b000 ---p 00000000 00:00 0 
7f96e315b000-7f96e3359000 rw-p 00000000 00:00 0                          [stack:32302]
7f96e3359000-7f96e336b000 r-xp 00000000 08:01 12059135                   /home/alex/.rbenv/versions/jruby-1.7.10/lib/jni/x86_64-Linux/libjffi-1.2.so
7f96e336b000-7f96e356a000 ---p 00012000 08:01 12059135                   /home/alex/.rbenv/versions/jruby-1.7.10/lib/jni/x86_64-Linux/libjffi-1.2.so
7f96e356a000-7f96e356b000 rw-p 00011000 08:01 12059135                   /home/alex/.rbenv/versions/jruby-1.7.10/lib/jni/x86_64-Linux/libjffi-1.2.so
7f96e356b000-7f96e357b000 r-xp 00000000 08:01 15861288                   /usr/lib/jvm/java-7-openjdk-amd64/jre/lib/amd64/libnio.so
7f96e357b000-7f96e377b000 ---p 00010000 08:01 15861288                   /usr/lib/jvm/java-7-openjdk-amd64/jre/lib/amd64/libnio.so
7f96e377b000-7f96e377c000 r--p 00010000 08:01 15861288                   /usr/lib/jvm/java-7-openjdk-amd64/jre/lib/amd64/libnio.so
7f96e377c000-7f96e377d000 rw-p 00011000 08:01 15861288                   /usr/lib/jvm/java-7-openjdk-amd64/jre/lib/amd64/libnio.so
7f96e377d000-7f96e37ba000 r-xp 00000000 08:01 8130434                    /lib/x86_64-linux-gnu/libpcre.so.3.13.1
7f96e37ba000-7f96e39ba000 ---p 0003d000 08:01 8130434                    /lib/x86_64-linux-gnu/libpcre.so.3.13.1
7f96e39ba000-7f96e39bb000 r--p 0003d000 08:01 8130434                    /lib/x86_64-linux-gnu/libpcre.so.3.13.1
7f96e39bb000-7f96e39bc000 rw-p 0003e000 08:01 8130434                    /lib/x86_64-linux-gnu/libpcre.so.3.13.1
7f96e39bc000-7f96e39c3000 r-xp 00000000 08:01 15735894                   /usr/lib/x86_64-linux-gnu/libffi.so.6.0.1
7f96e39c3000-7f96e3bc2000 ---p 00007000 08:01 15735894                   /usr/lib/x86_64-linux-gnu/libffi.so.6.0.1
7f96e3bc2000-7f96e3bc3000 r--p 00006000 08:01 15735894                   /usr/lib/x86_64-linux-gnu/libffi.so.6.0.1
7f96e3bc3000-7f96e3bc4000 rw-p 00007000 08:01 15735894                   /usr/lib/x86_64-linux-gnu/libffi.so.6.0.1
7f96e3bc4000-7f96e3bda000 r-xp 00000000 08:01 8130457                    /lib/x86_64-linux-gnu/libresolv-2.17.so
7f96e3bda000-7f96e3dda000 ---p 00016000 08:01 8130457                    /lib/x86_64-linux-gnu/libresolv-2.17.so
7f96e3dda000-7f96e3ddb000 r--p 00016000 08:01 8130457                    /lib/x86_64-linux-gnu/libresolv-2.17.so
7f96e3ddb000-7f96e3ddc000 rw-p 00017000 08:01 8130457                    /lib/x86_64-linux-gnu/libresolv-2.17.so
7f96e3ddc000-7f96e3dde000 rw-p 00000000 00:00 0 
7f96e3dde000-7f96e3dfd000 r-xp 00000000 08:01 8130461                    /lib/x86_64-linux-gnu/libselinux.so.1
7f96e3dfd000-7f96e3ffd000 ---p 0001f000 08:01 8130461                    /lib/x86_64-linux-gnu/libselinux.so.1
7f96e3ffd000-7f96e3ffe000 r--p 0001f000 08:01 8130461                    /lib/x86_64-linux-gnu/libselinux.so.1
7f96e3ffe000-7f96e3fff000 rw-p 00020000 08:01 8130461                    /lib/x86_64-linux-gnu/libselinux.so.1
7f96e3fff000-7f96e4000000 rw-p 00000000 00:00 0 
7f96e4000000-7f96e4021000 rw-p 00000000 00:00 0 
7f96e4021000-7f96e8000000 ---p 00000000 00:00 0 
7f96e807b000-7f96e807e000 ---p 00000000 00:00 0 
7f96e807e000-7f96e80b4000 rw-p 00000000 00:00 0                          [stack:32305]
7f96e80b4000-7f96e80b7000 r-xp 00000000 08:01 15729078                   /usr/lib/x86_64-linux-gnu/libgmodule-2.0.so.0.3800.1
7f96e80b7000-7f96e82b6000 ---p 00003000 08:01 15729078                   /usr/lib/x86_64-linux-gnu/libgmodule-2.0.so.0.3800.1
7f96e82b6000-7f96e82b7000 r--p 00002000 08:01 15729078                   /usr/lib/x86_64-linux-gnu/libgmodule-2.0.so.0.3800.1
7f96e82b7000-7f96e82b8000 rw-p 00003000 08:01 15729078                   /usr/lib/x86_64-linux-gnu/libgmodule-2.0.so.0.3800.1
7f96e82b8000-7f96e83b6000 r-xp 00000000 08:01 8130449                    /lib/x86_64-linux-gnu/libglib-2.0.so.0.3800.1
7f96e83b6000-7f96e85b6000 ---p 000fe000 08:01 8130449                    /lib/x86_64-linux-gnu/libglib-2.0.so.0.3800.1
7f96e85b6000-7f96e85b7000 r--p 000fe000 08:01 8130449                    /lib/x86_64-linux-gnu/libglib-2.0.so.0.3800.1
7f96e85b7000-7f96e85b8000 rw-p 000ff000 08:01 8130449                    /lib/x86_64-linux-gnu/libglib-2.0.so.0.3800.1
7f96e85b8000-7f96e85b9000 rw-p 00000000 00:00 0 
7f96e85b9000-7f96e8608000 r-xp 00000000 08:01 15729069                   /usr/lib/x86_64-linux-gnu/libgobject-2.0.so.0.3800.1
7f96e8608000-7f96e8808000 ---p 0004f000 08:01 15729069                   /usr/lib/x86_64-linux-gnu/libgobject-2.0.so.0.3800.1
7f96e8808000-7f96e8809000 r--p 0004f000 08:01 15729069                   /usr/lib/x86_64-linux-gnu/libgobject-2.0.so.0.3800.1
7f96e8809000-7f96e880a000 rw-p 00050000 08:01 15729069                   /usr/lib/x86_64-linux-gnu/libgobject-2.0.so.0.3800.1
7f96e880a000-7f96e8966000 r-xp 00000000 08:01 15729043                   /usr/lib/x86_64-linux-gnu/libgio-2.0.so.0.3800.1
7f96e8966000-7f96e8b65000 ---p 0015c000 08:01 15729043                   /usr/lib/x86_64-linux-gnu/libgio-2.0.so.0.3800.1
7f96e8b65000-7f96e8b69000 r--p 0015b000 08:01 15729043                   /usr/lib/x86_64-linux-gnu/libgio-2.0.so.0.3800.1
7f96e8b69000-7f96e8b6b000 rw-p 0015f000 08:01 15729043                   /usr/lib/x86_64-linux-gnu/libgio-2.0.so.0.3800.1
7f96e8b6b000-7f96e8b6d000 rw-p 00000000 00:00 0 
7f96e8b82000-7f96e8b85000 rw-p 00000000 00:00 0 
7f96e8b85000-7f96e8b86000 r-xp 00000000 00:00 0 
7f96e8b86000-7f96e8b9c000 r-xp 00000000 08:01 15861076                   /usr/lib/jvm/java-7-openjdk-amd64/jre/lib/amd64/libnet.so
7f96e8b9c000-7f96e8d9b000 ---p 00016000 08:01 15861076                   /usr/lib/jvm/java-7-openjdk-amd64/jre/lib/amd64/libnet.so
7f96e8d9b000-7f96e8d9c000 r--p 00015000 08:01 15861076                   /usr/lib/jvm/java-7-openjdk-amd64/jre/lib/amd64/libnet.so
7f96e8d9c000-7f96e8d9d000 rw-p 00016000 08:01 15861076                   /usr/lib/jvm/java-7-openjdk-amd64/jre/lib/amd64/libnet.so
7f96e8d9d000-7f96e8d9e000 ---p 00000000 00:00 0 
7f96e8d9e000-7f96e8e9e000 rw-p 00000000 00:00 0                          [stack:32301]
7f96e8e9e000-7f96e8ea1000 ---p 00000000 00:00 0 
7f96e8ea1000-7f96e909f000 rw-p 00000000 00:00 0                          [stack:32300]
7f96e909f000-7f96e90a2000 ---p 00000000 00:00 0 
7f96e90a2000-7f96e91a0000 rw-p 00000000 00:00 0                          [stack:32299]
7f96e91a0000-7f96e91a3000 ---p 00000000 00:00 0 
7f96e91a3000-7f96e92a1000 rw-p 00000000 00:00 0                          [stack:32298]
7f96e92a1000-7f96e92a4000 ---p 00000000 00:00 0 
7f96e92a4000-7f96e94a2000 rw-p 00000000 00:00 0                          [stack:32297]
7f96e94a2000-7f96e989c000 r--p 00000000 08:01 15734328                   /usr/lib/locale/locale-archive
7f96e989c000-7f96e989f000 ---p 00000000 00:00 0 
7f96e989f000-7f96e9a9d000 rw-p 00000000 00:00 0                          [stack:32296]
7f96e9a9d000-7f96e9aa0000 ---p 00000000 00:00 0 
7f96e9aa0000-7f96e9c9e000 rw-p 00000000 00:00 0                          [stack:32295]
7f96e9c9e000-7f96e9c9f000 ---p 00000000 00:00 0 
7f96e9c9f000-7f96ec000000 rw-p 00000000 00:00 0                          [stack:32294]
7f96ec000000-7f96ec021000 rw-p 00000000 00:00 0 
7f96ec021000-7f96f0000000 ---p 00000000 00:00 0 
7f96f0000000-7f96f0007000 r--s 00000000 08:01 16127910                   /usr/lib/x86_64-linux-gnu/gconv/gconv-modules.cache
7f96f0007000-7f96f0009000 r--s 00012000 08:01 15861308                   /usr/lib/jvm/java-7-openjdk-amd64/jre/lib/ext/zipfs.jar
7f96f0009000-7f96f000c000 r--s 00032000 08:01 15861310                   /usr/lib/jvm/java-7-openjdk-amd64/jre/lib/ext/sunjce_provider.jar
7f96f000c000-7f96f0010000 r--s 00085000 08:01 15861304                   /usr/lib/jvm/java-7-openjdk-amd64/jre/lib/ext/localedata.jar
7f96f0010000-7f96f0013000 r--s 0000f000 08:01 15861306                   /usr/lib/jvm/java-7-openjdk-amd64/jre/lib/ext/pulse-java.jar
7f96f0013000-7f96f023e000 rw-p 00000000 00:00 0 
7f96f023e000-7f96f0327000 r--s 00bb9000 08:01 12059138                   /home/alex/.rbenv/versions/jruby-1.7.10/lib/jruby.jar
7f96f0327000-7f96f04d5000 r--s 01cf4000 08:01 15861374                   /usr/lib/jvm/java-7-openjdk-amd64/jre/lib/rt.jar
7f96f04d5000-7f96f0698000 rw-p 00000000 00:00 0 
7f96f0698000-7f96f0699000 ---p 00000000 00:00 0 
7f96f0699000-7f96f0799000 rw-p 00000000 00:00 0                          [stack:32293]
7f96f0799000-7f96f079a000 ---p 00000000 00:00 0 
7f96f079a000-7f96f089a000 rw-p 00000000 00:00 0                          [stack:32292]
7f96f089a000-7f96f089b000 ---p 00000000 00:00 0 
7f96f089b000-7f96f099b000 rw-p 00000000 00:00 0                          [stack:32291]
7f96f099b000-7f96f099c000 ---p 00000000 00:00 0 
7f96f099c000-7f96f0aa9000 rw-p 00000000 00:00 0                          [stack:32290]
7f96f0aa9000-7f96f0aef000 rw-p 00000000 00:00 0 
7f96f0aef000-7f96f0b02000 rw-p 00000000 00:00 0 
7f96f0b02000-7f96f0b95000 rw-p 00000000 00:00 0 
7f96f0b95000-7f96f0ba7000 rw-p 00000000 00:00 0 
7f96f0ba7000-7f96f0be9000 rw-p 00000000 00:00 0 
7f96f0be9000-7f96f0bea000 rw-p 00000000 00:00 0 
7f96f0bea000-7f96f0e5a000 rwxp 00000000 00:00 0 
7f96f0e5a000-7f96f3bea000 rw-p 00000000 00:00 0 
7f96f3bea000-7f96f3bf2000 r-xp 00000000 08:01 15861025                   /usr/lib/jvm/java-7-openjdk-amd64/jre/lib/amd64/libzip.so
7f96f3bf2000-7f96f3df1000 ---p 00008000 08:01 15861025                   /usr/lib/jvm/java-7-openjdk-amd64/jre/lib/amd64/libzip.so
7f96f3df1000-7f96f3df2000 r--p 00007000 08:01 15861025                   /usr/lib/jvm/java-7-openjdk-amd64/jre/lib/amd64/libzip.so
7f96f3df2000-7f96f3df3000 rw-p 00008000 08:01 15861025                   /usr/lib/jvm/java-7-openjdk-amd64/jre/lib/amd64/libzip.so
7f96f3df3000-7f96f3dff000 r-xp 00000000 08:01 8130412                    /lib/x86_64-linux-gnu/libnss_files-2.17.so
7f96f3dff000-7f96f3ffe000 ---p 0000c000 08:01 8130412                    /lib/x86_64-linux-gnu/libnss_files-2.17.so
7f96f3ffe000-7f96f3fff000 r--p 0000b000 08:01 8130412                    /lib/x86_64-linux-gnu/libnss_files-2.17.so
7f96f3fff000-7f96f4000000 rw-p 0000c000 08:01 8130412                    /lib/x86_64-linux-gnu/libnss_files-2.17.so
7f96f4000000-7f96f4650000 rw-p 00000000 00:00 0 
7f96f4650000-7f96f8000000 ---p 00000000 00:00 0 
7f96f8000000-7f96f8002000 r--s 00006000 08:01 16256853                   /usr/share/java/java-atk-wrapper.jar
7f96f8002000-7f96f8007000 r--s 0004c000 08:01 15861296                   /usr/lib/jvm/java-7-openjdk-amd64/jre/lib/jsse.jar
7f96f8007000-7f96f80d2000 rw-p 00000000 00:00 0 
7f96f80d2000-7f96f80dd000 r-xp 00000000 08:01 8130416                    /lib/x86_64-linux-gnu/libnss_nis-2.17.so
7f96f80dd000-7f96f82dc000 ---p 0000b000 08:01 8130416                    /lib/x86_64-linux-gnu/libnss_nis-2.17.so
7f96f82dc000-7f96f82dd000 r--p 0000a000 08:01 8130416                    /lib/x86_64-linux-gnu/libnss_nis-2.17.so
7f96f82dd000-7f96f82de000 rw-p 0000b000 08:01 8130416                    /lib/x86_64-linux-gnu/libnss_nis-2.17.so
7f96f82de000-7f96f82f5000 r-xp 00000000 08:01 8130406                    /lib/x86_64-linux-gnu/libnsl-2.17.so
7f96f82f5000-7f96f84f4000 ---p 00017000 08:01 8130406                    /lib/x86_64-linux-gnu/libnsl-2.17.so
7f96f84f4000-7f96f84f5000 r--p 00016000 08:01 8130406                    /lib/x86_64-linux-gnu/libnsl-2.17.so
7f96f84f5000-7f96f84f6000 rw-p 00017000 08:01 8130406                    /lib/x86_64-linux-gnu/libnsl-2.17.so
7f96f84f6000-7f96f84f8000 rw-p 00000000 00:00 0 
7f96f84f8000-7f96f8500000 r-xp 00000000 08:01 8130408                    /lib/x86_64-linux-gnu/libnss_compat-2.17.so
7f96f8500000-7f96f86ff000 ---p 00008000 08:01 8130408                    /lib/x86_64-linux-gnu/libnss_compat-2.17.so
7f96f86ff000-7f96f8700000 r--p 00007000 08:01 8130408                    /lib/x86_64-linux-gnu/libnss_compat-2.17.so
7f96f8700000-7f96f8701000 rw-p 00008000 08:01 8130408                    /lib/x86_64-linux-gnu/libnss_compat-2.17.so
7f96f8701000-7f96f872c000 r-xp 00000000 08:01 15860951                   /usr/lib/jvm/java-7-openjdk-amd64/jre/lib/amd64/libjava.so
7f96f872c000-7f96f892b000 ---p 0002b000 08:01 15860951                   /usr/lib/jvm/java-7-openjdk-amd64/jre/lib/amd64/libjava.so
7f96f892b000-7f96f892c000 r--p 0002a000 08:01 15860951                   /usr/lib/jvm/java-7-openjdk-amd64/jre/lib/amd64/libjava.so
7f96f892c000-7f96f892e000 rw-p 0002b000 08:01 15860951                   /usr/lib/jvm/java-7-openjdk-amd64/jre/lib/amd64/libjava.so
7f96f892e000-7f96f893e000 r-xp 00000000 08:01 15861265                   /usr/lib/jvm/java-7-openjdk-amd64/jre/lib/amd64/libverify.so
7f96f893e000-7f96f8b3d000 ---p 00010000 08:01 15861265                   /usr/lib/jvm/java-7-openjdk-amd64/jre/lib/amd64/libverify.so
7f96f8b3d000-7f96f8b3f000 r--p 0000f000 08:01 15861265                   /usr/lib/jvm/java-7-openjdk-amd64/jre/lib/amd64/libverify.so
7f96f8b3f000-7f96f8b40000 rw-p 00011000 08:01 15861265                   /usr/lib/jvm/java-7-openjdk-amd64/jre/lib/amd64/libverify.so
7f96f8b40000-7f96f8b47000 r-xp 00000000 08:01 8130459                    /lib/x86_64-linux-gnu/librt-2.17.so
7f96f8b47000-7f96f8d46000 ---p 00007000 08:01 8130459                    /lib/x86_64-linux-gnu/librt-2.17.so
7f96f8d46000-7f96f8d47000 r--p 00006000 08:01 8130459                    /lib/x86_64-linux-gnu/librt-2.17.so
7f96f8d47000-7f96f8d48000 rw-p 00007000 08:01 8130459                    /lib/x86_64-linux-gnu/librt-2.17.so
7f96f8d48000-7f96f8d4b000 ---p 00000000 00:00 0 
7f96f8d4b000-7f96f8f49000 rw-p 00000000 00:00 0                          [stack:32289]
7f96f8f49000-7f96f8f5e000 r-xp 00000000 08:01 8126477                    /lib/x86_64-linux-gnu/libgcc_s.so.1
7f96f8f5e000-7f96f915d000 ---p 00015000 08:01 8126477                    /lib/x86_64-linux-gnu/libgcc_s.so.1
7f96f915d000-7f96f915e000 r--p 00014000 08:01 8126477                    /lib/x86_64-linux-gnu/libgcc_s.so.1
7f96f915e000-7f96f915f000 rw-p 00015000 08:01 8126477                    /lib/x86_64-linux-gnu/libgcc_s.so.1
7f96f915f000-7f96f9262000 r-xp 00000000 08:01 8130387                    /lib/x86_64-linux-gnu/libm-2.17.so
7f96f9262000-7f96f9461000 ---p 00103000 08:01 8130387                    /lib/x86_64-linux-gnu/libm-2.17.so
7f96f9461000-7f96f9462000 r--p 00102000 08:01 8130387                    /lib/x86_64-linux-gnu/libm-2.17.so
7f96f9462000-7f96f9463000 rw-p 00103000 08:01 8130387                    /lib/x86_64-linux-gnu/libm-2.17.so
7f96f9463000-7f96f9549000 r-xp 00000000 08:01 15729831                   /usr/lib/x86_64-linux-gnu/libstdc++.so.6.0.18
7f96f9549000-7f96f9748000 ---p 000e6000 08:01 15729831                   /usr/lib/x86_64-linux-gnu/libstdc++.so.6.0.18
7f96f9748000-7f96f9750000 r--p 000e5000 08:01 15729831                   /usr/lib/x86_64-linux-gnu/libstdc++.so.6.0.18
7f96f9750000-7f96f9752000 rw-p 000ed000 08:01 15729831                   /usr/lib/x86_64-linux-gnu/libstdc++.so.6.0.18
7f96f9752000-7f96f9767000 rw-p 00000000 00:00 0 
7f96f9767000-7f96fa246000 r-xp 00000000 08:01 15861284                   /usr/lib/jvm/java-7-openjdk-amd64/jre/lib/amd64/server/libjvm.so
7f96fa246000-7f96fa445000 ---p 00adf000 08:01 15861284                   /usr/lib/jvm/java-7-openjdk-amd64/jre/lib/amd64/server/libjvm.so
7f96fa445000-7f96fa4d7000 r--p 00ade000 08:01 15861284                   /usr/lib/jvm/java-7-openjdk-amd64/jre/lib/amd64/server/libjvm.so
7f96fa4d7000-7f96fa4fa000 rw-p 00b70000 08:01 15861284                   /usr/lib/jvm/java-7-openjdk-amd64/jre/lib/amd64/server/libjvm.so
7f96fa4fa000-7f96fa527000 rw-p 00000000 00:00 0 
7f96fa527000-7f96fa53f000 r-xp 00000000 08:01 8130494                    /lib/x86_64-linux-gnu/libz.so.1.2.8
7f96fa53f000-7f96fa73e000 ---p 00018000 08:01 8130494                    /lib/x86_64-linux-gnu/libz.so.1.2.8
7f96fa73e000-7f96fa73f000 r--p 00017000 08:01 8130494                    /lib/x86_64-linux-gnu/libz.so.1.2.8
7f96fa73f000-7f96fa740000 rw-p 00018000 08:01 8130494                    /lib/x86_64-linux-gnu/libz.so.1.2.8
7f96fa740000-7f96fa757000 r-xp 00000000 08:01 8130451                    /lib/x86_64-linux-gnu/libpthread-2.17.so
7f96fa757000-7f96fa957000 ---p 00017000 08:01 8130451                    /lib/x86_64-linux-gnu/libpthread-2.17.so
7f96fa957000-7f96fa958000 r--p 00017000 08:01 8130451                    /lib/x86_64-linux-gnu/libpthread-2.17.so
7f96fa958000-7f96fa959000 rw-p 00018000 08:01 8130451                    /lib/x86_64-linux-gnu/libpthread-2.17.so
7f96fa959000-7f96fa95d000 rw-p 00000000 00:00 0 
7f96fa95d000-7f96fa960000 r-xp 00000000 08:01 8130351                    /lib/x86_64-linux-gnu/libdl-2.17.so
7f96fa960000-7f96fab5f000 ---p 00003000 08:01 8130351                    /lib/x86_64-linux-gnu/libdl-2.17.so
7f96fab5f000-7f96fab60000 r--p 00002000 08:01 8130351                    /lib/x86_64-linux-gnu/libdl-2.17.so
7f96fab60000-7f96fab61000 rw-p 00003000 08:01 8130351                    /lib/x86_64-linux-gnu/libdl-2.17.so
7f96fab61000-7f96fad1e000 r-xp 00000000 08:01 8130336                    /lib/x86_64-linux-gnu/libc-2.17.so
7f96fad1e000-7f96faf1e000 ---p 001bd000 08:01 8130336                    /lib/x86_64-linux-gnu/libc-2.17.so
7f96faf1e000-7f96faf22000 r--p 001bd000 08:01 8130336                    /lib/x86_64-linux-gnu/libc-2.17.so
7f96faf22000-7f96faf24000 rw-p 001c1000 08:01 8130336                    /lib/x86_64-linux-gnu/libc-2.17.so
7f96faf24000-7f96faf29000 rw-p 00000000 00:00 0 
7f96faf29000-7f96faf36000 r-xp 00000000 08:01 15861291                   /usr/lib/jvm/java-7-openjdk-amd64/jre/lib/amd64/jli/libjli.so
7f96faf36000-7f96fb135000 ---p 0000d000 08:01 15861291                   /usr/lib/jvm/java-7-openjdk-amd64/jre/lib/amd64/jli/libjli.so
7f96fb135000-7f96fb136000 r--p 0000c000 08:01 15861291                   /usr/lib/jvm/java-7-openjdk-amd64/jre/lib/amd64/jli/libjli.so
7f96fb136000-7f96fb137000 rw-p 0000d000 08:01 15861291                   /usr/lib/jvm/java-7-openjdk-amd64/jre/lib/amd64/jli/libjli.so
7f96fb137000-7f96fb15a000 r-xp 00000000 08:01 8130312                    /lib/x86_64-linux-gnu/ld-2.17.so
7f96fb15a000-7f96fb15e000 r--s 0003b000 08:01 15861316                   /usr/lib/jvm/java-7-openjdk-amd64/jre/lib/ext/sunpkcs11.jar
7f96fb15e000-7f96fb18c000 rw-p 00000000 00:00 0 
7f96fb18c000-7f96fb1d2000 rw-p 00000000 00:00 0 
7f96fb1d2000-7f96fb1e5000 rw-p 00000000 00:00 0 
7f96fb1e5000-7f96fb279000 rw-p 00000000 00:00 0 
7f96fb279000-7f96fb283000 rw-p 00000000 00:00 0 
7f96fb283000-7f96fb339000 rw-p 00000000 00:00 0 
7f96fb339000-7f96fb33e000 rw-p 00000000 00:00 0 
7f96fb33e000-7f96fb33f000 r--s 00002000 08:01 15861314                   /usr/lib/jvm/java-7-openjdk-amd64/jre/lib/ext/dnsns.jar
7f96fb33f000-7f96fb34d000 rw-p 00000000 00:00 0 
7f96fb34d000-7f96fb355000 rw-s 00000000 08:01 6029327                    /tmp/hsperfdata_alex/32264
7f96fb355000-7f96fb356000 rw-p 00000000 00:00 0 
7f96fb356000-7f96fb357000 r--p 00000000 00:00 0 
7f96fb357000-7f96fb359000 rw-p 00000000 00:00 0 
7f96fb359000-7f96fb35a000 r--p 00022000 08:01 8130312                    /lib/x86_64-linux-gnu/ld-2.17.so
7f96fb35a000-7f96fb35c000 rw-p 00023000 08:01 8130312                    /lib/x86_64-linux-gnu/ld-2.17.so
7fff4434a000-7fff4436b000 rw-p 00000000 00:00 0                          [stack]
7fff44386000-7fff44388000 r-xp 00000000 00:00 0                          [vdso]
ffffffffff600000-ffffffffff601000 r-xp 00000000 00:00 0                  [vsyscall]

VM Arguments:
jvm_args: -Djdk.home= -Djruby.home=/home/alex/.rbenv/versions/jruby-1.7.10 -Djruby.script=jruby -Djruby.shell=/bin/sh -Djffi.boot.library.path=/home/alex/.rbenv/versions/jruby-1.7.10/lib/jni:/home/alex/.rbenv/versions/jruby-1.7.10/lib/jni/i386-Linux:/home/alex/.rbenv/versions/jruby-1.7.10/lib/jni/arm-Linux:/home/alex/.rbenv/versions/jruby-1.7.10/lib/jni/x86_64-Linux -Xmx500m -Xss2048k -Xbootclasspath/a:/home/alex/.rbenv/versions/jruby-1.7.10/lib/jruby.jar 
java_command: org/jruby/Main Makefile.rb clean compile test clean
Launcher Type: SUN_STANDARD

Environment Variables:
PATH=/home/alex/.rbenv/versions/jruby-1.7.10/bin:/home/alex/.rbenv/libexec:/home/alex/.rbenv/plugins/ruby-build/bin:/home/alex/.rbenv/shims:~/.rbenv/bin:~/.rbenv/bin:/usr/local/sbin:/usr/local/bin:/usr/sbin:/usr/bin:/sbin:/bin:/usr/games:/usr/local/games
USERNAME=alex
SHELL=/bin/bash
DISPLAY=:0

Signal Handlers:
SIGSEGV: [libjvm.so+0x916ea0], sa_mask[0]=0x7ffbfeff, sa_flags=0x10000004
SIGBUS: [libjvm.so+0x916ea0], sa_mask[0]=0x7ffbfeff, sa_flags=0x10000004
SIGFPE: [libjvm.so+0x794800], sa_mask[0]=0x7ffbfeff, sa_flags=0x10000004
SIGPIPE: [libjvm.so+0x794800], sa_mask[0]=0x7ffbfeff, sa_flags=0x10000004
SIGXFSZ: [libjvm.so+0x794800], sa_mask[0]=0x7ffbfeff, sa_flags=0x10000004
SIGILL: [libjvm.so+0x794800], sa_mask[0]=0x7ffbfeff, sa_flags=0x10000004
SIGUSR1: SIG_DFL, sa_mask[0]=0x00000000, sa_flags=0x00000000
SIGUSR2: [libjvm.so+0x7946a0], sa_mask[0]=0x00000000, sa_flags=0x10000004
SIGHUP: [libjvm.so+0x794880], sa_mask[0]=0x7ffbfeff, sa_flags=0x10000004
SIGINT: [libjvm.so+0x794880], sa_mask[0]=0x7ffbfeff, sa_flags=0x10000004
SIGTERM: [libjvm.so+0x794880], sa_mask[0]=0x7ffbfeff, sa_flags=0x10000004
SIGQUIT: [libjvm.so+0x794880], sa_mask[0]=0x7ffbfeff, sa_flags=0x10000004


---------------  S Y S T E M  ---------------

OS:LinuxMint 16 (petra)
uname:Linux 3.11.0-12-generic #19-Ubuntu SMP Wed Oct 9 16:20:46 UTC 2013 x86_64
libc:glibc 2.17 NPTL 2.17 
rlimit: STACK 8192k, CORE 0k, NPROC 28798, NOFILE 4096, AS infinity
load average:0,47 0,52 0,35

/proc/meminfo:
MemTotal:        3715476 kB
MemFree:         1395436 kB
Buffers:          199684 kB
Cached:          1121480 kB
SwapCached:            0 kB
Active:          1330908 kB
Inactive:         787024 kB
Active(anon):     798440 kB
Inactive(anon):   203320 kB
Active(file):     532468 kB
Inactive(file):   583704 kB
Unevictable:          52 kB
Mlocked:              52 kB
SwapTotal:       3856380 kB
SwapFree:        3856380 kB
Dirty:               220 kB
Writeback:             0 kB
AnonPages:        796992 kB
Mapped:           191400 kB
Shmem:            204996 kB
Slab:             129216 kB
SReclaimable:     102548 kB
SUnreclaim:        26668 kB
KernelStack:        3512 kB
PageTables:        25304 kB
NFS_Unstable:          0 kB
Bounce:                0 kB
WritebackTmp:          0 kB
CommitLimit:     5714116 kB
Committed_AS:    3223140 kB
VmallocTotal:   34359738367 kB
VmallocUsed:      414316 kB
VmallocChunk:   34359319548 kB
HardwareCorrupted:     0 kB
AnonHugePages:         0 kB
HugePages_Total:       0
HugePages_Free:        0
HugePages_Rsvd:        0
HugePages_Surp:        0
Hugepagesize:       2048 kB
DirectMap4k:       58576 kB
DirectMap2M:     3799040 kB


CPU:total 4 (2 cores per cpu, 2 threads per core) family 6 model 37 stepping 5, cmov, cx8, fxsr, mmx, sse, sse2, sse3, ssse3, sse4.1, sse4.2, popcnt, ht, tsc, tscinvbit

/proc/cpuinfo:
processor	: 0
vendor_id	: GenuineIntel
cpu family	: 6
model		: 37
model name	: Intel(R) Core(TM) i3 CPU       M 380  @ 2.53GHz
stepping	: 5
microcode	: 0x2
cpu MHz		: 933.000
cache size	: 3072 KB
physical id	: 0
siblings	: 4
core id		: 0
cpu cores	: 2
apicid		: 0
initial apicid	: 0
fpu		: yes
fpu_exception	: yes
cpuid level	: 11
wp		: yes
flags		: fpu vme de pse tsc msr pae mce cx8 apic sep mtrr pge mca cmov pat pse36 clflush dts acpi mmx fxsr sse sse2 ss ht tm pbe syscall nx rdtscp lm constant_tsc arch_perfmon pebs bts rep_good nopl xtopology nonstop_tsc aperfmperf pni dtes64 monitor ds_cpl vmx est tm2 ssse3 cx16 xtpr pdcm pcid sse4_1 sse4_2 popcnt lahf_lm arat dtherm tpr_shadow vnmi flexpriority ept vpid
bogomips	: 5053.98
clflush size	: 64
cache_alignment	: 64
address sizes	: 36 bits physical, 48 bits virtual
power management:

processor	: 1
vendor_id	: GenuineIntel
cpu family	: 6
model		: 37
model name	: Intel(R) Core(TM) i3 CPU       M 380  @ 2.53GHz
stepping	: 5
microcode	: 0x2
cpu MHz		: 933.000
cache size	: 3072 KB
physical id	: 0
siblings	: 4
core id		: 0
cpu cores	: 2
apicid		: 1
initial apicid	: 1
fpu		: yes
fpu_exception	: yes
cpuid level	: 11
wp		: yes
flags		: fpu vme de pse tsc msr pae mce cx8 apic sep mtrr pge mca cmov pat pse36 clflush dts acpi mmx fxsr sse sse2 ss ht tm pbe syscall nx rdtscp lm constant_tsc arch_perfmon pebs bts rep_good nopl xtopology nonstop_tsc aperfmperf pni dtes64 monitor ds_cpl vmx est tm2 ssse3 cx16 xtpr pdcm pcid sse4_1 sse4_2 popcnt lahf_lm arat dtherm tpr_shadow vnmi flexpriority ept vpid
bogomips	: 5053.98
clflush size	: 64
cache_alignment	: 64
address sizes	: 36 bits physical, 48 bits virtual
power management:

processor	: 2
vendor_id	: GenuineIntel
cpu family	: 6
model		: 37
model name	: Intel(R) Core(TM) i3 CPU       M 380  @ 2.53GHz
stepping	: 5
microcode	: 0x2
cpu MHz		: 2533.000
cache size	: 3072 KB
physical id	: 0
siblings	: 4
core id		: 2
cpu cores	: 2
apicid		: 4
initial apicid	: 4
fpu		: yes
fpu_exception	: yes
cpuid level	: 11
wp		: yes
flags		: fpu vme de pse tsc msr pae mce cx8 apic sep mtrr pge mca cmov pat pse36 clflush dts acpi mmx fxsr sse sse2 ss ht tm pbe syscall nx rdtscp lm constant_tsc arch_perfmon pebs bts rep_good nopl xtopology nonstop_tsc aperfmperf pni dtes64 monitor ds_cpl vmx est tm2 ssse3 cx16 xtpr pdcm pcid sse4_1 sse4_2 popcnt lahf_lm arat dtherm tpr_shadow vnmi flexpriority ept vpid
bogomips	: 5053.98
clflush size	: 64
cache_alignment	: 64
address sizes	: 36 bits physical, 48 bits virtual
power management:

processor	: 3
vendor_id	: GenuineIntel
cpu family	: 6
model		: 37
model name	: Intel(R) Core(TM) i3 CPU       M 380  @ 2.53GHz
stepping	: 5
microcode	: 0x2
cpu MHz		: 933.000
cache size	: 3072 KB
physical id	: 0
siblings	: 4
core id		: 2
cpu cores	: 2
apicid		: 5
initial apicid	: 5
fpu		: yes
fpu_exception	: yes
cpuid level	: 11
wp		: yes
flags		: fpu vme de pse tsc msr pae mce cx8 apic sep mtrr pge mca cmov pat pse36 clflush dts acpi mmx fxsr sse sse2 ss ht tm pbe syscall nx rdtscp lm constant_tsc arch_perfmon pebs bts rep_good nopl xtopology nonstop_tsc aperfmperf pni dtes64 monitor ds_cpl vmx est tm2 ssse3 cx16 xtpr pdcm pcid sse4_1 sse4_2 popcnt lahf_lm arat dtherm tpr_shadow vnmi flexpriority ept vpid
bogomips	: 5053.98
clflush size	: 64
cache_alignment	: 64
address sizes	: 36 bits physical, 48 bits virtual
power management:



Memory: 4k page, physical 3715476k(1395436k free), swap 3856380k(3856380k free)

vm_info: OpenJDK 64-Bit Server VM (24.45-b08) for linux-amd64 JRE (1.7.0_51-b00), built on Jan 15 2014 22:02:57 by "buildd" with gcc 4.8.1

time: Fri May 30 21:52:17 2014
elapsed time: 4 seconds

