#
# A fatal error has been detected by the Java Runtime Environment:
#
#  SIGSEGV (0xb) at pc=0x00007f4445e43b41, pid=697, tid=139931588744960
#
# JRE version: OpenJDK Runtime Environment (7.0_51) (build 1.7.0_51-b00)
# Java VM: OpenJDK 64-Bit Server VM (24.45-b08 mixed mode linux-amd64 compressed oops)
# Problematic frame:
# C  [librange_tree.so+0x1b41]  aux_range_query+0x20e
#
# Failed to write core dump. Core dumps have been disabled. To enable core dumping, try "ulimit -c unlimited" before starting Java again
#
# If you would like to submit a bug report, please include
# instructions on how to reproduce the bug and visit:
#   http://icedtea.classpath.org/bugzilla
# The crash happened outside the Java Virtual Machine in native code.
# See problematic frame for where to report the bug.
#

---------------  T H R E A D  ---------------

Current thread (0x00007f445800a800):  JavaThread "main" [_thread_in_native, id=723, stack(0x00007f445c83d000,0x00007f445ca3e000)]

siginfo:si_signo=SIGSEGV: si_errno=0, si_code=1 (SEGV_MAPERR), si_addr=0x0000000000000018

Registers:
RAX=0x0000000000000000, RBX=0x0000000000000001, RCX=0xffffffffffffffff, RDX=0x00007f445ea199f0
RSP=0x00007f445ca3a310, RBP=0x00007f445ca3a380, RSI=0x00007f444c678000, RDI=0x00000000ffffffff
R8 =0x00007f445ea199f0, R9 =0x0000000000000020, R10=0x0000000000000101, R11=0x0000000000000000
R12=0x0000000000000008, R13=0x0000000000000005, R14=0x00007f445ca3a550, R15=0x00007f445ca3a3e0
RIP=0x00007f4445e43b41, EFLAGS=0x0000000000010246, CSGSFS=0x0000000000000033, ERR=0x0000000000000004
  TRAPNO=0x000000000000000e

Top of Stack: (sp=0x00007f445ca3a310)
0x00007f445ca3a310:   0000000000000004 408da80000000000
0x00007f445ca3a320:   00007f4458648e50 40bef60000000000
0x00007f445ca3a330:   408da80000000000 40b4430000000000
0x00007f445ca3a340:   407b300000000000 00007f44585c0b00
0x00007f445ca3a350:   0000000000000060 00007f44585def30
0x00007f445ca3a360:   00007f44585cc6b0 00007f444624ab27
0x00007f445ca3a370:   40b4430000000000 00007f4458648e50
0x00007f445ca3a380:   00007f445ca3a3d0 00007f4445e43d78
0x00007f445ca3a390:   407b300000000000 408da80000000000
0x00007f445ca3a3a0:   40bef60000000000 40b4430000000000
0x00007f445ca3a3b0:   407b300000000000 00007f44585c0b00
0x00007f445ca3a3c0:   0000000000000000 00007f4458648e50
0x00007f445ca3a3d0:   00007f445ca3a3e0 00007f4446e61a78
0x00007f445ca3a3e0:   000000000000080e 00007f445ca3a620
0x00007f445ca3a3f0:   00007f445ca3a4d0 00007f4446e61901
0x00007f445ca3a400:   0000000000000000 00007f445ca3a420
0x00007f445ca3a410:   00007f445ca3a330 00007f445ca3a480
0x00007f445ca3a420:   00007f445ca3a490 00007f445ca3a480
0x00007f445ca3a430:   00007f445ca3a494 00007f445ca3a4f0
0x00007f445ca3a440:   00007f445ca3a620 00007f4445e43c7b
0x00007f445ca3a450:   00007f4458491af0 00007f44584b2b70
0x00007f445ca3a460:   0000000400000001 0000000500000005
0x00007f445ca3a470:   00007f445ca3a330 00000001545c1233
0x00007f445ca3a480:   0000000000000005 0000000000000000
0x00007f445ca3a490:   0000000000000001 e9e59da11d3ecd00
0x00007f445ca3a4a0:   00007f445800a800 00007f445ca3a530
0x00007f445ca3a4b0:   0000000000000000 0000000000000000
0x00007f445ca3a4c0:   00007f445ca3a6e8 00007f445800a800
0x00007f445ca3a4d0:   00007f445ca3a600 00007f4446e5eddc
0x00007f445ca3a4e0:   00000000f713c190 00007f445ca3a530
0x00007f445ca3a4f0:   00007f445ca3a530 00007f445ca3a538
0x00007f445ca3a500:   00007f445ca3a540 00007f445ca3a548 

Instructions: (pc=0x00007f4445e43b41)
0x00007f4445e43b21:   00 f2 0f 10 00 66 0f 2e 45 c0 72 4c 48 8d 3d f5
0x00007f4445e43b31:   03 00 00 e8 b7 f3 ff ff 48 8b 45 d8 48 8b 40 10
0x00007f4445e43b41:   48 8b 48 18 48 8b 75 a0 48 8b 55 a8 48 8b 45 b0
0x00007f4445e43b51:   48 89 55 98 f2 0f 10 4d 98 48 89 45 98 f2 0f 10 

Register to memory mapping:

RAX=0x0000000000000000 is an unknown value
RBX=0x0000000000000001 is an unknown value
RCX=0xffffffffffffffff is an unknown value
RDX=0x00007f445ea199f0: <offset 0x3c39f0> in /lib/x86_64-linux-gnu/libc.so.6 at 0x00007f445e656000
RSP=0x00007f445ca3a310 is pointing into the stack for thread: 0x00007f445800a800
RBP=0x00007f445ca3a380 is pointing into the stack for thread: 0x00007f445800a800
RSI=0x00007f444c678000 is an unknown value
RDI=0x00000000ffffffff is an unallocated location in the heap
R8 =0x00007f445ea199f0: <offset 0x3c39f0> in /lib/x86_64-linux-gnu/libc.so.6 at 0x00007f445e656000
R9 =0x0000000000000020 is an unknown value
R10=0x0000000000000101 is an unknown value
R11=0x0000000000000000 is an unknown value
R12=0x0000000000000008 is an unknown value
R13=0x0000000000000005 is an unknown value
R14=0x00007f445ca3a550 is pointing into the stack for thread: 0x00007f445800a800
R15=0x00007f445ca3a3e0 is pointing into the stack for thread: 0x00007f445800a800


Stack: [0x00007f445c83d000,0x00007f445ca3e000],  sp=0x00007f445ca3a310,  free space=2036k
Native frames: (J=compiled Java code, j=interpreted, Vv=VM code, C=native code)
C  [librange_tree.so+0x1b41]  aux_range_query+0x20e
C  [librange_tree.so+0x1d78]  two_d_range_query+0xfd
C  [libjffi-1.2.so+0xda78]  ffi_call_unix64+0x4c

Java frames: (J=compiled Java code, j=interpreted, Vv=VM code)
j  com.kenai.jffi.Foreign.invokeArrayReturnLong(JJ[B)J+0
j  com.kenai.jffi.Invoker.invokeLong(Lcom/kenai/jffi/CallContext;JLcom/kenai/jffi/HeapInvocationBuffer;)J+38
j  com.kenai.jffi.Invoker$LP64.invokeAddress(Lcom/kenai/jffi/CallContext;JLcom/kenai/jffi/HeapInvocationBuffer;)J+5
j  com.kenai.jffi.Invoker.invokeAddress(Lcom/kenai/jffi/Function;Lcom/kenai/jffi/HeapInvocationBuffer;)J+10
j  org.jruby.ext.ffi.jffi.DefaultMethodFactory$Pointer64Invoker.invoke(Lorg/jruby/runtime/ThreadContext;Lcom/kenai/jffi/Function;Lcom/kenai/jffi/HeapInvocationBuffer;)Lorg/jruby/runtime/builtin/IRubyObject;+6
j  org.jruby.ext.ffi.jffi.DefaultMethodFactory$ConvertingInvoker.invoke(Lorg/jruby/runtime/ThreadContext;Lcom/kenai/jffi/Function;Lcom/kenai/jffi/HeapInvocationBuffer;)Lorg/jruby/runtime/builtin/IRubyObject;+12
j  org.jruby.ext.ffi.jffi.BufferNativeInvoker.call(Lorg/jruby/runtime/ThreadContext;Lorg/jruby/runtime/builtin/IRubyObject;Lorg/jruby/RubyModule;Ljava/lang/String;[Lorg/jruby/runtime/builtin/IRubyObject;)Lorg/jruby/runtime/builtin/IRubyObject;+160
j  org.jruby.ext.ffi.jffi.DefaultMethod.call(Lorg/jruby/runtime/ThreadContext;Lorg/jruby/runtime/builtin/IRubyObject;Lorg/jruby/RubyModule;Ljava/lang/String;[Lorg/jruby/runtime/builtin/IRubyObject;)Lorg/jruby/runtime/builtin/IRubyObject;+11
j  org.jruby.runtime.callsite.CachingCallSite.call(Lorg/jruby/runtime/ThreadContext;Lorg/jruby/runtime/builtin/IRubyObject;Lorg/jruby/runtime/builtin/IRubyObject;[Lorg/jruby/runtime/builtin/IRubyObject;)Lorg/jruby/runtime/builtin/IRubyObject;+38
j  org.jruby.ast.CallManyArgsNode.interpret(Lorg/jruby/Ruby;Lorg/jruby/runtime/ThreadContext;Lorg/jruby/runtime/builtin/IRubyObject;Lorg/jruby/runtime/Block;)Lorg/jruby/runtime/builtin/IRubyObject;+41
j  org.jruby.ast.DAsgnNode.interpret(Lorg/jruby/Ruby;Lorg/jruby/runtime/ThreadContext;Lorg/jruby/runtime/builtin/IRubyObject;Lorg/jruby/runtime/Block;)Lorg/jruby/runtime/builtin/IRubyObject;+17
J  org.jruby.runtime.Interpreted19Block.evalBlockBody(Lorg/jruby/runtime/ThreadContext;Lorg/jruby/runtime/Binding;Lorg/jruby/runtime/builtin/IRubyObject;)Lorg/jruby/runtime/builtin/IRubyObject;
j  org.jruby.runtime.Interpreted19Block.yield(Lorg/jruby/runtime/ThreadContext;Lorg/jruby/runtime/builtin/IRubyObject;Lorg/jruby/runtime/Binding;Lorg/jruby/runtime/Block$Type;)Lorg/jruby/runtime/builtin/IRubyObject;+43
j  org.jruby.runtime.Interpreted19Block.yieldSpecific(Lorg/jruby/runtime/ThreadContext;Lorg/jruby/runtime/Binding;Lorg/jruby/runtime/Block$Type;)Lorg/jruby/runtime/builtin/IRubyObject;+5
j  org.jruby.runtime.Block.yieldSpecific(Lorg/jruby/runtime/ThreadContext;)Lorg/jruby/runtime/builtin/IRubyObject;+13
j  org.jruby.RubyFixnum.times(Lorg/jruby/runtime/ThreadContext;Lorg/jruby/runtime/Block;)Lorg/jruby/runtime/builtin/IRubyObject;+102
j  org.jruby.RubyFixnum$INVOKER$i$0$0$times.call(Lorg/jruby/runtime/ThreadContext;Lorg/jruby/runtime/builtin/IRubyObject;Lorg/jruby/RubyModule;Ljava/lang/String;Lorg/jruby/runtime/Block;)Lorg/jruby/runtime/builtin/IRubyObject;+7
j  org.jruby.internal.runtime.methods.JavaMethod$JavaMethodZeroBlock.call(Lorg/jruby/runtime/ThreadContext;Lorg/jruby/runtime/builtin/IRubyObject;Lorg/jruby/RubyModule;Ljava/lang/String;[Lorg/jruby/runtime/builtin/IRubyObject;Lorg/jruby/runtime/Block;)Lorg/jruby/runtime/builtin/IRubyObject;+27
j  org.jruby.RubyClass.finvoke(Lorg/jruby/runtime/ThreadContext;Lorg/jruby/runtime/builtin/IRubyObject;Ljava/lang/String;[Lorg/jruby/runtime/builtin/IRubyObject;Lorg/jruby/runtime/Block;)Lorg/jruby/runtime/builtin/IRubyObject;+64
j  org.jruby.runtime.Helpers.invoke(Lorg/jruby/runtime/ThreadContext;Lorg/jruby/runtime/builtin/IRubyObject;Ljava/lang/String;[Lorg/jruby/runtime/builtin/IRubyObject;Lorg/jruby/runtime/Block;)Lorg/jruby/runtime/builtin/IRubyObject;+12
j  org.jruby.RubyBasicObject.callMethod(Lorg/jruby/runtime/ThreadContext;Ljava/lang/String;[Lorg/jruby/runtime/builtin/IRubyObject;Lorg/jruby/runtime/Block;)Lorg/jruby/runtime/builtin/IRubyObject;+6
j  org.jruby.RubyEnumerator.each(Lorg/jruby/runtime/ThreadContext;Lorg/jruby/runtime/Block;)Lorg/jruby/runtime/builtin/IRubyObject;+14
j  org.jruby.RubyEnumerator$INVOKER$i$each.call(Lorg/jruby/runtime/ThreadContext;Lorg/jruby/runtime/builtin/IRubyObject;Lorg/jruby/RubyModule;Ljava/lang/String;Lorg/jruby/runtime/Block;)Lorg/jruby/runtime/builtin/IRubyObject;+7
j  org.jruby.runtime.callsite.CachingCallSite.cacheAndCall(Lorg/jruby/runtime/builtin/IRubyObject;Lorg/jruby/RubyClass;Lorg/jruby/runtime/Block;Lorg/jruby/runtime/ThreadContext;Lorg/jruby/runtime/builtin/IRubyObject;)Lorg/jruby/runtime/builtin/IRubyObject;+57
j  org.jruby.runtime.callsite.CachingCallSite.callBlock(Lorg/jruby/runtime/ThreadContext;Lorg/jruby/runtime/builtin/IRubyObject;Lorg/jruby/runtime/builtin/IRubyObject;Lorg/jruby/runtime/Block;)Lorg/jruby/runtime/builtin/IRubyObject;+50
j  org.jruby.runtime.callsite.CachingCallSite.callIter(Lorg/jruby/runtime/ThreadContext;Lorg/jruby/runtime/builtin/IRubyObject;Lorg/jruby/runtime/builtin/IRubyObject;Lorg/jruby/runtime/Block;)Lorg/jruby/runtime/builtin/IRubyObject;+6
j  org.jruby.ast.CallNoArgBlockNode.interpret(Lorg/jruby/Ruby;Lorg/jruby/runtime/ThreadContext;Lorg/jruby/runtime/builtin/IRubyObject;Lorg/jruby/runtime/Block;)Lorg/jruby/runtime/builtin/IRubyObject;+35
J  org.jruby.ast.BlockNode.interpret(Lorg/jruby/Ruby;Lorg/jruby/runtime/ThreadContext;Lorg/jruby/runtime/builtin/IRubyObject;Lorg/jruby/runtime/Block;)Lorg/jruby/runtime/builtin/IRubyObject;
j  org.jruby.evaluator.ASTInterpreter.INTERPRET_METHOD(Lorg/jruby/Ruby;Lorg/jruby/runtime/ThreadContext;Ljava/lang/String;ILorg/jruby/RubyModule;Lorg/jruby/ast/Node;Ljava/lang/String;Lorg/jruby/runtime/builtin/IRubyObject;Lorg/jruby/runtime/Block;Z)Lorg/jruby/runtime/builtin/IRubyObject;+30
j  org.jruby.internal.runtime.methods.InterpretedMethod.call(Lorg/jruby/runtime/ThreadContext;Lorg/jruby/runtime/builtin/IRubyObject;Lorg/jruby/RubyModule;Ljava/lang/String;)Lorg/jruby/runtime/builtin/IRubyObject;+80
j  org.jruby.internal.runtime.methods.DefaultMethod.call(Lorg/jruby/runtime/ThreadContext;Lorg/jruby/runtime/builtin/IRubyObject;Lorg/jruby/RubyModule;Ljava/lang/String;)Lorg/jruby/runtime/builtin/IRubyObject;+20
J  org.jruby.ast.CallNoArgNode.interpret(Lorg/jruby/Ruby;Lorg/jruby/runtime/ThreadContext;Lorg/jruby/runtime/builtin/IRubyObject;Lorg/jruby/runtime/Block;)Lorg/jruby/runtime/builtin/IRubyObject;
j  org.jruby.ast.FCallTwoArgNode.interpret(Lorg/jruby/Ruby;Lorg/jruby/runtime/ThreadContext;Lorg/jruby/runtime/builtin/IRubyObject;Lorg/jruby/runtime/Block;)Lorg/jruby/runtime/builtin/IRubyObject;+28
J  org.jruby.ast.BlockNode.interpret(Lorg/jruby/Ruby;Lorg/jruby/runtime/ThreadContext;Lorg/jruby/runtime/builtin/IRubyObject;Lorg/jruby/runtime/Block;)Lorg/jruby/runtime/builtin/IRubyObject;
j  org.jruby.evaluator.ASTInterpreter.INTERPRET_METHOD(Lorg/jruby/Ruby;Lorg/jruby/runtime/ThreadContext;Ljava/lang/String;ILorg/jruby/RubyModule;Lorg/jruby/ast/Node;Ljava/lang/String;Lorg/jruby/runtime/builtin/IRubyObject;Lorg/jruby/runtime/Block;Z)Lorg/jruby/runtime/builtin/IRubyObject;+30
j  org.jruby.internal.runtime.methods.InterpretedMethod.call(Lorg/jruby/runtime/ThreadContext;Lorg/jruby/runtime/builtin/IRubyObject;Lorg/jruby/RubyModule;Ljava/lang/String;)Lorg/jruby/runtime/builtin/IRubyObject;+80
j  org.jruby.internal.runtime.methods.DefaultMethod.call(Lorg/jruby/runtime/ThreadContext;Lorg/jruby/runtime/builtin/IRubyObject;Lorg/jruby/RubyModule;Ljava/lang/String;)Lorg/jruby/runtime/builtin/IRubyObject;+20
j  org.jruby.runtime.callsite.CachingCallSite.cacheAndCall(Lorg/jruby/runtime/builtin/IRubyObject;Lorg/jruby/RubyClass;Lorg/jruby/runtime/ThreadContext;Lorg/jruby/runtime/builtin/IRubyObject;)Lorg/jruby/runtime/builtin/IRubyObject;+53
j  org.jruby.runtime.callsite.CachingCallSite.call(Lorg/jruby/runtime/ThreadContext;Lorg/jruby/runtime/builtin/IRubyObject;Lorg/jruby/runtime/builtin/IRubyObject;)Lorg/jruby/runtime/builtin/IRubyObject;+46
j  Makefile.method__2$RUBY$test(LMakefile;Lorg/jruby/runtime/ThreadContext;Lorg/jruby/runtime/builtin/IRubyObject;Lorg/jruby/runtime/Block;)Lorg/jruby/runtime/builtin/IRubyObject;+130
j  Makefile$method__2$RUBY$test.call(Lorg/jruby/runtime/ThreadContext;Lorg/jruby/runtime/builtin/IRubyObject;Lorg/jruby/RubyModule;Ljava/lang/String;Lorg/jruby/runtime/Block;)Lorg/jruby/runtime/builtin/IRubyObject;+17
j  org.jruby.RubyClass.finvoke(Lorg/jruby/runtime/ThreadContext;Lorg/jruby/runtime/builtin/IRubyObject;Ljava/lang/String;Lorg/jruby/runtime/Block;)Lorg/jruby/runtime/builtin/IRubyObject;+41
j  org.jruby.RubyBasicObject.send19(Lorg/jruby/runtime/ThreadContext;Lorg/jruby/runtime/builtin/IRubyObject;Lorg/jruby/runtime/Block;)Lorg/jruby/runtime/builtin/IRubyObject;+15
j  org.jruby.RubyKernel.send19(Lorg/jruby/runtime/ThreadContext;Lorg/jruby/runtime/builtin/IRubyObject;Lorg/jruby/runtime/builtin/IRubyObject;Lorg/jruby/runtime/Block;)Lorg/jruby/runtime/builtin/IRubyObject;+7
j  org.jruby.RubyKernel$INVOKER$s$send19.call(Lorg/jruby/runtime/ThreadContext;Lorg/jruby/runtime/builtin/IRubyObject;Lorg/jruby/RubyModule;Ljava/lang/String;Lorg/jruby/runtime/builtin/IRubyObject;Lorg/jruby/runtime/Block;)Lorg/jruby/runtime/builtin/IRubyObject;+6
j  org.jruby.internal.runtime.methods.JavaMethod$JavaMethodOneOrNBlock.call(Lorg/jruby/runtime/ThreadContext;Lorg/jruby/runtime/builtin/IRubyObject;Lorg/jruby/RubyModule;Ljava/lang/String;Lorg/jruby/runtime/builtin/IRubyObject;)Lorg/jruby/runtime/builtin/IRubyObject;+11
j  org.jruby.runtime.callsite.CachingCallSite.call(Lorg/jruby/runtime/ThreadContext;Lorg/jruby/runtime/builtin/IRubyObject;Lorg/jruby/runtime/builtin/IRubyObject;Lorg/jruby/runtime/builtin/IRubyObject;)Lorg/jruby/runtime/builtin/IRubyObject;+38
j  Makefile.block_7$RUBY$__file__(LMakefile;Lorg/jruby/runtime/ThreadContext;Lorg/jruby/runtime/builtin/IRubyObject;[Lorg/jruby/runtime/builtin/IRubyObject;Lorg/jruby/runtime/Block;)Lorg/jruby/runtime/builtin/IRubyObject;+46
j  Makefile$block_7$RUBY$__file__.call(Lorg/jruby/runtime/ThreadContext;Lorg/jruby/runtime/builtin/IRubyObject;[Lorg/jruby/runtime/builtin/IRubyObject;Lorg/jruby/runtime/Block;)Lorg/jruby/runtime/builtin/IRubyObject;+9
j  org.jruby.runtime.CompiledBlock19.yield(Lorg/jruby/runtime/ThreadContext;Lorg/jruby/runtime/builtin/IRubyObject;Lorg/jruby/runtime/Binding;Lorg/jruby/runtime/Block$Type;)Lorg/jruby/runtime/builtin/IRubyObject;+52
j  org.jruby.runtime.Block.yield(Lorg/jruby/runtime/ThreadContext;Lorg/jruby/runtime/builtin/IRubyObject;)Lorg/jruby/runtime/builtin/IRubyObject;+14
j  org.jruby.RubyArray.eachCommon(Lorg/jruby/runtime/ThreadContext;Lorg/jruby/runtime/Block;)Lorg/jruby/runtime/builtin/IRubyObject;+41
j  org.jruby.RubyArray.each(Lorg/jruby/runtime/ThreadContext;Lorg/jruby/runtime/Block;)Lorg/jruby/runtime/builtin/IRubyObject;+10
j  org.jruby.RubyArray$INVOKER$i$0$0$each.call(Lorg/jruby/runtime/ThreadContext;Lorg/jruby/runtime/builtin/IRubyObject;Lorg/jruby/RubyModule;Ljava/lang/String;Lorg/jruby/runtime/Block;)Lorg/jruby/runtime/builtin/IRubyObject;+7
j  org.jruby.runtime.callsite.CachingCallSite.cacheAndCall(Lorg/jruby/runtime/builtin/IRubyObject;Lorg/jruby/RubyClass;Lorg/jruby/runtime/Block;Lorg/jruby/runtime/ThreadContext;Lorg/jruby/runtime/builtin/IRubyObject;)Lorg/jruby/runtime/builtin/IRubyObject;+57
j  org.jruby.runtime.callsite.CachingCallSite.callBlock(Lorg/jruby/runtime/ThreadContext;Lorg/jruby/runtime/builtin/IRubyObject;Lorg/jruby/runtime/builtin/IRubyObject;Lorg/jruby/runtime/Block;)Lorg/jruby/runtime/builtin/IRubyObject;+50
j  org.jruby.runtime.callsite.CachingCallSite.callIter(Lorg/jruby/runtime/ThreadContext;Lorg/jruby/runtime/builtin/IRubyObject;Lorg/jruby/runtime/builtin/IRubyObject;Lorg/jruby/runtime/Block;)Lorg/jruby/runtime/builtin/IRubyObject;+6
j  Makefile.__file__(LMakefile;Lorg/jruby/runtime/ThreadContext;Lorg/jruby/runtime/builtin/IRubyObject;[Lorg/jruby/runtime/builtin/IRubyObject;Lorg/jruby/runtime/Block;)Lorg/jruby/runtime/builtin/IRubyObject;+907
j  Makefile.load(Lorg/jruby/runtime/ThreadContext;Lorg/jruby/runtime/builtin/IRubyObject;Z)Lorg/jruby/runtime/builtin/IRubyObject;+22
j  org.jruby.Ruby.runScript(Lorg/jruby/ast/executable/Script;Z)Lorg/jruby/runtime/builtin/IRubyObject;+12
j  org.jruby.Ruby.runScript(Lorg/jruby/ast/executable/Script;)Lorg/jruby/runtime/builtin/IRubyObject;+3
j  org.jruby.Ruby.runNormally(Lorg/jruby/ast/Node;)Lorg/jruby/runtime/builtin/IRubyObject;+73
j  org.jruby.Ruby.runFromMain(Ljava/io/InputStream;Ljava/lang/String;)V+320
j  org.jruby.Main.doRunFromMain(Lorg/jruby/Ruby;Ljava/io/InputStream;Ljava/lang/String;)Lorg/jruby/Main$Status;+12
j  org.jruby.Main.internalRun()Lorg/jruby/Main$Status;+234
j  org.jruby.Main.run([Ljava/lang/String;)Lorg/jruby/Main$Status;+9
j  org.jruby.Main.main([Ljava/lang/String;)V+35
v  ~StubRoutines::call_stub

---------------  P R O C E S S  ---------------

Java Threads: ( => current thread )
  0x00007f44584d5000 JavaThread "ReferenceReaper" daemon [_thread_blocked, id=835, stack(0x00007f4446650000,0x00007f4446851000)]
  0x00007f44584af000 JavaThread "JRubyJIT-2" daemon [_thread_blocked, id=834, stack(0x00007f4446a52000,0x00007f4446c53000)]
  0x00007f44584a1000 JavaThread "process reaper" daemon [_thread_blocked, id=739, stack(0x00007f444c085000,0x00007f444c0be000)]
  0x00007f4458490800 JavaThread "JRubyJIT-1" daemon [_thread_blocked, id=736, stack(0x00007f4446c53000,0x00007f4446e54000)]
  0x00007f44580ae000 JavaThread "Service Thread" daemon [_thread_blocked, id=734, stack(0x00007f444c9a8000,0x00007f444cba9000)]
  0x00007f44580ab800 JavaThread "C2 CompilerThread1" daemon [_thread_in_native, id=733, stack(0x00007f444cba9000,0x00007f444ccaa000)]
  0x00007f44580a8800 JavaThread "C2 CompilerThread0" daemon [_thread_blocked, id=732, stack(0x00007f444ccaa000,0x00007f444cdab000)]
  0x00007f44580a6800 JavaThread "Signal Dispatcher" daemon [_thread_blocked, id=731, stack(0x00007f444cdab000,0x00007f444cfac000)]
  0x00007f4458082800 JavaThread "Finalizer" daemon [_thread_blocked, id=730, stack(0x00007f444d3a6000,0x00007f444d5a7000)]
  0x00007f4458080800 JavaThread "Reference Handler" daemon [_thread_blocked, id=729, stack(0x00007f444d5a7000,0x00007f444d7a8000)]
=>0x00007f445800a800 JavaThread "main" [_thread_in_native, id=723, stack(0x00007f445c83d000,0x00007f445ca3e000)]

Other Threads:
  0x00007f445807c800 VMThread [stack: 0x00007f444d7a8000,0x00007f444d8a9000] [id=728]
  0x00007f44580b8800 WatcherThread [stack: 0x00007f444c8a7000,0x00007f444c9a8000] [id=735]

VM state:not at safepoint (normal execution)

VM Mutex/Monitor currently owned by a thread: None

Heap
 PSYoungGen      total 32768K, used 26871K [0x00000000f5900000, 0x00000000f7b00000, 0x0000000100000000)
  eden space 30720K, 80% used [0x00000000f5900000,0x00000000f7140a28,0x00000000f7700000)
  from space 2048K, 99% used [0x00000000f7900000,0x00000000f7afd528,0x00000000f7b00000)
  to   space 2048K, 0% used [0x00000000f7700000,0x00000000f7700000,0x00000000f7900000)
 ParOldGen       total 38400K, used 5880K [0x00000000e0c00000, 0x00000000e3180000, 0x00000000f5900000)
  object space 38400K, 15% used [0x00000000e0c00000,0x00000000e11be390,0x00000000e3180000)
 PSPermGen       total 25600K, used 25472K [0x00000000d6600000, 0x00000000d7f00000, 0x00000000e0c00000)
  object space 25600K, 99% used [0x00000000d6600000,0x00000000d7ee00a0,0x00000000d7f00000)

Card table byte_map: [0x00007f445c0a8000,0x00007f445c1f6000] byte_map_base: 0x00007f445b9f5000

Polling page: 0x00007f445ee4b000

Code Cache  [0x00007f44545bb000, 0x00007f445482b000, 0x00007f44575bb000)
 total_blobs=964 nmethods=485 adapters=433 free_code_cache=47458Kb largest_free_block=48439232

Compilation events (10 events):
Event: 3,881 Thread 0x00007f44580ab800  498             org.jruby.RubyString::<init> (19 bytes)
Event: 3,883 Thread 0x00007f44580ab800 nmethod 498 0x00007f4454643350 code [0x00007f44546434a0, 0x00007f4454643598]
Event: 3,883 Thread 0x00007f44580ab800  499             org.jruby.ast.StrNode::interpret (13 bytes)
Event: 3,883 Thread 0x00007f44580a8800 nmethod 497 0x00007f4454668e90 code [0x00007f4454668fe0, 0x00007f4454669138]
Event: 3,884 Thread 0x00007f44580a8800  500             org.jruby.RubyClass::allocate (81 bytes)
Event: 3,885 Thread 0x00007f44580ab800 nmethod 499 0x00007f4454668950 code [0x00007f4454668aa0, 0x00007f4454668c38]
Event: 3,890 Thread 0x00007f44580a8800 nmethod 500 0x00007f4454781d50 code [0x00007f4454781f00, 0x00007f4454782318]
Event: 3,894 Thread 0x00007f44580ab800  501             org.jruby.runtime.Block::yield (18 bytes)
Event: 3,895 Thread 0x00007f44580a8800  502             com.kenai.jffi.Invoker::invokeL2 (13 bytes)
Event: 3,896 Thread 0x00007f44580a8800 nmethod 502 0x00007f4454668690 code [0x00007f44546687e0, 0x00007f4454668868]

GC Heap History (4 events):
Event: 1,345 GC heap before
{Heap before GC invocations=1 (full 0):
 PSYoungGen      total 17408K, used 15360K [0x00000000f5900000, 0x00000000f6c00000, 0x0000000100000000)
  eden space 15360K, 100% used [0x00000000f5900000,0x00000000f6800000,0x00000000f6800000)
  from space 2048K, 0% used [0x00000000f6a00000,0x00000000f6a00000,0x00000000f6c00000)
  to   space 2048K, 0% used [0x00000000f6800000,0x00000000f6800000,0x00000000f6a00000)
 ParOldGen       total 38400K, used 0K [0x00000000e0c00000, 0x00000000e3180000, 0x00000000f5900000)
  object space 38400K, 0% used [0x00000000e0c00000,0x00000000e0c00000,0x00000000e3180000)
 PSPermGen       total 21504K, used 18949K [0x00000000d6600000, 0x00000000d7b00000, 0x00000000e0c00000)
  object space 21504K, 88% used [0x00000000d6600000,0x00000000d78816c8,0x00000000d7b00000)
Event: 1,360 GC heap after
Heap after GC invocations=1 (full 0):
 PSYoungGen      total 17408K, used 2037K [0x00000000f5900000, 0x00000000f7b00000, 0x0000000100000000)
  eden space 15360K, 0% used [0x00000000f5900000,0x00000000f5900000,0x00000000f6800000)
  from space 2048K, 99% used [0x00000000f6800000,0x00000000f69fd4d8,0x00000000f6a00000)
  to   space 2048K, 0% used [0x00000000f7900000,0x00000000f7900000,0x00000000f7b00000)
 ParOldGen       total 38400K, used 3773K [0x00000000e0c00000, 0x00000000e3180000, 0x00000000f5900000)
  object space 38400K, 9% used [0x00000000e0c00000,0x00000000e0faf588,0x00000000e3180000)
 PSPermGen       total 21504K, used 18949K [0x00000000d6600000, 0x00000000d7b00000, 0x00000000e0c00000)
  object space 21504K, 88% used [0x00000000d6600000,0x00000000d78816c8,0x00000000d7b00000)
}
Event: 2,319 GC heap before
{Heap before GC invocations=2 (full 0):
 PSYoungGen      total 17408K, used 17397K [0x00000000f5900000, 0x00000000f7b00000, 0x0000000100000000)
  eden space 15360K, 100% used [0x00000000f5900000,0x00000000f6800000,0x00000000f6800000)
  from space 2048K, 99% used [0x00000000f6800000,0x00000000f69fd4d8,0x00000000f6a00000)
  to   space 2048K, 0% used [0x00000000f7900000,0x00000000f7900000,0x00000000f7b00000)
 ParOldGen       total 38400K, used 3773K [0x00000000e0c00000, 0x00000000e3180000, 0x00000000f5900000)
  object space 38400K, 9% used [0x00000000e0c00000,0x00000000e0faf588,0x00000000e3180000)
 PSPermGen       total 23552K, used 23438K [0x00000000d6600000, 0x00000000d7d00000, 0x00000000e0c00000)
  object space 23552K, 99% used [0x00000000d6600000,0x00000000d7ce3b18,0x00000000d7d00000)
Event: 2,339 GC heap after
Heap after GC invocations=2 (full 0):
 PSYoungGen      total 32768K, used 2037K [0x00000000f5900000, 0x00000000f7b00000, 0x0000000100000000)
  eden space 30720K, 0% used [0x00000000f5900000,0x00000000f5900000,0x00000000f7700000)
  from space 2048K, 99% used [0x00000000f7900000,0x00000000f7afd528,0x00000000f7b00000)
  to   space 2048K, 0% used [0x00000000f7700000,0x00000000f7700000,0x00000000f7900000)
 ParOldGen       total 38400K, used 5880K [0x00000000e0c00000, 0x00000000e3180000, 0x00000000f5900000)
  object space 38400K, 15% used [0x00000000e0c00000,0x00000000e11be390,0x00000000e3180000)
 PSPermGen       total 23552K, used 23438K [0x00000000d6600000, 0x00000000d7d00000, 0x00000000e0c00000)
  object space 23552K, 99% used [0x00000000d6600000,0x00000000d7ce3b18,0x00000000d7d00000)
}

Deoptimization events (10 events):
Event: 3,578 Thread 0x00007f445800a800 Uncommon trap: reason=class_check action=maybe_recompile pc=0x00007f445474dc18 method=org.jruby.evaluator.ASTInterpreter.INTERPRET_BLOCK(Lorg/jruby/Ruby;Lorg/jruby/runtime/ThreadContext;Ljava/lang/String;ILorg/jruby/ast/Node;Ljava/lang/String;Lorg/jruby/r
Event: 3,578 Thread 0x00007f445800a800 Uncommon trap: reason=class_check action=maybe_recompile pc=0x00007f445474dc18 method=org.jruby.evaluator.ASTInterpreter.INTERPRET_BLOCK(Lorg/jruby/Ruby;Lorg/jruby/runtime/ThreadContext;Ljava/lang/String;ILorg/jruby/ast/Node;Ljava/lang/String;Lorg/jruby/r
Event: 3,578 Thread 0x00007f445800a800 Uncommon trap: reason=class_check action=maybe_recompile pc=0x00007f445475117c method=org.jruby.evaluator.ASTInterpreter.INTERPRET_BLOCK(Lorg/jruby/Ruby;Lorg/jruby/runtime/ThreadContext;Ljava/lang/String;ILorg/jruby/ast/Node;Ljava/lang/String;Lorg/jruby/r
Event: 3,656 Thread 0x00007f445800a800 Uncommon trap: reason=unreached action=reinterpret pc=0x00007f4454757fb0 method=org.jruby.runtime.Helpers.restructureBlockArgs19(Lorg/jruby/runtime/builtin/IRubyObject;Lorg/jruby/runtime/Arity;Lorg/jruby/runtime/Block$Type;ZZ)[Lorg/jruby/runtime/builtin/I
Event: 3,656 Thread 0x00007f445800a800 Uncommon trap: reason=unreached action=reinterpret pc=0x00007f4454753dd8 method=org.jruby.runtime.Helpers.restructureBlockArgs19(Lorg/jruby/runtime/builtin/IRubyObject;Lorg/jruby/runtime/Arity;Lorg/jruby/runtime/Block$Type;ZZ)[Lorg/jruby/runtime/builtin/I
Event: 3,656 Thread 0x00007f445800a800 Uncommon trap: reason=unreached action=reinterpret pc=0x00007f4454762170 method=org.jruby.runtime.Helpers.restructureBlockArgs19(Lorg/jruby/runtime/builtin/IRubyObject;Lorg/jruby/runtime/Arity;Lorg/jruby/runtime/Block$Type;ZZ)[Lorg/jruby/runtime/builtin/I
Event: 3,656 Thread 0x00007f445800a800 Uncommon trap: reason=unreached action=reinterpret pc=0x00007f4454747264 method=org.jruby.runtime.Helpers.restructureBlockArgs19(Lorg/jruby/runtime/builtin/IRubyObject;Lorg/jruby/runtime/Arity;Lorg/jruby/runtime/Block$Type;ZZ)[Lorg/jruby/runtime/builtin/I
Event: 3,673 Thread 0x00007f445800a800 Uncommon trap: reason=class_check action=maybe_recompile pc=0x00007f445471b4f8 method=org.jruby.RubyArray.compare(Lorg/jruby/runtime/ThreadContext;Lorg/jruby/runtime/invokedynamic/MethodNames;Lorg/jruby/runtime/builtin/IRubyObject;)Lorg/jruby/RubyBoolean;
Event: 3,743 Thread 0x00007f445800a800 Uncommon trap: reason=class_check action=maybe_recompile pc=0x00007f445471b4f8 method=org.jruby.RubyArray.compare(Lorg/jruby/runtime/ThreadContext;Lorg/jruby/runtime/invokedynamic/MethodNames;Lorg/jruby/runtime/builtin/IRubyObject;)Lorg/jruby/RubyBoolean;
Event: 3,783 Thread 0x00007f445800a800 Uncommon trap: reason=class_check action=maybe_recompile pc=0x00007f445471b4f8 method=org.jruby.RubyArray.compare(Lorg/jruby/runtime/ThreadContext;Lorg/jruby/runtime/invokedynamic/MethodNames;Lorg/jruby/runtime/builtin/IRubyObject;)Lorg/jruby/RubyBoolean;

Internal exceptions (10 events):
Event: 3,147 Thread 0x00007f44584af000 Threw 0x00000000f65c5fe8 at /build/buildd/openjdk-7-7u51-2.4.4/build/openjdk/hotspot/src/share/vm/prims/jvm.cpp:1244
Event: 3,148 Thread 0x00007f44584af000 Threw 0x00000000f65c7918 at /build/buildd/openjdk-7-7u51-2.4.4/build/openjdk/hotspot/src/share/vm/prims/jvm.cpp:1244
Event: 3,203 Thread 0x00007f4458490800 Threw 0x00000000f662de60 at /build/buildd/openjdk-7-7u51-2.4.4/build/openjdk/hotspot/src/share/vm/prims/jvm.cpp:1244
Event: 3,203 Thread 0x00007f44584af000 Threw 0x00000000f67e11c8 at /build/buildd/openjdk-7-7u51-2.4.4/build/openjdk/hotspot/src/share/vm/prims/jvm.cpp:1244
Event: 3,203 Thread 0x00007f4458490800 Threw 0x00000000f662f7e0 at /build/buildd/openjdk-7-7u51-2.4.4/build/openjdk/hotspot/src/share/vm/prims/jvm.cpp:1244
Event: 3,203 Thread 0x00007f44584af000 Threw 0x00000000f67e2b40 at /build/buildd/openjdk-7-7u51-2.4.4/build/openjdk/hotspot/src/share/vm/prims/jvm.cpp:1244
Event: 3,207 Thread 0x00007f44584af000 Threw 0x00000000f680a788 at /build/buildd/openjdk-7-7u51-2.4.4/build/openjdk/hotspot/src/share/vm/prims/jvm.cpp:1244
Event: 3,207 Thread 0x00007f44584af000 Threw 0x00000000f680c1b0 at /build/buildd/openjdk-7-7u51-2.4.4/build/openjdk/hotspot/src/share/vm/prims/jvm.cpp:1244
Event: 3,245 Thread 0x00007f4458490800 Threw 0x00000000f6853c68 at /build/buildd/openjdk-7-7u51-2.4.4/build/openjdk/hotspot/src/share/vm/prims/jvm.cpp:1244
Event: 3,245 Thread 0x00007f4458490800 Threw 0x00000000f692fee0 at /build/buildd/openjdk-7-7u51-2.4.4/build/openjdk/hotspot/src/share/vm/prims/jvm.cpp:1244

Events (10 events):
Event: 3,801 loading class 0x00007f442c11e920 done
Event: 3,828 Thread 0x00007f44580ab800 flushing nmethod 0x00007f445462d110
Event: 3,839 Thread 0x00007f44580ab800 flushing nmethod 0x00007f4454632810
Event: 3,840 Thread 0x00007f44580ab800 flushing nmethod 0x00007f4454643190
Event: 3,841 Thread 0x00007f44580ab800 flushing nmethod 0x00007f445464f710
Event: 3,841 Thread 0x00007f44580ab800 flushing nmethod 0x00007f4454650910
Event: 3,841 Thread 0x00007f44580ab800 flushing nmethod 0x00007f445465d4d0
Event: 3,841 Thread 0x00007f44580ab800 flushing nmethod 0x00007f445465f750
Event: 3,841 Thread 0x00007f44580ab800 flushing nmethod 0x00007f4454678a90
Event: 3,857 Thread 0x00007f44580ab800 flushing nmethod 0x00007f44546911d0


Dynamic libraries:
00400000-00401000 r-xp 00000000 08:01 15861394                           /usr/lib/jvm/java-7-openjdk-amd64/jre/bin/java
00600000-00601000 r--p 00000000 08:01 15861394                           /usr/lib/jvm/java-7-openjdk-amd64/jre/bin/java
00601000-00602000 rw-p 00001000 08:01 15861394                           /usr/lib/jvm/java-7-openjdk-amd64/jre/bin/java
01ac7000-01ae8000 rw-p 00000000 00:00 0                                  [heap]
d6600000-d7f00000 rw-p 00000000 00:00 0 
d7f00000-e0c00000 rw-p 00000000 00:00 0 
e0c00000-e3180000 rw-p 00000000 00:00 0 
e3180000-f5900000 rw-p 00000000 00:00 0 
f5900000-f7b00000 rw-p 00000000 00:00 0 
f7b00000-100000000 rw-p 00000000 00:00 0 
7f4408000000-7f4408021000 rw-p 00000000 00:00 0 
7f4408021000-7f440c000000 ---p 00000000 00:00 0 
7f440c000000-7f440c021000 rw-p 00000000 00:00 0 
7f440c021000-7f4410000000 ---p 00000000 00:00 0 
7f4410000000-7f4410021000 rw-p 00000000 00:00 0 
7f4410021000-7f4414000000 ---p 00000000 00:00 0 
7f4414000000-7f4414021000 rw-p 00000000 00:00 0 
7f4414021000-7f4418000000 ---p 00000000 00:00 0 
7f4418000000-7f4418021000 rw-p 00000000 00:00 0 
7f4418021000-7f441c000000 ---p 00000000 00:00 0 
7f441c000000-7f441c027000 rw-p 00000000 00:00 0 
7f441c027000-7f4420000000 ---p 00000000 00:00 0 
7f4420000000-7f44208c9000 rw-p 00000000 00:00 0 
7f44208c9000-7f4424000000 ---p 00000000 00:00 0 
7f4424000000-7f4424021000 rw-p 00000000 00:00 0 
7f4424021000-7f4428000000 ---p 00000000 00:00 0 
7f4428000000-7f4428021000 rw-p 00000000 00:00 0 
7f4428021000-7f442c000000 ---p 00000000 00:00 0 
7f442c000000-7f442d09d000 rw-p 00000000 00:00 0 
7f442d09d000-7f4430000000 ---p 00000000 00:00 0 
7f4430000000-7f4430021000 rw-p 00000000 00:00 0 
7f4430021000-7f4434000000 ---p 00000000 00:00 0 
7f4434000000-7f4434021000 rw-p 00000000 00:00 0 
7f4434021000-7f4438000000 ---p 00000000 00:00 0 
7f4438000000-7f4438021000 rw-p 00000000 00:00 0 
7f4438021000-7f443c000000 ---p 00000000 00:00 0 
7f443c000000-7f443c021000 rw-p 00000000 00:00 0 
7f443c021000-7f4440000000 ---p 00000000 00:00 0 
7f4440000000-7f4440021000 rw-p 00000000 00:00 0 
7f4440021000-7f4444000000 ---p 00000000 00:00 0 
7f4445e42000-7f4445e45000 r-xp 00000000 08:01 14162142                   /home/alex/Documents/8vo_Semestre/Geometría Computacional/Lab/practica04/src/lib/librange_tree.so
7f4445e45000-7f4446044000 ---p 00003000 08:01 14162142                   /home/alex/Documents/8vo_Semestre/Geometría Computacional/Lab/practica04/src/lib/librange_tree.so
7f4446044000-7f4446045000 r--p 00002000 08:01 14162142                   /home/alex/Documents/8vo_Semestre/Geometría Computacional/Lab/practica04/src/lib/librange_tree.so
7f4446045000-7f4446046000 rw-p 00003000 08:01 14162142                   /home/alex/Documents/8vo_Semestre/Geometría Computacional/Lab/practica04/src/lib/librange_tree.so
7f4446046000-7f4446049000 r-xp 00000000 08:01 14162104                   /home/alex/Documents/8vo_Semestre/Geometría Computacional/Lab/practica04/src/lib/librb_tree.so
7f4446049000-7f4446248000 ---p 00003000 08:01 14162104                   /home/alex/Documents/8vo_Semestre/Geometría Computacional/Lab/practica04/src/lib/librb_tree.so
7f4446248000-7f4446249000 r--p 00002000 08:01 14162104                   /home/alex/Documents/8vo_Semestre/Geometría Computacional/Lab/practica04/src/lib/librb_tree.so
7f4446249000-7f444624a000 rw-p 00003000 08:01 14162104                   /home/alex/Documents/8vo_Semestre/Geometría Computacional/Lab/practica04/src/lib/librb_tree.so
7f444624a000-7f444624c000 r-xp 00000000 08:01 14162095                   /home/alex/Documents/8vo_Semestre/Geometría Computacional/Lab/practica04/src/lib/libdouble_linked_list.so
7f444624c000-7f444644b000 ---p 00002000 08:01 14162095                   /home/alex/Documents/8vo_Semestre/Geometría Computacional/Lab/practica04/src/lib/libdouble_linked_list.so
7f444644b000-7f444644c000 r--p 00001000 08:01 14162095                   /home/alex/Documents/8vo_Semestre/Geometría Computacional/Lab/practica04/src/lib/libdouble_linked_list.so
7f444644c000-7f444644d000 rw-p 00002000 08:01 14162095                   /home/alex/Documents/8vo_Semestre/Geometría Computacional/Lab/practica04/src/lib/libdouble_linked_list.so
7f444644d000-7f444644e000 r-xp 00000000 08:01 14162103                   /home/alex/Documents/8vo_Semestre/Geometría Computacional/Lab/practica04/src/lib/lib2d_points.so
7f444644e000-7f444664e000 ---p 00001000 08:01 14162103                   /home/alex/Documents/8vo_Semestre/Geometría Computacional/Lab/practica04/src/lib/lib2d_points.so
7f444664e000-7f444664f000 r--p 00001000 08:01 14162103                   /home/alex/Documents/8vo_Semestre/Geometría Computacional/Lab/practica04/src/lib/lib2d_points.so
7f444664f000-7f4446650000 rw-p 00002000 08:01 14162103                   /home/alex/Documents/8vo_Semestre/Geometría Computacional/Lab/practica04/src/lib/lib2d_points.so
7f4446650000-7f4446653000 ---p 00000000 00:00 0 
7f4446653000-7f4446851000 rw-p 00000000 00:00 0                          [stack:835]
7f4446851000-7f4446854000 ---p 00000000 00:00 0 
7f4446854000-7f4446a52000 rw-p 00000000 00:00 0 
7f4446a52000-7f4446a55000 ---p 00000000 00:00 0 
7f4446a55000-7f4446c53000 rw-p 00000000 00:00 0                          [stack:834]
7f4446c53000-7f4446c56000 ---p 00000000 00:00 0 
7f4446c56000-7f4446e54000 rw-p 00000000 00:00 0                          [stack:736]
7f4446e54000-7f4446e66000 r-xp 00000000 08:01 12059135                   /home/alex/.rbenv/versions/jruby-1.7.10/lib/jni/x86_64-Linux/libjffi-1.2.so
7f4446e66000-7f4447065000 ---p 00012000 08:01 12059135                   /home/alex/.rbenv/versions/jruby-1.7.10/lib/jni/x86_64-Linux/libjffi-1.2.so
7f4447065000-7f4447066000 rw-p 00011000 08:01 12059135                   /home/alex/.rbenv/versions/jruby-1.7.10/lib/jni/x86_64-Linux/libjffi-1.2.so
7f4447066000-7f4447076000 r-xp 00000000 08:01 15861288                   /usr/lib/jvm/java-7-openjdk-amd64/jre/lib/amd64/libnio.so
7f4447076000-7f4447276000 ---p 00010000 08:01 15861288                   /usr/lib/jvm/java-7-openjdk-amd64/jre/lib/amd64/libnio.so
7f4447276000-7f4447277000 r--p 00010000 08:01 15861288                   /usr/lib/jvm/java-7-openjdk-amd64/jre/lib/amd64/libnio.so
7f4447277000-7f4447278000 rw-p 00011000 08:01 15861288                   /usr/lib/jvm/java-7-openjdk-amd64/jre/lib/amd64/libnio.so
7f4447278000-7f44472b5000 r-xp 00000000 08:01 8130434                    /lib/x86_64-linux-gnu/libpcre.so.3.13.1
7f44472b5000-7f44474b5000 ---p 0003d000 08:01 8130434                    /lib/x86_64-linux-gnu/libpcre.so.3.13.1
7f44474b5000-7f44474b6000 r--p 0003d000 08:01 8130434                    /lib/x86_64-linux-gnu/libpcre.so.3.13.1
7f44474b6000-7f44474b7000 rw-p 0003e000 08:01 8130434                    /lib/x86_64-linux-gnu/libpcre.so.3.13.1
7f44474b7000-7f44474be000 r-xp 00000000 08:01 15735894                   /usr/lib/x86_64-linux-gnu/libffi.so.6.0.1
7f44474be000-7f44476bd000 ---p 00007000 08:01 15735894                   /usr/lib/x86_64-linux-gnu/libffi.so.6.0.1
7f44476bd000-7f44476be000 r--p 00006000 08:01 15735894                   /usr/lib/x86_64-linux-gnu/libffi.so.6.0.1
7f44476be000-7f44476bf000 rw-p 00007000 08:01 15735894                   /usr/lib/x86_64-linux-gnu/libffi.so.6.0.1
7f44476bf000-7f44476d5000 r-xp 00000000 08:01 8130457                    /lib/x86_64-linux-gnu/libresolv-2.17.so
7f44476d5000-7f44478d5000 ---p 00016000 08:01 8130457                    /lib/x86_64-linux-gnu/libresolv-2.17.so
7f44478d5000-7f44478d6000 r--p 00016000 08:01 8130457                    /lib/x86_64-linux-gnu/libresolv-2.17.so
7f44478d6000-7f44478d7000 rw-p 00017000 08:01 8130457                    /lib/x86_64-linux-gnu/libresolv-2.17.so
7f44478d7000-7f44478d9000 rw-p 00000000 00:00 0 
7f44478d9000-7f44478f8000 r-xp 00000000 08:01 8130461                    /lib/x86_64-linux-gnu/libselinux.so.1
7f44478f8000-7f4447af8000 ---p 0001f000 08:01 8130461                    /lib/x86_64-linux-gnu/libselinux.so.1
7f4447af8000-7f4447af9000 r--p 0001f000 08:01 8130461                    /lib/x86_64-linux-gnu/libselinux.so.1
7f4447af9000-7f4447afa000 rw-p 00020000 08:01 8130461                    /lib/x86_64-linux-gnu/libselinux.so.1
7f4447afa000-7f4447afb000 rw-p 00000000 00:00 0 
7f4447afb000-7f4447afe000 r-xp 00000000 08:01 15729078                   /usr/lib/x86_64-linux-gnu/libgmodule-2.0.so.0.3800.1
7f4447afe000-7f4447cfd000 ---p 00003000 08:01 15729078                   /usr/lib/x86_64-linux-gnu/libgmodule-2.0.so.0.3800.1
7f4447cfd000-7f4447cfe000 r--p 00002000 08:01 15729078                   /usr/lib/x86_64-linux-gnu/libgmodule-2.0.so.0.3800.1
7f4447cfe000-7f4447cff000 rw-p 00003000 08:01 15729078                   /usr/lib/x86_64-linux-gnu/libgmodule-2.0.so.0.3800.1
7f4447cff000-7f4447dfd000 r-xp 00000000 08:01 8130449                    /lib/x86_64-linux-gnu/libglib-2.0.so.0.3800.1
7f4447dfd000-7f4447ffd000 ---p 000fe000 08:01 8130449                    /lib/x86_64-linux-gnu/libglib-2.0.so.0.3800.1
7f4447ffd000-7f4447ffe000 r--p 000fe000 08:01 8130449                    /lib/x86_64-linux-gnu/libglib-2.0.so.0.3800.1
7f4447ffe000-7f4447fff000 rw-p 000ff000 08:01 8130449                    /lib/x86_64-linux-gnu/libglib-2.0.so.0.3800.1
7f4447fff000-7f4448000000 rw-p 00000000 00:00 0 
7f4448000000-7f4448021000 rw-p 00000000 00:00 0 
7f4448021000-7f444c000000 ---p 00000000 00:00 0 
7f444c085000-7f444c088000 ---p 00000000 00:00 0 
7f444c088000-7f444c0be000 rw-p 00000000 00:00 0                          [stack:739]
7f444c0be000-7f444c10d000 r-xp 00000000 08:01 15729069                   /usr/lib/x86_64-linux-gnu/libgobject-2.0.so.0.3800.1
7f444c10d000-7f444c30d000 ---p 0004f000 08:01 15729069                   /usr/lib/x86_64-linux-gnu/libgobject-2.0.so.0.3800.1
7f444c30d000-7f444c30e000 r--p 0004f000 08:01 15729069                   /usr/lib/x86_64-linux-gnu/libgobject-2.0.so.0.3800.1
7f444c30e000-7f444c30f000 rw-p 00050000 08:01 15729069                   /usr/lib/x86_64-linux-gnu/libgobject-2.0.so.0.3800.1
7f444c30f000-7f444c46b000 r-xp 00000000 08:01 15729043                   /usr/lib/x86_64-linux-gnu/libgio-2.0.so.0.3800.1
7f444c46b000-7f444c66a000 ---p 0015c000 08:01 15729043                   /usr/lib/x86_64-linux-gnu/libgio-2.0.so.0.3800.1
7f444c66a000-7f444c66e000 r--p 0015b000 08:01 15729043                   /usr/lib/x86_64-linux-gnu/libgio-2.0.so.0.3800.1
7f444c66e000-7f444c670000 rw-p 0015f000 08:01 15729043                   /usr/lib/x86_64-linux-gnu/libgio-2.0.so.0.3800.1
7f444c670000-7f444c672000 rw-p 00000000 00:00 0 
7f444c677000-7f444c679000 rw-p 00000000 00:00 0 
7f444c679000-7f444c680000 r--s 00000000 08:01 16127910                   /usr/lib/x86_64-linux-gnu/gconv/gconv-modules.cache
7f444c680000-7f444c682000 r--s 00012000 08:01 15861308                   /usr/lib/jvm/java-7-openjdk-amd64/jre/lib/ext/zipfs.jar
7f444c682000-7f444c685000 r--s 00032000 08:01 15861310                   /usr/lib/jvm/java-7-openjdk-amd64/jre/lib/ext/sunjce_provider.jar
7f444c685000-7f444c689000 r--s 00085000 08:01 15861304                   /usr/lib/jvm/java-7-openjdk-amd64/jre/lib/ext/localedata.jar
7f444c689000-7f444c68b000 r--s 00006000 08:01 16256853                   /usr/share/java/java-atk-wrapper.jar
7f444c68b000-7f444c6a1000 r-xp 00000000 08:01 15861076                   /usr/lib/jvm/java-7-openjdk-amd64/jre/lib/amd64/libnet.so
7f444c6a1000-7f444c8a0000 ---p 00016000 08:01 15861076                   /usr/lib/jvm/java-7-openjdk-amd64/jre/lib/amd64/libnet.so
7f444c8a0000-7f444c8a1000 r--p 00015000 08:01 15861076                   /usr/lib/jvm/java-7-openjdk-amd64/jre/lib/amd64/libnet.so
7f444c8a1000-7f444c8a2000 rw-p 00016000 08:01 15861076                   /usr/lib/jvm/java-7-openjdk-amd64/jre/lib/amd64/libnet.so
7f444c8a2000-7f444c8a7000 r--s 0004c000 08:01 15861296                   /usr/lib/jvm/java-7-openjdk-amd64/jre/lib/jsse.jar
7f444c8a7000-7f444c8a8000 ---p 00000000 00:00 0 
7f444c8a8000-7f444c9a8000 rw-p 00000000 00:00 0                          [stack:735]
7f444c9a8000-7f444c9ab000 ---p 00000000 00:00 0 
7f444c9ab000-7f444cba9000 rw-p 00000000 00:00 0                          [stack:734]
7f444cba9000-7f444cbac000 ---p 00000000 00:00 0 
7f444cbac000-7f444ccaa000 rw-p 00000000 00:00 0                          [stack:733]
7f444ccaa000-7f444ccad000 ---p 00000000 00:00 0 
7f444ccad000-7f444cdab000 rw-p 00000000 00:00 0                          [stack:732]
7f444cdab000-7f444cdae000 ---p 00000000 00:00 0 
7f444cdae000-7f444cfac000 rw-p 00000000 00:00 0                          [stack:731]
7f444cfac000-7f444d3a6000 r--p 00000000 08:01 15734328                   /usr/lib/locale/locale-archive
7f444d3a6000-7f444d3a9000 ---p 00000000 00:00 0 
7f444d3a9000-7f444d5a7000 rw-p 00000000 00:00 0                          [stack:730]
7f444d5a7000-7f444d5aa000 ---p 00000000 00:00 0 
7f444d5aa000-7f444d7a8000 rw-p 00000000 00:00 0                          [stack:729]
7f444d7a8000-7f444d7a9000 ---p 00000000 00:00 0 
7f444d7a9000-7f444e823000 rw-p 00000000 00:00 0                          [stack:728]
7f444e823000-7f444e90c000 r--s 00bb9000 08:01 12059138                   /home/alex/.rbenv/versions/jruby-1.7.10/lib/jruby.jar
7f444e90c000-7f444eaba000 r--s 01cf4000 08:01 15861374                   /usr/lib/jvm/java-7-openjdk-amd64/jre/lib/rt.jar
7f444eaba000-7f4450000000 rw-p 00000000 00:00 0 
7f4450000000-7f4450021000 rw-p 00000000 00:00 0 
7f4450021000-7f4454000000 ---p 00000000 00:00 0 
7f4454000000-7f44541b7000 rw-p 00000000 00:00 0 
7f44541b7000-7f44541b8000 ---p 00000000 00:00 0 
7f44541b8000-7f44542b8000 rw-p 00000000 00:00 0                          [stack:727]
7f44542b8000-7f44542b9000 ---p 00000000 00:00 0 
7f44542b9000-7f44543b9000 rw-p 00000000 00:00 0                          [stack:726]
7f44543b9000-7f44543ba000 ---p 00000000 00:00 0 
7f44543ba000-7f44544ba000 rw-p 00000000 00:00 0                          [stack:725]
7f44544ba000-7f44544bb000 ---p 00000000 00:00 0 
7f44544bb000-7f44545bb000 rw-p 00000000 00:00 0                          [stack:724]
7f44545bb000-7f445482b000 rwxp 00000000 00:00 0 
7f445482b000-7f44575bb000 rw-p 00000000 00:00 0 
7f44575bb000-7f44575c3000 r-xp 00000000 08:01 15861025                   /usr/lib/jvm/java-7-openjdk-amd64/jre/lib/amd64/libzip.so
7f44575c3000-7f44577c2000 ---p 00008000 08:01 15861025                   /usr/lib/jvm/java-7-openjdk-amd64/jre/lib/amd64/libzip.so
7f44577c2000-7f44577c3000 r--p 00007000 08:01 15861025                   /usr/lib/jvm/java-7-openjdk-amd64/jre/lib/amd64/libzip.so
7f44577c3000-7f44577c4000 rw-p 00008000 08:01 15861025                   /usr/lib/jvm/java-7-openjdk-amd64/jre/lib/amd64/libzip.so
7f44577c4000-7f44577d0000 r-xp 00000000 08:01 8130412                    /lib/x86_64-linux-gnu/libnss_files-2.17.so
7f44577d0000-7f44579cf000 ---p 0000c000 08:01 8130412                    /lib/x86_64-linux-gnu/libnss_files-2.17.so
7f44579cf000-7f44579d0000 r--p 0000b000 08:01 8130412                    /lib/x86_64-linux-gnu/libnss_files-2.17.so
7f44579d0000-7f44579d1000 rw-p 0000c000 08:01 8130412                    /lib/x86_64-linux-gnu/libnss_files-2.17.so
7f44579d1000-7f44579dc000 r-xp 00000000 08:01 8130416                    /lib/x86_64-linux-gnu/libnss_nis-2.17.so
7f44579dc000-7f4457bdb000 ---p 0000b000 08:01 8130416                    /lib/x86_64-linux-gnu/libnss_nis-2.17.so
7f4457bdb000-7f4457bdc000 r--p 0000a000 08:01 8130416                    /lib/x86_64-linux-gnu/libnss_nis-2.17.so
7f4457bdc000-7f4457bdd000 rw-p 0000b000 08:01 8130416                    /lib/x86_64-linux-gnu/libnss_nis-2.17.so
7f4457bdd000-7f4457bf4000 r-xp 00000000 08:01 8130406                    /lib/x86_64-linux-gnu/libnsl-2.17.so
7f4457bf4000-7f4457df3000 ---p 00017000 08:01 8130406                    /lib/x86_64-linux-gnu/libnsl-2.17.so
7f4457df3000-7f4457df4000 r--p 00016000 08:01 8130406                    /lib/x86_64-linux-gnu/libnsl-2.17.so
7f4457df4000-7f4457df5000 rw-p 00017000 08:01 8130406                    /lib/x86_64-linux-gnu/libnsl-2.17.so
7f4457df5000-7f4457df7000 rw-p 00000000 00:00 0 
7f4457df7000-7f4457dff000 r-xp 00000000 08:01 8130408                    /lib/x86_64-linux-gnu/libnss_compat-2.17.so
7f4457dff000-7f4457ffe000 ---p 00008000 08:01 8130408                    /lib/x86_64-linux-gnu/libnss_compat-2.17.so
7f4457ffe000-7f4457fff000 r--p 00007000 08:01 8130408                    /lib/x86_64-linux-gnu/libnss_compat-2.17.so
7f4457fff000-7f4458000000 rw-p 00008000 08:01 8130408                    /lib/x86_64-linux-gnu/libnss_compat-2.17.so
7f4458000000-7f4458649000 rw-p 00000000 00:00 0 
7f4458649000-7f445c000000 ---p 00000000 00:00 0 
7f445c000000-7f445c001000 r-xp 00000000 00:00 0 
7f445c001000-7f445c004000 r--s 0000f000 08:01 15861306                   /usr/lib/jvm/java-7-openjdk-amd64/jre/lib/ext/pulse-java.jar
7f445c004000-7f445c0b5000 rw-p 00000000 00:00 0 
7f445c0b5000-7f445c0fb000 rw-p 00000000 00:00 0 
7f445c0fb000-7f445c10e000 rw-p 00000000 00:00 0 
7f445c10e000-7f445c1a1000 rw-p 00000000 00:00 0 
7f445c1a1000-7f445c1b3000 rw-p 00000000 00:00 0 
7f445c1b3000-7f445c1f5000 rw-p 00000000 00:00 0 
7f445c1f5000-7f445c1f6000 rw-p 00000000 00:00 0 
7f445c1f6000-7f445c221000 r-xp 00000000 08:01 15860951                   /usr/lib/jvm/java-7-openjdk-amd64/jre/lib/amd64/libjava.so
7f445c221000-7f445c420000 ---p 0002b000 08:01 15860951                   /usr/lib/jvm/java-7-openjdk-amd64/jre/lib/amd64/libjava.so
7f445c420000-7f445c421000 r--p 0002a000 08:01 15860951                   /usr/lib/jvm/java-7-openjdk-amd64/jre/lib/amd64/libjava.so
7f445c421000-7f445c423000 rw-p 0002b000 08:01 15860951                   /usr/lib/jvm/java-7-openjdk-amd64/jre/lib/amd64/libjava.so
7f445c423000-7f445c433000 r-xp 00000000 08:01 15861265                   /usr/lib/jvm/java-7-openjdk-amd64/jre/lib/amd64/libverify.so
7f445c433000-7f445c632000 ---p 00010000 08:01 15861265                   /usr/lib/jvm/java-7-openjdk-amd64/jre/lib/amd64/libverify.so
7f445c632000-7f445c634000 r--p 0000f000 08:01 15861265                   /usr/lib/jvm/java-7-openjdk-amd64/jre/lib/amd64/libverify.so
7f445c634000-7f445c635000 rw-p 00011000 08:01 15861265                   /usr/lib/jvm/java-7-openjdk-amd64/jre/lib/amd64/libverify.so
7f445c635000-7f445c63c000 r-xp 00000000 08:01 8130459                    /lib/x86_64-linux-gnu/librt-2.17.so
7f445c63c000-7f445c83b000 ---p 00007000 08:01 8130459                    /lib/x86_64-linux-gnu/librt-2.17.so
7f445c83b000-7f445c83c000 r--p 00006000 08:01 8130459                    /lib/x86_64-linux-gnu/librt-2.17.so
7f445c83c000-7f445c83d000 rw-p 00007000 08:01 8130459                    /lib/x86_64-linux-gnu/librt-2.17.so
7f445c83d000-7f445c840000 ---p 00000000 00:00 0 
7f445c840000-7f445ca3e000 rw-p 00000000 00:00 0                          [stack:723]
7f445ca3e000-7f445ca53000 r-xp 00000000 08:01 8126477                    /lib/x86_64-linux-gnu/libgcc_s.so.1
7f445ca53000-7f445cc52000 ---p 00015000 08:01 8126477                    /lib/x86_64-linux-gnu/libgcc_s.so.1
7f445cc52000-7f445cc53000 r--p 00014000 08:01 8126477                    /lib/x86_64-linux-gnu/libgcc_s.so.1
7f445cc53000-7f445cc54000 rw-p 00015000 08:01 8126477                    /lib/x86_64-linux-gnu/libgcc_s.so.1
7f445cc54000-7f445cd57000 r-xp 00000000 08:01 8130387                    /lib/x86_64-linux-gnu/libm-2.17.so
7f445cd57000-7f445cf56000 ---p 00103000 08:01 8130387                    /lib/x86_64-linux-gnu/libm-2.17.so
7f445cf56000-7f445cf57000 r--p 00102000 08:01 8130387                    /lib/x86_64-linux-gnu/libm-2.17.so
7f445cf57000-7f445cf58000 rw-p 00103000 08:01 8130387                    /lib/x86_64-linux-gnu/libm-2.17.so
7f445cf58000-7f445d03e000 r-xp 00000000 08:01 15729831                   /usr/lib/x86_64-linux-gnu/libstdc++.so.6.0.18
7f445d03e000-7f445d23d000 ---p 000e6000 08:01 15729831                   /usr/lib/x86_64-linux-gnu/libstdc++.so.6.0.18
7f445d23d000-7f445d245000 r--p 000e5000 08:01 15729831                   /usr/lib/x86_64-linux-gnu/libstdc++.so.6.0.18
7f445d245000-7f445d247000 rw-p 000ed000 08:01 15729831                   /usr/lib/x86_64-linux-gnu/libstdc++.so.6.0.18
7f445d247000-7f445d25c000 rw-p 00000000 00:00 0 
7f445d25c000-7f445dd3b000 r-xp 00000000 08:01 15861284                   /usr/lib/jvm/java-7-openjdk-amd64/jre/lib/amd64/server/libjvm.so
7f445dd3b000-7f445df3a000 ---p 00adf000 08:01 15861284                   /usr/lib/jvm/java-7-openjdk-amd64/jre/lib/amd64/server/libjvm.so
7f445df3a000-7f445dfcc000 r--p 00ade000 08:01 15861284                   /usr/lib/jvm/java-7-openjdk-amd64/jre/lib/amd64/server/libjvm.so
7f445dfcc000-7f445dfef000 rw-p 00b70000 08:01 15861284                   /usr/lib/jvm/java-7-openjdk-amd64/jre/lib/amd64/server/libjvm.so
7f445dfef000-7f445e01c000 rw-p 00000000 00:00 0 
7f445e01c000-7f445e034000 r-xp 00000000 08:01 8130494                    /lib/x86_64-linux-gnu/libz.so.1.2.8
7f445e034000-7f445e233000 ---p 00018000 08:01 8130494                    /lib/x86_64-linux-gnu/libz.so.1.2.8
7f445e233000-7f445e234000 r--p 00017000 08:01 8130494                    /lib/x86_64-linux-gnu/libz.so.1.2.8
7f445e234000-7f445e235000 rw-p 00018000 08:01 8130494                    /lib/x86_64-linux-gnu/libz.so.1.2.8
7f445e235000-7f445e24c000 r-xp 00000000 08:01 8130451                    /lib/x86_64-linux-gnu/libpthread-2.17.so
7f445e24c000-7f445e44c000 ---p 00017000 08:01 8130451                    /lib/x86_64-linux-gnu/libpthread-2.17.so
7f445e44c000-7f445e44d000 r--p 00017000 08:01 8130451                    /lib/x86_64-linux-gnu/libpthread-2.17.so
7f445e44d000-7f445e44e000 rw-p 00018000 08:01 8130451                    /lib/x86_64-linux-gnu/libpthread-2.17.so
7f445e44e000-7f445e452000 rw-p 00000000 00:00 0 
7f445e452000-7f445e455000 r-xp 00000000 08:01 8130351                    /lib/x86_64-linux-gnu/libdl-2.17.so
7f445e455000-7f445e654000 ---p 00003000 08:01 8130351                    /lib/x86_64-linux-gnu/libdl-2.17.so
7f445e654000-7f445e655000 r--p 00002000 08:01 8130351                    /lib/x86_64-linux-gnu/libdl-2.17.so
7f445e655000-7f445e656000 rw-p 00003000 08:01 8130351                    /lib/x86_64-linux-gnu/libdl-2.17.so
7f445e656000-7f445e813000 r-xp 00000000 08:01 8130336                    /lib/x86_64-linux-gnu/libc-2.17.so
7f445e813000-7f445ea13000 ---p 001bd000 08:01 8130336                    /lib/x86_64-linux-gnu/libc-2.17.so
7f445ea13000-7f445ea17000 r--p 001bd000 08:01 8130336                    /lib/x86_64-linux-gnu/libc-2.17.so
7f445ea17000-7f445ea19000 rw-p 001c1000 08:01 8130336                    /lib/x86_64-linux-gnu/libc-2.17.so
7f445ea19000-7f445ea1e000 rw-p 00000000 00:00 0 
7f445ea1e000-7f445ea2b000 r-xp 00000000 08:01 15861291                   /usr/lib/jvm/java-7-openjdk-amd64/jre/lib/amd64/jli/libjli.so
7f445ea2b000-7f445ec2a000 ---p 0000d000 08:01 15861291                   /usr/lib/jvm/java-7-openjdk-amd64/jre/lib/amd64/jli/libjli.so
7f445ec2a000-7f445ec2b000 r--p 0000c000 08:01 15861291                   /usr/lib/jvm/java-7-openjdk-amd64/jre/lib/amd64/jli/libjli.so
7f445ec2b000-7f445ec2c000 rw-p 0000d000 08:01 15861291                   /usr/lib/jvm/java-7-openjdk-amd64/jre/lib/amd64/jli/libjli.so
7f445ec2c000-7f445ec4f000 r-xp 00000000 08:01 8130312                    /lib/x86_64-linux-gnu/ld-2.17.so
7f445ec4f000-7f445ec53000 r--s 0003b000 08:01 15861316                   /usr/lib/jvm/java-7-openjdk-amd64/jre/lib/ext/sunpkcs11.jar
7f445ec53000-7f445ec81000 rw-p 00000000 00:00 0 
7f445ec81000-7f445ecc7000 rw-p 00000000 00:00 0 
7f445ecc7000-7f445ecda000 rw-p 00000000 00:00 0 
7f445ecda000-7f445ed6e000 rw-p 00000000 00:00 0 
7f445ed6e000-7f445ed78000 rw-p 00000000 00:00 0 
7f445ed78000-7f445ee2e000 rw-p 00000000 00:00 0 
7f445ee2e000-7f445ee33000 rw-p 00000000 00:00 0 
7f445ee33000-7f445ee34000 r--s 00002000 08:01 15861314                   /usr/lib/jvm/java-7-openjdk-amd64/jre/lib/ext/dnsns.jar
7f445ee34000-7f445ee42000 rw-p 00000000 00:00 0 
7f445ee42000-7f445ee4a000 rw-s 00000000 08:01 6029327                    /tmp/hsperfdata_alex/697
7f445ee4a000-7f445ee4b000 rw-p 00000000 00:00 0 
7f445ee4b000-7f445ee4c000 r--p 00000000 00:00 0 
7f445ee4c000-7f445ee4e000 rw-p 00000000 00:00 0 
7f445ee4e000-7f445ee4f000 r--p 00022000 08:01 8130312                    /lib/x86_64-linux-gnu/ld-2.17.so
7f445ee4f000-7f445ee51000 rw-p 00023000 08:01 8130312                    /lib/x86_64-linux-gnu/ld-2.17.so
7fff0967b000-7fff0969c000 rw-p 00000000 00:00 0                          [stack]
7fff097fe000-7fff09800000 r-xp 00000000 00:00 0                          [vdso]
ffffffffff600000-ffffffffff601000 r-xp 00000000 00:00 0                  [vsyscall]

VM Arguments:
jvm_args: -Djdk.home= -Djruby.home=/home/alex/.rbenv/versions/jruby-1.7.10 -Djruby.script=jruby -Djruby.shell=/bin/sh -Djffi.boot.library.path=/home/alex/.rbenv/versions/jruby-1.7.10/lib/jni:/home/alex/.rbenv/versions/jruby-1.7.10/lib/jni/i386-Linux:/home/alex/.rbenv/versions/jruby-1.7.10/lib/jni/arm-Linux:/home/alex/.rbenv/versions/jruby-1.7.10/lib/jni/x86_64-Linux -Xmx500m -Xss2048k -Xbootclasspath/a:/home/alex/.rbenv/versions/jruby-1.7.10/lib/jruby.jar 
java_command: org/jruby/Main Makefile.rb clean compile test clean
Launcher Type: SUN_STANDARD

Environment Variables:
PATH=/home/alex/.rbenv/versions/jruby-1.7.10/bin:/home/alex/.rbenv/libexec:/home/alex/.rbenv/plugins/ruby-build/bin:/home/alex/.rbenv/shims:~/.rbenv/bin:~/.rbenv/bin:/usr/local/sbin:/usr/local/bin:/usr/sbin:/usr/bin:/sbin:/bin:/usr/games:/usr/local/games
USERNAME=alex
SHELL=/bin/bash
DISPLAY=:0

Signal Handlers:
SIGSEGV: [libjvm.so+0x916ea0], sa_mask[0]=0x7ffbfeff, sa_flags=0x10000004
SIGBUS: [libjvm.so+0x916ea0], sa_mask[0]=0x7ffbfeff, sa_flags=0x10000004
SIGFPE: [libjvm.so+0x794800], sa_mask[0]=0x7ffbfeff, sa_flags=0x10000004
SIGPIPE: [libjvm.so+0x794800], sa_mask[0]=0x7ffbfeff, sa_flags=0x10000004
SIGXFSZ: [libjvm.so+0x794800], sa_mask[0]=0x7ffbfeff, sa_flags=0x10000004
SIGILL: [libjvm.so+0x794800], sa_mask[0]=0x7ffbfeff, sa_flags=0x10000004
SIGUSR1: SIG_DFL, sa_mask[0]=0x00000000, sa_flags=0x00000000
SIGUSR2: [libjvm.so+0x7946a0], sa_mask[0]=0x00000000, sa_flags=0x10000004
SIGHUP: [libjvm.so+0x794880], sa_mask[0]=0x7ffbfeff, sa_flags=0x10000004
SIGINT: [libjvm.so+0x794880], sa_mask[0]=0x7ffbfeff, sa_flags=0x10000004
SIGTERM: [libjvm.so+0x794880], sa_mask[0]=0x7ffbfeff, sa_flags=0x10000004
SIGQUIT: [libjvm.so+0x794880], sa_mask[0]=0x7ffbfeff, sa_flags=0x10000004


---------------  S Y S T E M  ---------------

OS:LinuxMint 16 (petra)
uname:Linux 3.11.0-12-generic #19-Ubuntu SMP Wed Oct 9 16:20:46 UTC 2013 x86_64
libc:glibc 2.17 NPTL 2.17 
rlimit: STACK 8192k, CORE 0k, NPROC 28798, NOFILE 4096, AS infinity
load average:0,10 0,19 0,27

/proc/meminfo:
MemTotal:        3715476 kB
MemFree:         1356180 kB
Buffers:          201680 kB
Cached:          1148136 kB
SwapCached:            0 kB
Active:          1341328 kB
Inactive:         813020 kB
Active(anon):     806260 kB
Inactive(anon):   221472 kB
Active(file):     535068 kB
Inactive(file):   591548 kB
Unevictable:          52 kB
Mlocked:              52 kB
SwapTotal:       3856380 kB
SwapFree:        3856380 kB
Dirty:               184 kB
Writeback:             0 kB
AnonPages:        804968 kB
Mapped:           194884 kB
Shmem:            223204 kB
Slab:             130324 kB
SReclaimable:     103272 kB
SUnreclaim:        27052 kB
KernelStack:        3512 kB
PageTables:        26052 kB
NFS_Unstable:          0 kB
Bounce:                0 kB
WritebackTmp:          0 kB
CommitLimit:     5714116 kB
Committed_AS:    3298648 kB
VmallocTotal:   34359738367 kB
VmallocUsed:      414316 kB
VmallocChunk:   34359319548 kB
HardwareCorrupted:     0 kB
AnonHugePages:         0 kB
HugePages_Total:       0
HugePages_Free:        0
HugePages_Rsvd:        0
HugePages_Surp:        0
Hugepagesize:       2048 kB
DirectMap4k:       58576 kB
DirectMap2M:     3799040 kB


CPU:total 4 (2 cores per cpu, 2 threads per core) family 6 model 37 stepping 5, cmov, cx8, fxsr, mmx, sse, sse2, sse3, ssse3, sse4.1, sse4.2, popcnt, ht, tsc, tscinvbit

/proc/cpuinfo:
processor	: 0
vendor_id	: GenuineIntel
cpu family	: 6
model		: 37
model name	: Intel(R) Core(TM) i3 CPU       M 380  @ 2.53GHz
stepping	: 5
microcode	: 0x2
cpu MHz		: 2533.000
cache size	: 3072 KB
physical id	: 0
siblings	: 4
core id		: 0
cpu cores	: 2
apicid		: 0
initial apicid	: 0
fpu		: yes
fpu_exception	: yes
cpuid level	: 11
wp		: yes
flags		: fpu vme de pse tsc msr pae mce cx8 apic sep mtrr pge mca cmov pat pse36 clflush dts acpi mmx fxsr sse sse2 ss ht tm pbe syscall nx rdtscp lm constant_tsc arch_perfmon pebs bts rep_good nopl xtopology nonstop_tsc aperfmperf pni dtes64 monitor ds_cpl vmx est tm2 ssse3 cx16 xtpr pdcm pcid sse4_1 sse4_2 popcnt lahf_lm arat dtherm tpr_shadow vnmi flexpriority ept vpid
bogomips	: 5053.98
clflush size	: 64
cache_alignment	: 64
address sizes	: 36 bits physical, 48 bits virtual
power management:

processor	: 1
vendor_id	: GenuineIntel
cpu family	: 6
model		: 37
model name	: Intel(R) Core(TM) i3 CPU       M 380  @ 2.53GHz
stepping	: 5
microcode	: 0x2
cpu MHz		: 1066.000
cache size	: 3072 KB
physical id	: 0
siblings	: 4
core id		: 0
cpu cores	: 2
apicid		: 1
initial apicid	: 1
fpu		: yes
fpu_exception	: yes
cpuid level	: 11
wp		: yes
flags		: fpu vme de pse tsc msr pae mce cx8 apic sep mtrr pge mca cmov pat pse36 clflush dts acpi mmx fxsr sse sse2 ss ht tm pbe syscall nx rdtscp lm constant_tsc arch_perfmon pebs bts rep_good nopl xtopology nonstop_tsc aperfmperf pni dtes64 monitor ds_cpl vmx est tm2 ssse3 cx16 xtpr pdcm pcid sse4_1 sse4_2 popcnt lahf_lm arat dtherm tpr_shadow vnmi flexpriority ept vpid
bogomips	: 5053.98
clflush size	: 64
cache_alignment	: 64
address sizes	: 36 bits physical, 48 bits virtual
power management:

processor	: 2
vendor_id	: GenuineIntel
cpu family	: 6
model		: 37
model name	: Intel(R) Core(TM) i3 CPU       M 380  @ 2.53GHz
stepping	: 5
microcode	: 0x2
cpu MHz		: 2533.000
cache size	: 3072 KB
physical id	: 0
siblings	: 4
core id		: 2
cpu cores	: 2
apicid		: 4
initial apicid	: 4
fpu		: yes
fpu_exception	: yes
cpuid level	: 11
wp		: yes
flags		: fpu vme de pse tsc msr pae mce cx8 apic sep mtrr pge mca cmov pat pse36 clflush dts acpi mmx fxsr sse sse2 ss ht tm pbe syscall nx rdtscp lm constant_tsc arch_perfmon pebs bts rep_good nopl xtopology nonstop_tsc aperfmperf pni dtes64 monitor ds_cpl vmx est tm2 ssse3 cx16 xtpr pdcm pcid sse4_1 sse4_2 popcnt lahf_lm arat dtherm tpr_shadow vnmi flexpriority ept vpid
bogomips	: 5053.98
clflush size	: 64
cache_alignment	: 64
address sizes	: 36 bits physical, 48 bits virtual
power management:

processor	: 3
vendor_id	: GenuineIntel
cpu family	: 6
model		: 37
model name	: Intel(R) Core(TM) i3 CPU       M 380  @ 2.53GHz
stepping	: 5
microcode	: 0x2
cpu MHz		: 933.000
cache size	: 3072 KB
physical id	: 0
siblings	: 4
core id		: 2
cpu cores	: 2
apicid		: 5
initial apicid	: 5
fpu		: yes
fpu_exception	: yes
cpuid level	: 11
wp		: yes
flags		: fpu vme de pse tsc msr pae mce cx8 apic sep mtrr pge mca cmov pat pse36 clflush dts acpi mmx fxsr sse sse2 ss ht tm pbe syscall nx rdtscp lm constant_tsc arch_perfmon pebs bts rep_good nopl xtopology nonstop_tsc aperfmperf pni dtes64 monitor ds_cpl vmx est tm2 ssse3 cx16 xtpr pdcm pcid sse4_1 sse4_2 popcnt lahf_lm arat dtherm tpr_shadow vnmi flexpriority ept vpid
bogomips	: 5053.98
clflush size	: 64
cache_alignment	: 64
address sizes	: 36 bits physical, 48 bits virtual
power management:



Memory: 4k page, physical 3715476k(1356180k free), swap 3856380k(3856380k free)

vm_info: OpenJDK 64-Bit Server VM (24.45-b08) for linux-amd64 JRE (1.7.0_51-b00), built on Jan 15 2014 22:02:57 by "buildd" with gcc 4.8.1

time: Fri May 30 22:09:33 2014
elapsed time: 3 seconds

