#
# A fatal error has been detected by the Java Runtime Environment:
#
#  SIGSEGV (0xb) at pc=0x00007ffed5376b80, pid=24197, tid=140732790540032
#
# JRE version: OpenJDK Runtime Environment (7.0_51) (build 1.7.0_51-b00)
# Java VM: OpenJDK 64-Bit Server VM (24.45-b08 mixed mode linux-amd64 compressed oops)
# Problematic frame:
# C  [librange_tree.so+0x1b80]  aux_range_query+0x23f
#
# Failed to write core dump. Core dumps have been disabled. To enable core dumping, try "ulimit -c unlimited" before starting Java again
#
# If you would like to submit a bug report, please include
# instructions on how to reproduce the bug and visit:
#   http://icedtea.classpath.org/bugzilla
# The crash happened outside the Java Virtual Machine in native code.
# See problematic frame for where to report the bug.
#

---------------  T H R E A D  ---------------

Current thread (0x00007ffee000a800):  JavaThread "main" [_thread_in_native, id=24222, stack(0x00007ffee7dd0000,0x00007ffee7fd1000)]

siginfo:si_signo=SIGSEGV: si_errno=0, si_code=1 (SEGV_MAPERR), si_addr=0x0000000000000018

Registers:
RAX=0x0000000000000000, RBX=0x0000000000000001, RCX=0x00007ffee0000020, RDX=0x00007ffed577c100
RSP=0x00007ffee7fcd2e0, RBP=0x00007ffee7fcd350, RSI=0x0000000000000000, RDI=0x00007ffee0561a40
R8 =0x0000000000000003, R9 =0x0000000000000018, R10=0x00000000000004e1, R11=0x00007ffee0000078
R12=0x0000000000000008, R13=0x0000000000000005, R14=0x00007ffee7fcd520, R15=0x00007ffee7fcd3b0
RIP=0x00007ffed5376b80, EFLAGS=0x0000000000010202, CSGSFS=0x0000000000000033, ERR=0x0000000000000004
  TRAPNO=0x000000000000000e

Top of Stack: (sp=0x00007ffee7fcd2e0)
0x00007ffee7fcd2e0:   0000000000000004 40b2820000000000
0x00007ffee7fcd2f0:   00007ffee05ad850 40c12c8000000000
0x00007ffee7fcd300:   40b2820000000000 40bd980000000000
0x00007ffee7fcd310:   40a9f60000000000 00007ffee05101a0
0x00007ffee7fcd320:   40bd980000000000 00007ffee0561a40
0x00007ffee7fcd330:   00007ffee051d880 00007ffee05101a0
0x00007ffee7fcd340:   0000000000000018 0000000000000001
0x00007ffee7fcd350:   00007ffee7fcd3a0 00007ffed5376d27
0x00007ffee7fcd360:   40a9f60000000000 40c12c8000000000
0x00007ffee7fcd370:   40b2820000000000 40bd980000000000
0x00007ffee7fcd380:   40a9f60000000000 00007ffee05101a0
0x00007ffee7fcd390:   0000000000000000 00007ffee05ad850
0x00007ffee7fcd3a0:   00007ffee7fcd3b0 00007ffed6394a78
0x00007ffee7fcd3b0:   000000000000080e 00007ffee7fcd5f0
0x00007ffee7fcd3c0:   00007ffee7fcd4a0 00007ffed6394901
0x00007ffee7fcd3d0:   0000000000000000 00007ffee7fcd3f0
0x00007ffee7fcd3e0:   00007ffee7fcd300 00007ffee7fcd450
0x00007ffee7fcd3f0:   00007ffee7fcd460 00007ffee7fcd450
0x00007ffee7fcd400:   00007ffee7fcd464 00007ffee7fcd4c0
0x00007ffee7fcd410:   00007ffee7fcd5f0 00007ffed5376c73
0x00007ffee7fcd420:   00007ffee04b4ea0 00007ffee0483070
0x00007ffee7fcd430:   0000000400000001 0000000500000005
0x00007ffee7fcd440:   00007ffee7fcd300 00000001dd006233
0x00007ffee7fcd450:   0000000000000005 0000000000000000
0x00007ffee7fcd460:   0000000000000001 039132f2dad7f500
0x00007ffee7fcd470:   00007ffee000a800 00007ffee7fcd500
0x00007ffee7fcd480:   0000000000000000 0000000000000000
0x00007ffee7fcd490:   00007ffee7fcd6b8 00007ffee000a800
0x00007ffee7fcd4a0:   00007ffee7fcd5d0 00007ffed6391ddc
0x00007ffee7fcd4b0:   00000000f6f9cbc0 00007ffee7fcd500
0x00007ffee7fcd4c0:   00007ffee7fcd500 00007ffee7fcd508
0x00007ffee7fcd4d0:   00007ffee7fcd510 00007ffee7fcd518 

Instructions: (pc=0x00007ffed5376b80)
0x00007ffed5376b60:   48 89 45 d8 eb 5e 48 8b 45 d8 48 8b 00 f2 0f 10
0x00007ffed5376b70:   00 66 0f 2e 45 c0 72 40 48 8b 45 d8 48 8b 40 10
0x00007ffed5376b80:   48 8b 48 18 48 8b 75 a0 48 8b 55 a8 48 8b 45 b0
0x00007ffed5376b90:   48 89 55 98 f2 0f 10 4d 98 48 89 45 98 f2 0f 10 

Register to memory mapping:

RAX=0x0000000000000000 is an unknown value
RBX=0x0000000000000001 is an unknown value
RCX=0x00007ffee0000020 is an unknown value
RDX=0x00007ffed577c100: sentinel+0 in lib/librb_tree.so at 0x00007ffed5579000
RSP=0x00007ffee7fcd2e0 is pointing into the stack for thread: 0x00007ffee000a800
RBP=0x00007ffee7fcd350 is pointing into the stack for thread: 0x00007ffee000a800
RSI=0x0000000000000000 is an unknown value
RDI=0x00007ffee0561a40 is an unknown value
R8 =0x0000000000000003 is an unknown value
R9 =0x0000000000000018 is an unknown value
R10=0x00000000000004e1 is an unknown value
R11=0x00007ffee0000078 is an unknown value
R12=0x0000000000000008 is an unknown value
R13=0x0000000000000005 is an unknown value
R14=0x00007ffee7fcd520 is pointing into the stack for thread: 0x00007ffee000a800
R15=0x00007ffee7fcd3b0 is pointing into the stack for thread: 0x00007ffee000a800


Stack: [0x00007ffee7dd0000,0x00007ffee7fd1000],  sp=0x00007ffee7fcd2e0,  free space=2036k
Native frames: (J=compiled Java code, j=interpreted, Vv=VM code, C=native code)
C  [librange_tree.so+0x1b80]  aux_range_query+0x23f
C  [librange_tree.so+0x1d27]  two_d_range_query+0xb4
C  [libjffi-1.2.so+0xda78]  ffi_call_unix64+0x4c

Java frames: (J=compiled Java code, j=interpreted, Vv=VM code)
j  com.kenai.jffi.Foreign.invokeArrayReturnLong(JJ[B)J+0
j  com.kenai.jffi.Invoker.invokeLong(Lcom/kenai/jffi/CallContext;JLcom/kenai/jffi/HeapInvocationBuffer;)J+38
j  com.kenai.jffi.Invoker$LP64.invokeAddress(Lcom/kenai/jffi/CallContext;JLcom/kenai/jffi/HeapInvocationBuffer;)J+5
j  com.kenai.jffi.Invoker.invokeAddress(Lcom/kenai/jffi/Function;Lcom/kenai/jffi/HeapInvocationBuffer;)J+10
j  org.jruby.ext.ffi.jffi.DefaultMethodFactory$Pointer64Invoker.invoke(Lorg/jruby/runtime/ThreadContext;Lcom/kenai/jffi/Function;Lcom/kenai/jffi/HeapInvocationBuffer;)Lorg/jruby/runtime/builtin/IRubyObject;+6
j  org.jruby.ext.ffi.jffi.DefaultMethodFactory$ConvertingInvoker.invoke(Lorg/jruby/runtime/ThreadContext;Lcom/kenai/jffi/Function;Lcom/kenai/jffi/HeapInvocationBuffer;)Lorg/jruby/runtime/builtin/IRubyObject;+12
j  org.jruby.ext.ffi.jffi.BufferNativeInvoker.call(Lorg/jruby/runtime/ThreadContext;Lorg/jruby/runtime/builtin/IRubyObject;Lorg/jruby/RubyModule;Ljava/lang/String;[Lorg/jruby/runtime/builtin/IRubyObject;)Lorg/jruby/runtime/builtin/IRubyObject;+160
j  org.jruby.ext.ffi.jffi.DefaultMethod.call(Lorg/jruby/runtime/ThreadContext;Lorg/jruby/runtime/builtin/IRubyObject;Lorg/jruby/RubyModule;Ljava/lang/String;[Lorg/jruby/runtime/builtin/IRubyObject;)Lorg/jruby/runtime/builtin/IRubyObject;+11
j  org.jruby.runtime.callsite.CachingCallSite.cacheAndCall(Lorg/jruby/runtime/builtin/IRubyObject;Lorg/jruby/RubyClass;[Lorg/jruby/runtime/builtin/IRubyObject;Lorg/jruby/runtime/ThreadContext;Lorg/jruby/runtime/builtin/IRubyObject;)Lorg/jruby/runtime/builtin/IRubyObject;+57
j  org.jruby.runtime.callsite.CachingCallSite.call(Lorg/jruby/runtime/ThreadContext;Lorg/jruby/runtime/builtin/IRubyObject;Lorg/jruby/runtime/builtin/IRubyObject;[Lorg/jruby/runtime/builtin/IRubyObject;)Lorg/jruby/runtime/builtin/IRubyObject;+50
j  org.jruby.ast.CallManyArgsNode.interpret(Lorg/jruby/Ruby;Lorg/jruby/runtime/ThreadContext;Lorg/jruby/runtime/builtin/IRubyObject;Lorg/jruby/runtime/Block;)Lorg/jruby/runtime/builtin/IRubyObject;+41
j  org.jruby.ast.DAsgnNode.interpret(Lorg/jruby/Ruby;Lorg/jruby/runtime/ThreadContext;Lorg/jruby/runtime/builtin/IRubyObject;Lorg/jruby/runtime/Block;)Lorg/jruby/runtime/builtin/IRubyObject;+17
J  org.jruby.runtime.Interpreted19Block.yield(Lorg/jruby/runtime/ThreadContext;Lorg/jruby/runtime/builtin/IRubyObject;Lorg/jruby/runtime/Binding;Lorg/jruby/runtime/Block$Type;)Lorg/jruby/runtime/builtin/IRubyObject;
j  org.jruby.runtime.Interpreted19Block.yieldSpecific(Lorg/jruby/runtime/ThreadContext;Lorg/jruby/runtime/Binding;Lorg/jruby/runtime/Block$Type;)Lorg/jruby/runtime/builtin/IRubyObject;+5
j  org.jruby.runtime.Block.yieldSpecific(Lorg/jruby/runtime/ThreadContext;)Lorg/jruby/runtime/builtin/IRubyObject;+13
j  org.jruby.RubyFixnum.times(Lorg/jruby/runtime/ThreadContext;Lorg/jruby/runtime/Block;)Lorg/jruby/runtime/builtin/IRubyObject;+102
j  org.jruby.RubyFixnum$INVOKER$i$0$0$times.call(Lorg/jruby/runtime/ThreadContext;Lorg/jruby/runtime/builtin/IRubyObject;Lorg/jruby/RubyModule;Ljava/lang/String;Lorg/jruby/runtime/Block;)Lorg/jruby/runtime/builtin/IRubyObject;+7
j  org.jruby.internal.runtime.methods.JavaMethod$JavaMethodZeroBlock.call(Lorg/jruby/runtime/ThreadContext;Lorg/jruby/runtime/builtin/IRubyObject;Lorg/jruby/RubyModule;Ljava/lang/String;[Lorg/jruby/runtime/builtin/IRubyObject;Lorg/jruby/runtime/Block;)Lorg/jruby/runtime/builtin/IRubyObject;+27
j  org.jruby.RubyClass.finvoke(Lorg/jruby/runtime/ThreadContext;Lorg/jruby/runtime/builtin/IRubyObject;Ljava/lang/String;[Lorg/jruby/runtime/builtin/IRubyObject;Lorg/jruby/runtime/Block;)Lorg/jruby/runtime/builtin/IRubyObject;+64
j  org.jruby.runtime.Helpers.invoke(Lorg/jruby/runtime/ThreadContext;Lorg/jruby/runtime/builtin/IRubyObject;Ljava/lang/String;[Lorg/jruby/runtime/builtin/IRubyObject;Lorg/jruby/runtime/Block;)Lorg/jruby/runtime/builtin/IRubyObject;+12
j  org.jruby.RubyBasicObject.callMethod(Lorg/jruby/runtime/ThreadContext;Ljava/lang/String;[Lorg/jruby/runtime/builtin/IRubyObject;Lorg/jruby/runtime/Block;)Lorg/jruby/runtime/builtin/IRubyObject;+6
j  org.jruby.RubyEnumerator.each(Lorg/jruby/runtime/ThreadContext;Lorg/jruby/runtime/Block;)Lorg/jruby/runtime/builtin/IRubyObject;+14
j  org.jruby.RubyEnumerator$INVOKER$i$each.call(Lorg/jruby/runtime/ThreadContext;Lorg/jruby/runtime/builtin/IRubyObject;Lorg/jruby/RubyModule;Ljava/lang/String;Lorg/jruby/runtime/Block;)Lorg/jruby/runtime/builtin/IRubyObject;+7
j  org.jruby.runtime.callsite.CachingCallSite.cacheAndCall(Lorg/jruby/runtime/builtin/IRubyObject;Lorg/jruby/RubyClass;Lorg/jruby/runtime/Block;Lorg/jruby/runtime/ThreadContext;Lorg/jruby/runtime/builtin/IRubyObject;)Lorg/jruby/runtime/builtin/IRubyObject;+57
j  org.jruby.runtime.callsite.CachingCallSite.callBlock(Lorg/jruby/runtime/ThreadContext;Lorg/jruby/runtime/builtin/IRubyObject;Lorg/jruby/runtime/builtin/IRubyObject;Lorg/jruby/runtime/Block;)Lorg/jruby/runtime/builtin/IRubyObject;+50
j  org.jruby.runtime.callsite.CachingCallSite.callIter(Lorg/jruby/runtime/ThreadContext;Lorg/jruby/runtime/builtin/IRubyObject;Lorg/jruby/runtime/builtin/IRubyObject;Lorg/jruby/runtime/Block;)Lorg/jruby/runtime/builtin/IRubyObject;+6
j  org.jruby.ast.CallNoArgBlockNode.interpret(Lorg/jruby/Ruby;Lorg/jruby/runtime/ThreadContext;Lorg/jruby/runtime/builtin/IRubyObject;Lorg/jruby/runtime/Block;)Lorg/jruby/runtime/builtin/IRubyObject;+35
J  org.jruby.ast.BlockNode.interpret(Lorg/jruby/Ruby;Lorg/jruby/runtime/ThreadContext;Lorg/jruby/runtime/builtin/IRubyObject;Lorg/jruby/runtime/Block;)Lorg/jruby/runtime/builtin/IRubyObject;
j  org.jruby.evaluator.ASTInterpreter.INTERPRET_METHOD(Lorg/jruby/Ruby;Lorg/jruby/runtime/ThreadContext;Ljava/lang/String;ILorg/jruby/RubyModule;Lorg/jruby/ast/Node;Ljava/lang/String;Lorg/jruby/runtime/builtin/IRubyObject;Lorg/jruby/runtime/Block;Z)Lorg/jruby/runtime/builtin/IRubyObject;+30
j  org.jruby.internal.runtime.methods.InterpretedMethod.call(Lorg/jruby/runtime/ThreadContext;Lorg/jruby/runtime/builtin/IRubyObject;Lorg/jruby/RubyModule;Ljava/lang/String;)Lorg/jruby/runtime/builtin/IRubyObject;+80
j  org.jruby.internal.runtime.methods.DefaultMethod.call(Lorg/jruby/runtime/ThreadContext;Lorg/jruby/runtime/builtin/IRubyObject;Lorg/jruby/RubyModule;Ljava/lang/String;)Lorg/jruby/runtime/builtin/IRubyObject;+20
J  org.jruby.ast.CallNoArgNode.interpret(Lorg/jruby/Ruby;Lorg/jruby/runtime/ThreadContext;Lorg/jruby/runtime/builtin/IRubyObject;Lorg/jruby/runtime/Block;)Lorg/jruby/runtime/builtin/IRubyObject;
j  org.jruby.ast.FCallTwoArgNode.interpret(Lorg/jruby/Ruby;Lorg/jruby/runtime/ThreadContext;Lorg/jruby/runtime/builtin/IRubyObject;Lorg/jruby/runtime/Block;)Lorg/jruby/runtime/builtin/IRubyObject;+28
J  org.jruby.ast.BlockNode.interpret(Lorg/jruby/Ruby;Lorg/jruby/runtime/ThreadContext;Lorg/jruby/runtime/builtin/IRubyObject;Lorg/jruby/runtime/Block;)Lorg/jruby/runtime/builtin/IRubyObject;
j  org.jruby.evaluator.ASTInterpreter.INTERPRET_METHOD(Lorg/jruby/Ruby;Lorg/jruby/runtime/ThreadContext;Ljava/lang/String;ILorg/jruby/RubyModule;Lorg/jruby/ast/Node;Ljava/lang/String;Lorg/jruby/runtime/builtin/IRubyObject;Lorg/jruby/runtime/Block;Z)Lorg/jruby/runtime/builtin/IRubyObject;+30
j  org.jruby.internal.runtime.methods.InterpretedMethod.call(Lorg/jruby/runtime/ThreadContext;Lorg/jruby/runtime/builtin/IRubyObject;Lorg/jruby/RubyModule;Ljava/lang/String;)Lorg/jruby/runtime/builtin/IRubyObject;+80
j  org.jruby.internal.runtime.methods.DefaultMethod.call(Lorg/jruby/runtime/ThreadContext;Lorg/jruby/runtime/builtin/IRubyObject;Lorg/jruby/RubyModule;Ljava/lang/String;)Lorg/jruby/runtime/builtin/IRubyObject;+20
j  org.jruby.runtime.callsite.CachingCallSite.cacheAndCall(Lorg/jruby/runtime/builtin/IRubyObject;Lorg/jruby/RubyClass;Lorg/jruby/runtime/ThreadContext;Lorg/jruby/runtime/builtin/IRubyObject;)Lorg/jruby/runtime/builtin/IRubyObject;+53
j  org.jruby.runtime.callsite.CachingCallSite.call(Lorg/jruby/runtime/ThreadContext;Lorg/jruby/runtime/builtin/IRubyObject;Lorg/jruby/runtime/builtin/IRubyObject;)Lorg/jruby/runtime/builtin/IRubyObject;+46
j  Makefile.method__2$RUBY$test(LMakefile;Lorg/jruby/runtime/ThreadContext;Lorg/jruby/runtime/builtin/IRubyObject;Lorg/jruby/runtime/Block;)Lorg/jruby/runtime/builtin/IRubyObject;+130
j  Makefile$method__2$RUBY$test.call(Lorg/jruby/runtime/ThreadContext;Lorg/jruby/runtime/builtin/IRubyObject;Lorg/jruby/RubyModule;Ljava/lang/String;Lorg/jruby/runtime/Block;)Lorg/jruby/runtime/builtin/IRubyObject;+17
j  org.jruby.RubyClass.finvoke(Lorg/jruby/runtime/ThreadContext;Lorg/jruby/runtime/builtin/IRubyObject;Ljava/lang/String;Lorg/jruby/runtime/Block;)Lorg/jruby/runtime/builtin/IRubyObject;+41
j  org.jruby.RubyBasicObject.send19(Lorg/jruby/runtime/ThreadContext;Lorg/jruby/runtime/builtin/IRubyObject;Lorg/jruby/runtime/Block;)Lorg/jruby/runtime/builtin/IRubyObject;+15
j  org.jruby.RubyKernel.send19(Lorg/jruby/runtime/ThreadContext;Lorg/jruby/runtime/builtin/IRubyObject;Lorg/jruby/runtime/builtin/IRubyObject;Lorg/jruby/runtime/Block;)Lorg/jruby/runtime/builtin/IRubyObject;+7
j  org.jruby.RubyKernel$INVOKER$s$send19.call(Lorg/jruby/runtime/ThreadContext;Lorg/jruby/runtime/builtin/IRubyObject;Lorg/jruby/RubyModule;Ljava/lang/String;Lorg/jruby/runtime/builtin/IRubyObject;Lorg/jruby/runtime/Block;)Lorg/jruby/runtime/builtin/IRubyObject;+6
j  org.jruby.internal.runtime.methods.JavaMethod$JavaMethodOneOrNBlock.call(Lorg/jruby/runtime/ThreadContext;Lorg/jruby/runtime/builtin/IRubyObject;Lorg/jruby/RubyModule;Ljava/lang/String;Lorg/jruby/runtime/builtin/IRubyObject;)Lorg/jruby/runtime/builtin/IRubyObject;+11
j  org.jruby.runtime.callsite.CachingCallSite.call(Lorg/jruby/runtime/ThreadContext;Lorg/jruby/runtime/builtin/IRubyObject;Lorg/jruby/runtime/builtin/IRubyObject;Lorg/jruby/runtime/builtin/IRubyObject;)Lorg/jruby/runtime/builtin/IRubyObject;+38
j  Makefile.block_7$RUBY$__file__(LMakefile;Lorg/jruby/runtime/ThreadContext;Lorg/jruby/runtime/builtin/IRubyObject;[Lorg/jruby/runtime/builtin/IRubyObject;Lorg/jruby/runtime/Block;)Lorg/jruby/runtime/builtin/IRubyObject;+46
j  Makefile$block_7$RUBY$__file__.call(Lorg/jruby/runtime/ThreadContext;Lorg/jruby/runtime/builtin/IRubyObject;[Lorg/jruby/runtime/builtin/IRubyObject;Lorg/jruby/runtime/Block;)Lorg/jruby/runtime/builtin/IRubyObject;+9
j  org.jruby.runtime.CompiledBlock19.yield(Lorg/jruby/runtime/ThreadContext;Lorg/jruby/runtime/builtin/IRubyObject;Lorg/jruby/runtime/Binding;Lorg/jruby/runtime/Block$Type;)Lorg/jruby/runtime/builtin/IRubyObject;+52
j  org.jruby.runtime.Block.yield(Lorg/jruby/runtime/ThreadContext;Lorg/jruby/runtime/builtin/IRubyObject;)Lorg/jruby/runtime/builtin/IRubyObject;+14
j  org.jruby.RubyArray.eachCommon(Lorg/jruby/runtime/ThreadContext;Lorg/jruby/runtime/Block;)Lorg/jruby/runtime/builtin/IRubyObject;+41
j  org.jruby.RubyArray.each(Lorg/jruby/runtime/ThreadContext;Lorg/jruby/runtime/Block;)Lorg/jruby/runtime/builtin/IRubyObject;+10
j  org.jruby.RubyArray$INVOKER$i$0$0$each.call(Lorg/jruby/runtime/ThreadContext;Lorg/jruby/runtime/builtin/IRubyObject;Lorg/jruby/RubyModule;Ljava/lang/String;Lorg/jruby/runtime/Block;)Lorg/jruby/runtime/builtin/IRubyObject;+7
j  org.jruby.runtime.callsite.CachingCallSite.cacheAndCall(Lorg/jruby/runtime/builtin/IRubyObject;Lorg/jruby/RubyClass;Lorg/jruby/runtime/Block;Lorg/jruby/runtime/ThreadContext;Lorg/jruby/runtime/builtin/IRubyObject;)Lorg/jruby/runtime/builtin/IRubyObject;+57
j  org.jruby.runtime.callsite.CachingCallSite.callBlock(Lorg/jruby/runtime/ThreadContext;Lorg/jruby/runtime/builtin/IRubyObject;Lorg/jruby/runtime/builtin/IRubyObject;Lorg/jruby/runtime/Block;)Lorg/jruby/runtime/builtin/IRubyObject;+50
j  org.jruby.runtime.callsite.CachingCallSite.callIter(Lorg/jruby/runtime/ThreadContext;Lorg/jruby/runtime/builtin/IRubyObject;Lorg/jruby/runtime/builtin/IRubyObject;Lorg/jruby/runtime/Block;)Lorg/jruby/runtime/builtin/IRubyObject;+6
j  Makefile.__file__(LMakefile;Lorg/jruby/runtime/ThreadContext;Lorg/jruby/runtime/builtin/IRubyObject;[Lorg/jruby/runtime/builtin/IRubyObject;Lorg/jruby/runtime/Block;)Lorg/jruby/runtime/builtin/IRubyObject;+907
j  Makefile.load(Lorg/jruby/runtime/ThreadContext;Lorg/jruby/runtime/builtin/IRubyObject;Z)Lorg/jruby/runtime/builtin/IRubyObject;+22
j  org.jruby.Ruby.runScript(Lorg/jruby/ast/executable/Script;Z)Lorg/jruby/runtime/builtin/IRubyObject;+12
j  org.jruby.Ruby.runScript(Lorg/jruby/ast/executable/Script;)Lorg/jruby/runtime/builtin/IRubyObject;+3
j  org.jruby.Ruby.runNormally(Lorg/jruby/ast/Node;)Lorg/jruby/runtime/builtin/IRubyObject;+73
j  org.jruby.Ruby.runFromMain(Ljava/io/InputStream;Ljava/lang/String;)V+320
j  org.jruby.Main.doRunFromMain(Lorg/jruby/Ruby;Ljava/io/InputStream;Ljava/lang/String;)Lorg/jruby/Main$Status;+12
j  org.jruby.Main.internalRun()Lorg/jruby/Main$Status;+234
j  org.jruby.Main.run([Ljava/lang/String;)Lorg/jruby/Main$Status;+9
j  org.jruby.Main.main([Ljava/lang/String;)V+35
v  ~StubRoutines::call_stub

---------------  P R O C E S S  ---------------

Java Threads: ( => current thread )
  0x00007ffee04c3800 JavaThread "ReferenceReaper" daemon [_thread_blocked, id=24322, stack(0x00007ffed5f85000,0x00007ffed6186000)]
  0x00007ffee049c000 JavaThread "JRubyJIT-2" daemon [_thread_blocked, id=24321, stack(0x00007ffed5b83000,0x00007ffed5d84000)]
  0x00007ffee0490000 JavaThread "process reaper" daemon [_thread_blocked, id=24238, stack(0x00007ffedc0c5000,0x00007ffedc0fe000)]
  0x00007ffee0483800 JavaThread "JRubyJIT-1" daemon [_thread_blocked, id=24235, stack(0x00007ffed6186000,0x00007ffed6387000)]
  0x00007ffee00ae000 JavaThread "Service Thread" daemon [_thread_blocked, id=24233, stack(0x00007ffed7dff000,0x00007ffed8000000)]
  0x00007ffee00ab800 JavaThread "C2 CompilerThread1" daemon [_thread_in_vm, id=24232, stack(0x00007ffedc0fe000,0x00007ffedc1ff000)]
  0x00007ffee00a8800 JavaThread "C2 CompilerThread0" daemon [_thread_in_vm, id=24231, stack(0x00007ffedc1ff000,0x00007ffedc300000)]
  0x00007ffee00a6800 JavaThread "Signal Dispatcher" daemon [_thread_blocked, id=24230, stack(0x00007ffedc300000,0x00007ffedc501000)]
  0x00007ffee0082800 JavaThread "Finalizer" daemon [_thread_blocked, id=24229, stack(0x00007ffedc8fb000,0x00007ffedcafc000)]
  0x00007ffee0080800 JavaThread "Reference Handler" daemon [_thread_blocked, id=24228, stack(0x00007ffedcafc000,0x00007ffedccfd000)]
=>0x00007ffee000a800 JavaThread "main" [_thread_in_native, id=24222, stack(0x00007ffee7dd0000,0x00007ffee7fd1000)]

Other Threads:
  0x00007ffee007c800 VMThread [stack: 0x00007ffedccfd000,0x00007ffedcdfe000] [id=24227]
  0x00007ffee00b8800 WatcherThread [stack: 0x00007ffed7cfe000,0x00007ffed7dff000] [id=24234]

VM state:not at safepoint (normal execution)

VM Mutex/Monitor currently owned by a thread: None

Heap
 PSYoungGen      total 32768K, used 25309K [0x00000000f5900000, 0x00000000f7b00000, 0x0000000100000000)
  eden space 30720K, 75% used [0x00000000f5900000,0x00000000f6fba178,0x00000000f7700000)
  from space 2048K, 99% used [0x00000000f7900000,0x00000000f7afd528,0x00000000f7b00000)
  to   space 2048K, 0% used [0x00000000f7700000,0x00000000f7700000,0x00000000f7900000)
 ParOldGen       total 38400K, used 5891K [0x00000000e0c00000, 0x00000000e3180000, 0x00000000f5900000)
  object space 38400K, 15% used [0x00000000e0c00000,0x00000000e11c0ee8,0x00000000e3180000)
 PSPermGen       total 25600K, used 25464K [0x00000000d6600000, 0x00000000d7f00000, 0x00000000e0c00000)
  object space 25600K, 99% used [0x00000000d6600000,0x00000000d7ede0b0,0x00000000d7f00000)

Card table byte_map: [0x00007ffee6bf6000,0x00007ffee6d44000] byte_map_base: 0x00007ffee6543000

Polling page: 0x00007ffeea3de000

Code Cache  [0x00007ffedd000000, 0x00007ffedd270000, 0x00007ffee0000000)
 total_blobs=949 nmethods=470 adapters=433 free_code_cache=47362Kb largest_free_block=48455232

Compilation events (10 events):
Event: 3,916 Thread 0x00007ffee00ab800 nmethod 467 0x00007ffedd1b78d0 code [0x00007ffedd1b7ac0, 0x00007ffedd1b87c8]
Event: 3,916 Thread 0x00007ffee00ab800  471             org.jruby.RubyModule::cacheHit (33 bytes)
Event: 3,927 Thread 0x00007ffee00ab800 nmethod 471 0x00007ffedd1c2250 code [0x00007ffedd1c23e0, 0x00007ffedd1c2888]
Event: 3,927 Thread 0x00007ffee00ab800  472             org.jruby.RubyModule::getCachedMethods (5 bytes)
Event: 3,927 Thread 0x00007ffee00ab800 nmethod 472 0x00007ffedd1c2ed0 code [0x00007ffedd1c3000, 0x00007ffedd1c3058]
Event: 3,927 Thread 0x00007ffee00ab800  473             org.jruby.RubyNumeric::<init> (6 bytes)
Event: 3,928 Thread 0x00007ffee00ab800 nmethod 473 0x00007ffedd1c2c50 code [0x00007ffedd1c2d80, 0x00007ffedd1c2df8]
Event: 3,928 Thread 0x00007ffee00ab800  474             org.jruby.RubyObject::<init> (6 bytes)
Event: 3,928 Thread 0x00007ffee00ab800 nmethod 474 0x00007ffedd1b12d0 code [0x00007ffedd1b1400, 0x00007ffedd1b1498]
Event: 3,928 Thread 0x00007ffee00ab800  475             org.jruby.RubyBasicObject::<init> (10 bytes)

GC Heap History (4 events):
Event: 1,395 GC heap before
{Heap before GC invocations=1 (full 0):
 PSYoungGen      total 17408K, used 15360K [0x00000000f5900000, 0x00000000f6c00000, 0x0000000100000000)
  eden space 15360K, 100% used [0x00000000f5900000,0x00000000f6800000,0x00000000f6800000)
  from space 2048K, 0% used [0x00000000f6a00000,0x00000000f6a00000,0x00000000f6c00000)
  to   space 2048K, 0% used [0x00000000f6800000,0x00000000f6800000,0x00000000f6a00000)
 ParOldGen       total 38400K, used 0K [0x00000000e0c00000, 0x00000000e3180000, 0x00000000f5900000)
  object space 38400K, 0% used [0x00000000e0c00000,0x00000000e0c00000,0x00000000e3180000)
 PSPermGen       total 21504K, used 18949K [0x00000000d6600000, 0x00000000d7b00000, 0x00000000e0c00000)
  object space 21504K, 88% used [0x00000000d6600000,0x00000000d78816e8,0x00000000d7b00000)
Event: 1,411 GC heap after
Heap after GC invocations=1 (full 0):
 PSYoungGen      total 17408K, used 2037K [0x00000000f5900000, 0x00000000f7b00000, 0x0000000100000000)
  eden space 15360K, 0% used [0x00000000f5900000,0x00000000f5900000,0x00000000f6800000)
  from space 2048K, 99% used [0x00000000f6800000,0x00000000f69fd4d8,0x00000000f6a00000)
  to   space 2048K, 0% used [0x00000000f7900000,0x00000000f7900000,0x00000000f7b00000)
 ParOldGen       total 38400K, used 3784K [0x00000000e0c00000, 0x00000000e3180000, 0x00000000f5900000)
  object space 38400K, 9% used [0x00000000e0c00000,0x00000000e0fb20f0,0x00000000e3180000)
 PSPermGen       total 21504K, used 18949K [0x00000000d6600000, 0x00000000d7b00000, 0x00000000e0c00000)
  object space 21504K, 88% used [0x00000000d6600000,0x00000000d78816e8,0x00000000d7b00000)
}
Event: 2,473 GC heap before
{Heap before GC invocations=2 (full 0):
 PSYoungGen      total 17408K, used 17397K [0x00000000f5900000, 0x00000000f7b00000, 0x0000000100000000)
  eden space 15360K, 100% used [0x00000000f5900000,0x00000000f6800000,0x00000000f6800000)
  from space 2048K, 99% used [0x00000000f6800000,0x00000000f69fd4d8,0x00000000f6a00000)
  to   space 2048K, 0% used [0x00000000f7900000,0x00000000f7900000,0x00000000f7b00000)
 ParOldGen       total 38400K, used 3784K [0x00000000e0c00000, 0x00000000e3180000, 0x00000000f5900000)
  object space 38400K, 9% used [0x00000000e0c00000,0x00000000e0fb20f0,0x00000000e3180000)
 PSPermGen       total 23552K, used 23439K [0x00000000d6600000, 0x00000000d7d00000, 0x00000000e0c00000)
  object space 23552K, 99% used [0x00000000d6600000,0x00000000d7ce3c60,0x00000000d7d00000)
Event: 2,492 GC heap after
Heap after GC invocations=2 (full 0):
 PSYoungGen      total 32768K, used 2037K [0x00000000f5900000, 0x00000000f7b00000, 0x0000000100000000)
  eden space 30720K, 0% used [0x00000000f5900000,0x00000000f5900000,0x00000000f7700000)
  from space 2048K, 99% used [0x00000000f7900000,0x00000000f7afd528,0x00000000f7b00000)
  to   space 2048K, 0% used [0x00000000f7700000,0x00000000f7700000,0x00000000f7900000)
 ParOldGen       total 38400K, used 5891K [0x00000000e0c00000, 0x00000000e3180000, 0x00000000f5900000)
  object space 38400K, 15% used [0x00000000e0c00000,0x00000000e11c0ee8,0x00000000e3180000)
 PSPermGen       total 23552K, used 23439K [0x00000000d6600000, 0x00000000d7d00000, 0x00000000e0c00000)
  object space 23552K, 99% used [0x00000000d6600000,0x00000000d7ce3c60,0x00000000d7d00000)
}

Deoptimization events (10 events):
Event: 3,688 Thread 0x00007ffee000a800 Uncommon trap: reason=class_check action=maybe_recompile pc=0x00007ffedd18b23c method=org.jruby.evaluator.ASTInterpreter.INTERPRET_BLOCK(Lorg/jruby/Ruby;Lorg/jruby/runtime/ThreadContext;Ljava/lang/String;ILorg/jruby/ast/Node;Ljava/lang/String;Lorg/jruby/r
Event: 3,771 Thread 0x00007ffee000a800 Uncommon trap: reason=unreached action=reinterpret pc=0x00007ffedd18e208 method=org.jruby.runtime.Helpers.restructureBlockArgs19(Lorg/jruby/runtime/builtin/IRubyObject;Lorg/jruby/runtime/Arity;Lorg/jruby/runtime/Block$Type;ZZ)[Lorg/jruby/runtime/builtin/I
Event: 3,771 Thread 0x00007ffee000a800 Uncommon trap: reason=unreached action=reinterpret pc=0x00007ffedd1899a4 method=org.jruby.runtime.Helpers.restructureBlockArgs19(Lorg/jruby/runtime/builtin/IRubyObject;Lorg/jruby/runtime/Arity;Lorg/jruby/runtime/Block$Type;ZZ)[Lorg/jruby/runtime/builtin/I
Event: 3,788 Thread 0x00007ffee000a800 Uncommon trap: reason=class_check action=maybe_recompile pc=0x00007ffedd15e1b8 method=org.jruby.RubyArray.compare(Lorg/jruby/runtime/ThreadContext;Lorg/jruby/runtime/invokedynamic/MethodNames;Lorg/jruby/runtime/builtin/IRubyObject;)Lorg/jruby/RubyBoolean;
Event: 3,806 Thread 0x00007ffee000a800 Uncommon trap: reason=class_check action=maybe_recompile pc=0x00007ffedd15e1b8 method=org.jruby.RubyArray.compare(Lorg/jruby/runtime/ThreadContext;Lorg/jruby/runtime/invokedynamic/MethodNames;Lorg/jruby/runtime/builtin/IRubyObject;)Lorg/jruby/RubyBoolean;
Event: 3,855 Thread 0x00007ffee000a800 Uncommon trap: reason=class_check action=maybe_recompile pc=0x00007ffedd15e1b8 method=org.jruby.RubyArray.compare(Lorg/jruby/runtime/ThreadContext;Lorg/jruby/runtime/invokedynamic/MethodNames;Lorg/jruby/runtime/builtin/IRubyObject;)Lorg/jruby/RubyBoolean;
Event: 3,900 Thread 0x00007ffee000a800 Uncommon trap: reason=class_check action=maybe_recompile pc=0x00007ffedd198140 method=org.jruby.runtime.Block.yield(Lorg/jruby/runtime/ThreadContext;Lorg/jruby/runtime/builtin/IRubyObject;)Lorg/jruby/runtime/builtin/IRubyObject; @ 14
Event: 3,900 Thread 0x00007ffee000a800 Uncommon trap: reason=class_check action=maybe_recompile pc=0x00007ffedd198140 method=org.jruby.runtime.Block.yield(Lorg/jruby/runtime/ThreadContext;Lorg/jruby/runtime/builtin/IRubyObject;)Lorg/jruby/runtime/builtin/IRubyObject; @ 14
Event: 3,900 Thread 0x00007ffee000a800 Uncommon trap: reason=class_check action=maybe_recompile pc=0x00007ffedd198140 method=org.jruby.runtime.Block.yield(Lorg/jruby/runtime/ThreadContext;Lorg/jruby/runtime/builtin/IRubyObject;)Lorg/jruby/runtime/builtin/IRubyObject; @ 14
Event: 3,900 Thread 0x00007ffee000a800 Uncommon trap: reason=class_check action=maybe_recompile pc=0x00007ffedd198140 method=org.jruby.runtime.Block.yield(Lorg/jruby/runtime/ThreadContext;Lorg/jruby/runtime/builtin/IRubyObject;)Lorg/jruby/runtime/builtin/IRubyObject; @ 14

Internal exceptions (10 events):
Event: 3,330 Thread 0x00007ffee049c000 Threw 0x00000000f6612de0 at /build/buildd/openjdk-7-7u51-2.4.4/build/openjdk/hotspot/src/share/vm/prims/jvm.cpp:1244
Event: 3,330 Thread 0x00007ffee049c000 Threw 0x00000000f6614710 at /build/buildd/openjdk-7-7u51-2.4.4/build/openjdk/hotspot/src/share/vm/prims/jvm.cpp:1244
Event: 3,377 Thread 0x00007ffee0483800 Threw 0x00000000f667ac58 at /build/buildd/openjdk-7-7u51-2.4.4/build/openjdk/hotspot/src/share/vm/prims/jvm.cpp:1244
Event: 3,377 Thread 0x00007ffee0483800 Threw 0x00000000f667c5d8 at /build/buildd/openjdk-7-7u51-2.4.4/build/openjdk/hotspot/src/share/vm/prims/jvm.cpp:1244
Event: 3,381 Thread 0x00007ffee0483800 Threw 0x00000000f68515e8 at /build/buildd/openjdk-7-7u51-2.4.4/build/openjdk/hotspot/src/share/vm/prims/jvm.cpp:1244
Event: 3,381 Thread 0x00007ffee0483800 Threw 0x00000000f6852f60 at /build/buildd/openjdk-7-7u51-2.4.4/build/openjdk/hotspot/src/share/vm/prims/jvm.cpp:1244
Event: 3,383 Thread 0x00007ffee049c000 Threw 0x00000000f687de60 at /build/buildd/openjdk-7-7u51-2.4.4/build/openjdk/hotspot/src/share/vm/prims/jvm.cpp:1244
Event: 3,383 Thread 0x00007ffee049c000 Threw 0x00000000f687f888 at /build/buildd/openjdk-7-7u51-2.4.4/build/openjdk/hotspot/src/share/vm/prims/jvm.cpp:1244
Event: 3,406 Thread 0x00007ffee049c000 Threw 0x00000000f68aa110 at /build/buildd/openjdk-7-7u51-2.4.4/build/openjdk/hotspot/src/share/vm/prims/jvm.cpp:1244
Event: 3,407 Thread 0x00007ffee049c000 Threw 0x00000000f68aba90 at /build/buildd/openjdk-7-7u51-2.4.4/build/openjdk/hotspot/src/share/vm/prims/jvm.cpp:1244

Events (10 events):
Event: 3,900 Thread 0x00007ffee000a800 DEOPT UNPACKING pc=0x00007ffedd039045 sp=0x00007ffee7fcd428 mode 2
Event: 3,900 Thread 0x00007ffee000a800 Uncommon trap: trap_request=0xffffffde fr.pc=0x00007ffedd198140
Event: 3,900 Thread 0x00007ffee000a800 DEOPT PACKING pc=0x00007ffedd198140 sp=0x00007ffee7fcd3e0
Event: 3,900 Thread 0x00007ffee000a800 DEOPT UNPACKING pc=0x00007ffedd039045 sp=0x00007ffee7fcd428 mode 2
Event: 3,900 Thread 0x00007ffee000a800 Uncommon trap: trap_request=0xffffffde fr.pc=0x00007ffedd198140
Event: 3,900 Thread 0x00007ffee000a800 DEOPT PACKING pc=0x00007ffedd198140 sp=0x00007ffee7fcd3e0
Event: 3,900 Thread 0x00007ffee000a800 DEOPT UNPACKING pc=0x00007ffedd039045 sp=0x00007ffee7fcd428 mode 2
Event: 3,900 Thread 0x00007ffee000a800 Uncommon trap: trap_request=0xffffffde fr.pc=0x00007ffedd198140
Event: 3,900 Thread 0x00007ffee000a800 DEOPT PACKING pc=0x00007ffedd198140 sp=0x00007ffee7fcd3e0
Event: 3,900 Thread 0x00007ffee000a800 DEOPT UNPACKING pc=0x00007ffedd039045 sp=0x00007ffee7fcd428 mode 2


Dynamic libraries:
00400000-00401000 r-xp 00000000 08:01 15861394                           /usr/lib/jvm/java-7-openjdk-amd64/jre/bin/java
00600000-00601000 r--p 00000000 08:01 15861394                           /usr/lib/jvm/java-7-openjdk-amd64/jre/bin/java
00601000-00602000 rw-p 00001000 08:01 15861394                           /usr/lib/jvm/java-7-openjdk-amd64/jre/bin/java
01766000-01787000 rw-p 00000000 00:00 0                                  [heap]
d6600000-d7f00000 rw-p 00000000 00:00 0 
d7f00000-e0c00000 rw-p 00000000 00:00 0 
e0c00000-e3180000 rw-p 00000000 00:00 0 
e3180000-f5900000 rw-p 00000000 00:00 0 
f5900000-f7b00000 rw-p 00000000 00:00 0 
f7b00000-100000000 rw-p 00000000 00:00 0 
7ffe90000000-7ffe90021000 rw-p 00000000 00:00 0 
7ffe90021000-7ffe94000000 ---p 00000000 00:00 0 
7ffe94000000-7ffe94021000 rw-p 00000000 00:00 0 
7ffe94021000-7ffe98000000 ---p 00000000 00:00 0 
7ffe98000000-7ffe98021000 rw-p 00000000 00:00 0 
7ffe98021000-7ffe9c000000 ---p 00000000 00:00 0 
7ffe9c000000-7ffe9c021000 rw-p 00000000 00:00 0 
7ffe9c021000-7ffea0000000 ---p 00000000 00:00 0 
7ffea0000000-7ffea0021000 rw-p 00000000 00:00 0 
7ffea0021000-7ffea4000000 ---p 00000000 00:00 0 
7ffea4000000-7ffea4027000 rw-p 00000000 00:00 0 
7ffea4027000-7ffea8000000 ---p 00000000 00:00 0 
7ffea8000000-7ffea8bd7000 rw-p 00000000 00:00 0 
7ffea8bd7000-7ffeac000000 ---p 00000000 00:00 0 
7ffeac000000-7ffeac021000 rw-p 00000000 00:00 0 
7ffeac021000-7ffeb0000000 ---p 00000000 00:00 0 
7ffeb0000000-7ffeb0021000 rw-p 00000000 00:00 0 
7ffeb0021000-7ffeb4000000 ---p 00000000 00:00 0 
7ffeb4000000-7ffeb4ca4000 rw-p 00000000 00:00 0 
7ffeb4ca4000-7ffeb8000000 ---p 00000000 00:00 0 
7ffeb8000000-7ffeb8021000 rw-p 00000000 00:00 0 
7ffeb8021000-7ffebc000000 ---p 00000000 00:00 0 
7ffebc000000-7ffebc021000 rw-p 00000000 00:00 0 
7ffebc021000-7ffec0000000 ---p 00000000 00:00 0 
7ffec0000000-7ffec0021000 rw-p 00000000 00:00 0 
7ffec0021000-7ffec4000000 ---p 00000000 00:00 0 
7ffec4000000-7ffec4021000 rw-p 00000000 00:00 0 
7ffec4021000-7ffec8000000 ---p 00000000 00:00 0 
7ffec8000000-7ffec8021000 rw-p 00000000 00:00 0 
7ffec8021000-7ffecc000000 ---p 00000000 00:00 0 
7ffed0000000-7ffed0021000 rw-p 00000000 00:00 0 
7ffed0021000-7ffed4000000 ---p 00000000 00:00 0 
7ffed5375000-7ffed5378000 r-xp 00000000 08:01 14162126                   /home/alex/Documents/8vo_Semestre/Geometría Computacional/Lab/practica04/src/lib/librange_tree.so
7ffed5378000-7ffed5577000 ---p 00003000 08:01 14162126                   /home/alex/Documents/8vo_Semestre/Geometría Computacional/Lab/practica04/src/lib/librange_tree.so
7ffed5577000-7ffed5578000 r--p 00002000 08:01 14162126                   /home/alex/Documents/8vo_Semestre/Geometría Computacional/Lab/practica04/src/lib/librange_tree.so
7ffed5578000-7ffed5579000 rw-p 00003000 08:01 14162126                   /home/alex/Documents/8vo_Semestre/Geometría Computacional/Lab/practica04/src/lib/librange_tree.so
7ffed5579000-7ffed557c000 r-xp 00000000 08:01 14162104                   /home/alex/Documents/8vo_Semestre/Geometría Computacional/Lab/practica04/src/lib/librb_tree.so
7ffed557c000-7ffed577b000 ---p 00003000 08:01 14162104                   /home/alex/Documents/8vo_Semestre/Geometría Computacional/Lab/practica04/src/lib/librb_tree.so
7ffed577b000-7ffed577c000 r--p 00002000 08:01 14162104                   /home/alex/Documents/8vo_Semestre/Geometría Computacional/Lab/practica04/src/lib/librb_tree.so
7ffed577c000-7ffed577d000 rw-p 00003000 08:01 14162104                   /home/alex/Documents/8vo_Semestre/Geometría Computacional/Lab/practica04/src/lib/librb_tree.so
7ffed577d000-7ffed577f000 r-xp 00000000 08:01 14162095                   /home/alex/Documents/8vo_Semestre/Geometría Computacional/Lab/practica04/src/lib/libdouble_linked_list.so
7ffed577f000-7ffed597e000 ---p 00002000 08:01 14162095                   /home/alex/Documents/8vo_Semestre/Geometría Computacional/Lab/practica04/src/lib/libdouble_linked_list.so
7ffed597e000-7ffed597f000 r--p 00001000 08:01 14162095                   /home/alex/Documents/8vo_Semestre/Geometría Computacional/Lab/practica04/src/lib/libdouble_linked_list.so
7ffed597f000-7ffed5980000 rw-p 00002000 08:01 14162095                   /home/alex/Documents/8vo_Semestre/Geometría Computacional/Lab/practica04/src/lib/libdouble_linked_list.so
7ffed5980000-7ffed5981000 r-xp 00000000 08:01 14162103                   /home/alex/Documents/8vo_Semestre/Geometría Computacional/Lab/practica04/src/lib/lib2d_points.so
7ffed5981000-7ffed5b81000 ---p 00001000 08:01 14162103                   /home/alex/Documents/8vo_Semestre/Geometría Computacional/Lab/practica04/src/lib/lib2d_points.so
7ffed5b81000-7ffed5b82000 r--p 00001000 08:01 14162103                   /home/alex/Documents/8vo_Semestre/Geometría Computacional/Lab/practica04/src/lib/lib2d_points.so
7ffed5b82000-7ffed5b83000 rw-p 00002000 08:01 14162103                   /home/alex/Documents/8vo_Semestre/Geometría Computacional/Lab/practica04/src/lib/lib2d_points.so
7ffed5b83000-7ffed5b86000 ---p 00000000 00:00 0 
7ffed5b86000-7ffed5d84000 rw-p 00000000 00:00 0                          [stack:24321]
7ffed5d84000-7ffed5d87000 ---p 00000000 00:00 0 
7ffed5d87000-7ffed5f85000 rw-p 00000000 00:00 0 
7ffed5f85000-7ffed5f88000 ---p 00000000 00:00 0 
7ffed5f88000-7ffed6186000 rw-p 00000000 00:00 0                          [stack:24322]
7ffed6186000-7ffed6189000 ---p 00000000 00:00 0 
7ffed6189000-7ffed6387000 rw-p 00000000 00:00 0                          [stack:24235]
7ffed6387000-7ffed6399000 r-xp 00000000 08:01 12059135                   /home/alex/.rbenv/versions/jruby-1.7.10/lib/jni/x86_64-Linux/libjffi-1.2.so
7ffed6399000-7ffed6598000 ---p 00012000 08:01 12059135                   /home/alex/.rbenv/versions/jruby-1.7.10/lib/jni/x86_64-Linux/libjffi-1.2.so
7ffed6598000-7ffed6599000 rw-p 00011000 08:01 12059135                   /home/alex/.rbenv/versions/jruby-1.7.10/lib/jni/x86_64-Linux/libjffi-1.2.so
7ffed6599000-7ffed65a9000 r-xp 00000000 08:01 15861288                   /usr/lib/jvm/java-7-openjdk-amd64/jre/lib/amd64/libnio.so
7ffed65a9000-7ffed67a9000 ---p 00010000 08:01 15861288                   /usr/lib/jvm/java-7-openjdk-amd64/jre/lib/amd64/libnio.so
7ffed67a9000-7ffed67aa000 r--p 00010000 08:01 15861288                   /usr/lib/jvm/java-7-openjdk-amd64/jre/lib/amd64/libnio.so
7ffed67aa000-7ffed67ab000 rw-p 00011000 08:01 15861288                   /usr/lib/jvm/java-7-openjdk-amd64/jre/lib/amd64/libnio.so
7ffed67ab000-7ffed67e8000 r-xp 00000000 08:01 8130434                    /lib/x86_64-linux-gnu/libpcre.so.3.13.1
7ffed67e8000-7ffed69e8000 ---p 0003d000 08:01 8130434                    /lib/x86_64-linux-gnu/libpcre.so.3.13.1
7ffed69e8000-7ffed69e9000 r--p 0003d000 08:01 8130434                    /lib/x86_64-linux-gnu/libpcre.so.3.13.1
7ffed69e9000-7ffed69ea000 rw-p 0003e000 08:01 8130434                    /lib/x86_64-linux-gnu/libpcre.so.3.13.1
7ffed69ea000-7ffed69f1000 r-xp 00000000 08:01 15735894                   /usr/lib/x86_64-linux-gnu/libffi.so.6.0.1
7ffed69f1000-7ffed6bf0000 ---p 00007000 08:01 15735894                   /usr/lib/x86_64-linux-gnu/libffi.so.6.0.1
7ffed6bf0000-7ffed6bf1000 r--p 00006000 08:01 15735894                   /usr/lib/x86_64-linux-gnu/libffi.so.6.0.1
7ffed6bf1000-7ffed6bf2000 rw-p 00007000 08:01 15735894                   /usr/lib/x86_64-linux-gnu/libffi.so.6.0.1
7ffed6bf2000-7ffed6c08000 r-xp 00000000 08:01 8130457                    /lib/x86_64-linux-gnu/libresolv-2.17.so
7ffed6c08000-7ffed6e08000 ---p 00016000 08:01 8130457                    /lib/x86_64-linux-gnu/libresolv-2.17.so
7ffed6e08000-7ffed6e09000 r--p 00016000 08:01 8130457                    /lib/x86_64-linux-gnu/libresolv-2.17.so
7ffed6e09000-7ffed6e0a000 rw-p 00017000 08:01 8130457                    /lib/x86_64-linux-gnu/libresolv-2.17.so
7ffed6e0a000-7ffed6e0c000 rw-p 00000000 00:00 0 
7ffed6e0c000-7ffed6e2b000 r-xp 00000000 08:01 8130461                    /lib/x86_64-linux-gnu/libselinux.so.1
7ffed6e2b000-7ffed702b000 ---p 0001f000 08:01 8130461                    /lib/x86_64-linux-gnu/libselinux.so.1
7ffed702b000-7ffed702c000 r--p 0001f000 08:01 8130461                    /lib/x86_64-linux-gnu/libselinux.so.1
7ffed702c000-7ffed702d000 rw-p 00020000 08:01 8130461                    /lib/x86_64-linux-gnu/libselinux.so.1
7ffed702d000-7ffed702e000 rw-p 00000000 00:00 0 
7ffed702e000-7ffed7031000 r-xp 00000000 08:01 15729078                   /usr/lib/x86_64-linux-gnu/libgmodule-2.0.so.0.3800.1
7ffed7031000-7ffed7230000 ---p 00003000 08:01 15729078                   /usr/lib/x86_64-linux-gnu/libgmodule-2.0.so.0.3800.1
7ffed7230000-7ffed7231000 r--p 00002000 08:01 15729078                   /usr/lib/x86_64-linux-gnu/libgmodule-2.0.so.0.3800.1
7ffed7231000-7ffed7232000 rw-p 00003000 08:01 15729078                   /usr/lib/x86_64-linux-gnu/libgmodule-2.0.so.0.3800.1
7ffed7232000-7ffed7330000 r-xp 00000000 08:01 8130449                    /lib/x86_64-linux-gnu/libglib-2.0.so.0.3800.1
7ffed7330000-7ffed7530000 ---p 000fe000 08:01 8130449                    /lib/x86_64-linux-gnu/libglib-2.0.so.0.3800.1
7ffed7530000-7ffed7531000 r--p 000fe000 08:01 8130449                    /lib/x86_64-linux-gnu/libglib-2.0.so.0.3800.1
7ffed7531000-7ffed7532000 rw-p 000ff000 08:01 8130449                    /lib/x86_64-linux-gnu/libglib-2.0.so.0.3800.1
7ffed7532000-7ffed7533000 rw-p 00000000 00:00 0 
7ffed7533000-7ffed7582000 r-xp 00000000 08:01 15729069                   /usr/lib/x86_64-linux-gnu/libgobject-2.0.so.0.3800.1
7ffed7582000-7ffed7782000 ---p 0004f000 08:01 15729069                   /usr/lib/x86_64-linux-gnu/libgobject-2.0.so.0.3800.1
7ffed7782000-7ffed7783000 r--p 0004f000 08:01 15729069                   /usr/lib/x86_64-linux-gnu/libgobject-2.0.so.0.3800.1
7ffed7783000-7ffed7784000 rw-p 00050000 08:01 15729069                   /usr/lib/x86_64-linux-gnu/libgobject-2.0.so.0.3800.1
7ffed7784000-7ffed78e0000 r-xp 00000000 08:01 15729043                   /usr/lib/x86_64-linux-gnu/libgio-2.0.so.0.3800.1
7ffed78e0000-7ffed7adf000 ---p 0015c000 08:01 15729043                   /usr/lib/x86_64-linux-gnu/libgio-2.0.so.0.3800.1
7ffed7adf000-7ffed7ae3000 r--p 0015b000 08:01 15729043                   /usr/lib/x86_64-linux-gnu/libgio-2.0.so.0.3800.1
7ffed7ae3000-7ffed7ae5000 rw-p 0015f000 08:01 15729043                   /usr/lib/x86_64-linux-gnu/libgio-2.0.so.0.3800.1
7ffed7ae5000-7ffed7ae7000 rw-p 00000000 00:00 0 
7ffed7ae7000-7ffed7afd000 r-xp 00000000 08:01 15861076                   /usr/lib/jvm/java-7-openjdk-amd64/jre/lib/amd64/libnet.so
7ffed7afd000-7ffed7cfc000 ---p 00016000 08:01 15861076                   /usr/lib/jvm/java-7-openjdk-amd64/jre/lib/amd64/libnet.so
7ffed7cfc000-7ffed7cfd000 r--p 00015000 08:01 15861076                   /usr/lib/jvm/java-7-openjdk-amd64/jre/lib/amd64/libnet.so
7ffed7cfd000-7ffed7cfe000 rw-p 00016000 08:01 15861076                   /usr/lib/jvm/java-7-openjdk-amd64/jre/lib/amd64/libnet.so
7ffed7cfe000-7ffed7cff000 ---p 00000000 00:00 0 
7ffed7cff000-7ffed7dff000 rw-p 00000000 00:00 0                          [stack:24234]
7ffed7dff000-7ffed7e02000 ---p 00000000 00:00 0 
7ffed7e02000-7ffed8000000 rw-p 00000000 00:00 0                          [stack:24233]
7ffed8000000-7ffed8021000 rw-p 00000000 00:00 0 
7ffed8021000-7ffedc000000 ---p 00000000 00:00 0 
7ffedc0c5000-7ffedc0c8000 ---p 00000000 00:00 0 
7ffedc0c8000-7ffedc0fe000 rw-p 00000000 00:00 0                          [stack:24238]
7ffedc0fe000-7ffedc101000 ---p 00000000 00:00 0 
7ffedc101000-7ffedc1ff000 rw-p 00000000 00:00 0                          [stack:24232]
7ffedc1ff000-7ffedc202000 ---p 00000000 00:00 0 
7ffedc202000-7ffedc300000 rw-p 00000000 00:00 0                          [stack:24231]
7ffedc300000-7ffedc303000 ---p 00000000 00:00 0 
7ffedc303000-7ffedc501000 rw-p 00000000 00:00 0                          [stack:24230]
7ffedc501000-7ffedc8fb000 r--p 00000000 08:01 15734328                   /usr/lib/locale/locale-archive
7ffedc8fb000-7ffedc8fe000 ---p 00000000 00:00 0 
7ffedc8fe000-7ffedcafc000 rw-p 00000000 00:00 0                          [stack:24229]
7ffedcafc000-7ffedcaff000 ---p 00000000 00:00 0 
7ffedcaff000-7ffedccfd000 rw-p 00000000 00:00 0                          [stack:24228]
7ffedccfd000-7ffedccfe000 ---p 00000000 00:00 0 
7ffedccfe000-7ffedd000000 rw-p 00000000 00:00 0                          [stack:24227]
7ffedd000000-7ffedd270000 rwxp 00000000 00:00 0 
7ffedd270000-7ffee05ae000 rw-p 00000000 00:00 0 
7ffee05ae000-7ffee4000000 ---p 00000000 00:00 0 
7ffee4026000-7ffee4028000 rw-p 00000000 00:00 0 
7ffee4028000-7ffee4029000 r-xp 00000000 00:00 0 
7ffee4029000-7ffee4030000 r--s 00000000 08:01 16127910                   /usr/lib/x86_64-linux-gnu/gconv/gconv-modules.cache
7ffee4030000-7ffee4032000 r--s 00012000 08:01 15861308                   /usr/lib/jvm/java-7-openjdk-amd64/jre/lib/ext/zipfs.jar
7ffee4032000-7ffee4035000 r--s 00032000 08:01 15861310                   /usr/lib/jvm/java-7-openjdk-amd64/jre/lib/ext/sunjce_provider.jar
7ffee4035000-7ffee4039000 r--s 00085000 08:01 15861304                   /usr/lib/jvm/java-7-openjdk-amd64/jre/lib/ext/localedata.jar
7ffee4039000-7ffee403b000 r--s 00006000 08:01 16256853                   /usr/share/java/java-atk-wrapper.jar
7ffee403b000-7ffee403e000 r--s 0000f000 08:01 15861306                   /usr/lib/jvm/java-7-openjdk-amd64/jre/lib/ext/pulse-java.jar
7ffee403e000-7ffee4043000 r--s 0004c000 08:01 15861296                   /usr/lib/jvm/java-7-openjdk-amd64/jre/lib/jsse.jar
7ffee4043000-7ffee4dfd000 rw-p 00000000 00:00 0 
7ffee4dfd000-7ffee4ee6000 r--s 00bb9000 08:01 12059138                   /home/alex/.rbenv/versions/jruby-1.7.10/lib/jruby.jar
7ffee4ee6000-7ffee4f2e000 rw-p 00000000 00:00 0 
7ffee4f2e000-7ffee50dc000 r--s 01cf4000 08:01 15861374                   /usr/lib/jvm/java-7-openjdk-amd64/jre/lib/rt.jar
7ffee50dc000-7ffee67f2000 rw-p 00000000 00:00 0 
7ffee67f2000-7ffee67f3000 ---p 00000000 00:00 0 
7ffee67f3000-7ffee68f3000 rw-p 00000000 00:00 0                          [stack:24226]
7ffee68f3000-7ffee68f4000 ---p 00000000 00:00 0 
7ffee68f4000-7ffee69f4000 rw-p 00000000 00:00 0                          [stack:24225]
7ffee69f4000-7ffee69f5000 ---p 00000000 00:00 0 
7ffee69f5000-7ffee6af5000 rw-p 00000000 00:00 0                          [stack:24224]
7ffee6af5000-7ffee6af6000 ---p 00000000 00:00 0 
7ffee6af6000-7ffee6c03000 rw-p 00000000 00:00 0                          [stack:24223]
7ffee6c03000-7ffee6c49000 rw-p 00000000 00:00 0 
7ffee6c49000-7ffee6c5c000 rw-p 00000000 00:00 0 
7ffee6c5c000-7ffee6cef000 rw-p 00000000 00:00 0 
7ffee6cef000-7ffee6d01000 rw-p 00000000 00:00 0 
7ffee6d01000-7ffee6d43000 rw-p 00000000 00:00 0 
7ffee6d43000-7ffee6d44000 rw-p 00000000 00:00 0 
7ffee6d44000-7ffee6d4c000 r-xp 00000000 08:01 15861025                   /usr/lib/jvm/java-7-openjdk-amd64/jre/lib/amd64/libzip.so
7ffee6d4c000-7ffee6f4b000 ---p 00008000 08:01 15861025                   /usr/lib/jvm/java-7-openjdk-amd64/jre/lib/amd64/libzip.so
7ffee6f4b000-7ffee6f4c000 r--p 00007000 08:01 15861025                   /usr/lib/jvm/java-7-openjdk-amd64/jre/lib/amd64/libzip.so
7ffee6f4c000-7ffee6f4d000 rw-p 00008000 08:01 15861025                   /usr/lib/jvm/java-7-openjdk-amd64/jre/lib/amd64/libzip.so
7ffee6f4d000-7ffee6f59000 r-xp 00000000 08:01 8130412                    /lib/x86_64-linux-gnu/libnss_files-2.17.so
7ffee6f59000-7ffee7158000 ---p 0000c000 08:01 8130412                    /lib/x86_64-linux-gnu/libnss_files-2.17.so
7ffee7158000-7ffee7159000 r--p 0000b000 08:01 8130412                    /lib/x86_64-linux-gnu/libnss_files-2.17.so
7ffee7159000-7ffee715a000 rw-p 0000c000 08:01 8130412                    /lib/x86_64-linux-gnu/libnss_files-2.17.so
7ffee715a000-7ffee7165000 r-xp 00000000 08:01 8130416                    /lib/x86_64-linux-gnu/libnss_nis-2.17.so
7ffee7165000-7ffee7364000 ---p 0000b000 08:01 8130416                    /lib/x86_64-linux-gnu/libnss_nis-2.17.so
7ffee7364000-7ffee7365000 r--p 0000a000 08:01 8130416                    /lib/x86_64-linux-gnu/libnss_nis-2.17.so
7ffee7365000-7ffee7366000 rw-p 0000b000 08:01 8130416                    /lib/x86_64-linux-gnu/libnss_nis-2.17.so
7ffee7366000-7ffee737d000 r-xp 00000000 08:01 8130406                    /lib/x86_64-linux-gnu/libnsl-2.17.so
7ffee737d000-7ffee757c000 ---p 00017000 08:01 8130406                    /lib/x86_64-linux-gnu/libnsl-2.17.so
7ffee757c000-7ffee757d000 r--p 00016000 08:01 8130406                    /lib/x86_64-linux-gnu/libnsl-2.17.so
7ffee757d000-7ffee757e000 rw-p 00017000 08:01 8130406                    /lib/x86_64-linux-gnu/libnsl-2.17.so
7ffee757e000-7ffee7580000 rw-p 00000000 00:00 0 
7ffee7580000-7ffee7588000 r-xp 00000000 08:01 8130408                    /lib/x86_64-linux-gnu/libnss_compat-2.17.so
7ffee7588000-7ffee7787000 ---p 00008000 08:01 8130408                    /lib/x86_64-linux-gnu/libnss_compat-2.17.so
7ffee7787000-7ffee7788000 r--p 00007000 08:01 8130408                    /lib/x86_64-linux-gnu/libnss_compat-2.17.so
7ffee7788000-7ffee7789000 rw-p 00008000 08:01 8130408                    /lib/x86_64-linux-gnu/libnss_compat-2.17.so
7ffee7789000-7ffee77b4000 r-xp 00000000 08:01 15860951                   /usr/lib/jvm/java-7-openjdk-amd64/jre/lib/amd64/libjava.so
7ffee77b4000-7ffee79b3000 ---p 0002b000 08:01 15860951                   /usr/lib/jvm/java-7-openjdk-amd64/jre/lib/amd64/libjava.so
7ffee79b3000-7ffee79b4000 r--p 0002a000 08:01 15860951                   /usr/lib/jvm/java-7-openjdk-amd64/jre/lib/amd64/libjava.so
7ffee79b4000-7ffee79b6000 rw-p 0002b000 08:01 15860951                   /usr/lib/jvm/java-7-openjdk-amd64/jre/lib/amd64/libjava.so
7ffee79b6000-7ffee79c6000 r-xp 00000000 08:01 15861265                   /usr/lib/jvm/java-7-openjdk-amd64/jre/lib/amd64/libverify.so
7ffee79c6000-7ffee7bc5000 ---p 00010000 08:01 15861265                   /usr/lib/jvm/java-7-openjdk-amd64/jre/lib/amd64/libverify.so
7ffee7bc5000-7ffee7bc7000 r--p 0000f000 08:01 15861265                   /usr/lib/jvm/java-7-openjdk-amd64/jre/lib/amd64/libverify.so
7ffee7bc7000-7ffee7bc8000 rw-p 00011000 08:01 15861265                   /usr/lib/jvm/java-7-openjdk-amd64/jre/lib/amd64/libverify.so
7ffee7bc8000-7ffee7bcf000 r-xp 00000000 08:01 8130459                    /lib/x86_64-linux-gnu/librt-2.17.so
7ffee7bcf000-7ffee7dce000 ---p 00007000 08:01 8130459                    /lib/x86_64-linux-gnu/librt-2.17.so
7ffee7dce000-7ffee7dcf000 r--p 00006000 08:01 8130459                    /lib/x86_64-linux-gnu/librt-2.17.so
7ffee7dcf000-7ffee7dd0000 rw-p 00007000 08:01 8130459                    /lib/x86_64-linux-gnu/librt-2.17.so
7ffee7dd0000-7ffee7dd3000 ---p 00000000 00:00 0 
7ffee7dd3000-7ffee7fd1000 rw-p 00000000 00:00 0                          [stack:24222]
7ffee7fd1000-7ffee7fe6000 r-xp 00000000 08:01 8126477                    /lib/x86_64-linux-gnu/libgcc_s.so.1
7ffee7fe6000-7ffee81e5000 ---p 00015000 08:01 8126477                    /lib/x86_64-linux-gnu/libgcc_s.so.1
7ffee81e5000-7ffee81e6000 r--p 00014000 08:01 8126477                    /lib/x86_64-linux-gnu/libgcc_s.so.1
7ffee81e6000-7ffee81e7000 rw-p 00015000 08:01 8126477                    /lib/x86_64-linux-gnu/libgcc_s.so.1
7ffee81e7000-7ffee82ea000 r-xp 00000000 08:01 8130387                    /lib/x86_64-linux-gnu/libm-2.17.so
7ffee82ea000-7ffee84e9000 ---p 00103000 08:01 8130387                    /lib/x86_64-linux-gnu/libm-2.17.so
7ffee84e9000-7ffee84ea000 r--p 00102000 08:01 8130387                    /lib/x86_64-linux-gnu/libm-2.17.so
7ffee84ea000-7ffee84eb000 rw-p 00103000 08:01 8130387                    /lib/x86_64-linux-gnu/libm-2.17.so
7ffee84eb000-7ffee85d1000 r-xp 00000000 08:01 15729831                   /usr/lib/x86_64-linux-gnu/libstdc++.so.6.0.18
7ffee85d1000-7ffee87d0000 ---p 000e6000 08:01 15729831                   /usr/lib/x86_64-linux-gnu/libstdc++.so.6.0.18
7ffee87d0000-7ffee87d8000 r--p 000e5000 08:01 15729831                   /usr/lib/x86_64-linux-gnu/libstdc++.so.6.0.18
7ffee87d8000-7ffee87da000 rw-p 000ed000 08:01 15729831                   /usr/lib/x86_64-linux-gnu/libstdc++.so.6.0.18
7ffee87da000-7ffee87ef000 rw-p 00000000 00:00 0 
7ffee87ef000-7ffee92ce000 r-xp 00000000 08:01 15861284                   /usr/lib/jvm/java-7-openjdk-amd64/jre/lib/amd64/server/libjvm.so
7ffee92ce000-7ffee94cd000 ---p 00adf000 08:01 15861284                   /usr/lib/jvm/java-7-openjdk-amd64/jre/lib/amd64/server/libjvm.so
7ffee94cd000-7ffee955f000 r--p 00ade000 08:01 15861284                   /usr/lib/jvm/java-7-openjdk-amd64/jre/lib/amd64/server/libjvm.so
7ffee955f000-7ffee9582000 rw-p 00b70000 08:01 15861284                   /usr/lib/jvm/java-7-openjdk-amd64/jre/lib/amd64/server/libjvm.so
7ffee9582000-7ffee95af000 rw-p 00000000 00:00 0 
7ffee95af000-7ffee95c7000 r-xp 00000000 08:01 8130494                    /lib/x86_64-linux-gnu/libz.so.1.2.8
7ffee95c7000-7ffee97c6000 ---p 00018000 08:01 8130494                    /lib/x86_64-linux-gnu/libz.so.1.2.8
7ffee97c6000-7ffee97c7000 r--p 00017000 08:01 8130494                    /lib/x86_64-linux-gnu/libz.so.1.2.8
7ffee97c7000-7ffee97c8000 rw-p 00018000 08:01 8130494                    /lib/x86_64-linux-gnu/libz.so.1.2.8
7ffee97c8000-7ffee97df000 r-xp 00000000 08:01 8130451                    /lib/x86_64-linux-gnu/libpthread-2.17.so
7ffee97df000-7ffee99df000 ---p 00017000 08:01 8130451                    /lib/x86_64-linux-gnu/libpthread-2.17.so
7ffee99df000-7ffee99e0000 r--p 00017000 08:01 8130451                    /lib/x86_64-linux-gnu/libpthread-2.17.so
7ffee99e0000-7ffee99e1000 rw-p 00018000 08:01 8130451                    /lib/x86_64-linux-gnu/libpthread-2.17.so
7ffee99e1000-7ffee99e5000 rw-p 00000000 00:00 0 
7ffee99e5000-7ffee99e8000 r-xp 00000000 08:01 8130351                    /lib/x86_64-linux-gnu/libdl-2.17.so
7ffee99e8000-7ffee9be7000 ---p 00003000 08:01 8130351                    /lib/x86_64-linux-gnu/libdl-2.17.so
7ffee9be7000-7ffee9be8000 r--p 00002000 08:01 8130351                    /lib/x86_64-linux-gnu/libdl-2.17.so
7ffee9be8000-7ffee9be9000 rw-p 00003000 08:01 8130351                    /lib/x86_64-linux-gnu/libdl-2.17.so
7ffee9be9000-7ffee9da6000 r-xp 00000000 08:01 8130336                    /lib/x86_64-linux-gnu/libc-2.17.so
7ffee9da6000-7ffee9fa6000 ---p 001bd000 08:01 8130336                    /lib/x86_64-linux-gnu/libc-2.17.so
7ffee9fa6000-7ffee9faa000 r--p 001bd000 08:01 8130336                    /lib/x86_64-linux-gnu/libc-2.17.so
7ffee9faa000-7ffee9fac000 rw-p 001c1000 08:01 8130336                    /lib/x86_64-linux-gnu/libc-2.17.so
7ffee9fac000-7ffee9fb1000 rw-p 00000000 00:00 0 
7ffee9fb1000-7ffee9fbe000 r-xp 00000000 08:01 15861291                   /usr/lib/jvm/java-7-openjdk-amd64/jre/lib/amd64/jli/libjli.so
7ffee9fbe000-7ffeea1bd000 ---p 0000d000 08:01 15861291                   /usr/lib/jvm/java-7-openjdk-amd64/jre/lib/amd64/jli/libjli.so
7ffeea1bd000-7ffeea1be000 r--p 0000c000 08:01 15861291                   /usr/lib/jvm/java-7-openjdk-amd64/jre/lib/amd64/jli/libjli.so
7ffeea1be000-7ffeea1bf000 rw-p 0000d000 08:01 15861291                   /usr/lib/jvm/java-7-openjdk-amd64/jre/lib/amd64/jli/libjli.so
7ffeea1bf000-7ffeea1e2000 r-xp 00000000 08:01 8130312                    /lib/x86_64-linux-gnu/ld-2.17.so
7ffeea1e2000-7ffeea1e6000 r--s 0003b000 08:01 15861316                   /usr/lib/jvm/java-7-openjdk-amd64/jre/lib/ext/sunpkcs11.jar
7ffeea1e6000-7ffeea214000 rw-p 00000000 00:00 0 
7ffeea214000-7ffeea25a000 rw-p 00000000 00:00 0 
7ffeea25a000-7ffeea26d000 rw-p 00000000 00:00 0 
7ffeea26d000-7ffeea301000 rw-p 00000000 00:00 0 
7ffeea301000-7ffeea30b000 rw-p 00000000 00:00 0 
7ffeea30b000-7ffeea3c1000 rw-p 00000000 00:00 0 
7ffeea3c1000-7ffeea3c6000 rw-p 00000000 00:00 0 
7ffeea3c6000-7ffeea3c7000 r--s 00002000 08:01 15861314                   /usr/lib/jvm/java-7-openjdk-amd64/jre/lib/ext/dnsns.jar
7ffeea3c7000-7ffeea3d5000 rw-p 00000000 00:00 0 
7ffeea3d5000-7ffeea3dd000 rw-s 00000000 08:01 6029327                    /tmp/hsperfdata_alex/24197
7ffeea3dd000-7ffeea3de000 rw-p 00000000 00:00 0 
7ffeea3de000-7ffeea3df000 r--p 00000000 00:00 0 
7ffeea3df000-7ffeea3e1000 rw-p 00000000 00:00 0 
7ffeea3e1000-7ffeea3e2000 r--p 00022000 08:01 8130312                    /lib/x86_64-linux-gnu/ld-2.17.so
7ffeea3e2000-7ffeea3e4000 rw-p 00023000 08:01 8130312                    /lib/x86_64-linux-gnu/ld-2.17.so
7fff5aa5f000-7fff5aa80000 rw-p 00000000 00:00 0                          [stack]
7fff5ab82000-7fff5ab84000 r-xp 00000000 00:00 0                          [vdso]
ffffffffff600000-ffffffffff601000 r-xp 00000000 00:00 0                  [vsyscall]

VM Arguments:
jvm_args: -Djdk.home= -Djruby.home=/home/alex/.rbenv/versions/jruby-1.7.10 -Djruby.script=jruby -Djruby.shell=/bin/sh -Djffi.boot.library.path=/home/alex/.rbenv/versions/jruby-1.7.10/lib/jni:/home/alex/.rbenv/versions/jruby-1.7.10/lib/jni/i386-Linux:/home/alex/.rbenv/versions/jruby-1.7.10/lib/jni/arm-Linux:/home/alex/.rbenv/versions/jruby-1.7.10/lib/jni/x86_64-Linux -Xmx500m -Xss2048k -Xbootclasspath/a:/home/alex/.rbenv/versions/jruby-1.7.10/lib/jruby.jar 
java_command: org/jruby/Main Makefile.rb clean compile test clean
Launcher Type: SUN_STANDARD

Environment Variables:
PATH=/home/alex/.rbenv/versions/jruby-1.7.10/bin:/home/alex/.rbenv/libexec:/home/alex/.rbenv/plugins/ruby-build/bin:/home/alex/.rbenv/shims:~/.rbenv/bin:~/.rbenv/bin:/usr/local/sbin:/usr/local/bin:/usr/sbin:/usr/bin:/sbin:/bin:/usr/games:/usr/local/games
USERNAME=alex
SHELL=/bin/bash
DISPLAY=:0

Signal Handlers:
SIGSEGV: [libjvm.so+0x916ea0], sa_mask[0]=0x7ffbfeff, sa_flags=0x10000004
SIGBUS: [libjvm.so+0x916ea0], sa_mask[0]=0x7ffbfeff, sa_flags=0x10000004
SIGFPE: [libjvm.so+0x794800], sa_mask[0]=0x7ffbfeff, sa_flags=0x10000004
SIGPIPE: [libjvm.so+0x794800], sa_mask[0]=0x7ffbfeff, sa_flags=0x10000004
SIGXFSZ: [libjvm.so+0x794800], sa_mask[0]=0x7ffbfeff, sa_flags=0x10000004
SIGILL: [libjvm.so+0x794800], sa_mask[0]=0x7ffbfeff, sa_flags=0x10000004
SIGUSR1: SIG_DFL, sa_mask[0]=0x00000000, sa_flags=0x00000000
SIGUSR2: [libjvm.so+0x7946a0], sa_mask[0]=0x00000000, sa_flags=0x10000004
SIGHUP: [libjvm.so+0x794880], sa_mask[0]=0x7ffbfeff, sa_flags=0x10000004
SIGINT: [libjvm.so+0x794880], sa_mask[0]=0x7ffbfeff, sa_flags=0x10000004
SIGTERM: [libjvm.so+0x794880], sa_mask[0]=0x7ffbfeff, sa_flags=0x10000004
SIGQUIT: [libjvm.so+0x794880], sa_mask[0]=0x7ffbfeff, sa_flags=0x10000004


---------------  S Y S T E M  ---------------

OS:LinuxMint 16 (petra)
uname:Linux 3.11.0-12-generic #19-Ubuntu SMP Wed Oct 9 16:20:46 UTC 2013 x86_64
libc:glibc 2.17 NPTL 2.17 
rlimit: STACK 8192k, CORE 0k, NPROC 28798, NOFILE 4096, AS infinity
load average:0,85 0,54 0,31

/proc/meminfo:
MemTotal:        3715476 kB
MemFree:         1467956 kB
Buffers:          194456 kB
Cached:          1083536 kB
SwapCached:            0 kB
Active:          1289628 kB
Inactive:         756712 kB
Active(anon):     770092 kB
Inactive(anon):   176812 kB
Active(file):     519536 kB
Inactive(file):   579900 kB
Unevictable:          52 kB
Mlocked:              52 kB
SwapTotal:       3856380 kB
SwapFree:        3856380 kB
Dirty:               448 kB
Writeback:             0 kB
AnonPages:        768872 kB
Mapped:           182992 kB
Shmem:            178560 kB
Slab:             128368 kB
SReclaimable:     101700 kB
SUnreclaim:        26668 kB
KernelStack:        3440 kB
PageTables:        24580 kB
NFS_Unstable:          0 kB
Bounce:                0 kB
WritebackTmp:          0 kB
CommitLimit:     5714116 kB
Committed_AS:    3118432 kB
VmallocTotal:   34359738367 kB
VmallocUsed:      414316 kB
VmallocChunk:   34359319548 kB
HardwareCorrupted:     0 kB
AnonHugePages:         0 kB
HugePages_Total:       0
HugePages_Free:        0
HugePages_Rsvd:        0
HugePages_Surp:        0
Hugepagesize:       2048 kB
DirectMap4k:       58576 kB
DirectMap2M:     3799040 kB


CPU:total 4 (2 cores per cpu, 2 threads per core) family 6 model 37 stepping 5, cmov, cx8, fxsr, mmx, sse, sse2, sse3, ssse3, sse4.1, sse4.2, popcnt, ht, tsc, tscinvbit

/proc/cpuinfo:
processor	: 0
vendor_id	: GenuineIntel
cpu family	: 6
model		: 37
model name	: Intel(R) Core(TM) i3 CPU       M 380  @ 2.53GHz
stepping	: 5
microcode	: 0x2
cpu MHz		: 2533.000
cache size	: 3072 KB
physical id	: 0
siblings	: 4
core id		: 0
cpu cores	: 2
apicid		: 0
initial apicid	: 0
fpu		: yes
fpu_exception	: yes
cpuid level	: 11
wp		: yes
flags		: fpu vme de pse tsc msr pae mce cx8 apic sep mtrr pge mca cmov pat pse36 clflush dts acpi mmx fxsr sse sse2 ss ht tm pbe syscall nx rdtscp lm constant_tsc arch_perfmon pebs bts rep_good nopl xtopology nonstop_tsc aperfmperf pni dtes64 monitor ds_cpl vmx est tm2 ssse3 cx16 xtpr pdcm pcid sse4_1 sse4_2 popcnt lahf_lm arat dtherm tpr_shadow vnmi flexpriority ept vpid
bogomips	: 5053.98
clflush size	: 64
cache_alignment	: 64
address sizes	: 36 bits physical, 48 bits virtual
power management:

processor	: 1
vendor_id	: GenuineIntel
cpu family	: 6
model		: 37
model name	: Intel(R) Core(TM) i3 CPU       M 380  @ 2.53GHz
stepping	: 5
microcode	: 0x2
cpu MHz		: 933.000
cache size	: 3072 KB
physical id	: 0
siblings	: 4
core id		: 0
cpu cores	: 2
apicid		: 1
initial apicid	: 1
fpu		: yes
fpu_exception	: yes
cpuid level	: 11
wp		: yes
flags		: fpu vme de pse tsc msr pae mce cx8 apic sep mtrr pge mca cmov pat pse36 clflush dts acpi mmx fxsr sse sse2 ss ht tm pbe syscall nx rdtscp lm constant_tsc arch_perfmon pebs bts rep_good nopl xtopology nonstop_tsc aperfmperf pni dtes64 monitor ds_cpl vmx est tm2 ssse3 cx16 xtpr pdcm pcid sse4_1 sse4_2 popcnt lahf_lm arat dtherm tpr_shadow vnmi flexpriority ept vpid
bogomips	: 5053.98
clflush size	: 64
cache_alignment	: 64
address sizes	: 36 bits physical, 48 bits virtual
power management:

processor	: 2
vendor_id	: GenuineIntel
cpu family	: 6
model		: 37
model name	: Intel(R) Core(TM) i3 CPU       M 380  @ 2.53GHz
stepping	: 5
microcode	: 0x2
cpu MHz		: 2533.000
cache size	: 3072 KB
physical id	: 0
siblings	: 4
core id		: 2
cpu cores	: 2
apicid		: 4
initial apicid	: 4
fpu		: yes
fpu_exception	: yes
cpuid level	: 11
wp		: yes
flags		: fpu vme de pse tsc msr pae mce cx8 apic sep mtrr pge mca cmov pat pse36 clflush dts acpi mmx fxsr sse sse2 ss ht tm pbe syscall nx rdtscp lm constant_tsc arch_perfmon pebs bts rep_good nopl xtopology nonstop_tsc aperfmperf pni dtes64 monitor ds_cpl vmx est tm2 ssse3 cx16 xtpr pdcm pcid sse4_1 sse4_2 popcnt lahf_lm arat dtherm tpr_shadow vnmi flexpriority ept vpid
bogomips	: 5053.98
clflush size	: 64
cache_alignment	: 64
address sizes	: 36 bits physical, 48 bits virtual
power management:

processor	: 3
vendor_id	: GenuineIntel
cpu family	: 6
model		: 37
model name	: Intel(R) Core(TM) i3 CPU       M 380  @ 2.53GHz
stepping	: 5
microcode	: 0x2
cpu MHz		: 2533.000
cache size	: 3072 KB
physical id	: 0
siblings	: 4
core id		: 2
cpu cores	: 2
apicid		: 5
initial apicid	: 5
fpu		: yes
fpu_exception	: yes
cpuid level	: 11
wp		: yes
flags		: fpu vme de pse tsc msr pae mce cx8 apic sep mtrr pge mca cmov pat pse36 clflush dts acpi mmx fxsr sse sse2 ss ht tm pbe syscall nx rdtscp lm constant_tsc arch_perfmon pebs bts rep_good nopl xtopology nonstop_tsc aperfmperf pni dtes64 monitor ds_cpl vmx est tm2 ssse3 cx16 xtpr pdcm pcid sse4_1 sse4_2 popcnt lahf_lm arat dtherm tpr_shadow vnmi flexpriority ept vpid
bogomips	: 5053.98
clflush size	: 64
cache_alignment	: 64
address sizes	: 36 bits physical, 48 bits virtual
power management:



Memory: 4k page, physical 3715476k(1467956k free), swap 3856380k(3856380k free)

vm_info: OpenJDK 64-Bit Server VM (24.45-b08) for linux-amd64 JRE (1.7.0_51-b00), built on Jan 15 2014 22:02:57 by "buildd" with gcc 4.8.1

time: Fri May 30 20:41:46 2014
elapsed time: 3 seconds

