#
# A fatal error has been detected by the Java Runtime Environment:
#
#  SIGSEGV (0xb) at pc=0x00007f99b1ae0b36, pid=28296, tid=140298402240256
#
# JRE version: OpenJDK Runtime Environment (7.0_51) (build 1.7.0_51-b00)
# Java VM: OpenJDK 64-Bit Server VM (24.45-b08 mixed mode linux-amd64 compressed oops)
# Problematic frame:
# C  [librange_tree.so+0x1b36]  aux_range_query+0x203
#
# Failed to write core dump. Core dumps have been disabled. To enable core dumping, try "ulimit -c unlimited" before starting Java again
#
# If you would like to submit a bug report, please include
# instructions on how to reproduce the bug and visit:
#   http://icedtea.classpath.org/bugzilla
# The crash happened outside the Java Virtual Machine in native code.
# See problematic frame for where to report the bug.
#

---------------  T H R E A D  ---------------

Current thread (0x00007f99c000a800):  JavaThread "main" [_thread_in_native, id=28321, stack(0x00007f99c44d9000,0x00007f99c46da000)]

siginfo:si_signo=SIGSEGV: si_errno=0, si_code=1 (SEGV_MAPERR), si_addr=0x0000000000000018

Registers:
RAX=0x0000000000000000, RBX=0x0000000000000001, RCX=0x00007f99c0000020, RDX=0x00007f99c056bdd0
RSP=0x00007f99c46d6300, RBP=0x00007f99c46d6370, RSI=0x0000000000000000, RDI=0x00007f99c0569040
R8 =0x0000000000000003, R9 =0x0000000000000020, R10=0x0000000000000211, R11=0x00007f99c0000078
R12=0x0000000000000008, R13=0x0000000000000005, R14=0x00007f99c46d6540, R15=0x00007f99c46d63d0
RIP=0x00007f99b1ae0b36, EFLAGS=0x0000000000010202, CSGSFS=0x0000000000000033, ERR=0x0000000000000004
  TRAPNO=0x000000000000000e

Top of Stack: (sp=0x00007f99c46d6300)
0x00007f99c46d6300:   0000000000000004 40b1300000000000
0x00007f99c46d6310:   00007f99c056bd80 40b78b0000000000
0x00007f99c46d6320:   40b66f0000000000 40c1618000000000
0x00007f99c46d6330:   40b1300000000000 00007f99c0565770
0x00007f99c46d6340:   00000000d6b95a8f 00007f99c0569040
0x00007f99c46d6350:   00007f99c0566520 00007f99b1ee7b27
0x00007f99c46d6360:   40c1618000000000 0000000000000001
0x00007f99c46d6370:   00007f99c46d63c0 00007f99b1ae0cdd
0x00007f99c46d6380:   40b1300000000000 40b78b0000000000
0x00007f99c46d6390:   40b66f0000000000 40c1618000000000
0x00007f99c46d63a0:   40b1300000000000 00007f99c0565770
0x00007f99c46d63b0:   00000000d7edcb6f 00007f99c056bd80
0x00007f99c46d63c0:   00007f99c46d63d0 00007f99b2afea78
0x00007f99c46d63d0:   000000000000080e 00007f99c46d6610
0x00007f99c46d63e0:   00007f99c46d64c0 00007f99b2afe901
0x00007f99c46d63f0:   0000000000000000 00007f99c46d6410
0x00007f99c46d6400:   00007f99c46d6320 00007f99c46d6470
0x00007f99c46d6410:   00007f99c46d6480 00007f99c46d6470
0x00007f99c46d6420:   00007f99c46d6484 00007f99c46d64e0
0x00007f99c46d6430:   00007f99c46d6610 00007f99b1ae0c29
0x00007f99c46d6440:   00007f99c045dc10 00007f99c0448780
0x00007f99c46d6450:   0000000400000001 0000000500000005
0x00007f99c46d6460:   00007f99c46d6320 00000001bc394233
0x00007f99c46d6470:   0000000000000005 0000000000000000
0x00007f99c46d6480:   0000000000000001 5825591c53259500
0x00007f99c46d6490:   00007f99c000a800 00007f99c46d6520
0x00007f99c46d64a0:   0000000000000000 0000000000000000
0x00007f99c46d64b0:   00007f99c46d66d8 00007f99c000a800
0x00007f99c46d64c0:   00007f99c46d65f0 00007f99b2afbddc
0x00007f99c46d64d0:   00000000f7094270 00007f99c46d6520
0x00007f99c46d64e0:   00007f99c46d6520 00007f99c46d6528
0x00007f99c46d64f0:   00007f99c46d6530 00007f99c46d6538 

Instructions: (pc=0x00007f99b1ae0b36)
0x00007f99b1ae0b16:   48 89 45 d8 eb 5e 48 8b 45 d8 48 8b 00 f2 0f 10
0x00007f99b1ae0b26:   00 66 0f 2e 45 c0 72 40 48 8b 45 d8 48 8b 40 10
0x00007f99b1ae0b36:   48 8b 48 18 48 8b 75 a0 48 8b 55 a8 48 8b 45 b0
0x00007f99b1ae0b46:   48 89 55 98 f2 0f 10 4d 98 48 89 45 98 f2 0f 10 

Register to memory mapping:

RAX=0x0000000000000000 is an unknown value
RBX=0x0000000000000001 is an unknown value
RCX=0x00007f99c0000020 is an unknown value
RDX=0x00007f99c056bdd0 is an unknown value
RSP=0x00007f99c46d6300 is pointing into the stack for thread: 0x00007f99c000a800
RBP=0x00007f99c46d6370 is pointing into the stack for thread: 0x00007f99c000a800
RSI=0x0000000000000000 is an unknown value
RDI=0x00007f99c0569040 is an unknown value
R8 =0x0000000000000003 is an unknown value
R9 =0x0000000000000020 is an unknown value
R10=0x0000000000000211 is an unknown value
R11=0x00007f99c0000078 is an unknown value
R12=0x0000000000000008 is an unknown value
R13=0x0000000000000005 is an unknown value
R14=0x00007f99c46d6540 is pointing into the stack for thread: 0x00007f99c000a800
R15=0x00007f99c46d63d0 is pointing into the stack for thread: 0x00007f99c000a800


Stack: [0x00007f99c44d9000,0x00007f99c46da000],  sp=0x00007f99c46d6300,  free space=2036k
Native frames: (J=compiled Java code, j=interpreted, Vv=VM code, C=native code)
C  [librange_tree.so+0x1b36]  aux_range_query+0x203
C  [librange_tree.so+0x1cdd]  two_d_range_query+0xb4
C  [libjffi-1.2.so+0xda78]  ffi_call_unix64+0x4c

Java frames: (J=compiled Java code, j=interpreted, Vv=VM code)
j  com.kenai.jffi.Foreign.invokeArrayReturnLong(JJ[B)J+0
j  com.kenai.jffi.Invoker.invokeLong(Lcom/kenai/jffi/CallContext;JLcom/kenai/jffi/HeapInvocationBuffer;)J+38
j  com.kenai.jffi.Invoker$LP64.invokeAddress(Lcom/kenai/jffi/CallContext;JLcom/kenai/jffi/HeapInvocationBuffer;)J+5
j  com.kenai.jffi.Invoker.invokeAddress(Lcom/kenai/jffi/Function;Lcom/kenai/jffi/HeapInvocationBuffer;)J+10
j  org.jruby.ext.ffi.jffi.DefaultMethodFactory$Pointer64Invoker.invoke(Lorg/jruby/runtime/ThreadContext;Lcom/kenai/jffi/Function;Lcom/kenai/jffi/HeapInvocationBuffer;)Lorg/jruby/runtime/builtin/IRubyObject;+6
j  org.jruby.ext.ffi.jffi.DefaultMethodFactory$ConvertingInvoker.invoke(Lorg/jruby/runtime/ThreadContext;Lcom/kenai/jffi/Function;Lcom/kenai/jffi/HeapInvocationBuffer;)Lorg/jruby/runtime/builtin/IRubyObject;+12
j  org.jruby.ext.ffi.jffi.BufferNativeInvoker.call(Lorg/jruby/runtime/ThreadContext;Lorg/jruby/runtime/builtin/IRubyObject;Lorg/jruby/RubyModule;Ljava/lang/String;[Lorg/jruby/runtime/builtin/IRubyObject;)Lorg/jruby/runtime/builtin/IRubyObject;+160
j  org.jruby.ext.ffi.jffi.DefaultMethod.call(Lorg/jruby/runtime/ThreadContext;Lorg/jruby/runtime/builtin/IRubyObject;Lorg/jruby/RubyModule;Ljava/lang/String;[Lorg/jruby/runtime/builtin/IRubyObject;)Lorg/jruby/runtime/builtin/IRubyObject;+11
j  org.jruby.runtime.callsite.CachingCallSite.call(Lorg/jruby/runtime/ThreadContext;Lorg/jruby/runtime/builtin/IRubyObject;Lorg/jruby/runtime/builtin/IRubyObject;[Lorg/jruby/runtime/builtin/IRubyObject;)Lorg/jruby/runtime/builtin/IRubyObject;+38
j  org.jruby.ast.CallManyArgsNode.interpret(Lorg/jruby/Ruby;Lorg/jruby/runtime/ThreadContext;Lorg/jruby/runtime/builtin/IRubyObject;Lorg/jruby/runtime/Block;)Lorg/jruby/runtime/builtin/IRubyObject;+41
j  org.jruby.ast.DAsgnNode.interpret(Lorg/jruby/Ruby;Lorg/jruby/runtime/ThreadContext;Lorg/jruby/runtime/builtin/IRubyObject;Lorg/jruby/runtime/Block;)Lorg/jruby/runtime/builtin/IRubyObject;+17
J  org.jruby.runtime.Interpreted19Block.yield(Lorg/jruby/runtime/ThreadContext;Lorg/jruby/runtime/builtin/IRubyObject;Lorg/jruby/runtime/Binding;Lorg/jruby/runtime/Block$Type;)Lorg/jruby/runtime/builtin/IRubyObject;
j  org.jruby.runtime.Interpreted19Block.yieldSpecific(Lorg/jruby/runtime/ThreadContext;Lorg/jruby/runtime/Binding;Lorg/jruby/runtime/Block$Type;)Lorg/jruby/runtime/builtin/IRubyObject;+5
j  org.jruby.runtime.Block.yieldSpecific(Lorg/jruby/runtime/ThreadContext;)Lorg/jruby/runtime/builtin/IRubyObject;+13
j  org.jruby.RubyFixnum.times(Lorg/jruby/runtime/ThreadContext;Lorg/jruby/runtime/Block;)Lorg/jruby/runtime/builtin/IRubyObject;+102
j  org.jruby.RubyFixnum$INVOKER$i$0$0$times.call(Lorg/jruby/runtime/ThreadContext;Lorg/jruby/runtime/builtin/IRubyObject;Lorg/jruby/RubyModule;Ljava/lang/String;Lorg/jruby/runtime/Block;)Lorg/jruby/runtime/builtin/IRubyObject;+7
j  org.jruby.internal.runtime.methods.JavaMethod$JavaMethodZeroBlock.call(Lorg/jruby/runtime/ThreadContext;Lorg/jruby/runtime/builtin/IRubyObject;Lorg/jruby/RubyModule;Ljava/lang/String;[Lorg/jruby/runtime/builtin/IRubyObject;Lorg/jruby/runtime/Block;)Lorg/jruby/runtime/builtin/IRubyObject;+27
j  org.jruby.RubyClass.finvoke(Lorg/jruby/runtime/ThreadContext;Lorg/jruby/runtime/builtin/IRubyObject;Ljava/lang/String;[Lorg/jruby/runtime/builtin/IRubyObject;Lorg/jruby/runtime/Block;)Lorg/jruby/runtime/builtin/IRubyObject;+64
j  org.jruby.runtime.Helpers.invoke(Lorg/jruby/runtime/ThreadContext;Lorg/jruby/runtime/builtin/IRubyObject;Ljava/lang/String;[Lorg/jruby/runtime/builtin/IRubyObject;Lorg/jruby/runtime/Block;)Lorg/jruby/runtime/builtin/IRubyObject;+12
j  org.jruby.RubyBasicObject.callMethod(Lorg/jruby/runtime/ThreadContext;Ljava/lang/String;[Lorg/jruby/runtime/builtin/IRubyObject;Lorg/jruby/runtime/Block;)Lorg/jruby/runtime/builtin/IRubyObject;+6
j  org.jruby.RubyEnumerator.each(Lorg/jruby/runtime/ThreadContext;Lorg/jruby/runtime/Block;)Lorg/jruby/runtime/builtin/IRubyObject;+14
j  org.jruby.RubyEnumerator$INVOKER$i$each.call(Lorg/jruby/runtime/ThreadContext;Lorg/jruby/runtime/builtin/IRubyObject;Lorg/jruby/RubyModule;Ljava/lang/String;Lorg/jruby/runtime/Block;)Lorg/jruby/runtime/builtin/IRubyObject;+7
j  org.jruby.runtime.callsite.CachingCallSite.cacheAndCall(Lorg/jruby/runtime/builtin/IRubyObject;Lorg/jruby/RubyClass;Lorg/jruby/runtime/Block;Lorg/jruby/runtime/ThreadContext;Lorg/jruby/runtime/builtin/IRubyObject;)Lorg/jruby/runtime/builtin/IRubyObject;+57
j  org.jruby.runtime.callsite.CachingCallSite.callBlock(Lorg/jruby/runtime/ThreadContext;Lorg/jruby/runtime/builtin/IRubyObject;Lorg/jruby/runtime/builtin/IRubyObject;Lorg/jruby/runtime/Block;)Lorg/jruby/runtime/builtin/IRubyObject;+50
j  org.jruby.runtime.callsite.CachingCallSite.callIter(Lorg/jruby/runtime/ThreadContext;Lorg/jruby/runtime/builtin/IRubyObject;Lorg/jruby/runtime/builtin/IRubyObject;Lorg/jruby/runtime/Block;)Lorg/jruby/runtime/builtin/IRubyObject;+6
j  org.jruby.ast.CallNoArgBlockNode.interpret(Lorg/jruby/Ruby;Lorg/jruby/runtime/ThreadContext;Lorg/jruby/runtime/builtin/IRubyObject;Lorg/jruby/runtime/Block;)Lorg/jruby/runtime/builtin/IRubyObject;+35
J  org.jruby.ast.BlockNode.interpret(Lorg/jruby/Ruby;Lorg/jruby/runtime/ThreadContext;Lorg/jruby/runtime/builtin/IRubyObject;Lorg/jruby/runtime/Block;)Lorg/jruby/runtime/builtin/IRubyObject;
j  org.jruby.evaluator.ASTInterpreter.INTERPRET_METHOD(Lorg/jruby/Ruby;Lorg/jruby/runtime/ThreadContext;Ljava/lang/String;ILorg/jruby/RubyModule;Lorg/jruby/ast/Node;Ljava/lang/String;Lorg/jruby/runtime/builtin/IRubyObject;Lorg/jruby/runtime/Block;Z)Lorg/jruby/runtime/builtin/IRubyObject;+30
j  org.jruby.internal.runtime.methods.InterpretedMethod.call(Lorg/jruby/runtime/ThreadContext;Lorg/jruby/runtime/builtin/IRubyObject;Lorg/jruby/RubyModule;Ljava/lang/String;)Lorg/jruby/runtime/builtin/IRubyObject;+80
j  org.jruby.internal.runtime.methods.DefaultMethod.call(Lorg/jruby/runtime/ThreadContext;Lorg/jruby/runtime/builtin/IRubyObject;Lorg/jruby/RubyModule;Ljava/lang/String;)Lorg/jruby/runtime/builtin/IRubyObject;+20
J  org.jruby.ast.CallNoArgNode.interpret(Lorg/jruby/Ruby;Lorg/jruby/runtime/ThreadContext;Lorg/jruby/runtime/builtin/IRubyObject;Lorg/jruby/runtime/Block;)Lorg/jruby/runtime/builtin/IRubyObject;
j  org.jruby.ast.FCallTwoArgNode.interpret(Lorg/jruby/Ruby;Lorg/jruby/runtime/ThreadContext;Lorg/jruby/runtime/builtin/IRubyObject;Lorg/jruby/runtime/Block;)Lorg/jruby/runtime/builtin/IRubyObject;+28
J  org.jruby.ast.NewlineNode.interpret(Lorg/jruby/Ruby;Lorg/jruby/runtime/ThreadContext;Lorg/jruby/runtime/builtin/IRubyObject;Lorg/jruby/runtime/Block;)Lorg/jruby/runtime/builtin/IRubyObject;
j  org.jruby.ast.BlockNode.interpret(Lorg/jruby/Ruby;Lorg/jruby/runtime/ThreadContext;Lorg/jruby/runtime/builtin/IRubyObject;Lorg/jruby/runtime/Block;)Lorg/jruby/runtime/builtin/IRubyObject;+33
j  org.jruby.evaluator.ASTInterpreter.INTERPRET_METHOD(Lorg/jruby/Ruby;Lorg/jruby/runtime/ThreadContext;Ljava/lang/String;ILorg/jruby/RubyModule;Lorg/jruby/ast/Node;Ljava/lang/String;Lorg/jruby/runtime/builtin/IRubyObject;Lorg/jruby/runtime/Block;Z)Lorg/jruby/runtime/builtin/IRubyObject;+30
j  org.jruby.internal.runtime.methods.InterpretedMethod.call(Lorg/jruby/runtime/ThreadContext;Lorg/jruby/runtime/builtin/IRubyObject;Lorg/jruby/RubyModule;Ljava/lang/String;)Lorg/jruby/runtime/builtin/IRubyObject;+80
j  org.jruby.internal.runtime.methods.DefaultMethod.call(Lorg/jruby/runtime/ThreadContext;Lorg/jruby/runtime/builtin/IRubyObject;Lorg/jruby/RubyModule;Ljava/lang/String;)Lorg/jruby/runtime/builtin/IRubyObject;+20
j  org.jruby.runtime.callsite.CachingCallSite.cacheAndCall(Lorg/jruby/runtime/builtin/IRubyObject;Lorg/jruby/RubyClass;Lorg/jruby/runtime/ThreadContext;Lorg/jruby/runtime/builtin/IRubyObject;)Lorg/jruby/runtime/builtin/IRubyObject;+53
j  org.jruby.runtime.callsite.CachingCallSite.call(Lorg/jruby/runtime/ThreadContext;Lorg/jruby/runtime/builtin/IRubyObject;Lorg/jruby/runtime/builtin/IRubyObject;)Lorg/jruby/runtime/builtin/IRubyObject;+46
j  Makefile.method__2$RUBY$test(LMakefile;Lorg/jruby/runtime/ThreadContext;Lorg/jruby/runtime/builtin/IRubyObject;Lorg/jruby/runtime/Block;)Lorg/jruby/runtime/builtin/IRubyObject;+130
j  Makefile$method__2$RUBY$test.call(Lorg/jruby/runtime/ThreadContext;Lorg/jruby/runtime/builtin/IRubyObject;Lorg/jruby/RubyModule;Ljava/lang/String;Lorg/jruby/runtime/Block;)Lorg/jruby/runtime/builtin/IRubyObject;+17
j  org.jruby.RubyClass.finvoke(Lorg/jruby/runtime/ThreadContext;Lorg/jruby/runtime/builtin/IRubyObject;Ljava/lang/String;Lorg/jruby/runtime/Block;)Lorg/jruby/runtime/builtin/IRubyObject;+41
j  org.jruby.RubyBasicObject.send19(Lorg/jruby/runtime/ThreadContext;Lorg/jruby/runtime/builtin/IRubyObject;Lorg/jruby/runtime/Block;)Lorg/jruby/runtime/builtin/IRubyObject;+15
j  org.jruby.RubyKernel.send19(Lorg/jruby/runtime/ThreadContext;Lorg/jruby/runtime/builtin/IRubyObject;Lorg/jruby/runtime/builtin/IRubyObject;Lorg/jruby/runtime/Block;)Lorg/jruby/runtime/builtin/IRubyObject;+7
j  org.jruby.RubyKernel$INVOKER$s$send19.call(Lorg/jruby/runtime/ThreadContext;Lorg/jruby/runtime/builtin/IRubyObject;Lorg/jruby/RubyModule;Ljava/lang/String;Lorg/jruby/runtime/builtin/IRubyObject;Lorg/jruby/runtime/Block;)Lorg/jruby/runtime/builtin/IRubyObject;+6
j  org.jruby.internal.runtime.methods.JavaMethod$JavaMethodOneOrNBlock.call(Lorg/jruby/runtime/ThreadContext;Lorg/jruby/runtime/builtin/IRubyObject;Lorg/jruby/RubyModule;Ljava/lang/String;Lorg/jruby/runtime/builtin/IRubyObject;)Lorg/jruby/runtime/builtin/IRubyObject;+11
j  org.jruby.runtime.callsite.CachingCallSite.call(Lorg/jruby/runtime/ThreadContext;Lorg/jruby/runtime/builtin/IRubyObject;Lorg/jruby/runtime/builtin/IRubyObject;Lorg/jruby/runtime/builtin/IRubyObject;)Lorg/jruby/runtime/builtin/IRubyObject;+38
j  Makefile.block_7$RUBY$__file__(LMakefile;Lorg/jruby/runtime/ThreadContext;Lorg/jruby/runtime/builtin/IRubyObject;[Lorg/jruby/runtime/builtin/IRubyObject;Lorg/jruby/runtime/Block;)Lorg/jruby/runtime/builtin/IRubyObject;+46
j  Makefile$block_7$RUBY$__file__.call(Lorg/jruby/runtime/ThreadContext;Lorg/jruby/runtime/builtin/IRubyObject;[Lorg/jruby/runtime/builtin/IRubyObject;Lorg/jruby/runtime/Block;)Lorg/jruby/runtime/builtin/IRubyObject;+9
j  org.jruby.runtime.CompiledBlock19.yield(Lorg/jruby/runtime/ThreadContext;Lorg/jruby/runtime/builtin/IRubyObject;Lorg/jruby/runtime/Binding;Lorg/jruby/runtime/Block$Type;)Lorg/jruby/runtime/builtin/IRubyObject;+52
j  org.jruby.runtime.Block.yield(Lorg/jruby/runtime/ThreadContext;Lorg/jruby/runtime/builtin/IRubyObject;)Lorg/jruby/runtime/builtin/IRubyObject;+14
j  org.jruby.RubyArray.eachCommon(Lorg/jruby/runtime/ThreadContext;Lorg/jruby/runtime/Block;)Lorg/jruby/runtime/builtin/IRubyObject;+41
j  org.jruby.RubyArray.each(Lorg/jruby/runtime/ThreadContext;Lorg/jruby/runtime/Block;)Lorg/jruby/runtime/builtin/IRubyObject;+10
j  org.jruby.RubyArray$INVOKER$i$0$0$each.call(Lorg/jruby/runtime/ThreadContext;Lorg/jruby/runtime/builtin/IRubyObject;Lorg/jruby/RubyModule;Ljava/lang/String;Lorg/jruby/runtime/Block;)Lorg/jruby/runtime/builtin/IRubyObject;+7
j  org.jruby.runtime.callsite.CachingCallSite.cacheAndCall(Lorg/jruby/runtime/builtin/IRubyObject;Lorg/jruby/RubyClass;Lorg/jruby/runtime/Block;Lorg/jruby/runtime/ThreadContext;Lorg/jruby/runtime/builtin/IRubyObject;)Lorg/jruby/runtime/builtin/IRubyObject;+57
j  org.jruby.runtime.callsite.CachingCallSite.callBlock(Lorg/jruby/runtime/ThreadContext;Lorg/jruby/runtime/builtin/IRubyObject;Lorg/jruby/runtime/builtin/IRubyObject;Lorg/jruby/runtime/Block;)Lorg/jruby/runtime/builtin/IRubyObject;+50
j  org.jruby.runtime.callsite.CachingCallSite.callIter(Lorg/jruby/runtime/ThreadContext;Lorg/jruby/runtime/builtin/IRubyObject;Lorg/jruby/runtime/builtin/IRubyObject;Lorg/jruby/runtime/Block;)Lorg/jruby/runtime/builtin/IRubyObject;+6
j  Makefile.__file__(LMakefile;Lorg/jruby/runtime/ThreadContext;Lorg/jruby/runtime/builtin/IRubyObject;[Lorg/jruby/runtime/builtin/IRubyObject;Lorg/jruby/runtime/Block;)Lorg/jruby/runtime/builtin/IRubyObject;+907
j  Makefile.load(Lorg/jruby/runtime/ThreadContext;Lorg/jruby/runtime/builtin/IRubyObject;Z)Lorg/jruby/runtime/builtin/IRubyObject;+22
j  org.jruby.Ruby.runScript(Lorg/jruby/ast/executable/Script;Z)Lorg/jruby/runtime/builtin/IRubyObject;+12
j  org.jruby.Ruby.runScript(Lorg/jruby/ast/executable/Script;)Lorg/jruby/runtime/builtin/IRubyObject;+3
j  org.jruby.Ruby.runNormally(Lorg/jruby/ast/Node;)Lorg/jruby/runtime/builtin/IRubyObject;+73
j  org.jruby.Ruby.runFromMain(Ljava/io/InputStream;Ljava/lang/String;)V+320
j  org.jruby.Main.doRunFromMain(Lorg/jruby/Ruby;Ljava/io/InputStream;Ljava/lang/String;)Lorg/jruby/Main$Status;+12
j  org.jruby.Main.internalRun()Lorg/jruby/Main$Status;+234
j  org.jruby.Main.run([Ljava/lang/String;)Lorg/jruby/Main$Status;+9
j  org.jruby.Main.main([Ljava/lang/String;)V+35
v  ~StubRoutines::call_stub

---------------  P R O C E S S  ---------------

Java Threads: ( => current thread )
  0x00007f99c046c000 JavaThread "ReferenceReaper" daemon [_thread_blocked, id=28421, stack(0x00007f99b24ee000,0x00007f99b26ef000)]
  0x00007f99c0444800 JavaThread "JRubyJIT-2" daemon [_thread_blocked, id=28420, stack(0x00007f99b22ed000,0x00007f99b24ee000)]
  0x00007f99c0438800 JavaThread "process reaper" daemon [_thread_blocked, id=28337, stack(0x00007f99b807b000,0x00007f99b80b4000)]
  0x00007f99c042c000 JavaThread "JRubyJIT-1" daemon [_thread_blocked, id=28334, stack(0x00007f99b28f0000,0x00007f99b2af1000)]
  0x00007f99c00ae000 JavaThread "Service Thread" daemon [_thread_blocked, id=28332, stack(0x00007f99b8636000,0x00007f99b8837000)]
  0x00007f99c00ab800 JavaThread "C2 CompilerThread1" daemon [_thread_blocked, id=28331, stack(0x00007f99b8837000,0x00007f99b8938000)]
  0x00007f99c00a8800 JavaThread "C2 CompilerThread0" daemon [_thread_blocked, id=28330, stack(0x00007f99b8938000,0x00007f99b8a39000)]
  0x00007f99c00a6800 JavaThread "Signal Dispatcher" daemon [_thread_blocked, id=28329, stack(0x00007f99b8a39000,0x00007f99b8c3a000)]
  0x00007f99c0082800 JavaThread "Finalizer" daemon [_thread_blocked, id=28328, stack(0x00007f99b9034000,0x00007f99b9235000)]
  0x00007f99c0080800 JavaThread "Reference Handler" daemon [_thread_blocked, id=28327, stack(0x00007f99b9235000,0x00007f99b9436000)]
=>0x00007f99c000a800 JavaThread "main" [_thread_in_native, id=28321, stack(0x00007f99c44d9000,0x00007f99c46da000)]

Other Threads:
  0x00007f99c007c800 VMThread [stack: 0x00007f99b9436000,0x00007f99b9537000] [id=28326]
  0x00007f99c00b8800 WatcherThread [stack: 0x00007f99b8535000,0x00007f99b8636000] [id=28333]

VM state:not at safepoint (normal execution)

VM Mutex/Monitor currently owned by a thread: None

Heap
 PSYoungGen      total 32768K, used 26418K [0x00000000f5900000, 0x00000000f7b00000, 0x0000000100000000)
  eden space 30720K, 79% used [0x00000000f5900000,0x00000000f70d34f0,0x00000000f7700000)
  from space 2048K, 98% used [0x00000000f7900000,0x00000000f7af9518,0x00000000f7b00000)
  to   space 2048K, 0% used [0x00000000f7700000,0x00000000f7700000,0x00000000f7900000)
 ParOldGen       total 38400K, used 5924K [0x00000000e0c00000, 0x00000000e3180000, 0x00000000f5900000)
  object space 38400K, 15% used [0x00000000e0c00000,0x00000000e11c9390,0x00000000e3180000)
 PSPermGen       total 25600K, used 25472K [0x00000000d6600000, 0x00000000d7f00000, 0x00000000e0c00000)
  object space 25600K, 99% used [0x00000000d6600000,0x00000000d7ee0168,0x00000000d7f00000)

Card table byte_map: [0x00007f99bc240000,0x00007f99bc38e000] byte_map_base: 0x00007f99bbb8d000

Polling page: 0x00007f99c6ae7000

Code Cache  [0x00007f99bc38e000, 0x00007f99bc5fe000, 0x00007f99bf38e000)
 total_blobs=957 nmethods=478 adapters=433 free_code_cache=47343Kb largest_free_block=48434176

Compilation events (10 events):
Event: 3,835 Thread 0x00007f99c00a8800  482             org.jruby.RubyBasicObject::getFFIHandle (12 bytes)
Event: 3,835 Thread 0x00007f99c00ab800  483             org.jruby.runtime.ivars.VariableTableManager::getFFIHandle (9 bytes)
Event: 3,836 Thread 0x00007f99c00ab800 nmethod 483 0x00007f99bc555ad0 code [0x00007f99bc555c20, 0x00007f99bc555cf8]
Event: 3,837 Thread 0x00007f99c00ab800  484             org.jruby.runtime.ivars.VariableTableManager::getFFIHandleAccessorForRead (8 bytes)
Event: 3,837 Thread 0x00007f99c00a8800 nmethod 482 0x00007f99bc4e0450 code [0x00007f99bc4e05a0, 0x00007f99bc4e0698]
Event: 3,837 Thread 0x00007f99c00a8800  485             org.jruby.Ruby::getFFI (5 bytes)
Event: 3,837 Thread 0x00007f99c00ab800 nmethod 484 0x00007f99bc4e0210 code [0x00007f99bc4e0340, 0x00007f99bc4e03b8]
Event: 3,837 Thread 0x00007f99c00ab800  486             org.jruby.ext.ffi.MemoryIO::<init> (15 bytes)
Event: 3,837 Thread 0x00007f99c00a8800 nmethod 485 0x00007f99bc557690 code [0x00007f99bc5577c0, 0x00007f99bc557818]
Event: 3,837 Thread 0x00007f99c00ab800 nmethod 486 0x00007f99bc551ed0 code [0x00007f99bc552000, 0x00007f99bc552058]

GC Heap History (4 events):
Event: 1,342 GC heap before
{Heap before GC invocations=1 (full 0):
 PSYoungGen      total 17408K, used 15360K [0x00000000f5900000, 0x00000000f6c00000, 0x0000000100000000)
  eden space 15360K, 100% used [0x00000000f5900000,0x00000000f6800000,0x00000000f6800000)
  from space 2048K, 0% used [0x00000000f6a00000,0x00000000f6a00000,0x00000000f6c00000)
  to   space 2048K, 0% used [0x00000000f6800000,0x00000000f6800000,0x00000000f6a00000)
 ParOldGen       total 38400K, used 0K [0x00000000e0c00000, 0x00000000e3180000, 0x00000000f5900000)
  object space 38400K, 0% used [0x00000000e0c00000,0x00000000e0c00000,0x00000000e3180000)
 PSPermGen       total 21504K, used 18949K [0x00000000d6600000, 0x00000000d7b00000, 0x00000000e0c00000)
  object space 21504K, 88% used [0x00000000d6600000,0x00000000d78816c8,0x00000000d7b00000)
Event: 1,358 GC heap after
Heap after GC invocations=1 (full 0):
 PSYoungGen      total 17408K, used 2023K [0x00000000f5900000, 0x00000000f7b00000, 0x0000000100000000)
  eden space 15360K, 0% used [0x00000000f5900000,0x00000000f5900000,0x00000000f6800000)
  from space 2048K, 98% used [0x00000000f6800000,0x00000000f69f9f98,0x00000000f6a00000)
  to   space 2048K, 0% used [0x00000000f7900000,0x00000000f7900000,0x00000000f7b00000)
 ParOldGen       total 38400K, used 3806K [0x00000000e0c00000, 0x00000000e3180000, 0x00000000f5900000)
  object space 38400K, 9% used [0x00000000e0c00000,0x00000000e0fb7ab8,0x00000000e3180000)
 PSPermGen       total 21504K, used 18949K [0x00000000d6600000, 0x00000000d7b00000, 0x00000000e0c00000)
  object space 21504K, 88% used [0x00000000d6600000,0x00000000d78816c8,0x00000000d7b00000)
}
Event: 2,301 GC heap before
{Heap before GC invocations=2 (full 0):
 PSYoungGen      total 17408K, used 17383K [0x00000000f5900000, 0x00000000f7b00000, 0x0000000100000000)
  eden space 15360K, 100% used [0x00000000f5900000,0x00000000f6800000,0x00000000f6800000)
  from space 2048K, 98% used [0x00000000f6800000,0x00000000f69f9f98,0x00000000f6a00000)
  to   space 2048K, 0% used [0x00000000f7900000,0x00000000f7900000,0x00000000f7b00000)
 ParOldGen       total 38400K, used 3806K [0x00000000e0c00000, 0x00000000e3180000, 0x00000000f5900000)
  object space 38400K, 9% used [0x00000000e0c00000,0x00000000e0fb7ab8,0x00000000e3180000)
 PSPermGen       total 23552K, used 23439K [0x00000000d6600000, 0x00000000d7d00000, 0x00000000e0c00000)
  object space 23552K, 99% used [0x00000000d6600000,0x00000000d7ce3ca0,0x00000000d7d00000)
Event: 2,318 GC heap after
Heap after GC invocations=2 (full 0):
 PSYoungGen      total 32768K, used 2021K [0x00000000f5900000, 0x00000000f7b00000, 0x0000000100000000)
  eden space 30720K, 0% used [0x00000000f5900000,0x00000000f5900000,0x00000000f7700000)
  from space 2048K, 98% used [0x00000000f7900000,0x00000000f7af9518,0x00000000f7b00000)
  to   space 2048K, 0% used [0x00000000f7700000,0x00000000f7700000,0x00000000f7900000)
 ParOldGen       total 38400K, used 5924K [0x00000000e0c00000, 0x00000000e3180000, 0x00000000f5900000)
  object space 38400K, 15% used [0x00000000e0c00000,0x00000000e11c9390,0x00000000e3180000)
 PSPermGen       total 23552K, used 23439K [0x00000000d6600000, 0x00000000d7d00000, 0x00000000e0c00000)
  object space 23552K, 99% used [0x00000000d6600000,0x00000000d7ce3ca0,0x00000000d7d00000)
}

Deoptimization events (10 events):
Event: 3,765 Thread 0x00007f99c000a800 Uncommon trap: reason=class_check action=maybe_recompile pc=0x00007f99bc4e4078 method=org.jruby.RubyArray.compare(Lorg/jruby/runtime/ThreadContext;Lorg/jruby/runtime/invokedynamic/MethodNames;Lorg/jruby/runtime/builtin/IRubyObject;)Lorg/jruby/RubyBoolean;
Event: 3,777 Thread 0x00007f99c000a800 Uncommon trap: reason=array_check action=maybe_recompile pc=0x00007f99bc54eab0 method=org.jruby.util.Qsort.swap([Ljava/lang/Object;II)V @ 9
Event: 3,777 Thread 0x00007f99c000a800 Uncommon trap: reason=array_check action=maybe_recompile pc=0x00007f99bc54eab0 method=org.jruby.util.Qsort.swap([Ljava/lang/Object;II)V @ 9
Event: 3,777 Thread 0x00007f99c000a800 Uncommon trap: reason=array_check action=maybe_recompile pc=0x00007f99bc54eab0 method=org.jruby.util.Qsort.swap([Ljava/lang/Object;II)V @ 9
Event: 3,778 Thread 0x00007f99c000a800 Uncommon trap: reason=array_check action=maybe_recompile pc=0x00007f99bc54ed78 method=org.jruby.util.Qsort.swap([Ljava/lang/Object;II)V @ 9
Event: 3,786 Thread 0x00007f99c000a800 Uncommon trap: reason=class_check action=maybe_recompile pc=0x00007f99bc4e4078 method=org.jruby.RubyArray.compare(Lorg/jruby/runtime/ThreadContext;Lorg/jruby/runtime/invokedynamic/MethodNames;Lorg/jruby/runtime/builtin/IRubyObject;)Lorg/jruby/RubyBoolean;
Event: 3,818 Thread 0x00007f99c000a800 Uncommon trap: reason=class_check action=maybe_recompile pc=0x00007f99bc52a440 method=org.jruby.runtime.Block.yield(Lorg/jruby/runtime/ThreadContext;Lorg/jruby/runtime/builtin/IRubyObject;)Lorg/jruby/runtime/builtin/IRubyObject; @ 14
Event: 3,818 Thread 0x00007f99c000a800 Uncommon trap: reason=class_check action=maybe_recompile pc=0x00007f99bc52a440 method=org.jruby.runtime.Block.yield(Lorg/jruby/runtime/ThreadContext;Lorg/jruby/runtime/builtin/IRubyObject;)Lorg/jruby/runtime/builtin/IRubyObject; @ 14
Event: 3,818 Thread 0x00007f99c000a800 Uncommon trap: reason=class_check action=maybe_recompile pc=0x00007f99bc52a440 method=org.jruby.runtime.Block.yield(Lorg/jruby/runtime/ThreadContext;Lorg/jruby/runtime/builtin/IRubyObject;)Lorg/jruby/runtime/builtin/IRubyObject; @ 14
Event: 3,818 Thread 0x00007f99c000a800 Uncommon trap: reason=class_check action=maybe_recompile pc=0x00007f99bc52a440 method=org.jruby.runtime.Block.yield(Lorg/jruby/runtime/ThreadContext;Lorg/jruby/runtime/builtin/IRubyObject;)Lorg/jruby/runtime/builtin/IRubyObject; @ 14

Internal exceptions (10 events):
Event: 3,176 Thread 0x00007f99c0444800 Threw 0x00000000f65ebbe8 at /build/buildd/openjdk-7-7u51-2.4.4/build/openjdk/hotspot/src/share/vm/prims/jvm.cpp:1244
Event: 3,176 Thread 0x00007f99c0444800 Threw 0x00000000f65ed518 at /build/buildd/openjdk-7-7u51-2.4.4/build/openjdk/hotspot/src/share/vm/prims/jvm.cpp:1244
Event: 3,214 Thread 0x00007f99c042c000 Threw 0x00000000f6653a60 at /build/buildd/openjdk-7-7u51-2.4.4/build/openjdk/hotspot/src/share/vm/prims/jvm.cpp:1244
Event: 3,214 Thread 0x00007f99c042c000 Threw 0x00000000f66553e0 at /build/buildd/openjdk-7-7u51-2.4.4/build/openjdk/hotspot/src/share/vm/prims/jvm.cpp:1244
Event: 3,214 Thread 0x00007f99c0444800 Threw 0x00000000f6806e00 at /build/buildd/openjdk-7-7u51-2.4.4/build/openjdk/hotspot/src/share/vm/prims/jvm.cpp:1244
Event: 3,214 Thread 0x00007f99c0444800 Threw 0x00000000f6808778 at /build/buildd/openjdk-7-7u51-2.4.4/build/openjdk/hotspot/src/share/vm/prims/jvm.cpp:1244
Event: 3,218 Thread 0x00007f99c0444800 Threw 0x00000000f6830308 at /build/buildd/openjdk-7-7u51-2.4.4/build/openjdk/hotspot/src/share/vm/prims/jvm.cpp:1244
Event: 3,218 Thread 0x00007f99c0444800 Threw 0x00000000f6831d30 at /build/buildd/openjdk-7-7u51-2.4.4/build/openjdk/hotspot/src/share/vm/prims/jvm.cpp:1244
Event: 3,249 Thread 0x00007f99c0444800 Threw 0x00000000f6884640 at /build/buildd/openjdk-7-7u51-2.4.4/build/openjdk/hotspot/src/share/vm/prims/jvm.cpp:1244
Event: 3,250 Thread 0x00007f99c0444800 Threw 0x00000000f6885fc0 at /build/buildd/openjdk-7-7u51-2.4.4/build/openjdk/hotspot/src/share/vm/prims/jvm.cpp:1244

Events (10 events):
Event: 3,818 Thread 0x00007f99c000a800 DEOPT UNPACKING pc=0x00007f99bc3c7045 sp=0x00007f99c46d63b8 mode 2
Event: 3,818 Thread 0x00007f99c000a800 Uncommon trap: trap_request=0xffffffde fr.pc=0x00007f99bc52a440
Event: 3,818 Thread 0x00007f99c000a800 DEOPT PACKING pc=0x00007f99bc52a440 sp=0x00007f99c46d6370
Event: 3,818 Thread 0x00007f99c000a800 DEOPT UNPACKING pc=0x00007f99bc3c7045 sp=0x00007f99c46d63b8 mode 2
Event: 3,818 Thread 0x00007f99c000a800 Uncommon trap: trap_request=0xffffffde fr.pc=0x00007f99bc52a440
Event: 3,818 Thread 0x00007f99c000a800 DEOPT PACKING pc=0x00007f99bc52a440 sp=0x00007f99c46d6370
Event: 3,818 Thread 0x00007f99c000a800 DEOPT UNPACKING pc=0x00007f99bc3c7045 sp=0x00007f99c46d63b8 mode 2
Event: 3,818 Thread 0x00007f99c000a800 Uncommon trap: trap_request=0xffffffde fr.pc=0x00007f99bc52a440
Event: 3,818 Thread 0x00007f99c000a800 DEOPT PACKING pc=0x00007f99bc52a440 sp=0x00007f99c46d6370
Event: 3,818 Thread 0x00007f99c000a800 DEOPT UNPACKING pc=0x00007f99bc3c7045 sp=0x00007f99c46d63b8 mode 2


Dynamic libraries:
00400000-00401000 r-xp 00000000 08:01 15861394                           /usr/lib/jvm/java-7-openjdk-amd64/jre/bin/java
00600000-00601000 r--p 00000000 08:01 15861394                           /usr/lib/jvm/java-7-openjdk-amd64/jre/bin/java
00601000-00602000 rw-p 00001000 08:01 15861394                           /usr/lib/jvm/java-7-openjdk-amd64/jre/bin/java
012d0000-012f1000 rw-p 00000000 00:00 0                                  [heap]
d6600000-d7f00000 rw-p 00000000 00:00 0 
d7f00000-e0c00000 rw-p 00000000 00:00 0 
e0c00000-e3180000 rw-p 00000000 00:00 0 
e3180000-f5900000 rw-p 00000000 00:00 0 
f5900000-f7b00000 rw-p 00000000 00:00 0 
f7b00000-100000000 rw-p 00000000 00:00 0 
7f996c000000-7f996c021000 rw-p 00000000 00:00 0 
7f996c021000-7f9970000000 ---p 00000000 00:00 0 
7f9970000000-7f9970021000 rw-p 00000000 00:00 0 
7f9970021000-7f9974000000 ---p 00000000 00:00 0 
7f9974000000-7f9974021000 rw-p 00000000 00:00 0 
7f9974021000-7f9978000000 ---p 00000000 00:00 0 
7f9978000000-7f9978021000 rw-p 00000000 00:00 0 
7f9978021000-7f997c000000 ---p 00000000 00:00 0 
7f997c000000-7f997c021000 rw-p 00000000 00:00 0 
7f997c021000-7f9980000000 ---p 00000000 00:00 0 
7f9980000000-7f9980027000 rw-p 00000000 00:00 0 
7f9980027000-7f9984000000 ---p 00000000 00:00 0 
7f9984000000-7f9984d7f000 rw-p 00000000 00:00 0 
7f9984d7f000-7f9988000000 ---p 00000000 00:00 0 
7f9988000000-7f9988021000 rw-p 00000000 00:00 0 
7f9988021000-7f998c000000 ---p 00000000 00:00 0 
7f998c000000-7f998c021000 rw-p 00000000 00:00 0 
7f998c021000-7f9990000000 ---p 00000000 00:00 0 
7f9990000000-7f9990bc8000 rw-p 00000000 00:00 0 
7f9990bc8000-7f9994000000 ---p 00000000 00:00 0 
7f9994000000-7f9994021000 rw-p 00000000 00:00 0 
7f9994021000-7f9998000000 ---p 00000000 00:00 0 
7f9998000000-7f9998021000 rw-p 00000000 00:00 0 
7f9998021000-7f999c000000 ---p 00000000 00:00 0 
7f999c000000-7f999c021000 rw-p 00000000 00:00 0 
7f999c021000-7f99a0000000 ---p 00000000 00:00 0 
7f99a0000000-7f99a0021000 rw-p 00000000 00:00 0 
7f99a0021000-7f99a4000000 ---p 00000000 00:00 0 
7f99a4000000-7f99a4021000 rw-p 00000000 00:00 0 
7f99a4021000-7f99a8000000 ---p 00000000 00:00 0 
7f99ac000000-7f99ac021000 rw-p 00000000 00:00 0 
7f99ac021000-7f99b0000000 ---p 00000000 00:00 0 
7f99b1adf000-7f99b1ae2000 r-xp 00000000 08:01 14162104                   /home/alex/Documents/8vo_Semestre/Geometría Computacional/Lab/practica04/src/lib/librange_tree.so
7f99b1ae2000-7f99b1ce1000 ---p 00003000 08:01 14162104                   /home/alex/Documents/8vo_Semestre/Geometría Computacional/Lab/practica04/src/lib/librange_tree.so
7f99b1ce1000-7f99b1ce2000 r--p 00002000 08:01 14162104                   /home/alex/Documents/8vo_Semestre/Geometría Computacional/Lab/practica04/src/lib/librange_tree.so
7f99b1ce2000-7f99b1ce3000 rw-p 00003000 08:01 14162104                   /home/alex/Documents/8vo_Semestre/Geometría Computacional/Lab/practica04/src/lib/librange_tree.so
7f99b1ce3000-7f99b1ce6000 r-xp 00000000 08:01 14162103                   /home/alex/Documents/8vo_Semestre/Geometría Computacional/Lab/practica04/src/lib/librb_tree.so
7f99b1ce6000-7f99b1ee5000 ---p 00003000 08:01 14162103                   /home/alex/Documents/8vo_Semestre/Geometría Computacional/Lab/practica04/src/lib/librb_tree.so
7f99b1ee5000-7f99b1ee6000 r--p 00002000 08:01 14162103                   /home/alex/Documents/8vo_Semestre/Geometría Computacional/Lab/practica04/src/lib/librb_tree.so
7f99b1ee6000-7f99b1ee7000 rw-p 00003000 08:01 14162103                   /home/alex/Documents/8vo_Semestre/Geometría Computacional/Lab/practica04/src/lib/librb_tree.so
7f99b1ee7000-7f99b1ee9000 r-xp 00000000 08:01 14162083                   /home/alex/Documents/8vo_Semestre/Geometría Computacional/Lab/practica04/src/lib/libdouble_linked_list.so
7f99b1ee9000-7f99b20e8000 ---p 00002000 08:01 14162083                   /home/alex/Documents/8vo_Semestre/Geometría Computacional/Lab/practica04/src/lib/libdouble_linked_list.so
7f99b20e8000-7f99b20e9000 r--p 00001000 08:01 14162083                   /home/alex/Documents/8vo_Semestre/Geometría Computacional/Lab/practica04/src/lib/libdouble_linked_list.so
7f99b20e9000-7f99b20ea000 rw-p 00002000 08:01 14162083                   /home/alex/Documents/8vo_Semestre/Geometría Computacional/Lab/practica04/src/lib/libdouble_linked_list.so
7f99b20ea000-7f99b20eb000 r-xp 00000000 08:01 14162095                   /home/alex/Documents/8vo_Semestre/Geometría Computacional/Lab/practica04/src/lib/lib2d_points.so
7f99b20eb000-7f99b22eb000 ---p 00001000 08:01 14162095                   /home/alex/Documents/8vo_Semestre/Geometría Computacional/Lab/practica04/src/lib/lib2d_points.so
7f99b22eb000-7f99b22ec000 r--p 00001000 08:01 14162095                   /home/alex/Documents/8vo_Semestre/Geometría Computacional/Lab/practica04/src/lib/lib2d_points.so
7f99b22ec000-7f99b22ed000 rw-p 00002000 08:01 14162095                   /home/alex/Documents/8vo_Semestre/Geometría Computacional/Lab/practica04/src/lib/lib2d_points.so
7f99b22ed000-7f99b22f0000 ---p 00000000 00:00 0 
7f99b22f0000-7f99b24ee000 rw-p 00000000 00:00 0                          [stack:28420]
7f99b24ee000-7f99b24f1000 ---p 00000000 00:00 0 
7f99b24f1000-7f99b26ef000 rw-p 00000000 00:00 0                          [stack:28421]
7f99b26ef000-7f99b26f2000 ---p 00000000 00:00 0 
7f99b26f2000-7f99b28f0000 rw-p 00000000 00:00 0 
7f99b28f0000-7f99b28f3000 ---p 00000000 00:00 0 
7f99b28f3000-7f99b2af1000 rw-p 00000000 00:00 0                          [stack:28334]
7f99b2af1000-7f99b2b03000 r-xp 00000000 08:01 12059135                   /home/alex/.rbenv/versions/jruby-1.7.10/lib/jni/x86_64-Linux/libjffi-1.2.so
7f99b2b03000-7f99b2d02000 ---p 00012000 08:01 12059135                   /home/alex/.rbenv/versions/jruby-1.7.10/lib/jni/x86_64-Linux/libjffi-1.2.so
7f99b2d02000-7f99b2d03000 rw-p 00011000 08:01 12059135                   /home/alex/.rbenv/versions/jruby-1.7.10/lib/jni/x86_64-Linux/libjffi-1.2.so
7f99b2d03000-7f99b2d13000 r-xp 00000000 08:01 15861288                   /usr/lib/jvm/java-7-openjdk-amd64/jre/lib/amd64/libnio.so
7f99b2d13000-7f99b2f13000 ---p 00010000 08:01 15861288                   /usr/lib/jvm/java-7-openjdk-amd64/jre/lib/amd64/libnio.so
7f99b2f13000-7f99b2f14000 r--p 00010000 08:01 15861288                   /usr/lib/jvm/java-7-openjdk-amd64/jre/lib/amd64/libnio.so
7f99b2f14000-7f99b2f15000 rw-p 00011000 08:01 15861288                   /usr/lib/jvm/java-7-openjdk-amd64/jre/lib/amd64/libnio.so
7f99b2f15000-7f99b2f52000 r-xp 00000000 08:01 8130434                    /lib/x86_64-linux-gnu/libpcre.so.3.13.1
7f99b2f52000-7f99b3152000 ---p 0003d000 08:01 8130434                    /lib/x86_64-linux-gnu/libpcre.so.3.13.1
7f99b3152000-7f99b3153000 r--p 0003d000 08:01 8130434                    /lib/x86_64-linux-gnu/libpcre.so.3.13.1
7f99b3153000-7f99b3154000 rw-p 0003e000 08:01 8130434                    /lib/x86_64-linux-gnu/libpcre.so.3.13.1
7f99b3154000-7f99b315b000 r-xp 00000000 08:01 15735894                   /usr/lib/x86_64-linux-gnu/libffi.so.6.0.1
7f99b315b000-7f99b335a000 ---p 00007000 08:01 15735894                   /usr/lib/x86_64-linux-gnu/libffi.so.6.0.1
7f99b335a000-7f99b335b000 r--p 00006000 08:01 15735894                   /usr/lib/x86_64-linux-gnu/libffi.so.6.0.1
7f99b335b000-7f99b335c000 rw-p 00007000 08:01 15735894                   /usr/lib/x86_64-linux-gnu/libffi.so.6.0.1
7f99b335c000-7f99b3372000 r-xp 00000000 08:01 8130457                    /lib/x86_64-linux-gnu/libresolv-2.17.so
7f99b3372000-7f99b3572000 ---p 00016000 08:01 8130457                    /lib/x86_64-linux-gnu/libresolv-2.17.so
7f99b3572000-7f99b3573000 r--p 00016000 08:01 8130457                    /lib/x86_64-linux-gnu/libresolv-2.17.so
7f99b3573000-7f99b3574000 rw-p 00017000 08:01 8130457                    /lib/x86_64-linux-gnu/libresolv-2.17.so
7f99b3574000-7f99b3576000 rw-p 00000000 00:00 0 
7f99b3576000-7f99b3595000 r-xp 00000000 08:01 8130461                    /lib/x86_64-linux-gnu/libselinux.so.1
7f99b3595000-7f99b3795000 ---p 0001f000 08:01 8130461                    /lib/x86_64-linux-gnu/libselinux.so.1
7f99b3795000-7f99b3796000 r--p 0001f000 08:01 8130461                    /lib/x86_64-linux-gnu/libselinux.so.1
7f99b3796000-7f99b3797000 rw-p 00020000 08:01 8130461                    /lib/x86_64-linux-gnu/libselinux.so.1
7f99b3797000-7f99b3798000 rw-p 00000000 00:00 0 
7f99b3798000-7f99b379b000 r-xp 00000000 08:01 15729078                   /usr/lib/x86_64-linux-gnu/libgmodule-2.0.so.0.3800.1
7f99b379b000-7f99b399a000 ---p 00003000 08:01 15729078                   /usr/lib/x86_64-linux-gnu/libgmodule-2.0.so.0.3800.1
7f99b399a000-7f99b399b000 r--p 00002000 08:01 15729078                   /usr/lib/x86_64-linux-gnu/libgmodule-2.0.so.0.3800.1
7f99b399b000-7f99b399c000 rw-p 00003000 08:01 15729078                   /usr/lib/x86_64-linux-gnu/libgmodule-2.0.so.0.3800.1
7f99b399c000-7f99b3a9a000 r-xp 00000000 08:01 8130449                    /lib/x86_64-linux-gnu/libglib-2.0.so.0.3800.1
7f99b3a9a000-7f99b3c9a000 ---p 000fe000 08:01 8130449                    /lib/x86_64-linux-gnu/libglib-2.0.so.0.3800.1
7f99b3c9a000-7f99b3c9b000 r--p 000fe000 08:01 8130449                    /lib/x86_64-linux-gnu/libglib-2.0.so.0.3800.1
7f99b3c9b000-7f99b3c9c000 rw-p 000ff000 08:01 8130449                    /lib/x86_64-linux-gnu/libglib-2.0.so.0.3800.1
7f99b3c9c000-7f99b3c9d000 rw-p 00000000 00:00 0 
7f99b3c9d000-7f99b3df9000 r-xp 00000000 08:01 15729043                   /usr/lib/x86_64-linux-gnu/libgio-2.0.so.0.3800.1
7f99b3df9000-7f99b3ff8000 ---p 0015c000 08:01 15729043                   /usr/lib/x86_64-linux-gnu/libgio-2.0.so.0.3800.1
7f99b3ff8000-7f99b3ffc000 r--p 0015b000 08:01 15729043                   /usr/lib/x86_64-linux-gnu/libgio-2.0.so.0.3800.1
7f99b3ffc000-7f99b3ffe000 rw-p 0015f000 08:01 15729043                   /usr/lib/x86_64-linux-gnu/libgio-2.0.so.0.3800.1
7f99b3ffe000-7f99b4000000 rw-p 00000000 00:00 0 
7f99b4000000-7f99b4021000 rw-p 00000000 00:00 0 
7f99b4021000-7f99b8000000 ---p 00000000 00:00 0 
7f99b807b000-7f99b807e000 ---p 00000000 00:00 0 
7f99b807e000-7f99b80b4000 rw-p 00000000 00:00 0                          [stack:28337]
7f99b80b4000-7f99b8103000 r-xp 00000000 08:01 15729069                   /usr/lib/x86_64-linux-gnu/libgobject-2.0.so.0.3800.1
7f99b8103000-7f99b8303000 ---p 0004f000 08:01 15729069                   /usr/lib/x86_64-linux-gnu/libgobject-2.0.so.0.3800.1
7f99b8303000-7f99b8304000 r--p 0004f000 08:01 15729069                   /usr/lib/x86_64-linux-gnu/libgobject-2.0.so.0.3800.1
7f99b8304000-7f99b8305000 rw-p 00050000 08:01 15729069                   /usr/lib/x86_64-linux-gnu/libgobject-2.0.so.0.3800.1
7f99b8314000-7f99b8316000 rw-p 00000000 00:00 0 
7f99b8316000-7f99b8317000 r-xp 00000000 00:00 0 
7f99b8317000-7f99b831e000 r--s 00000000 08:01 16127910                   /usr/lib/x86_64-linux-gnu/gconv/gconv-modules.cache
7f99b831e000-7f99b8334000 r-xp 00000000 08:01 15861076                   /usr/lib/jvm/java-7-openjdk-amd64/jre/lib/amd64/libnet.so
7f99b8334000-7f99b8533000 ---p 00016000 08:01 15861076                   /usr/lib/jvm/java-7-openjdk-amd64/jre/lib/amd64/libnet.so
7f99b8533000-7f99b8534000 r--p 00015000 08:01 15861076                   /usr/lib/jvm/java-7-openjdk-amd64/jre/lib/amd64/libnet.so
7f99b8534000-7f99b8535000 rw-p 00016000 08:01 15861076                   /usr/lib/jvm/java-7-openjdk-amd64/jre/lib/amd64/libnet.so
7f99b8535000-7f99b8536000 ---p 00000000 00:00 0 
7f99b8536000-7f99b8636000 rw-p 00000000 00:00 0                          [stack:28333]
7f99b8636000-7f99b8639000 ---p 00000000 00:00 0 
7f99b8639000-7f99b8837000 rw-p 00000000 00:00 0                          [stack:28332]
7f99b8837000-7f99b883a000 ---p 00000000 00:00 0 
7f99b883a000-7f99b8938000 rw-p 00000000 00:00 0                          [stack:28331]
7f99b8938000-7f99b893b000 ---p 00000000 00:00 0 
7f99b893b000-7f99b8a39000 rw-p 00000000 00:00 0                          [stack:28330]
7f99b8a39000-7f99b8a3c000 ---p 00000000 00:00 0 
7f99b8a3c000-7f99b8c3a000 rw-p 00000000 00:00 0                          [stack:28329]
7f99b8c3a000-7f99b9034000 r--p 00000000 08:01 15734328                   /usr/lib/locale/locale-archive
7f99b9034000-7f99b9037000 ---p 00000000 00:00 0 
7f99b9037000-7f99b9235000 rw-p 00000000 00:00 0                          [stack:28328]
7f99b9235000-7f99b9238000 ---p 00000000 00:00 0 
7f99b9238000-7f99b9436000 rw-p 00000000 00:00 0                          [stack:28327]
7f99b9436000-7f99b9437000 ---p 00000000 00:00 0 
7f99b9437000-7f99ba4ca000 rw-p 00000000 00:00 0                          [stack:28326]
7f99ba4ca000-7f99ba5b3000 r--s 00bb9000 08:01 12059138                   /home/alex/.rbenv/versions/jruby-1.7.10/lib/jruby.jar
7f99ba5b3000-7f99ba5fb000 rw-p 00000000 00:00 0 
7f99ba5fb000-7f99ba7a9000 r--s 01cf4000 08:01 15861374                   /usr/lib/jvm/java-7-openjdk-amd64/jre/lib/rt.jar
7f99ba7a9000-7f99bbe3c000 rw-p 00000000 00:00 0 
7f99bbe3c000-7f99bbe3d000 ---p 00000000 00:00 0 
7f99bbe3d000-7f99bbf3d000 rw-p 00000000 00:00 0                          [stack:28325]
7f99bbf3d000-7f99bbf3e000 ---p 00000000 00:00 0 
7f99bbf3e000-7f99bc03e000 rw-p 00000000 00:00 0                          [stack:28324]
7f99bc03e000-7f99bc03f000 ---p 00000000 00:00 0 
7f99bc03f000-7f99bc13f000 rw-p 00000000 00:00 0                          [stack:28323]
7f99bc13f000-7f99bc140000 ---p 00000000 00:00 0 
7f99bc140000-7f99bc24d000 rw-p 00000000 00:00 0                          [stack:28322]
7f99bc24d000-7f99bc293000 rw-p 00000000 00:00 0 
7f99bc293000-7f99bc2a6000 rw-p 00000000 00:00 0 
7f99bc2a6000-7f99bc339000 rw-p 00000000 00:00 0 
7f99bc339000-7f99bc34b000 rw-p 00000000 00:00 0 
7f99bc34b000-7f99bc38d000 rw-p 00000000 00:00 0 
7f99bc38d000-7f99bc38e000 rw-p 00000000 00:00 0 
7f99bc38e000-7f99bc5fe000 rwxp 00000000 00:00 0 
7f99bc5fe000-7f99bf38e000 rw-p 00000000 00:00 0 
7f99bf38e000-7f99bf396000 r-xp 00000000 08:01 15861025                   /usr/lib/jvm/java-7-openjdk-amd64/jre/lib/amd64/libzip.so
7f99bf396000-7f99bf595000 ---p 00008000 08:01 15861025                   /usr/lib/jvm/java-7-openjdk-amd64/jre/lib/amd64/libzip.so
7f99bf595000-7f99bf596000 r--p 00007000 08:01 15861025                   /usr/lib/jvm/java-7-openjdk-amd64/jre/lib/amd64/libzip.so
7f99bf596000-7f99bf597000 rw-p 00008000 08:01 15861025                   /usr/lib/jvm/java-7-openjdk-amd64/jre/lib/amd64/libzip.so
7f99bf597000-7f99bf5a3000 r-xp 00000000 08:01 8130412                    /lib/x86_64-linux-gnu/libnss_files-2.17.so
7f99bf5a3000-7f99bf7a2000 ---p 0000c000 08:01 8130412                    /lib/x86_64-linux-gnu/libnss_files-2.17.so
7f99bf7a2000-7f99bf7a3000 r--p 0000b000 08:01 8130412                    /lib/x86_64-linux-gnu/libnss_files-2.17.so
7f99bf7a3000-7f99bf7a4000 rw-p 0000c000 08:01 8130412                    /lib/x86_64-linux-gnu/libnss_files-2.17.so
7f99bf7a4000-7f99bf7af000 r-xp 00000000 08:01 8130416                    /lib/x86_64-linux-gnu/libnss_nis-2.17.so
7f99bf7af000-7f99bf9ae000 ---p 0000b000 08:01 8130416                    /lib/x86_64-linux-gnu/libnss_nis-2.17.so
7f99bf9ae000-7f99bf9af000 r--p 0000a000 08:01 8130416                    /lib/x86_64-linux-gnu/libnss_nis-2.17.so
7f99bf9af000-7f99bf9b0000 rw-p 0000b000 08:01 8130416                    /lib/x86_64-linux-gnu/libnss_nis-2.17.so
7f99bf9b0000-7f99bf9c7000 r-xp 00000000 08:01 8130406                    /lib/x86_64-linux-gnu/libnsl-2.17.so
7f99bf9c7000-7f99bfbc6000 ---p 00017000 08:01 8130406                    /lib/x86_64-linux-gnu/libnsl-2.17.so
7f99bfbc6000-7f99bfbc7000 r--p 00016000 08:01 8130406                    /lib/x86_64-linux-gnu/libnsl-2.17.so
7f99bfbc7000-7f99bfbc8000 rw-p 00017000 08:01 8130406                    /lib/x86_64-linux-gnu/libnsl-2.17.so
7f99bfbc8000-7f99bfbca000 rw-p 00000000 00:00 0 
7f99bfbca000-7f99bfbd2000 r-xp 00000000 08:01 8130408                    /lib/x86_64-linux-gnu/libnss_compat-2.17.so
7f99bfbd2000-7f99bfdd1000 ---p 00008000 08:01 8130408                    /lib/x86_64-linux-gnu/libnss_compat-2.17.so
7f99bfdd1000-7f99bfdd2000 r--p 00007000 08:01 8130408                    /lib/x86_64-linux-gnu/libnss_compat-2.17.so
7f99bfdd2000-7f99bfdd3000 rw-p 00008000 08:01 8130408                    /lib/x86_64-linux-gnu/libnss_compat-2.17.so
7f99bfdd3000-7f99bfdfe000 r-xp 00000000 08:01 15860951                   /usr/lib/jvm/java-7-openjdk-amd64/jre/lib/amd64/libjava.so
7f99bfdfe000-7f99bfffd000 ---p 0002b000 08:01 15860951                   /usr/lib/jvm/java-7-openjdk-amd64/jre/lib/amd64/libjava.so
7f99bfffd000-7f99bfffe000 r--p 0002a000 08:01 15860951                   /usr/lib/jvm/java-7-openjdk-amd64/jre/lib/amd64/libjava.so
7f99bfffe000-7f99c0000000 rw-p 0002b000 08:01 15860951                   /usr/lib/jvm/java-7-openjdk-amd64/jre/lib/amd64/libjava.so
7f99c0000000-7f99c056c000 rw-p 00000000 00:00 0 
7f99c056c000-7f99c4000000 ---p 00000000 00:00 0 
7f99c4000000-7f99c4002000 r--s 00012000 08:01 15861308                   /usr/lib/jvm/java-7-openjdk-amd64/jre/lib/ext/zipfs.jar
7f99c4002000-7f99c4005000 r--s 00032000 08:01 15861310                   /usr/lib/jvm/java-7-openjdk-amd64/jre/lib/ext/sunjce_provider.jar
7f99c4005000-7f99c4009000 r--s 00085000 08:01 15861304                   /usr/lib/jvm/java-7-openjdk-amd64/jre/lib/ext/localedata.jar
7f99c4009000-7f99c400b000 r--s 00006000 08:01 16256853                   /usr/share/java/java-atk-wrapper.jar
7f99c400b000-7f99c400e000 r--s 0000f000 08:01 15861306                   /usr/lib/jvm/java-7-openjdk-amd64/jre/lib/ext/pulse-java.jar
7f99c400e000-7f99c4013000 r--s 0004c000 08:01 15861296                   /usr/lib/jvm/java-7-openjdk-amd64/jre/lib/jsse.jar
7f99c4013000-7f99c40bf000 rw-p 00000000 00:00 0 
7f99c40bf000-7f99c40cf000 r-xp 00000000 08:01 15861265                   /usr/lib/jvm/java-7-openjdk-amd64/jre/lib/amd64/libverify.so
7f99c40cf000-7f99c42ce000 ---p 00010000 08:01 15861265                   /usr/lib/jvm/java-7-openjdk-amd64/jre/lib/amd64/libverify.so
7f99c42ce000-7f99c42d0000 r--p 0000f000 08:01 15861265                   /usr/lib/jvm/java-7-openjdk-amd64/jre/lib/amd64/libverify.so
7f99c42d0000-7f99c42d1000 rw-p 00011000 08:01 15861265                   /usr/lib/jvm/java-7-openjdk-amd64/jre/lib/amd64/libverify.so
7f99c42d1000-7f99c42d8000 r-xp 00000000 08:01 8130459                    /lib/x86_64-linux-gnu/librt-2.17.so
7f99c42d8000-7f99c44d7000 ---p 00007000 08:01 8130459                    /lib/x86_64-linux-gnu/librt-2.17.so
7f99c44d7000-7f99c44d8000 r--p 00006000 08:01 8130459                    /lib/x86_64-linux-gnu/librt-2.17.so
7f99c44d8000-7f99c44d9000 rw-p 00007000 08:01 8130459                    /lib/x86_64-linux-gnu/librt-2.17.so
7f99c44d9000-7f99c44dc000 ---p 00000000 00:00 0 
7f99c44dc000-7f99c46da000 rw-p 00000000 00:00 0                          [stack:28321]
7f99c46da000-7f99c46ef000 r-xp 00000000 08:01 8126477                    /lib/x86_64-linux-gnu/libgcc_s.so.1
7f99c46ef000-7f99c48ee000 ---p 00015000 08:01 8126477                    /lib/x86_64-linux-gnu/libgcc_s.so.1
7f99c48ee000-7f99c48ef000 r--p 00014000 08:01 8126477                    /lib/x86_64-linux-gnu/libgcc_s.so.1
7f99c48ef000-7f99c48f0000 rw-p 00015000 08:01 8126477                    /lib/x86_64-linux-gnu/libgcc_s.so.1
7f99c48f0000-7f99c49f3000 r-xp 00000000 08:01 8130387                    /lib/x86_64-linux-gnu/libm-2.17.so
7f99c49f3000-7f99c4bf2000 ---p 00103000 08:01 8130387                    /lib/x86_64-linux-gnu/libm-2.17.so
7f99c4bf2000-7f99c4bf3000 r--p 00102000 08:01 8130387                    /lib/x86_64-linux-gnu/libm-2.17.so
7f99c4bf3000-7f99c4bf4000 rw-p 00103000 08:01 8130387                    /lib/x86_64-linux-gnu/libm-2.17.so
7f99c4bf4000-7f99c4cda000 r-xp 00000000 08:01 15729831                   /usr/lib/x86_64-linux-gnu/libstdc++.so.6.0.18
7f99c4cda000-7f99c4ed9000 ---p 000e6000 08:01 15729831                   /usr/lib/x86_64-linux-gnu/libstdc++.so.6.0.18
7f99c4ed9000-7f99c4ee1000 r--p 000e5000 08:01 15729831                   /usr/lib/x86_64-linux-gnu/libstdc++.so.6.0.18
7f99c4ee1000-7f99c4ee3000 rw-p 000ed000 08:01 15729831                   /usr/lib/x86_64-linux-gnu/libstdc++.so.6.0.18
7f99c4ee3000-7f99c4ef8000 rw-p 00000000 00:00 0 
7f99c4ef8000-7f99c59d7000 r-xp 00000000 08:01 15861284                   /usr/lib/jvm/java-7-openjdk-amd64/jre/lib/amd64/server/libjvm.so
7f99c59d7000-7f99c5bd6000 ---p 00adf000 08:01 15861284                   /usr/lib/jvm/java-7-openjdk-amd64/jre/lib/amd64/server/libjvm.so
7f99c5bd6000-7f99c5c68000 r--p 00ade000 08:01 15861284                   /usr/lib/jvm/java-7-openjdk-amd64/jre/lib/amd64/server/libjvm.so
7f99c5c68000-7f99c5c8b000 rw-p 00b70000 08:01 15861284                   /usr/lib/jvm/java-7-openjdk-amd64/jre/lib/amd64/server/libjvm.so
7f99c5c8b000-7f99c5cb8000 rw-p 00000000 00:00 0 
7f99c5cb8000-7f99c5cd0000 r-xp 00000000 08:01 8130494                    /lib/x86_64-linux-gnu/libz.so.1.2.8
7f99c5cd0000-7f99c5ecf000 ---p 00018000 08:01 8130494                    /lib/x86_64-linux-gnu/libz.so.1.2.8
7f99c5ecf000-7f99c5ed0000 r--p 00017000 08:01 8130494                    /lib/x86_64-linux-gnu/libz.so.1.2.8
7f99c5ed0000-7f99c5ed1000 rw-p 00018000 08:01 8130494                    /lib/x86_64-linux-gnu/libz.so.1.2.8
7f99c5ed1000-7f99c5ee8000 r-xp 00000000 08:01 8130451                    /lib/x86_64-linux-gnu/libpthread-2.17.so
7f99c5ee8000-7f99c60e8000 ---p 00017000 08:01 8130451                    /lib/x86_64-linux-gnu/libpthread-2.17.so
7f99c60e8000-7f99c60e9000 r--p 00017000 08:01 8130451                    /lib/x86_64-linux-gnu/libpthread-2.17.so
7f99c60e9000-7f99c60ea000 rw-p 00018000 08:01 8130451                    /lib/x86_64-linux-gnu/libpthread-2.17.so
7f99c60ea000-7f99c60ee000 rw-p 00000000 00:00 0 
7f99c60ee000-7f99c60f1000 r-xp 00000000 08:01 8130351                    /lib/x86_64-linux-gnu/libdl-2.17.so
7f99c60f1000-7f99c62f0000 ---p 00003000 08:01 8130351                    /lib/x86_64-linux-gnu/libdl-2.17.so
7f99c62f0000-7f99c62f1000 r--p 00002000 08:01 8130351                    /lib/x86_64-linux-gnu/libdl-2.17.so
7f99c62f1000-7f99c62f2000 rw-p 00003000 08:01 8130351                    /lib/x86_64-linux-gnu/libdl-2.17.so
7f99c62f2000-7f99c64af000 r-xp 00000000 08:01 8130336                    /lib/x86_64-linux-gnu/libc-2.17.so
7f99c64af000-7f99c66af000 ---p 001bd000 08:01 8130336                    /lib/x86_64-linux-gnu/libc-2.17.so
7f99c66af000-7f99c66b3000 r--p 001bd000 08:01 8130336                    /lib/x86_64-linux-gnu/libc-2.17.so
7f99c66b3000-7f99c66b5000 rw-p 001c1000 08:01 8130336                    /lib/x86_64-linux-gnu/libc-2.17.so
7f99c66b5000-7f99c66ba000 rw-p 00000000 00:00 0 
7f99c66ba000-7f99c66c7000 r-xp 00000000 08:01 15861291                   /usr/lib/jvm/java-7-openjdk-amd64/jre/lib/amd64/jli/libjli.so
7f99c66c7000-7f99c68c6000 ---p 0000d000 08:01 15861291                   /usr/lib/jvm/java-7-openjdk-amd64/jre/lib/amd64/jli/libjli.so
7f99c68c6000-7f99c68c7000 r--p 0000c000 08:01 15861291                   /usr/lib/jvm/java-7-openjdk-amd64/jre/lib/amd64/jli/libjli.so
7f99c68c7000-7f99c68c8000 rw-p 0000d000 08:01 15861291                   /usr/lib/jvm/java-7-openjdk-amd64/jre/lib/amd64/jli/libjli.so
7f99c68c8000-7f99c68eb000 r-xp 00000000 08:01 8130312                    /lib/x86_64-linux-gnu/ld-2.17.so
7f99c68eb000-7f99c68ef000 r--s 0003b000 08:01 15861316                   /usr/lib/jvm/java-7-openjdk-amd64/jre/lib/ext/sunpkcs11.jar
7f99c68ef000-7f99c691d000 rw-p 00000000 00:00 0 
7f99c691d000-7f99c6963000 rw-p 00000000 00:00 0 
7f99c6963000-7f99c6976000 rw-p 00000000 00:00 0 
7f99c6976000-7f99c6a0a000 rw-p 00000000 00:00 0 
7f99c6a0a000-7f99c6a14000 rw-p 00000000 00:00 0 
7f99c6a14000-7f99c6aca000 rw-p 00000000 00:00 0 
7f99c6aca000-7f99c6acf000 rw-p 00000000 00:00 0 
7f99c6acf000-7f99c6ad0000 r--s 00002000 08:01 15861314                   /usr/lib/jvm/java-7-openjdk-amd64/jre/lib/ext/dnsns.jar
7f99c6ad0000-7f99c6ade000 rw-p 00000000 00:00 0 
7f99c6ade000-7f99c6ae6000 rw-s 00000000 08:01 6029327                    /tmp/hsperfdata_alex/28296
7f99c6ae6000-7f99c6ae7000 rw-p 00000000 00:00 0 
7f99c6ae7000-7f99c6ae8000 r--p 00000000 00:00 0 
7f99c6ae8000-7f99c6aea000 rw-p 00000000 00:00 0 
7f99c6aea000-7f99c6aeb000 r--p 00022000 08:01 8130312                    /lib/x86_64-linux-gnu/ld-2.17.so
7f99c6aeb000-7f99c6aed000 rw-p 00023000 08:01 8130312                    /lib/x86_64-linux-gnu/ld-2.17.so
7fff832d8000-7fff832f9000 rw-p 00000000 00:00 0                          [stack]
7fff833fe000-7fff83400000 r-xp 00000000 00:00 0                          [vdso]
ffffffffff600000-ffffffffff601000 r-xp 00000000 00:00 0                  [vsyscall]

VM Arguments:
jvm_args: -Djdk.home= -Djruby.home=/home/alex/.rbenv/versions/jruby-1.7.10 -Djruby.script=jruby -Djruby.shell=/bin/sh -Djffi.boot.library.path=/home/alex/.rbenv/versions/jruby-1.7.10/lib/jni:/home/alex/.rbenv/versions/jruby-1.7.10/lib/jni/i386-Linux:/home/alex/.rbenv/versions/jruby-1.7.10/lib/jni/arm-Linux:/home/alex/.rbenv/versions/jruby-1.7.10/lib/jni/x86_64-Linux -Xmx500m -Xss2048k -Xbootclasspath/a:/home/alex/.rbenv/versions/jruby-1.7.10/lib/jruby.jar 
java_command: org/jruby/Main Makefile.rb clean compile test clean
Launcher Type: SUN_STANDARD

Environment Variables:
PATH=/home/alex/.rbenv/versions/jruby-1.7.10/bin:/home/alex/.rbenv/libexec:/home/alex/.rbenv/plugins/ruby-build/bin:/home/alex/.rbenv/shims:~/.rbenv/bin:~/.rbenv/bin:/usr/local/sbin:/usr/local/bin:/usr/sbin:/usr/bin:/sbin:/bin:/usr/games:/usr/local/games
USERNAME=alex
SHELL=/bin/bash
DISPLAY=:0

Signal Handlers:
SIGSEGV: [libjvm.so+0x916ea0], sa_mask[0]=0x7ffbfeff, sa_flags=0x10000004
SIGBUS: [libjvm.so+0x916ea0], sa_mask[0]=0x7ffbfeff, sa_flags=0x10000004
SIGFPE: [libjvm.so+0x794800], sa_mask[0]=0x7ffbfeff, sa_flags=0x10000004
SIGPIPE: [libjvm.so+0x794800], sa_mask[0]=0x7ffbfeff, sa_flags=0x10000004
SIGXFSZ: [libjvm.so+0x794800], sa_mask[0]=0x7ffbfeff, sa_flags=0x10000004
SIGILL: [libjvm.so+0x794800], sa_mask[0]=0x7ffbfeff, sa_flags=0x10000004
SIGUSR1: SIG_DFL, sa_mask[0]=0x00000000, sa_flags=0x00000000
SIGUSR2: [libjvm.so+0x7946a0], sa_mask[0]=0x00000000, sa_flags=0x10000004
SIGHUP: [libjvm.so+0x794880], sa_mask[0]=0x7ffbfeff, sa_flags=0x10000004
SIGINT: [libjvm.so+0x794880], sa_mask[0]=0x7ffbfeff, sa_flags=0x10000004
SIGTERM: [libjvm.so+0x794880], sa_mask[0]=0x7ffbfeff, sa_flags=0x10000004
SIGQUIT: [libjvm.so+0x794880], sa_mask[0]=0x7ffbfeff, sa_flags=0x10000004


---------------  S Y S T E M  ---------------

OS:LinuxMint 16 (petra)
uname:Linux 3.11.0-12-generic #19-Ubuntu SMP Wed Oct 9 16:20:46 UTC 2013 x86_64
libc:glibc 2.17 NPTL 2.17 
rlimit: STACK 8192k, CORE 0k, NPROC 28798, NOFILE 4096, AS infinity
load average:0,63 0,27 0,26

/proc/meminfo:
MemTotal:        3715476 kB
MemFree:         1443280 kB
Buffers:          196324 kB
Cached:          1092708 kB
SwapCached:            0 kB
Active:          1305292 kB
Inactive:         765156 kB
Active(anon):     783092 kB
Inactive(anon):   184056 kB
Active(file):     522200 kB
Inactive(file):   581100 kB
Unevictable:          52 kB
Mlocked:              52 kB
SwapTotal:       3856380 kB
SwapFree:        3856380 kB
Dirty:               448 kB
Writeback:             0 kB
AnonPages:        781624 kB
Mapped:           186948 kB
Shmem:            185736 kB
Slab:             128740 kB
SReclaimable:     102024 kB
SUnreclaim:        26716 kB
KernelStack:        3440 kB
PageTables:        24768 kB
NFS_Unstable:          0 kB
Bounce:                0 kB
WritebackTmp:          0 kB
CommitLimit:     5714116 kB
Committed_AS:    3151456 kB
VmallocTotal:   34359738367 kB
VmallocUsed:      414316 kB
VmallocChunk:   34359319548 kB
HardwareCorrupted:     0 kB
AnonHugePages:         0 kB
HugePages_Total:       0
HugePages_Free:        0
HugePages_Rsvd:        0
HugePages_Surp:        0
Hugepagesize:       2048 kB
DirectMap4k:       58576 kB
DirectMap2M:     3799040 kB


CPU:total 4 (2 cores per cpu, 2 threads per core) family 6 model 37 stepping 5, cmov, cx8, fxsr, mmx, sse, sse2, sse3, ssse3, sse4.1, sse4.2, popcnt, ht, tsc, tscinvbit

/proc/cpuinfo:
processor	: 0
vendor_id	: GenuineIntel
cpu family	: 6
model		: 37
model name	: Intel(R) Core(TM) i3 CPU       M 380  @ 2.53GHz
stepping	: 5
microcode	: 0x2
cpu MHz		: 2533.000
cache size	: 3072 KB
physical id	: 0
siblings	: 4
core id		: 0
cpu cores	: 2
apicid		: 0
initial apicid	: 0
fpu		: yes
fpu_exception	: yes
cpuid level	: 11
wp		: yes
flags		: fpu vme de pse tsc msr pae mce cx8 apic sep mtrr pge mca cmov pat pse36 clflush dts acpi mmx fxsr sse sse2 ss ht tm pbe syscall nx rdtscp lm constant_tsc arch_perfmon pebs bts rep_good nopl xtopology nonstop_tsc aperfmperf pni dtes64 monitor ds_cpl vmx est tm2 ssse3 cx16 xtpr pdcm pcid sse4_1 sse4_2 popcnt lahf_lm arat dtherm tpr_shadow vnmi flexpriority ept vpid
bogomips	: 5053.98
clflush size	: 64
cache_alignment	: 64
address sizes	: 36 bits physical, 48 bits virtual
power management:

processor	: 1
vendor_id	: GenuineIntel
cpu family	: 6
model		: 37
model name	: Intel(R) Core(TM) i3 CPU       M 380  @ 2.53GHz
stepping	: 5
microcode	: 0x2
cpu MHz		: 2533.000
cache size	: 3072 KB
physical id	: 0
siblings	: 4
core id		: 0
cpu cores	: 2
apicid		: 1
initial apicid	: 1
fpu		: yes
fpu_exception	: yes
cpuid level	: 11
wp		: yes
flags		: fpu vme de pse tsc msr pae mce cx8 apic sep mtrr pge mca cmov pat pse36 clflush dts acpi mmx fxsr sse sse2 ss ht tm pbe syscall nx rdtscp lm constant_tsc arch_perfmon pebs bts rep_good nopl xtopology nonstop_tsc aperfmperf pni dtes64 monitor ds_cpl vmx est tm2 ssse3 cx16 xtpr pdcm pcid sse4_1 sse4_2 popcnt lahf_lm arat dtherm tpr_shadow vnmi flexpriority ept vpid
bogomips	: 5053.98
clflush size	: 64
cache_alignment	: 64
address sizes	: 36 bits physical, 48 bits virtual
power management:

processor	: 2
vendor_id	: GenuineIntel
cpu family	: 6
model		: 37
model name	: Intel(R) Core(TM) i3 CPU       M 380  @ 2.53GHz
stepping	: 5
microcode	: 0x2
cpu MHz		: 2533.000
cache size	: 3072 KB
physical id	: 0
siblings	: 4
core id		: 2
cpu cores	: 2
apicid		: 4
initial apicid	: 4
fpu		: yes
fpu_exception	: yes
cpuid level	: 11
wp		: yes
flags		: fpu vme de pse tsc msr pae mce cx8 apic sep mtrr pge mca cmov pat pse36 clflush dts acpi mmx fxsr sse sse2 ss ht tm pbe syscall nx rdtscp lm constant_tsc arch_perfmon pebs bts rep_good nopl xtopology nonstop_tsc aperfmperf pni dtes64 monitor ds_cpl vmx est tm2 ssse3 cx16 xtpr pdcm pcid sse4_1 sse4_2 popcnt lahf_lm arat dtherm tpr_shadow vnmi flexpriority ept vpid
bogomips	: 5053.98
clflush size	: 64
cache_alignment	: 64
address sizes	: 36 bits physical, 48 bits virtual
power management:

processor	: 3
vendor_id	: GenuineIntel
cpu family	: 6
model		: 37
model name	: Intel(R) Core(TM) i3 CPU       M 380  @ 2.53GHz
stepping	: 5
microcode	: 0x2
cpu MHz		: 2533.000
cache size	: 3072 KB
physical id	: 0
siblings	: 4
core id		: 2
cpu cores	: 2
apicid		: 5
initial apicid	: 5
fpu		: yes
fpu_exception	: yes
cpuid level	: 11
wp		: yes
flags		: fpu vme de pse tsc msr pae mce cx8 apic sep mtrr pge mca cmov pat pse36 clflush dts acpi mmx fxsr sse sse2 ss ht tm pbe syscall nx rdtscp lm constant_tsc arch_perfmon pebs bts rep_good nopl xtopology nonstop_tsc aperfmperf pni dtes64 monitor ds_cpl vmx est tm2 ssse3 cx16 xtpr pdcm pcid sse4_1 sse4_2 popcnt lahf_lm arat dtherm tpr_shadow vnmi flexpriority ept vpid
bogomips	: 5053.98
clflush size	: 64
cache_alignment	: 64
address sizes	: 36 bits physical, 48 bits virtual
power management:



Memory: 4k page, physical 3715476k(1443280k free), swap 3856380k(3856380k free)

vm_info: OpenJDK 64-Bit Server VM (24.45-b08) for linux-amd64 JRE (1.7.0_51-b00), built on Jan 15 2014 22:02:57 by "buildd" with gcc 4.8.1

time: Fri May 30 21:09:49 2014
elapsed time: 3 seconds

