#
# A fatal error has been detected by the Java Runtime Environment:
#
#  SIGSEGV (0xb) at pc=0x00007fe8433f1c2b, pid=18311, tid=140635921028864
#
# JRE version: OpenJDK Runtime Environment (7.0_51) (build 1.7.0_51-b00)
# Java VM: OpenJDK 64-Bit Server VM (24.45-b08 mixed mode linux-amd64 compressed oops)
# Problematic frame:
# C  [librange_tree.so+0x1c2b]  aux_range_query+0x2ea
#
# Failed to write core dump. Core dumps have been disabled. To enable core dumping, try "ulimit -c unlimited" before starting Java again
#
# If you would like to submit a bug report, please include
# instructions on how to reproduce the bug and visit:
#   http://icedtea.classpath.org/bugzilla
# The crash happened outside the Java Virtual Machine in native code.
# See problematic frame for where to report the bug.
#

---------------  T H R E A D  ---------------

Current thread (0x00007fe85400a800):  JavaThread "main" [_thread_in_native, id=18336, stack(0x00007fe859fd9000,0x00007fe85a1da000)]

siginfo:si_signo=SIGSEGV: si_errno=0, si_code=1 (SEGV_MAPERR), si_addr=0x0000000000000018

Registers:
RAX=0x0000000000000000, RBX=0x0000000000000001, RCX=0x0000000000000024, RDX=0x0000000000000000
RSP=0x00007fe85a1d6300, RBP=0x00007fe85a1d6370, RSI=0x0000000000000000, RDI=0x00007fe85a1d5dd0
R8 =0x00007fe85c1b26a0, R9 =0x00007fe85be40134, R10=0x0000000000000000, R11=0x0000000000000000
R12=0x0000000000000008, R13=0x0000000000000005, R14=0x00007fe85a1d6540, R15=0x00007fe85a1d63d0
RIP=0x00007fe8433f1c2b, EFLAGS=0x0000000000010202, CSGSFS=0x0000000000000033, ERR=0x0000000000000004
  TRAPNO=0x000000000000000e

Top of Stack: (sp=0x00007fe85a1d6300)
0x00007fe85a1d6300:   0000000000000004 40c0f28000000000
0x00007fe85a1d6310:   00007fe85459f710 40c1808000000000
0x00007fe85a1d6320:   408df00000000000 40c1d70000000000
0x00007fe85a1d6330:   40c0508000000000 00007fe854590e40
0x00007fe85a1d6340:   00000000d6b95a8f 00007fe85459ee70
0x00007fe85a1d6350:   00007fe85459e530 00007fe8437f8b27
0x00007fe85a1d6360:   40c1d70000000000 0000000000000001
0x00007fe85a1d6370:   00007fe85a1d63c0 00007fe8433f1dd6
0x00007fe85a1d6380:   40c0508000000000 40c1808000000000
0x00007fe85a1d6390:   408df00000000000 40c1d70000000000
0x00007fe85a1d63a0:   40c0508000000000 00007fe854590e40
0x00007fe85a1d63b0:   00000000d7edb3e7 00007fe85459f710
0x00007fe85a1d63c0:   00007fe85a1d63d0 00007fe8485c7a78
0x00007fe85a1d63d0:   000000000000080e 00007fe85a1d6610
0x00007fe85a1d63e0:   00007fe85a1d64c0 00007fe8485c7901
0x00007fe85a1d63f0:   0000000000000000 00007fe85a1d6410
0x00007fe85a1d6400:   00007fe85a1d6320 00007fe85a1d6470
0x00007fe85a1d6410:   00007fe85a1d6480 00007fe85a1d6470
0x00007fe85a1d6420:   00007fe85a1d6484 00007fe85a1d64e0
0x00007fe85a1d6430:   00007fe85a1d6610 00007fe8433f1d22
0x00007fe85a1d6440:   00007fe854539d60 00007fe85452d810
0x00007fe85a1d6450:   0000000400000001 0000000500000005
0x00007fe85a1d6460:   00007fe85a1d6320 0000000151006233
0x00007fe85a1d6470:   0000000000000005 0000000000000000
0x00007fe85a1d6480:   0000000000000001 140c2f91fecf2000
0x00007fe85a1d6490:   00007fe85400a800 00007fe85a1d6520
0x00007fe85a1d64a0:   0000000000000000 0000000000000000
0x00007fe85a1d64b0:   00007fe85a1d66d8 00007fe85400a800
0x00007fe85a1d64c0:   00007fe85a1d65f0 00007fe8485c4ddc
0x00007fe85a1d64d0:   00000000f7089dd0 00007fe85a1d6520
0x00007fe85a1d64e0:   00007fe85a1d6520 00007fe85a1d6528
0x00007fe85a1d64f0:   00007fe85a1d6530 00007fe85a1d6538 

Instructions: (pc=0x00007fe8433f1c2b)
0x00007fe8433f1c0b:   45 98 f2 0f 10 45 98 48 8d 3d a1 03 00 00 b8 02
0x00007fe8433f1c1b:   00 00 00 e8 2d f3 ff ff 48 8b 45 d8 48 8b 40 10
0x00007fe8433f1c2b:   48 8b 48 18 48 8b 75 a0 48 8b 55 a8 48 8b 45 b0
0x00007fe8433f1c3b:   48 89 55 98 f2 0f 10 4d 98 48 89 45 98 f2 0f 10 

Register to memory mapping:

RAX=0x0000000000000000 is an unknown value
RBX=0x0000000000000001 is an unknown value
RCX=0x0000000000000024 is an unknown value
RDX=0x0000000000000000 is an unknown value
RSP=0x00007fe85a1d6300 is pointing into the stack for thread: 0x00007fe85400a800
RBP=0x00007fe85a1d6370 is pointing into the stack for thread: 0x00007fe85400a800
RSI=0x0000000000000000 is an unknown value
RDI=0x00007fe85a1d5dd0 is pointing into the stack for thread: 0x00007fe85400a800
R8 =0x00007fe85c1b26a0: _IO_file_jumps+0 in /lib/x86_64-linux-gnu/libc.so.6 at 0x00007fe85bdf2000
R9 =0x00007fe85be40134: _IO_vfprintf+0x49b4 in /lib/x86_64-linux-gnu/libc.so.6 at 0x00007fe85bdf2000
R10=0x0000000000000000 is an unknown value
R11=0x0000000000000000 is an unknown value
R12=0x0000000000000008 is an unknown value
R13=0x0000000000000005 is an unknown value
R14=0x00007fe85a1d6540 is pointing into the stack for thread: 0x00007fe85400a800
R15=0x00007fe85a1d63d0 is pointing into the stack for thread: 0x00007fe85400a800


Stack: [0x00007fe859fd9000,0x00007fe85a1da000],  sp=0x00007fe85a1d6300,  free space=2036k
Native frames: (J=compiled Java code, j=interpreted, Vv=VM code, C=native code)
C  [librange_tree.so+0x1c2b]  aux_range_query+0x2ea
C  [librange_tree.so+0x1dd6]  two_d_range_query+0xb4
C  [libjffi-1.2.so+0xda78]  ffi_call_unix64+0x4c

Java frames: (J=compiled Java code, j=interpreted, Vv=VM code)
j  com.kenai.jffi.Foreign.invokeArrayReturnLong(JJ[B)J+0
j  com.kenai.jffi.Invoker.invokeLong(Lcom/kenai/jffi/CallContext;JLcom/kenai/jffi/HeapInvocationBuffer;)J+38
j  com.kenai.jffi.Invoker$LP64.invokeAddress(Lcom/kenai/jffi/CallContext;JLcom/kenai/jffi/HeapInvocationBuffer;)J+5
j  com.kenai.jffi.Invoker.invokeAddress(Lcom/kenai/jffi/Function;Lcom/kenai/jffi/HeapInvocationBuffer;)J+10
j  org.jruby.ext.ffi.jffi.DefaultMethodFactory$Pointer64Invoker.invoke(Lorg/jruby/runtime/ThreadContext;Lcom/kenai/jffi/Function;Lcom/kenai/jffi/HeapInvocationBuffer;)Lorg/jruby/runtime/builtin/IRubyObject;+6
j  org.jruby.ext.ffi.jffi.DefaultMethodFactory$ConvertingInvoker.invoke(Lorg/jruby/runtime/ThreadContext;Lcom/kenai/jffi/Function;Lcom/kenai/jffi/HeapInvocationBuffer;)Lorg/jruby/runtime/builtin/IRubyObject;+12
j  org.jruby.ext.ffi.jffi.BufferNativeInvoker.call(Lorg/jruby/runtime/ThreadContext;Lorg/jruby/runtime/builtin/IRubyObject;Lorg/jruby/RubyModule;Ljava/lang/String;[Lorg/jruby/runtime/builtin/IRubyObject;)Lorg/jruby/runtime/builtin/IRubyObject;+160
j  org.jruby.ext.ffi.jffi.DefaultMethod.call(Lorg/jruby/runtime/ThreadContext;Lorg/jruby/runtime/builtin/IRubyObject;Lorg/jruby/RubyModule;Ljava/lang/String;[Lorg/jruby/runtime/builtin/IRubyObject;)Lorg/jruby/runtime/builtin/IRubyObject;+11
j  org.jruby.runtime.callsite.CachingCallSite.call(Lorg/jruby/runtime/ThreadContext;Lorg/jruby/runtime/builtin/IRubyObject;Lorg/jruby/runtime/builtin/IRubyObject;[Lorg/jruby/runtime/builtin/IRubyObject;)Lorg/jruby/runtime/builtin/IRubyObject;+38
j  org.jruby.ast.CallManyArgsNode.interpret(Lorg/jruby/Ruby;Lorg/jruby/runtime/ThreadContext;Lorg/jruby/runtime/builtin/IRubyObject;Lorg/jruby/runtime/Block;)Lorg/jruby/runtime/builtin/IRubyObject;+41
j  org.jruby.ast.DAsgnNode.interpret(Lorg/jruby/Ruby;Lorg/jruby/runtime/ThreadContext;Lorg/jruby/runtime/builtin/IRubyObject;Lorg/jruby/runtime/Block;)Lorg/jruby/runtime/builtin/IRubyObject;+17
J  org.jruby.runtime.Interpreted19Block.yield(Lorg/jruby/runtime/ThreadContext;Lorg/jruby/runtime/builtin/IRubyObject;Lorg/jruby/runtime/Binding;Lorg/jruby/runtime/Block$Type;)Lorg/jruby/runtime/builtin/IRubyObject;
j  org.jruby.runtime.Interpreted19Block.yieldSpecific(Lorg/jruby/runtime/ThreadContext;Lorg/jruby/runtime/Binding;Lorg/jruby/runtime/Block$Type;)Lorg/jruby/runtime/builtin/IRubyObject;+5
j  org.jruby.runtime.Block.yieldSpecific(Lorg/jruby/runtime/ThreadContext;)Lorg/jruby/runtime/builtin/IRubyObject;+13
j  org.jruby.RubyFixnum.times(Lorg/jruby/runtime/ThreadContext;Lorg/jruby/runtime/Block;)Lorg/jruby/runtime/builtin/IRubyObject;+102
j  org.jruby.RubyFixnum$INVOKER$i$0$0$times.call(Lorg/jruby/runtime/ThreadContext;Lorg/jruby/runtime/builtin/IRubyObject;Lorg/jruby/RubyModule;Ljava/lang/String;Lorg/jruby/runtime/Block;)Lorg/jruby/runtime/builtin/IRubyObject;+7
j  org.jruby.internal.runtime.methods.JavaMethod$JavaMethodZeroBlock.call(Lorg/jruby/runtime/ThreadContext;Lorg/jruby/runtime/builtin/IRubyObject;Lorg/jruby/RubyModule;Ljava/lang/String;[Lorg/jruby/runtime/builtin/IRubyObject;Lorg/jruby/runtime/Block;)Lorg/jruby/runtime/builtin/IRubyObject;+27
j  org.jruby.RubyClass.finvoke(Lorg/jruby/runtime/ThreadContext;Lorg/jruby/runtime/builtin/IRubyObject;Ljava/lang/String;[Lorg/jruby/runtime/builtin/IRubyObject;Lorg/jruby/runtime/Block;)Lorg/jruby/runtime/builtin/IRubyObject;+64
j  org.jruby.runtime.Helpers.invoke(Lorg/jruby/runtime/ThreadContext;Lorg/jruby/runtime/builtin/IRubyObject;Ljava/lang/String;[Lorg/jruby/runtime/builtin/IRubyObject;Lorg/jruby/runtime/Block;)Lorg/jruby/runtime/builtin/IRubyObject;+12
j  org.jruby.RubyBasicObject.callMethod(Lorg/jruby/runtime/ThreadContext;Ljava/lang/String;[Lorg/jruby/runtime/builtin/IRubyObject;Lorg/jruby/runtime/Block;)Lorg/jruby/runtime/builtin/IRubyObject;+6
j  org.jruby.RubyEnumerator.each(Lorg/jruby/runtime/ThreadContext;Lorg/jruby/runtime/Block;)Lorg/jruby/runtime/builtin/IRubyObject;+14
j  org.jruby.RubyEnumerator$INVOKER$i$each.call(Lorg/jruby/runtime/ThreadContext;Lorg/jruby/runtime/builtin/IRubyObject;Lorg/jruby/RubyModule;Ljava/lang/String;Lorg/jruby/runtime/Block;)Lorg/jruby/runtime/builtin/IRubyObject;+7
j  org.jruby.runtime.callsite.CachingCallSite.cacheAndCall(Lorg/jruby/runtime/builtin/IRubyObject;Lorg/jruby/RubyClass;Lorg/jruby/runtime/Block;Lorg/jruby/runtime/ThreadContext;Lorg/jruby/runtime/builtin/IRubyObject;)Lorg/jruby/runtime/builtin/IRubyObject;+57
j  org.jruby.runtime.callsite.CachingCallSite.callBlock(Lorg/jruby/runtime/ThreadContext;Lorg/jruby/runtime/builtin/IRubyObject;Lorg/jruby/runtime/builtin/IRubyObject;Lorg/jruby/runtime/Block;)Lorg/jruby/runtime/builtin/IRubyObject;+50
j  org.jruby.runtime.callsite.CachingCallSite.callIter(Lorg/jruby/runtime/ThreadContext;Lorg/jruby/runtime/builtin/IRubyObject;Lorg/jruby/runtime/builtin/IRubyObject;Lorg/jruby/runtime/Block;)Lorg/jruby/runtime/builtin/IRubyObject;+6
j  org.jruby.ast.CallNoArgBlockNode.interpret(Lorg/jruby/Ruby;Lorg/jruby/runtime/ThreadContext;Lorg/jruby/runtime/builtin/IRubyObject;Lorg/jruby/runtime/Block;)Lorg/jruby/runtime/builtin/IRubyObject;+35
J  org.jruby.ast.BlockNode.interpret(Lorg/jruby/Ruby;Lorg/jruby/runtime/ThreadContext;Lorg/jruby/runtime/builtin/IRubyObject;Lorg/jruby/runtime/Block;)Lorg/jruby/runtime/builtin/IRubyObject;
j  org.jruby.evaluator.ASTInterpreter.INTERPRET_METHOD(Lorg/jruby/Ruby;Lorg/jruby/runtime/ThreadContext;Ljava/lang/String;ILorg/jruby/RubyModule;Lorg/jruby/ast/Node;Ljava/lang/String;Lorg/jruby/runtime/builtin/IRubyObject;Lorg/jruby/runtime/Block;Z)Lorg/jruby/runtime/builtin/IRubyObject;+30
j  org.jruby.internal.runtime.methods.InterpretedMethod.call(Lorg/jruby/runtime/ThreadContext;Lorg/jruby/runtime/builtin/IRubyObject;Lorg/jruby/RubyModule;Ljava/lang/String;)Lorg/jruby/runtime/builtin/IRubyObject;+80
j  org.jruby.internal.runtime.methods.DefaultMethod.call(Lorg/jruby/runtime/ThreadContext;Lorg/jruby/runtime/builtin/IRubyObject;Lorg/jruby/RubyModule;Ljava/lang/String;)Lorg/jruby/runtime/builtin/IRubyObject;+20
J  org.jruby.ast.CallNoArgNode.interpret(Lorg/jruby/Ruby;Lorg/jruby/runtime/ThreadContext;Lorg/jruby/runtime/builtin/IRubyObject;Lorg/jruby/runtime/Block;)Lorg/jruby/runtime/builtin/IRubyObject;
j  org.jruby.ast.FCallTwoArgNode.interpret(Lorg/jruby/Ruby;Lorg/jruby/runtime/ThreadContext;Lorg/jruby/runtime/builtin/IRubyObject;Lorg/jruby/runtime/Block;)Lorg/jruby/runtime/builtin/IRubyObject;+28
J  org.jruby.ast.NewlineNode.interpret(Lorg/jruby/Ruby;Lorg/jruby/runtime/ThreadContext;Lorg/jruby/runtime/builtin/IRubyObject;Lorg/jruby/runtime/Block;)Lorg/jruby/runtime/builtin/IRubyObject;
j  org.jruby.ast.BlockNode.interpret(Lorg/jruby/Ruby;Lorg/jruby/runtime/ThreadContext;Lorg/jruby/runtime/builtin/IRubyObject;Lorg/jruby/runtime/Block;)Lorg/jruby/runtime/builtin/IRubyObject;+33
j  org.jruby.evaluator.ASTInterpreter.INTERPRET_METHOD(Lorg/jruby/Ruby;Lorg/jruby/runtime/ThreadContext;Ljava/lang/String;ILorg/jruby/RubyModule;Lorg/jruby/ast/Node;Ljava/lang/String;Lorg/jruby/runtime/builtin/IRubyObject;Lorg/jruby/runtime/Block;Z)Lorg/jruby/runtime/builtin/IRubyObject;+30
j  org.jruby.internal.runtime.methods.InterpretedMethod.call(Lorg/jruby/runtime/ThreadContext;Lorg/jruby/runtime/builtin/IRubyObject;Lorg/jruby/RubyModule;Ljava/lang/String;)Lorg/jruby/runtime/builtin/IRubyObject;+80
j  org.jruby.internal.runtime.methods.DefaultMethod.call(Lorg/jruby/runtime/ThreadContext;Lorg/jruby/runtime/builtin/IRubyObject;Lorg/jruby/RubyModule;Ljava/lang/String;)Lorg/jruby/runtime/builtin/IRubyObject;+20
j  org.jruby.runtime.callsite.CachingCallSite.cacheAndCall(Lorg/jruby/runtime/builtin/IRubyObject;Lorg/jruby/RubyClass;Lorg/jruby/runtime/ThreadContext;Lorg/jruby/runtime/builtin/IRubyObject;)Lorg/jruby/runtime/builtin/IRubyObject;+53
j  org.jruby.runtime.callsite.CachingCallSite.call(Lorg/jruby/runtime/ThreadContext;Lorg/jruby/runtime/builtin/IRubyObject;Lorg/jruby/runtime/builtin/IRubyObject;)Lorg/jruby/runtime/builtin/IRubyObject;+46
j  Makefile.method__2$RUBY$test(LMakefile;Lorg/jruby/runtime/ThreadContext;Lorg/jruby/runtime/builtin/IRubyObject;Lorg/jruby/runtime/Block;)Lorg/jruby/runtime/builtin/IRubyObject;+130
j  Makefile$method__2$RUBY$test.call(Lorg/jruby/runtime/ThreadContext;Lorg/jruby/runtime/builtin/IRubyObject;Lorg/jruby/RubyModule;Ljava/lang/String;Lorg/jruby/runtime/Block;)Lorg/jruby/runtime/builtin/IRubyObject;+17
j  org.jruby.RubyClass.finvoke(Lorg/jruby/runtime/ThreadContext;Lorg/jruby/runtime/builtin/IRubyObject;Ljava/lang/String;Lorg/jruby/runtime/Block;)Lorg/jruby/runtime/builtin/IRubyObject;+41
j  org.jruby.RubyBasicObject.send19(Lorg/jruby/runtime/ThreadContext;Lorg/jruby/runtime/builtin/IRubyObject;Lorg/jruby/runtime/Block;)Lorg/jruby/runtime/builtin/IRubyObject;+15
j  org.jruby.RubyKernel.send19(Lorg/jruby/runtime/ThreadContext;Lorg/jruby/runtime/builtin/IRubyObject;Lorg/jruby/runtime/builtin/IRubyObject;Lorg/jruby/runtime/Block;)Lorg/jruby/runtime/builtin/IRubyObject;+7
j  org.jruby.RubyKernel$INVOKER$s$send19.call(Lorg/jruby/runtime/ThreadContext;Lorg/jruby/runtime/builtin/IRubyObject;Lorg/jruby/RubyModule;Ljava/lang/String;Lorg/jruby/runtime/builtin/IRubyObject;Lorg/jruby/runtime/Block;)Lorg/jruby/runtime/builtin/IRubyObject;+6
j  org.jruby.internal.runtime.methods.JavaMethod$JavaMethodOneOrNBlock.call(Lorg/jruby/runtime/ThreadContext;Lorg/jruby/runtime/builtin/IRubyObject;Lorg/jruby/RubyModule;Ljava/lang/String;Lorg/jruby/runtime/builtin/IRubyObject;)Lorg/jruby/runtime/builtin/IRubyObject;+11
j  org.jruby.runtime.callsite.CachingCallSite.call(Lorg/jruby/runtime/ThreadContext;Lorg/jruby/runtime/builtin/IRubyObject;Lorg/jruby/runtime/builtin/IRubyObject;Lorg/jruby/runtime/builtin/IRubyObject;)Lorg/jruby/runtime/builtin/IRubyObject;+38
j  Makefile.block_7$RUBY$__file__(LMakefile;Lorg/jruby/runtime/ThreadContext;Lorg/jruby/runtime/builtin/IRubyObject;[Lorg/jruby/runtime/builtin/IRubyObject;Lorg/jruby/runtime/Block;)Lorg/jruby/runtime/builtin/IRubyObject;+46
j  Makefile$block_7$RUBY$__file__.call(Lorg/jruby/runtime/ThreadContext;Lorg/jruby/runtime/builtin/IRubyObject;[Lorg/jruby/runtime/builtin/IRubyObject;Lorg/jruby/runtime/Block;)Lorg/jruby/runtime/builtin/IRubyObject;+9
j  org.jruby.runtime.CompiledBlock19.yield(Lorg/jruby/runtime/ThreadContext;Lorg/jruby/runtime/builtin/IRubyObject;Lorg/jruby/runtime/Binding;Lorg/jruby/runtime/Block$Type;)Lorg/jruby/runtime/builtin/IRubyObject;+52
j  org.jruby.runtime.Block.yield(Lorg/jruby/runtime/ThreadContext;Lorg/jruby/runtime/builtin/IRubyObject;)Lorg/jruby/runtime/builtin/IRubyObject;+14
j  org.jruby.RubyArray.eachCommon(Lorg/jruby/runtime/ThreadContext;Lorg/jruby/runtime/Block;)Lorg/jruby/runtime/builtin/IRubyObject;+41
j  org.jruby.RubyArray.each(Lorg/jruby/runtime/ThreadContext;Lorg/jruby/runtime/Block;)Lorg/jruby/runtime/builtin/IRubyObject;+10
j  org.jruby.RubyArray$INVOKER$i$0$0$each.call(Lorg/jruby/runtime/ThreadContext;Lorg/jruby/runtime/builtin/IRubyObject;Lorg/jruby/RubyModule;Ljava/lang/String;Lorg/jruby/runtime/Block;)Lorg/jruby/runtime/builtin/IRubyObject;+7
j  org.jruby.runtime.callsite.CachingCallSite.cacheAndCall(Lorg/jruby/runtime/builtin/IRubyObject;Lorg/jruby/RubyClass;Lorg/jruby/runtime/Block;Lorg/jruby/runtime/ThreadContext;Lorg/jruby/runtime/builtin/IRubyObject;)Lorg/jruby/runtime/builtin/IRubyObject;+57
j  org.jruby.runtime.callsite.CachingCallSite.callBlock(Lorg/jruby/runtime/ThreadContext;Lorg/jruby/runtime/builtin/IRubyObject;Lorg/jruby/runtime/builtin/IRubyObject;Lorg/jruby/runtime/Block;)Lorg/jruby/runtime/builtin/IRubyObject;+50
j  org.jruby.runtime.callsite.CachingCallSite.callIter(Lorg/jruby/runtime/ThreadContext;Lorg/jruby/runtime/builtin/IRubyObject;Lorg/jruby/runtime/builtin/IRubyObject;Lorg/jruby/runtime/Block;)Lorg/jruby/runtime/builtin/IRubyObject;+6
j  Makefile.__file__(LMakefile;Lorg/jruby/runtime/ThreadContext;Lorg/jruby/runtime/builtin/IRubyObject;[Lorg/jruby/runtime/builtin/IRubyObject;Lorg/jruby/runtime/Block;)Lorg/jruby/runtime/builtin/IRubyObject;+907
j  Makefile.load(Lorg/jruby/runtime/ThreadContext;Lorg/jruby/runtime/builtin/IRubyObject;Z)Lorg/jruby/runtime/builtin/IRubyObject;+22
j  org.jruby.Ruby.runScript(Lorg/jruby/ast/executable/Script;Z)Lorg/jruby/runtime/builtin/IRubyObject;+12
j  org.jruby.Ruby.runScript(Lorg/jruby/ast/executable/Script;)Lorg/jruby/runtime/builtin/IRubyObject;+3
j  org.jruby.Ruby.runNormally(Lorg/jruby/ast/Node;)Lorg/jruby/runtime/builtin/IRubyObject;+73
j  org.jruby.Ruby.runFromMain(Ljava/io/InputStream;Ljava/lang/String;)V+320
j  org.jruby.Main.doRunFromMain(Lorg/jruby/Ruby;Ljava/io/InputStream;Ljava/lang/String;)Lorg/jruby/Main$Status;+12
j  org.jruby.Main.internalRun()Lorg/jruby/Main$Status;+234
j  org.jruby.Main.run([Ljava/lang/String;)Lorg/jruby/Main$Status;+9
j  org.jruby.Main.main([Ljava/lang/String;)V+35
v  ~StubRoutines::call_stub

---------------  P R O C E S S  ---------------

Java Threads: ( => current thread )
  0x00007fe85453c800 JavaThread "ReferenceReaper" daemon [_thread_blocked, id=18436, stack(0x00007fe843dff000,0x00007fe844000000)]
  0x00007fe854517800 JavaThread "JRubyJIT-2" daemon [_thread_blocked, id=18435, stack(0x00007fe8481b8000,0x00007fe8483b9000)]
  0x00007fe8544b7800 JavaThread "process reaper" daemon [_thread_blocked, id=18352, stack(0x00007fe8500b9000,0x00007fe8500f2000)]
  0x00007fe8544ab000 JavaThread "JRubyJIT-1" daemon [_thread_blocked, id=18349, stack(0x00007fe8483b9000,0x00007fe8485ba000)]
  0x00007fe8540ae000 JavaThread "Service Thread" daemon [_thread_blocked, id=18347, stack(0x00007fe84a032000,0x00007fe84a233000)]
  0x00007fe8540ab800 JavaThread "C2 CompilerThread1" daemon [_thread_blocked, id=18346, stack(0x00007fe84a233000,0x00007fe84a334000)]
  0x00007fe8540a8800 JavaThread "C2 CompilerThread0" daemon [_thread_in_native, id=18345, stack(0x00007fe8500f2000,0x00007fe8501f3000)]
  0x00007fe8540a6800 JavaThread "Signal Dispatcher" daemon [_thread_blocked, id=18344, stack(0x00007fe84a334000,0x00007fe84a535000)]
  0x00007fe854082800 JavaThread "Finalizer" daemon [_thread_blocked, id=18343, stack(0x00007fe84a92f000,0x00007fe84ab30000)]
  0x00007fe854080800 JavaThread "Reference Handler" daemon [_thread_blocked, id=18342, stack(0x00007fe8501f3000,0x00007fe8503f4000)]
=>0x00007fe85400a800 JavaThread "main" [_thread_in_native, id=18336, stack(0x00007fe859fd9000,0x00007fe85a1da000)]

Other Threads:
  0x00007fe85407c800 VMThread [stack: 0x00007fe8503f4000,0x00007fe8504f5000] [id=18341]
  0x00007fe8540b8800 WatcherThread [stack: 0x00007fe849f31000,0x00007fe84a032000] [id=18348]

VM state:not at safepoint (normal execution)

VM Mutex/Monitor currently owned by a thread: None

Heap
 PSYoungGen      total 32768K, used 26617K [0x00000000f5900000, 0x00000000f7b00000, 0x0000000100000000)
  eden space 30720K, 80% used [0x00000000f5900000,0x00000000f7100608,0x00000000f7700000)
  from space 2048K, 99% used [0x00000000f7900000,0x00000000f7afdfa8,0x00000000f7b00000)
  to   space 2048K, 0% used [0x00000000f7700000,0x00000000f7700000,0x00000000f7900000)
 ParOldGen       total 38400K, used 5889K [0x00000000e0c00000, 0x00000000e3180000, 0x00000000f5900000)
  object space 38400K, 15% used [0x00000000e0c00000,0x00000000e11c0440,0x00000000e3180000)
 PSPermGen       total 25600K, used 25464K [0x00000000d6600000, 0x00000000d7f00000, 0x00000000e0c00000)
  object space 25600K, 99% used [0x00000000d6600000,0x00000000d7ede060,0x00000000d7f00000)

Card table byte_map: [0x00007fe858dff000,0x00007fe858f4d000] byte_map_base: 0x00007fe85874c000

Polling page: 0x00007fe85c5e7000

Code Cache  [0x00007fe851000000, 0x00007fe851270000, 0x00007fe854000000)
 total_blobs=958 nmethods=479 adapters=433 free_code_cache=47372Kb largest_free_block=48471744

Compilation events (10 events):
Event: 3,958 Thread 0x00007fe8540a8800 nmethod 482 0x00007fe8511bb310 code [0x00007fe8511bb460, 0x00007fe8511bb538]
Event: 3,958 Thread 0x00007fe8540a8800  483             org.jruby.runtime.ivars.VariableTableManager::getFFIHandleAccessorForRead (8 bytes)
Event: 3,958 Thread 0x00007fe8540ab800 nmethod 472 0x00007fe8511c25d0 code [0x00007fe8511c2820, 0x00007fe8511c3760]
Event: 3,958 Thread 0x00007fe8540a8800 nmethod 483 0x00007fe8511bb0d0 code [0x00007fe8511bb200, 0x00007fe8511bb278]
Event: 3,968 Thread 0x00007fe8540ab800  484             org.jruby.Ruby::getFFI (5 bytes)
Event: 3,969 Thread 0x00007fe8540a8800  485             org.jruby.ext.ffi.MemoryIO::<init> (15 bytes)
Event: 3,969 Thread 0x00007fe8540a8800 nmethod 485 0x00007fe8511bf790 code [0x00007fe8511bf8c0, 0x00007fe8511bf918]
Event: 3,969 Thread 0x00007fe8540ab800 nmethod 484 0x00007fe8511bf590 code [0x00007fe8511bf6c0, 0x00007fe8511bf718]
Event: 3,972 Thread 0x00007fe8540a8800  486             org.jruby.RubyModule::searchWithCache (70 bytes)
Event: 3,972 Thread 0x00007fe8540ab800  487             org.jruby.RubyModule::cacheHit (33 bytes)

GC Heap History (4 events):
Event: 1,397 GC heap before
{Heap before GC invocations=1 (full 0):
 PSYoungGen      total 17408K, used 15360K [0x00000000f5900000, 0x00000000f6c00000, 0x0000000100000000)
  eden space 15360K, 100% used [0x00000000f5900000,0x00000000f6800000,0x00000000f6800000)
  from space 2048K, 0% used [0x00000000f6a00000,0x00000000f6a00000,0x00000000f6c00000)
  to   space 2048K, 0% used [0x00000000f6800000,0x00000000f6800000,0x00000000f6a00000)
 ParOldGen       total 38400K, used 0K [0x00000000e0c00000, 0x00000000e3180000, 0x00000000f5900000)
  object space 38400K, 0% used [0x00000000e0c00000,0x00000000e0c00000,0x00000000e3180000)
 PSPermGen       total 21504K, used 18950K [0x00000000d6600000, 0x00000000d7b00000, 0x00000000e0c00000)
  object space 21504K, 88% used [0x00000000d6600000,0x00000000d7881898,0x00000000d7b00000)
Event: 1,417 GC heap after
Heap after GC invocations=1 (full 0):
 PSYoungGen      total 17408K, used 2037K [0x00000000f5900000, 0x00000000f7b00000, 0x0000000100000000)
  eden space 15360K, 0% used [0x00000000f5900000,0x00000000f5900000,0x00000000f6800000)
  from space 2048K, 99% used [0x00000000f6800000,0x00000000f69fd4d8,0x00000000f6a00000)
  to   space 2048K, 0% used [0x00000000f7900000,0x00000000f7900000,0x00000000f7b00000)
 ParOldGen       total 38400K, used 3776K [0x00000000e0c00000, 0x00000000e3180000, 0x00000000f5900000)
  object space 38400K, 9% used [0x00000000e0c00000,0x00000000e0fb00b0,0x00000000e3180000)
 PSPermGen       total 21504K, used 18950K [0x00000000d6600000, 0x00000000d7b00000, 0x00000000e0c00000)
  object space 21504K, 88% used [0x00000000d6600000,0x00000000d7881898,0x00000000d7b00000)
}
Event: 2,491 GC heap before
{Heap before GC invocations=2 (full 0):
 PSYoungGen      total 17408K, used 17397K [0x00000000f5900000, 0x00000000f7b00000, 0x0000000100000000)
  eden space 15360K, 100% used [0x00000000f5900000,0x00000000f6800000,0x00000000f6800000)
  from space 2048K, 99% used [0x00000000f6800000,0x00000000f69fd4d8,0x00000000f6a00000)
  to   space 2048K, 0% used [0x00000000f7900000,0x00000000f7900000,0x00000000f7b00000)
 ParOldGen       total 38400K, used 3776K [0x00000000e0c00000, 0x00000000e3180000, 0x00000000f5900000)
  object space 38400K, 9% used [0x00000000e0c00000,0x00000000e0fb00b0,0x00000000e3180000)
 PSPermGen       total 23552K, used 23439K [0x00000000d6600000, 0x00000000d7d00000, 0x00000000e0c00000)
  object space 23552K, 99% used [0x00000000d6600000,0x00000000d7ce3cc0,0x00000000d7d00000)
Event: 2,521 GC heap after
Heap after GC invocations=2 (full 0):
 PSYoungGen      total 32768K, used 2039K [0x00000000f5900000, 0x00000000f7b00000, 0x0000000100000000)
  eden space 30720K, 0% used [0x00000000f5900000,0x00000000f5900000,0x00000000f7700000)
  from space 2048K, 99% used [0x00000000f7900000,0x00000000f7afdfa8,0x00000000f7b00000)
  to   space 2048K, 0% used [0x00000000f7700000,0x00000000f7700000,0x00000000f7900000)
 ParOldGen       total 38400K, used 5889K [0x00000000e0c00000, 0x00000000e3180000, 0x00000000f5900000)
  object space 38400K, 15% used [0x00000000e0c00000,0x00000000e11c0440,0x00000000e3180000)
 PSPermGen       total 23552K, used 23439K [0x00000000d6600000, 0x00000000d7d00000, 0x00000000e0c00000)
  object space 23552K, 99% used [0x00000000d6600000,0x00000000d7ce3cc0,0x00000000d7d00000)
}

Deoptimization events (10 events):
Event: 3,910 Thread 0x00007fe85400a800 Uncommon trap: reason=class_check action=maybe_recompile pc=0x00007fe851166a38 method=org.jruby.RubyArray.compare(Lorg/jruby/runtime/ThreadContext;Lorg/jruby/runtime/invokedynamic/MethodNames;Lorg/jruby/runtime/builtin/IRubyObject;)Lorg/jruby/RubyBoolean;
Event: 3,934 Thread 0x00007fe85400a800 Uncommon trap: reason=array_check action=maybe_recompile pc=0x00007fe8511b63fc method=org.jruby.util.Qsort.swap([Ljava/lang/Object;II)V @ 9
Event: 3,936 Thread 0x00007fe85400a800 Uncommon trap: reason=array_check action=maybe_recompile pc=0x00007fe8511b63fc method=org.jruby.util.Qsort.swap([Ljava/lang/Object;II)V @ 9
Event: 3,936 Thread 0x00007fe85400a800 Uncommon trap: reason=array_check action=maybe_recompile pc=0x00007fe8511b63fc method=org.jruby.util.Qsort.swap([Ljava/lang/Object;II)V @ 9
Event: 3,937 Thread 0x00007fe85400a800 Uncommon trap: reason=array_check action=maybe_recompile pc=0x00007fe8511b63fc method=org.jruby.util.Qsort.swap([Ljava/lang/Object;II)V @ 9
Event: 3,962 Thread 0x00007fe85400a800 Uncommon trap: reason=class_check action=maybe_recompile pc=0x00007fe851166a38 method=org.jruby.RubyArray.compare(Lorg/jruby/runtime/ThreadContext;Lorg/jruby/runtime/invokedynamic/MethodNames;Lorg/jruby/runtime/builtin/IRubyObject;)Lorg/jruby/RubyBoolean;
Event: 3,967 Thread 0x00007fe85400a800 Uncommon trap: reason=class_check action=maybe_recompile pc=0x00007fe85119572c method=org.jruby.runtime.Block.yield(Lorg/jruby/runtime/ThreadContext;Lorg/jruby/runtime/builtin/IRubyObject;)Lorg/jruby/runtime/builtin/IRubyObject; @ 14
Event: 3,967 Thread 0x00007fe85400a800 Uncommon trap: reason=class_check action=maybe_recompile pc=0x00007fe85119572c method=org.jruby.runtime.Block.yield(Lorg/jruby/runtime/ThreadContext;Lorg/jruby/runtime/builtin/IRubyObject;)Lorg/jruby/runtime/builtin/IRubyObject; @ 14
Event: 3,967 Thread 0x00007fe85400a800 Uncommon trap: reason=class_check action=maybe_recompile pc=0x00007fe85119572c method=org.jruby.runtime.Block.yield(Lorg/jruby/runtime/ThreadContext;Lorg/jruby/runtime/builtin/IRubyObject;)Lorg/jruby/runtime/builtin/IRubyObject; @ 14
Event: 3,967 Thread 0x00007fe85400a800 Uncommon trap: reason=class_check action=maybe_recompile pc=0x00007fe85119572c method=org.jruby.runtime.Block.yield(Lorg/jruby/runtime/ThreadContext;Lorg/jruby/runtime/builtin/IRubyObject;)Lorg/jruby/runtime/builtin/IRubyObject; @ 14

Internal exceptions (10 events):
Event: 3,340 Thread 0x00007fe854517800 Threw 0x00000000f663a458 at /build/buildd/openjdk-7-7u51-2.4.4/build/openjdk/hotspot/src/share/vm/prims/jvm.cpp:1244
Event: 3,340 Thread 0x00007fe854517800 Threw 0x00000000f663bd88 at /build/buildd/openjdk-7-7u51-2.4.4/build/openjdk/hotspot/src/share/vm/prims/jvm.cpp:1244
Event: 3,395 Thread 0x00007fe8544ab000 Threw 0x00000000f66a22d0 at /build/buildd/openjdk-7-7u51-2.4.4/build/openjdk/hotspot/src/share/vm/prims/jvm.cpp:1244
Event: 3,395 Thread 0x00007fe854517800 Threw 0x00000000f68556a0 at /build/buildd/openjdk-7-7u51-2.4.4/build/openjdk/hotspot/src/share/vm/prims/jvm.cpp:1244
Event: 3,395 Thread 0x00007fe8544ab000 Threw 0x00000000f66a3c50 at /build/buildd/openjdk-7-7u51-2.4.4/build/openjdk/hotspot/src/share/vm/prims/jvm.cpp:1244
Event: 3,395 Thread 0x00007fe854517800 Threw 0x00000000f6857018 at /build/buildd/openjdk-7-7u51-2.4.4/build/openjdk/hotspot/src/share/vm/prims/jvm.cpp:1244
Event: 3,399 Thread 0x00007fe8544ab000 Threw 0x00000000f68c5638 at /build/buildd/openjdk-7-7u51-2.4.4/build/openjdk/hotspot/src/share/vm/prims/jvm.cpp:1244
Event: 3,399 Thread 0x00007fe8544ab000 Threw 0x00000000f68c7060 at /build/buildd/openjdk-7-7u51-2.4.4/build/openjdk/hotspot/src/share/vm/prims/jvm.cpp:1244
Event: 3,426 Thread 0x00007fe8544ab000 Threw 0x00000000f697f3d8 at /build/buildd/openjdk-7-7u51-2.4.4/build/openjdk/hotspot/src/share/vm/prims/jvm.cpp:1244
Event: 3,426 Thread 0x00007fe8544ab000 Threw 0x00000000f6980d58 at /build/buildd/openjdk-7-7u51-2.4.4/build/openjdk/hotspot/src/share/vm/prims/jvm.cpp:1244

Events (10 events):
Event: 3,967 Thread 0x00007fe85400a800 DEOPT UNPACKING pc=0x00007fe851039045 sp=0x00007fe85a1d63b8 mode 2
Event: 3,967 Thread 0x00007fe85400a800 Uncommon trap: trap_request=0xffffffde fr.pc=0x00007fe85119572c
Event: 3,967 Thread 0x00007fe85400a800 DEOPT PACKING pc=0x00007fe85119572c sp=0x00007fe85a1d6370
Event: 3,967 Thread 0x00007fe85400a800 DEOPT UNPACKING pc=0x00007fe851039045 sp=0x00007fe85a1d63b8 mode 2
Event: 3,967 Thread 0x00007fe85400a800 Uncommon trap: trap_request=0xffffffde fr.pc=0x00007fe85119572c
Event: 3,967 Thread 0x00007fe85400a800 DEOPT PACKING pc=0x00007fe85119572c sp=0x00007fe85a1d6370
Event: 3,967 Thread 0x00007fe85400a800 DEOPT UNPACKING pc=0x00007fe851039045 sp=0x00007fe85a1d63b8 mode 2
Event: 3,967 Thread 0x00007fe85400a800 Uncommon trap: trap_request=0xffffffde fr.pc=0x00007fe85119572c
Event: 3,967 Thread 0x00007fe85400a800 DEOPT PACKING pc=0x00007fe85119572c sp=0x00007fe85a1d6370
Event: 3,967 Thread 0x00007fe85400a800 DEOPT UNPACKING pc=0x00007fe851039045 sp=0x00007fe85a1d63b8 mode 2


Dynamic libraries:
00400000-00401000 r-xp 00000000 08:01 15861394                           /usr/lib/jvm/java-7-openjdk-amd64/jre/bin/java
00600000-00601000 r--p 00000000 08:01 15861394                           /usr/lib/jvm/java-7-openjdk-amd64/jre/bin/java
00601000-00602000 rw-p 00001000 08:01 15861394                           /usr/lib/jvm/java-7-openjdk-amd64/jre/bin/java
01d87000-01da8000 rw-p 00000000 00:00 0                                  [heap]
d6600000-d7f00000 rw-p 00000000 00:00 0 
d7f00000-e0c00000 rw-p 00000000 00:00 0 
e0c00000-e3180000 rw-p 00000000 00:00 0 
e3180000-f5900000 rw-p 00000000 00:00 0 
f5900000-f7b00000 rw-p 00000000 00:00 0 
f7b00000-100000000 rw-p 00000000 00:00 0 
7fe804000000-7fe804021000 rw-p 00000000 00:00 0 
7fe804021000-7fe808000000 ---p 00000000 00:00 0 
7fe808000000-7fe808021000 rw-p 00000000 00:00 0 
7fe808021000-7fe80c000000 ---p 00000000 00:00 0 
7fe80c000000-7fe80c021000 rw-p 00000000 00:00 0 
7fe80c021000-7fe810000000 ---p 00000000 00:00 0 
7fe810000000-7fe810021000 rw-p 00000000 00:00 0 
7fe810021000-7fe814000000 ---p 00000000 00:00 0 
7fe814000000-7fe814021000 rw-p 00000000 00:00 0 
7fe814021000-7fe818000000 ---p 00000000 00:00 0 
7fe818000000-7fe818027000 rw-p 00000000 00:00 0 
7fe818027000-7fe81c000000 ---p 00000000 00:00 0 
7fe81c000000-7fe81cc26000 rw-p 00000000 00:00 0 
7fe81cc26000-7fe820000000 ---p 00000000 00:00 0 
7fe820000000-7fe820021000 rw-p 00000000 00:00 0 
7fe820021000-7fe824000000 ---p 00000000 00:00 0 
7fe824000000-7fe824021000 rw-p 00000000 00:00 0 
7fe824021000-7fe828000000 ---p 00000000 00:00 0 
7fe828000000-7fe828bd8000 rw-p 00000000 00:00 0 
7fe828bd8000-7fe82c000000 ---p 00000000 00:00 0 
7fe82c000000-7fe82c021000 rw-p 00000000 00:00 0 
7fe82c021000-7fe830000000 ---p 00000000 00:00 0 
7fe830000000-7fe830021000 rw-p 00000000 00:00 0 
7fe830021000-7fe834000000 ---p 00000000 00:00 0 
7fe834000000-7fe834021000 rw-p 00000000 00:00 0 
7fe834021000-7fe838000000 ---p 00000000 00:00 0 
7fe838000000-7fe838021000 rw-p 00000000 00:00 0 
7fe838021000-7fe83c000000 ---p 00000000 00:00 0 
7fe83c000000-7fe83c021000 rw-p 00000000 00:00 0 
7fe83c021000-7fe840000000 ---p 00000000 00:00 0 
7fe8433f0000-7fe8433f3000 r-xp 00000000 08:01 14162105                   /home/alex/Documents/8vo_Semestre/Geometría Computacional/Lab/practica04/src/lib/librange_tree.so
7fe8433f3000-7fe8435f2000 ---p 00003000 08:01 14162105                   /home/alex/Documents/8vo_Semestre/Geometría Computacional/Lab/practica04/src/lib/librange_tree.so
7fe8435f2000-7fe8435f3000 r--p 00002000 08:01 14162105                   /home/alex/Documents/8vo_Semestre/Geometría Computacional/Lab/practica04/src/lib/librange_tree.so
7fe8435f3000-7fe8435f4000 rw-p 00003000 08:01 14162105                   /home/alex/Documents/8vo_Semestre/Geometría Computacional/Lab/practica04/src/lib/librange_tree.so
7fe8435f4000-7fe8435f7000 r-xp 00000000 08:01 14162104                   /home/alex/Documents/8vo_Semestre/Geometría Computacional/Lab/practica04/src/lib/librb_tree.so
7fe8435f7000-7fe8437f6000 ---p 00003000 08:01 14162104                   /home/alex/Documents/8vo_Semestre/Geometría Computacional/Lab/practica04/src/lib/librb_tree.so
7fe8437f6000-7fe8437f7000 r--p 00002000 08:01 14162104                   /home/alex/Documents/8vo_Semestre/Geometría Computacional/Lab/practica04/src/lib/librb_tree.so
7fe8437f7000-7fe8437f8000 rw-p 00003000 08:01 14162104                   /home/alex/Documents/8vo_Semestre/Geometría Computacional/Lab/practica04/src/lib/librb_tree.so
7fe8437f8000-7fe8437fa000 r-xp 00000000 08:01 14162095                   /home/alex/Documents/8vo_Semestre/Geometría Computacional/Lab/practica04/src/lib/libdouble_linked_list.so
7fe8437fa000-7fe8439f9000 ---p 00002000 08:01 14162095                   /home/alex/Documents/8vo_Semestre/Geometría Computacional/Lab/practica04/src/lib/libdouble_linked_list.so
7fe8439f9000-7fe8439fa000 r--p 00001000 08:01 14162095                   /home/alex/Documents/8vo_Semestre/Geometría Computacional/Lab/practica04/src/lib/libdouble_linked_list.so
7fe8439fa000-7fe8439fb000 rw-p 00002000 08:01 14162095                   /home/alex/Documents/8vo_Semestre/Geometría Computacional/Lab/practica04/src/lib/libdouble_linked_list.so
7fe8439fb000-7fe8439fc000 r-xp 00000000 08:01 14162103                   /home/alex/Documents/8vo_Semestre/Geometría Computacional/Lab/practica04/src/lib/lib2d_points.so
7fe8439fc000-7fe843bfc000 ---p 00001000 08:01 14162103                   /home/alex/Documents/8vo_Semestre/Geometría Computacional/Lab/practica04/src/lib/lib2d_points.so
7fe843bfc000-7fe843bfd000 r--p 00001000 08:01 14162103                   /home/alex/Documents/8vo_Semestre/Geometría Computacional/Lab/practica04/src/lib/lib2d_points.so
7fe843bfd000-7fe843bfe000 rw-p 00002000 08:01 14162103                   /home/alex/Documents/8vo_Semestre/Geometría Computacional/Lab/practica04/src/lib/lib2d_points.so
7fe843bfe000-7fe843c01000 ---p 00000000 00:00 0 
7fe843c01000-7fe843dff000 rw-p 00000000 00:00 0 
7fe843dff000-7fe843e02000 ---p 00000000 00:00 0 
7fe843e02000-7fe844000000 rw-p 00000000 00:00 0                          [stack:18436]
7fe844000000-7fe844021000 rw-p 00000000 00:00 0 
7fe844021000-7fe848000000 ---p 00000000 00:00 0 
7fe8481b8000-7fe8481bb000 ---p 00000000 00:00 0 
7fe8481bb000-7fe8483b9000 rw-p 00000000 00:00 0                          [stack:18435]
7fe8483b9000-7fe8483bc000 ---p 00000000 00:00 0 
7fe8483bc000-7fe8485ba000 rw-p 00000000 00:00 0                          [stack:18349]
7fe8485ba000-7fe8485cc000 r-xp 00000000 08:01 12059135                   /home/alex/.rbenv/versions/jruby-1.7.10/lib/jni/x86_64-Linux/libjffi-1.2.so
7fe8485cc000-7fe8487cb000 ---p 00012000 08:01 12059135                   /home/alex/.rbenv/versions/jruby-1.7.10/lib/jni/x86_64-Linux/libjffi-1.2.so
7fe8487cb000-7fe8487cc000 rw-p 00011000 08:01 12059135                   /home/alex/.rbenv/versions/jruby-1.7.10/lib/jni/x86_64-Linux/libjffi-1.2.so
7fe8487cc000-7fe8487dc000 r-xp 00000000 08:01 15861288                   /usr/lib/jvm/java-7-openjdk-amd64/jre/lib/amd64/libnio.so
7fe8487dc000-7fe8489dc000 ---p 00010000 08:01 15861288                   /usr/lib/jvm/java-7-openjdk-amd64/jre/lib/amd64/libnio.so
7fe8489dc000-7fe8489dd000 r--p 00010000 08:01 15861288                   /usr/lib/jvm/java-7-openjdk-amd64/jre/lib/amd64/libnio.so
7fe8489dd000-7fe8489de000 rw-p 00011000 08:01 15861288                   /usr/lib/jvm/java-7-openjdk-amd64/jre/lib/amd64/libnio.so
7fe8489de000-7fe848a1b000 r-xp 00000000 08:01 8130434                    /lib/x86_64-linux-gnu/libpcre.so.3.13.1
7fe848a1b000-7fe848c1b000 ---p 0003d000 08:01 8130434                    /lib/x86_64-linux-gnu/libpcre.so.3.13.1
7fe848c1b000-7fe848c1c000 r--p 0003d000 08:01 8130434                    /lib/x86_64-linux-gnu/libpcre.so.3.13.1
7fe848c1c000-7fe848c1d000 rw-p 0003e000 08:01 8130434                    /lib/x86_64-linux-gnu/libpcre.so.3.13.1
7fe848c1d000-7fe848c24000 r-xp 00000000 08:01 15735894                   /usr/lib/x86_64-linux-gnu/libffi.so.6.0.1
7fe848c24000-7fe848e23000 ---p 00007000 08:01 15735894                   /usr/lib/x86_64-linux-gnu/libffi.so.6.0.1
7fe848e23000-7fe848e24000 r--p 00006000 08:01 15735894                   /usr/lib/x86_64-linux-gnu/libffi.so.6.0.1
7fe848e24000-7fe848e25000 rw-p 00007000 08:01 15735894                   /usr/lib/x86_64-linux-gnu/libffi.so.6.0.1
7fe848e25000-7fe848e3b000 r-xp 00000000 08:01 8130457                    /lib/x86_64-linux-gnu/libresolv-2.17.so
7fe848e3b000-7fe84903b000 ---p 00016000 08:01 8130457                    /lib/x86_64-linux-gnu/libresolv-2.17.so
7fe84903b000-7fe84903c000 r--p 00016000 08:01 8130457                    /lib/x86_64-linux-gnu/libresolv-2.17.so
7fe84903c000-7fe84903d000 rw-p 00017000 08:01 8130457                    /lib/x86_64-linux-gnu/libresolv-2.17.so
7fe84903d000-7fe84903f000 rw-p 00000000 00:00 0 
7fe84903f000-7fe84905e000 r-xp 00000000 08:01 8130461                    /lib/x86_64-linux-gnu/libselinux.so.1
7fe84905e000-7fe84925e000 ---p 0001f000 08:01 8130461                    /lib/x86_64-linux-gnu/libselinux.so.1
7fe84925e000-7fe84925f000 r--p 0001f000 08:01 8130461                    /lib/x86_64-linux-gnu/libselinux.so.1
7fe84925f000-7fe849260000 rw-p 00020000 08:01 8130461                    /lib/x86_64-linux-gnu/libselinux.so.1
7fe849260000-7fe849261000 rw-p 00000000 00:00 0 
7fe849261000-7fe849264000 r-xp 00000000 08:01 15729078                   /usr/lib/x86_64-linux-gnu/libgmodule-2.0.so.0.3800.1
7fe849264000-7fe849463000 ---p 00003000 08:01 15729078                   /usr/lib/x86_64-linux-gnu/libgmodule-2.0.so.0.3800.1
7fe849463000-7fe849464000 r--p 00002000 08:01 15729078                   /usr/lib/x86_64-linux-gnu/libgmodule-2.0.so.0.3800.1
7fe849464000-7fe849465000 rw-p 00003000 08:01 15729078                   /usr/lib/x86_64-linux-gnu/libgmodule-2.0.so.0.3800.1
7fe849465000-7fe849563000 r-xp 00000000 08:01 8130449                    /lib/x86_64-linux-gnu/libglib-2.0.so.0.3800.1
7fe849563000-7fe849763000 ---p 000fe000 08:01 8130449                    /lib/x86_64-linux-gnu/libglib-2.0.so.0.3800.1
7fe849763000-7fe849764000 r--p 000fe000 08:01 8130449                    /lib/x86_64-linux-gnu/libglib-2.0.so.0.3800.1
7fe849764000-7fe849765000 rw-p 000ff000 08:01 8130449                    /lib/x86_64-linux-gnu/libglib-2.0.so.0.3800.1
7fe849765000-7fe849766000 rw-p 00000000 00:00 0 
7fe849766000-7fe8497b5000 r-xp 00000000 08:01 15729069                   /usr/lib/x86_64-linux-gnu/libgobject-2.0.so.0.3800.1
7fe8497b5000-7fe8499b5000 ---p 0004f000 08:01 15729069                   /usr/lib/x86_64-linux-gnu/libgobject-2.0.so.0.3800.1
7fe8499b5000-7fe8499b6000 r--p 0004f000 08:01 15729069                   /usr/lib/x86_64-linux-gnu/libgobject-2.0.so.0.3800.1
7fe8499b6000-7fe8499b7000 rw-p 00050000 08:01 15729069                   /usr/lib/x86_64-linux-gnu/libgobject-2.0.so.0.3800.1
7fe8499b7000-7fe849b13000 r-xp 00000000 08:01 15729043                   /usr/lib/x86_64-linux-gnu/libgio-2.0.so.0.3800.1
7fe849b13000-7fe849d12000 ---p 0015c000 08:01 15729043                   /usr/lib/x86_64-linux-gnu/libgio-2.0.so.0.3800.1
7fe849d12000-7fe849d16000 r--p 0015b000 08:01 15729043                   /usr/lib/x86_64-linux-gnu/libgio-2.0.so.0.3800.1
7fe849d16000-7fe849d18000 rw-p 0015f000 08:01 15729043                   /usr/lib/x86_64-linux-gnu/libgio-2.0.so.0.3800.1
7fe849d18000-7fe849d1a000 rw-p 00000000 00:00 0 
7fe849d1a000-7fe849d30000 r-xp 00000000 08:01 15861076                   /usr/lib/jvm/java-7-openjdk-amd64/jre/lib/amd64/libnet.so
7fe849d30000-7fe849f2f000 ---p 00016000 08:01 15861076                   /usr/lib/jvm/java-7-openjdk-amd64/jre/lib/amd64/libnet.so
7fe849f2f000-7fe849f30000 r--p 00015000 08:01 15861076                   /usr/lib/jvm/java-7-openjdk-amd64/jre/lib/amd64/libnet.so
7fe849f30000-7fe849f31000 rw-p 00016000 08:01 15861076                   /usr/lib/jvm/java-7-openjdk-amd64/jre/lib/amd64/libnet.so
7fe849f31000-7fe849f32000 ---p 00000000 00:00 0 
7fe849f32000-7fe84a032000 rw-p 00000000 00:00 0                          [stack:18348]
7fe84a032000-7fe84a035000 ---p 00000000 00:00 0 
7fe84a035000-7fe84a233000 rw-p 00000000 00:00 0                          [stack:18347]
7fe84a233000-7fe84a236000 ---p 00000000 00:00 0 
7fe84a236000-7fe84a334000 rw-p 00000000 00:00 0                          [stack:18346]
7fe84a334000-7fe84a337000 ---p 00000000 00:00 0 
7fe84a337000-7fe84a535000 rw-p 00000000 00:00 0                          [stack:18344]
7fe84a535000-7fe84a92f000 r--p 00000000 08:01 15734328                   /usr/lib/locale/locale-archive
7fe84a92f000-7fe84a932000 ---p 00000000 00:00 0 
7fe84a932000-7fe84c000000 rw-p 00000000 00:00 0                          [stack:18343]
7fe84c000000-7fe84c021000 rw-p 00000000 00:00 0 
7fe84c021000-7fe850000000 ---p 00000000 00:00 0 
7fe8500b9000-7fe8500bc000 ---p 00000000 00:00 0 
7fe8500bc000-7fe8500f2000 rw-p 00000000 00:00 0                          [stack:18352]
7fe8500f2000-7fe8500f5000 ---p 00000000 00:00 0 
7fe8500f5000-7fe8501f3000 rw-p 00000000 00:00 0                          [stack:18345]
7fe8501f3000-7fe8501f6000 ---p 00000000 00:00 0 
7fe8501f6000-7fe8503f4000 rw-p 00000000 00:00 0                          [stack:18342]
7fe8503f4000-7fe8503f5000 ---p 00000000 00:00 0 
7fe8503f5000-7fe851000000 rw-p 00000000 00:00 0                          [stack:18341]
7fe851000000-7fe851270000 rwxp 00000000 00:00 0 
7fe851270000-7fe8545a0000 rw-p 00000000 00:00 0 
7fe8545a0000-7fe858000000 ---p 00000000 00:00 0 
7fe858008000-7fe85800a000 rw-p 00000000 00:00 0 
7fe85800a000-7fe85800b000 r-xp 00000000 00:00 0 
7fe85800b000-7fe858012000 r--s 00000000 08:01 16127910                   /usr/lib/x86_64-linux-gnu/gconv/gconv-modules.cache
7fe858012000-7fe858014000 r--s 00012000 08:01 15861308                   /usr/lib/jvm/java-7-openjdk-amd64/jre/lib/ext/zipfs.jar
7fe858014000-7fe858017000 r--s 00032000 08:01 15861310                   /usr/lib/jvm/java-7-openjdk-amd64/jre/lib/ext/sunjce_provider.jar
7fe858017000-7fe85801b000 r--s 00085000 08:01 15861304                   /usr/lib/jvm/java-7-openjdk-amd64/jre/lib/ext/localedata.jar
7fe85801b000-7fe85801d000 r--s 00006000 08:01 16256853                   /usr/share/java/java-atk-wrapper.jar
7fe85801d000-7fe858020000 r--s 0000f000 08:01 15861306                   /usr/lib/jvm/java-7-openjdk-amd64/jre/lib/ext/pulse-java.jar
7fe858020000-7fe858025000 r--s 0004c000 08:01 15861296                   /usr/lib/jvm/java-7-openjdk-amd64/jre/lib/jsse.jar
7fe858025000-7fe8584d6000 rw-p 00000000 00:00 0 
7fe8584d6000-7fe8585bf000 r--s 00bb9000 08:01 12059138                   /home/alex/.rbenv/versions/jruby-1.7.10/lib/jruby.jar
7fe8585bf000-7fe858607000 rw-p 00000000 00:00 0 
7fe858607000-7fe8587b5000 r--s 01cf4000 08:01 15861374                   /usr/lib/jvm/java-7-openjdk-amd64/jre/lib/rt.jar
7fe8587b5000-7fe8589fb000 rw-p 00000000 00:00 0 
7fe8589fb000-7fe8589fc000 ---p 00000000 00:00 0 
7fe8589fc000-7fe858afc000 rw-p 00000000 00:00 0                          [stack:18340]
7fe858afc000-7fe858afd000 ---p 00000000 00:00 0 
7fe858afd000-7fe858bfd000 rw-p 00000000 00:00 0                          [stack:18339]
7fe858bfd000-7fe858bfe000 ---p 00000000 00:00 0 
7fe858bfe000-7fe858cfe000 rw-p 00000000 00:00 0                          [stack:18338]
7fe858cfe000-7fe858cff000 ---p 00000000 00:00 0 
7fe858cff000-7fe858e0c000 rw-p 00000000 00:00 0                          [stack:18337]
7fe858e0c000-7fe858e52000 rw-p 00000000 00:00 0 
7fe858e52000-7fe858e65000 rw-p 00000000 00:00 0 
7fe858e65000-7fe858ef8000 rw-p 00000000 00:00 0 
7fe858ef8000-7fe858f0a000 rw-p 00000000 00:00 0 
7fe858f0a000-7fe858f4c000 rw-p 00000000 00:00 0 
7fe858f4c000-7fe858f4d000 rw-p 00000000 00:00 0 
7fe858f4d000-7fe858f55000 r-xp 00000000 08:01 15861025                   /usr/lib/jvm/java-7-openjdk-amd64/jre/lib/amd64/libzip.so
7fe858f55000-7fe859154000 ---p 00008000 08:01 15861025                   /usr/lib/jvm/java-7-openjdk-amd64/jre/lib/amd64/libzip.so
7fe859154000-7fe859155000 r--p 00007000 08:01 15861025                   /usr/lib/jvm/java-7-openjdk-amd64/jre/lib/amd64/libzip.so
7fe859155000-7fe859156000 rw-p 00008000 08:01 15861025                   /usr/lib/jvm/java-7-openjdk-amd64/jre/lib/amd64/libzip.so
7fe859156000-7fe859162000 r-xp 00000000 08:01 8130412                    /lib/x86_64-linux-gnu/libnss_files-2.17.so
7fe859162000-7fe859361000 ---p 0000c000 08:01 8130412                    /lib/x86_64-linux-gnu/libnss_files-2.17.so
7fe859361000-7fe859362000 r--p 0000b000 08:01 8130412                    /lib/x86_64-linux-gnu/libnss_files-2.17.so
7fe859362000-7fe859363000 rw-p 0000c000 08:01 8130412                    /lib/x86_64-linux-gnu/libnss_files-2.17.so
7fe859363000-7fe85936e000 r-xp 00000000 08:01 8130416                    /lib/x86_64-linux-gnu/libnss_nis-2.17.so
7fe85936e000-7fe85956d000 ---p 0000b000 08:01 8130416                    /lib/x86_64-linux-gnu/libnss_nis-2.17.so
7fe85956d000-7fe85956e000 r--p 0000a000 08:01 8130416                    /lib/x86_64-linux-gnu/libnss_nis-2.17.so
7fe85956e000-7fe85956f000 rw-p 0000b000 08:01 8130416                    /lib/x86_64-linux-gnu/libnss_nis-2.17.so
7fe85956f000-7fe859586000 r-xp 00000000 08:01 8130406                    /lib/x86_64-linux-gnu/libnsl-2.17.so
7fe859586000-7fe859785000 ---p 00017000 08:01 8130406                    /lib/x86_64-linux-gnu/libnsl-2.17.so
7fe859785000-7fe859786000 r--p 00016000 08:01 8130406                    /lib/x86_64-linux-gnu/libnsl-2.17.so
7fe859786000-7fe859787000 rw-p 00017000 08:01 8130406                    /lib/x86_64-linux-gnu/libnsl-2.17.so
7fe859787000-7fe859789000 rw-p 00000000 00:00 0 
7fe859789000-7fe859791000 r-xp 00000000 08:01 8130408                    /lib/x86_64-linux-gnu/libnss_compat-2.17.so
7fe859791000-7fe859990000 ---p 00008000 08:01 8130408                    /lib/x86_64-linux-gnu/libnss_compat-2.17.so
7fe859990000-7fe859991000 r--p 00007000 08:01 8130408                    /lib/x86_64-linux-gnu/libnss_compat-2.17.so
7fe859991000-7fe859992000 rw-p 00008000 08:01 8130408                    /lib/x86_64-linux-gnu/libnss_compat-2.17.so
7fe859992000-7fe8599bd000 r-xp 00000000 08:01 15860951                   /usr/lib/jvm/java-7-openjdk-amd64/jre/lib/amd64/libjava.so
7fe8599bd000-7fe859bbc000 ---p 0002b000 08:01 15860951                   /usr/lib/jvm/java-7-openjdk-amd64/jre/lib/amd64/libjava.so
7fe859bbc000-7fe859bbd000 r--p 0002a000 08:01 15860951                   /usr/lib/jvm/java-7-openjdk-amd64/jre/lib/amd64/libjava.so
7fe859bbd000-7fe859bbf000 rw-p 0002b000 08:01 15860951                   /usr/lib/jvm/java-7-openjdk-amd64/jre/lib/amd64/libjava.so
7fe859bbf000-7fe859bcf000 r-xp 00000000 08:01 15861265                   /usr/lib/jvm/java-7-openjdk-amd64/jre/lib/amd64/libverify.so
7fe859bcf000-7fe859dce000 ---p 00010000 08:01 15861265                   /usr/lib/jvm/java-7-openjdk-amd64/jre/lib/amd64/libverify.so
7fe859dce000-7fe859dd0000 r--p 0000f000 08:01 15861265                   /usr/lib/jvm/java-7-openjdk-amd64/jre/lib/amd64/libverify.so
7fe859dd0000-7fe859dd1000 rw-p 00011000 08:01 15861265                   /usr/lib/jvm/java-7-openjdk-amd64/jre/lib/amd64/libverify.so
7fe859dd1000-7fe859dd8000 r-xp 00000000 08:01 8130459                    /lib/x86_64-linux-gnu/librt-2.17.so
7fe859dd8000-7fe859fd7000 ---p 00007000 08:01 8130459                    /lib/x86_64-linux-gnu/librt-2.17.so
7fe859fd7000-7fe859fd8000 r--p 00006000 08:01 8130459                    /lib/x86_64-linux-gnu/librt-2.17.so
7fe859fd8000-7fe859fd9000 rw-p 00007000 08:01 8130459                    /lib/x86_64-linux-gnu/librt-2.17.so
7fe859fd9000-7fe859fdc000 ---p 00000000 00:00 0 
7fe859fdc000-7fe85a1da000 rw-p 00000000 00:00 0                          [stack:18336]
7fe85a1da000-7fe85a1ef000 r-xp 00000000 08:01 8126477                    /lib/x86_64-linux-gnu/libgcc_s.so.1
7fe85a1ef000-7fe85a3ee000 ---p 00015000 08:01 8126477                    /lib/x86_64-linux-gnu/libgcc_s.so.1
7fe85a3ee000-7fe85a3ef000 r--p 00014000 08:01 8126477                    /lib/x86_64-linux-gnu/libgcc_s.so.1
7fe85a3ef000-7fe85a3f0000 rw-p 00015000 08:01 8126477                    /lib/x86_64-linux-gnu/libgcc_s.so.1
7fe85a3f0000-7fe85a4f3000 r-xp 00000000 08:01 8130387                    /lib/x86_64-linux-gnu/libm-2.17.so
7fe85a4f3000-7fe85a6f2000 ---p 00103000 08:01 8130387                    /lib/x86_64-linux-gnu/libm-2.17.so
7fe85a6f2000-7fe85a6f3000 r--p 00102000 08:01 8130387                    /lib/x86_64-linux-gnu/libm-2.17.so
7fe85a6f3000-7fe85a6f4000 rw-p 00103000 08:01 8130387                    /lib/x86_64-linux-gnu/libm-2.17.so
7fe85a6f4000-7fe85a7da000 r-xp 00000000 08:01 15729831                   /usr/lib/x86_64-linux-gnu/libstdc++.so.6.0.18
7fe85a7da000-7fe85a9d9000 ---p 000e6000 08:01 15729831                   /usr/lib/x86_64-linux-gnu/libstdc++.so.6.0.18
7fe85a9d9000-7fe85a9e1000 r--p 000e5000 08:01 15729831                   /usr/lib/x86_64-linux-gnu/libstdc++.so.6.0.18
7fe85a9e1000-7fe85a9e3000 rw-p 000ed000 08:01 15729831                   /usr/lib/x86_64-linux-gnu/libstdc++.so.6.0.18
7fe85a9e3000-7fe85a9f8000 rw-p 00000000 00:00 0 
7fe85a9f8000-7fe85b4d7000 r-xp 00000000 08:01 15861284                   /usr/lib/jvm/java-7-openjdk-amd64/jre/lib/amd64/server/libjvm.so
7fe85b4d7000-7fe85b6d6000 ---p 00adf000 08:01 15861284                   /usr/lib/jvm/java-7-openjdk-amd64/jre/lib/amd64/server/libjvm.so
7fe85b6d6000-7fe85b768000 r--p 00ade000 08:01 15861284                   /usr/lib/jvm/java-7-openjdk-amd64/jre/lib/amd64/server/libjvm.so
7fe85b768000-7fe85b78b000 rw-p 00b70000 08:01 15861284                   /usr/lib/jvm/java-7-openjdk-amd64/jre/lib/amd64/server/libjvm.so
7fe85b78b000-7fe85b7b8000 rw-p 00000000 00:00 0 
7fe85b7b8000-7fe85b7d0000 r-xp 00000000 08:01 8130494                    /lib/x86_64-linux-gnu/libz.so.1.2.8
7fe85b7d0000-7fe85b9cf000 ---p 00018000 08:01 8130494                    /lib/x86_64-linux-gnu/libz.so.1.2.8
7fe85b9cf000-7fe85b9d0000 r--p 00017000 08:01 8130494                    /lib/x86_64-linux-gnu/libz.so.1.2.8
7fe85b9d0000-7fe85b9d1000 rw-p 00018000 08:01 8130494                    /lib/x86_64-linux-gnu/libz.so.1.2.8
7fe85b9d1000-7fe85b9e8000 r-xp 00000000 08:01 8130451                    /lib/x86_64-linux-gnu/libpthread-2.17.so
7fe85b9e8000-7fe85bbe8000 ---p 00017000 08:01 8130451                    /lib/x86_64-linux-gnu/libpthread-2.17.so
7fe85bbe8000-7fe85bbe9000 r--p 00017000 08:01 8130451                    /lib/x86_64-linux-gnu/libpthread-2.17.so
7fe85bbe9000-7fe85bbea000 rw-p 00018000 08:01 8130451                    /lib/x86_64-linux-gnu/libpthread-2.17.so
7fe85bbea000-7fe85bbee000 rw-p 00000000 00:00 0 
7fe85bbee000-7fe85bbf1000 r-xp 00000000 08:01 8130351                    /lib/x86_64-linux-gnu/libdl-2.17.so
7fe85bbf1000-7fe85bdf0000 ---p 00003000 08:01 8130351                    /lib/x86_64-linux-gnu/libdl-2.17.so
7fe85bdf0000-7fe85bdf1000 r--p 00002000 08:01 8130351                    /lib/x86_64-linux-gnu/libdl-2.17.so
7fe85bdf1000-7fe85bdf2000 rw-p 00003000 08:01 8130351                    /lib/x86_64-linux-gnu/libdl-2.17.so
7fe85bdf2000-7fe85bfaf000 r-xp 00000000 08:01 8130336                    /lib/x86_64-linux-gnu/libc-2.17.so
7fe85bfaf000-7fe85c1af000 ---p 001bd000 08:01 8130336                    /lib/x86_64-linux-gnu/libc-2.17.so
7fe85c1af000-7fe85c1b3000 r--p 001bd000 08:01 8130336                    /lib/x86_64-linux-gnu/libc-2.17.so
7fe85c1b3000-7fe85c1b5000 rw-p 001c1000 08:01 8130336                    /lib/x86_64-linux-gnu/libc-2.17.so
7fe85c1b5000-7fe85c1ba000 rw-p 00000000 00:00 0 
7fe85c1ba000-7fe85c1c7000 r-xp 00000000 08:01 15861291                   /usr/lib/jvm/java-7-openjdk-amd64/jre/lib/amd64/jli/libjli.so
7fe85c1c7000-7fe85c3c6000 ---p 0000d000 08:01 15861291                   /usr/lib/jvm/java-7-openjdk-amd64/jre/lib/amd64/jli/libjli.so
7fe85c3c6000-7fe85c3c7000 r--p 0000c000 08:01 15861291                   /usr/lib/jvm/java-7-openjdk-amd64/jre/lib/amd64/jli/libjli.so
7fe85c3c7000-7fe85c3c8000 rw-p 0000d000 08:01 15861291                   /usr/lib/jvm/java-7-openjdk-amd64/jre/lib/amd64/jli/libjli.so
7fe85c3c8000-7fe85c3eb000 r-xp 00000000 08:01 8130312                    /lib/x86_64-linux-gnu/ld-2.17.so
7fe85c3eb000-7fe85c3ef000 r--s 0003b000 08:01 15861316                   /usr/lib/jvm/java-7-openjdk-amd64/jre/lib/ext/sunpkcs11.jar
7fe85c3ef000-7fe85c41d000 rw-p 00000000 00:00 0 
7fe85c41d000-7fe85c463000 rw-p 00000000 00:00 0 
7fe85c463000-7fe85c476000 rw-p 00000000 00:00 0 
7fe85c476000-7fe85c50a000 rw-p 00000000 00:00 0 
7fe85c50a000-7fe85c514000 rw-p 00000000 00:00 0 
7fe85c514000-7fe85c5ca000 rw-p 00000000 00:00 0 
7fe85c5ca000-7fe85c5cf000 rw-p 00000000 00:00 0 
7fe85c5cf000-7fe85c5d0000 r--s 00002000 08:01 15861314                   /usr/lib/jvm/java-7-openjdk-amd64/jre/lib/ext/dnsns.jar
7fe85c5d0000-7fe85c5de000 rw-p 00000000 00:00 0 
7fe85c5de000-7fe85c5e6000 rw-s 00000000 08:01 6029327                    /tmp/hsperfdata_alex/18311
7fe85c5e6000-7fe85c5e7000 rw-p 00000000 00:00 0 
7fe85c5e7000-7fe85c5e8000 r--p 00000000 00:00 0 
7fe85c5e8000-7fe85c5ea000 rw-p 00000000 00:00 0 
7fe85c5ea000-7fe85c5eb000 r--p 00022000 08:01 8130312                    /lib/x86_64-linux-gnu/ld-2.17.so
7fe85c5eb000-7fe85c5ed000 rw-p 00023000 08:01 8130312                    /lib/x86_64-linux-gnu/ld-2.17.so
7fffd1f46000-7fffd1f67000 rw-p 00000000 00:00 0                          [stack]
7fffd1ffe000-7fffd2000000 r-xp 00000000 00:00 0                          [vdso]
ffffffffff600000-ffffffffff601000 r-xp 00000000 00:00 0                  [vsyscall]

VM Arguments:
jvm_args: -Djdk.home= -Djruby.home=/home/alex/.rbenv/versions/jruby-1.7.10 -Djruby.script=jruby -Djruby.shell=/bin/sh -Djffi.boot.library.path=/home/alex/.rbenv/versions/jruby-1.7.10/lib/jni:/home/alex/.rbenv/versions/jruby-1.7.10/lib/jni/i386-Linux:/home/alex/.rbenv/versions/jruby-1.7.10/lib/jni/arm-Linux:/home/alex/.rbenv/versions/jruby-1.7.10/lib/jni/x86_64-Linux -Xmx500m -Xss2048k -Xbootclasspath/a:/home/alex/.rbenv/versions/jruby-1.7.10/lib/jruby.jar 
java_command: org/jruby/Main Makefile.rb clean compile test clean
Launcher Type: SUN_STANDARD

Environment Variables:
PATH=/home/alex/.rbenv/versions/jruby-1.7.10/bin:/home/alex/.rbenv/libexec:/home/alex/.rbenv/plugins/ruby-build/bin:/home/alex/.rbenv/shims:~/.rbenv/bin:~/.rbenv/bin:/usr/local/sbin:/usr/local/bin:/usr/sbin:/usr/bin:/sbin:/bin:/usr/games:/usr/local/games
USERNAME=alex
SHELL=/bin/bash
DISPLAY=:0

Signal Handlers:
SIGSEGV: [libjvm.so+0x916ea0], sa_mask[0]=0x7ffbfeff, sa_flags=0x10000004
SIGBUS: [libjvm.so+0x916ea0], sa_mask[0]=0x7ffbfeff, sa_flags=0x10000004
SIGFPE: [libjvm.so+0x794800], sa_mask[0]=0x7ffbfeff, sa_flags=0x10000004
SIGPIPE: [libjvm.so+0x794800], sa_mask[0]=0x7ffbfeff, sa_flags=0x10000004
SIGXFSZ: [libjvm.so+0x794800], sa_mask[0]=0x7ffbfeff, sa_flags=0x10000004
SIGILL: [libjvm.so+0x794800], sa_mask[0]=0x7ffbfeff, sa_flags=0x10000004
SIGUSR1: SIG_DFL, sa_mask[0]=0x00000000, sa_flags=0x00000000
SIGUSR2: [libjvm.so+0x7946a0], sa_mask[0]=0x00000000, sa_flags=0x10000004
SIGHUP: [libjvm.so+0x794880], sa_mask[0]=0x7ffbfeff, sa_flags=0x10000004
SIGINT: [libjvm.so+0x794880], sa_mask[0]=0x7ffbfeff, sa_flags=0x10000004
SIGTERM: [libjvm.so+0x794880], sa_mask[0]=0x7ffbfeff, sa_flags=0x10000004
SIGQUIT: [libjvm.so+0x794880], sa_mask[0]=0x7ffbfeff, sa_flags=0x10000004


---------------  S Y S T E M  ---------------

OS:LinuxMint 16 (petra)
uname:Linux 3.11.0-12-generic #19-Ubuntu SMP Wed Oct 9 16:20:46 UTC 2013 x86_64
libc:glibc 2.17 NPTL 2.17 
rlimit: STACK 8192k, CORE 0k, NPROC 28798, NOFILE 4096, AS infinity
load average:0,13 0,14 0,23

/proc/meminfo:
MemTotal:        3715476 kB
MemFree:         1274844 kB
Buffers:          183572 kB
Cached:          1085672 kB
SwapCached:            0 kB
Active:          1475308 kB
Inactive:         762460 kB
Active(anon):     970288 kB
Inactive(anon):   191708 kB
Active(file):     505020 kB
Inactive(file):   570752 kB
Unevictable:          52 kB
Mlocked:              52 kB
SwapTotal:       3856380 kB
SwapFree:        3856380 kB
Dirty:               348 kB
Writeback:             4 kB
AnonPages:        968964 kB
Mapped:           196408 kB
Shmem:            193476 kB
Slab:             127560 kB
SReclaimable:     100836 kB
SUnreclaim:        26724 kB
KernelStack:        3608 kB
PageTables:        26248 kB
NFS_Unstable:          0 kB
Bounce:                0 kB
WritebackTmp:          0 kB
CommitLimit:     5714116 kB
Committed_AS:    3543732 kB
VmallocTotal:   34359738367 kB
VmallocUsed:      414316 kB
VmallocChunk:   34359319548 kB
HardwareCorrupted:     0 kB
AnonHugePages:         0 kB
HugePages_Total:       0
HugePages_Free:        0
HugePages_Rsvd:        0
HugePages_Surp:        0
Hugepagesize:       2048 kB
DirectMap4k:       58576 kB
DirectMap2M:     3799040 kB


CPU:total 4 (2 cores per cpu, 2 threads per core) family 6 model 37 stepping 5, cmov, cx8, fxsr, mmx, sse, sse2, sse3, ssse3, sse4.1, sse4.2, popcnt, ht, tsc, tscinvbit

/proc/cpuinfo:
processor	: 0
vendor_id	: GenuineIntel
cpu family	: 6
model		: 37
model name	: Intel(R) Core(TM) i3 CPU       M 380  @ 2.53GHz
stepping	: 5
microcode	: 0x2
cpu MHz		: 1466.000
cache size	: 3072 KB
physical id	: 0
siblings	: 4
core id		: 0
cpu cores	: 2
apicid		: 0
initial apicid	: 0
fpu		: yes
fpu_exception	: yes
cpuid level	: 11
wp		: yes
flags		: fpu vme de pse tsc msr pae mce cx8 apic sep mtrr pge mca cmov pat pse36 clflush dts acpi mmx fxsr sse sse2 ss ht tm pbe syscall nx rdtscp lm constant_tsc arch_perfmon pebs bts rep_good nopl xtopology nonstop_tsc aperfmperf pni dtes64 monitor ds_cpl vmx est tm2 ssse3 cx16 xtpr pdcm pcid sse4_1 sse4_2 popcnt lahf_lm arat dtherm tpr_shadow vnmi flexpriority ept vpid
bogomips	: 5053.98
clflush size	: 64
cache_alignment	: 64
address sizes	: 36 bits physical, 48 bits virtual
power management:

processor	: 1
vendor_id	: GenuineIntel
cpu family	: 6
model		: 37
model name	: Intel(R) Core(TM) i3 CPU       M 380  @ 2.53GHz
stepping	: 5
microcode	: 0x2
cpu MHz		: 2533.000
cache size	: 3072 KB
physical id	: 0
siblings	: 4
core id		: 0
cpu cores	: 2
apicid		: 1
initial apicid	: 1
fpu		: yes
fpu_exception	: yes
cpuid level	: 11
wp		: yes
flags		: fpu vme de pse tsc msr pae mce cx8 apic sep mtrr pge mca cmov pat pse36 clflush dts acpi mmx fxsr sse sse2 ss ht tm pbe syscall nx rdtscp lm constant_tsc arch_perfmon pebs bts rep_good nopl xtopology nonstop_tsc aperfmperf pni dtes64 monitor ds_cpl vmx est tm2 ssse3 cx16 xtpr pdcm pcid sse4_1 sse4_2 popcnt lahf_lm arat dtherm tpr_shadow vnmi flexpriority ept vpid
bogomips	: 5053.98
clflush size	: 64
cache_alignment	: 64
address sizes	: 36 bits physical, 48 bits virtual
power management:

processor	: 2
vendor_id	: GenuineIntel
cpu family	: 6
model		: 37
model name	: Intel(R) Core(TM) i3 CPU       M 380  @ 2.53GHz
stepping	: 5
microcode	: 0x2
cpu MHz		: 2533.000
cache size	: 3072 KB
physical id	: 0
siblings	: 4
core id		: 2
cpu cores	: 2
apicid		: 4
initial apicid	: 4
fpu		: yes
fpu_exception	: yes
cpuid level	: 11
wp		: yes
flags		: fpu vme de pse tsc msr pae mce cx8 apic sep mtrr pge mca cmov pat pse36 clflush dts acpi mmx fxsr sse sse2 ss ht tm pbe syscall nx rdtscp lm constant_tsc arch_perfmon pebs bts rep_good nopl xtopology nonstop_tsc aperfmperf pni dtes64 monitor ds_cpl vmx est tm2 ssse3 cx16 xtpr pdcm pcid sse4_1 sse4_2 popcnt lahf_lm arat dtherm tpr_shadow vnmi flexpriority ept vpid
bogomips	: 5053.98
clflush size	: 64
cache_alignment	: 64
address sizes	: 36 bits physical, 48 bits virtual
power management:

processor	: 3
vendor_id	: GenuineIntel
cpu family	: 6
model		: 37
model name	: Intel(R) Core(TM) i3 CPU       M 380  @ 2.53GHz
stepping	: 5
microcode	: 0x2
cpu MHz		: 2533.000
cache size	: 3072 KB
physical id	: 0
siblings	: 4
core id		: 2
cpu cores	: 2
apicid		: 5
initial apicid	: 5
fpu		: yes
fpu_exception	: yes
cpuid level	: 11
wp		: yes
flags		: fpu vme de pse tsc msr pae mce cx8 apic sep mtrr pge mca cmov pat pse36 clflush dts acpi mmx fxsr sse sse2 ss ht tm pbe syscall nx rdtscp lm constant_tsc arch_perfmon pebs bts rep_good nopl xtopology nonstop_tsc aperfmperf pni dtes64 monitor ds_cpl vmx est tm2 ssse3 cx16 xtpr pdcm pcid sse4_1 sse4_2 popcnt lahf_lm arat dtherm tpr_shadow vnmi flexpriority ept vpid
bogomips	: 5053.98
clflush size	: 64
cache_alignment	: 64
address sizes	: 36 bits physical, 48 bits virtual
power management:



Memory: 4k page, physical 3715476k(1274844k free), swap 3856380k(3856380k free)

vm_info: OpenJDK 64-Bit Server VM (24.45-b08) for linux-amd64 JRE (1.7.0_51-b00), built on Jan 15 2014 22:02:57 by "buildd" with gcc 4.8.1

time: Fri May 30 18:57:45 2014
elapsed time: 3 seconds

