#
# A fatal error has been detected by the Java Runtime Environment:
#
#  SIGSEGV (0xb) at pc=0x00007f4cc1856b80, pid=24323, tid=139967955117824
#
# JRE version: OpenJDK Runtime Environment (7.0_51) (build 1.7.0_51-b00)
# Java VM: OpenJDK 64-Bit Server VM (24.45-b08 mixed mode linux-amd64 compressed oops)
# Problematic frame:
# C  [librange_tree.so+0x1b80]  aux_range_query+0x23f
#
# Failed to write core dump. Core dumps have been disabled. To enable core dumping, try "ulimit -c unlimited" before starting Java again
#
# If you would like to submit a bug report, please include
# instructions on how to reproduce the bug and visit:
#   http://icedtea.classpath.org/bugzilla
# The crash happened outside the Java Virtual Machine in native code.
# See problematic frame for where to report the bug.
#

---------------  T H R E A D  ---------------

Current thread (0x00007f4cd000a800):  JavaThread "main" [_thread_in_native, id=24348, stack(0x00007f4cd41ea000,0x00007f4cd43eb000)]

siginfo:si_signo=SIGSEGV: si_errno=0, si_code=1 (SEGV_MAPERR), si_addr=0x0000000000000018

Registers:
RAX=0x0000000000000000, RBX=0x0000000000000001, RCX=0x00007f4cd0000020, RDX=0x00007f4cc1c5c100
RSP=0x00007f4cd43e7370, RBP=0x00007f4cd43e73e0, RSI=0x0000000000000000, RDI=0x00007f4cd06b7ba0
R8 =0x0000000000000003, R9 =0x0000000000000018, R10=0x0000000000000f21, R11=0x00007f4cd0000078
R12=0x0000000000000008, R13=0x0000000000000005, R14=0x00007f4cd43e75b0, R15=0x00007f4cd43e7440
RIP=0x00007f4cc1856b80, EFLAGS=0x0000000000010202, CSGSFS=0x0000000000000033, ERR=0x0000000000000004
  TRAPNO=0x000000000000000e

Top of Stack: (sp=0x00007f4cd43e7370)
0x00007f4cd43e7370:   0000000000000004 40b60d0000000000
0x00007f4cd43e7380:   00007f4cd06c7e50 40c2268000000000
0x00007f4cd43e7390:   40b60d0000000000 40c2150000000000
0x00007f4cd43e73a0:   40a88a0000000000 00007f4cd06ab6c0
0x00007f4cd43e73b0:   0000000000000001 00007f4cd06b7ba0
0x00007f4cd43e73c0:   00007f4cd06ae670 00007f4cc1c5db27
0x00007f4cd43e73d0:   40c2150000000000 0000000000000001
0x00007f4cd43e73e0:   00007f4cd43e7430 00007f4cc1856d27
0x00007f4cd43e73f0:   40a88a0000000000 40c2268000000000
0x00007f4cd43e7400:   40b60d0000000000 40c2150000000000
0x00007f4cd43e7410:   40a88a0000000000 00007f4cd06ab6c0
0x00007f4cd43e7420:   00007f4cd43e7430 00007f4cd06c7e50
0x00007f4cd43e7430:   00007f4cd43e7440 00007f4cc28ada78
0x00007f4cd43e7440:   000000000000080e 00007f4cd43e7680
0x00007f4cd43e7450:   00007f4cd43e7530 00007f4cc28ad901
0x00007f4cd43e7460:   0000000000000000 00007f4cd43e7480
0x00007f4cd43e7470:   00007f4cd43e7390 00007f4cd43e74e0
0x00007f4cd43e7480:   00007f4cd43e74f0 00007f4cd43e74e0
0x00007f4cd43e7490:   00007f4cd43e74f4 00007f4cd43e7550
0x00007f4cd43e74a0:   00007f4cd43e7680 00007f4cc1856c73
0x00007f4cd43e74b0:   00007f4cd044d760 00007f4cd0424ae0
0x00007f4cd43e74c0:   0000000400000001 0000000500000005
0x00007f4cd43e74d0:   00007f4cd43e7390 00000001cbf7a233
0x00007f4cd43e74e0:   0000000000000005 0000000000000000
0x00007f4cd43e74f0:   0000000000000001 f80ef9a18f165900
0x00007f4cd43e7500:   00007f4cd000a800 00007f4cd43e7590
0x00007f4cd43e7510:   0000000000000000 0000000000000000
0x00007f4cd43e7520:   00007f4cd43e7748 00007f4cd000a800
0x00007f4cd43e7530:   00007f4cd43e7660 00007f4cc28aaddc
0x00007f4cd43e7540:   00000000f704b790 00007f4cd43e7590
0x00007f4cd43e7550:   00007f4cd43e7590 00007f4cd43e7598
0x00007f4cd43e7560:   00007f4cd43e75a0 00007f4cd43e75a8 

Instructions: (pc=0x00007f4cc1856b80)
0x00007f4cc1856b60:   48 89 45 d8 eb 5e 48 8b 45 d8 48 8b 00 f2 0f 10
0x00007f4cc1856b70:   00 66 0f 2e 45 c0 72 40 48 8b 45 d8 48 8b 40 10
0x00007f4cc1856b80:   48 8b 48 18 48 8b 75 a0 48 8b 55 a8 48 8b 45 b0
0x00007f4cc1856b90:   48 89 55 98 f2 0f 10 4d 98 48 89 45 98 f2 0f 10 

Register to memory mapping:

RAX=0x0000000000000000 is an unknown value
RBX=0x0000000000000001 is an unknown value
RCX=0x00007f4cd0000020 is an unknown value
RDX=0x00007f4cc1c5c100: sentinel+0 in lib/librb_tree.so at 0x00007f4cc1a59000
RSP=0x00007f4cd43e7370 is pointing into the stack for thread: 0x00007f4cd000a800
RBP=0x00007f4cd43e73e0 is pointing into the stack for thread: 0x00007f4cd000a800
RSI=0x0000000000000000 is an unknown value
RDI=0x00007f4cd06b7ba0 is an unknown value
R8 =0x0000000000000003 is an unknown value
R9 =0x0000000000000018 is an unknown value
R10=0x0000000000000f21 is an unknown value
R11=0x00007f4cd0000078 is an unknown value
R12=0x0000000000000008 is an unknown value
R13=0x0000000000000005 is an unknown value
R14=0x00007f4cd43e75b0 is pointing into the stack for thread: 0x00007f4cd000a800
R15=0x00007f4cd43e7440 is pointing into the stack for thread: 0x00007f4cd000a800


Stack: [0x00007f4cd41ea000,0x00007f4cd43eb000],  sp=0x00007f4cd43e7370,  free space=2036k
Native frames: (J=compiled Java code, j=interpreted, Vv=VM code, C=native code)
C  [librange_tree.so+0x1b80]  aux_range_query+0x23f
C  [librange_tree.so+0x1d27]  two_d_range_query+0xb4
C  [libjffi-1.2.so+0xda78]  ffi_call_unix64+0x4c

Java frames: (J=compiled Java code, j=interpreted, Vv=VM code)
j  com.kenai.jffi.Foreign.invokeArrayReturnLong(JJ[B)J+0
j  com.kenai.jffi.Invoker.invokeLong(Lcom/kenai/jffi/CallContext;JLcom/kenai/jffi/HeapInvocationBuffer;)J+38
j  com.kenai.jffi.Invoker$LP64.invokeAddress(Lcom/kenai/jffi/CallContext;JLcom/kenai/jffi/HeapInvocationBuffer;)J+5
j  com.kenai.jffi.Invoker.invokeAddress(Lcom/kenai/jffi/Function;Lcom/kenai/jffi/HeapInvocationBuffer;)J+10
j  org.jruby.ext.ffi.jffi.DefaultMethodFactory$Pointer64Invoker.invoke(Lorg/jruby/runtime/ThreadContext;Lcom/kenai/jffi/Function;Lcom/kenai/jffi/HeapInvocationBuffer;)Lorg/jruby/runtime/builtin/IRubyObject;+6
j  org.jruby.ext.ffi.jffi.DefaultMethodFactory$ConvertingInvoker.invoke(Lorg/jruby/runtime/ThreadContext;Lcom/kenai/jffi/Function;Lcom/kenai/jffi/HeapInvocationBuffer;)Lorg/jruby/runtime/builtin/IRubyObject;+12
j  org.jruby.ext.ffi.jffi.BufferNativeInvoker.call(Lorg/jruby/runtime/ThreadContext;Lorg/jruby/runtime/builtin/IRubyObject;Lorg/jruby/RubyModule;Ljava/lang/String;[Lorg/jruby/runtime/builtin/IRubyObject;)Lorg/jruby/runtime/builtin/IRubyObject;+160
j  org.jruby.ext.ffi.jffi.DefaultMethod.call(Lorg/jruby/runtime/ThreadContext;Lorg/jruby/runtime/builtin/IRubyObject;Lorg/jruby/RubyModule;Ljava/lang/String;[Lorg/jruby/runtime/builtin/IRubyObject;)Lorg/jruby/runtime/builtin/IRubyObject;+11
j  org.jruby.runtime.callsite.CachingCallSite.call(Lorg/jruby/runtime/ThreadContext;Lorg/jruby/runtime/builtin/IRubyObject;Lorg/jruby/runtime/builtin/IRubyObject;[Lorg/jruby/runtime/builtin/IRubyObject;)Lorg/jruby/runtime/builtin/IRubyObject;+38
j  org.jruby.ast.CallManyArgsNode.interpret(Lorg/jruby/Ruby;Lorg/jruby/runtime/ThreadContext;Lorg/jruby/runtime/builtin/IRubyObject;Lorg/jruby/runtime/Block;)Lorg/jruby/runtime/builtin/IRubyObject;+41
j  org.jruby.ast.DAsgnNode.interpret(Lorg/jruby/Ruby;Lorg/jruby/runtime/ThreadContext;Lorg/jruby/runtime/builtin/IRubyObject;Lorg/jruby/runtime/Block;)Lorg/jruby/runtime/builtin/IRubyObject;+17
J  org.jruby.runtime.Interpreted19Block.yield(Lorg/jruby/runtime/ThreadContext;Lorg/jruby/runtime/builtin/IRubyObject;Lorg/jruby/runtime/Binding;Lorg/jruby/runtime/Block$Type;)Lorg/jruby/runtime/builtin/IRubyObject;
j  org.jruby.runtime.Interpreted19Block.yieldSpecific(Lorg/jruby/runtime/ThreadContext;Lorg/jruby/runtime/Binding;Lorg/jruby/runtime/Block$Type;)Lorg/jruby/runtime/builtin/IRubyObject;+5
j  org.jruby.runtime.Block.yieldSpecific(Lorg/jruby/runtime/ThreadContext;)Lorg/jruby/runtime/builtin/IRubyObject;+13
j  org.jruby.RubyFixnum.times(Lorg/jruby/runtime/ThreadContext;Lorg/jruby/runtime/Block;)Lorg/jruby/runtime/builtin/IRubyObject;+102
j  org.jruby.RubyFixnum$INVOKER$i$0$0$times.call(Lorg/jruby/runtime/ThreadContext;Lorg/jruby/runtime/builtin/IRubyObject;Lorg/jruby/RubyModule;Ljava/lang/String;Lorg/jruby/runtime/Block;)Lorg/jruby/runtime/builtin/IRubyObject;+7
j  org.jruby.internal.runtime.methods.JavaMethod$JavaMethodZeroBlock.call(Lorg/jruby/runtime/ThreadContext;Lorg/jruby/runtime/builtin/IRubyObject;Lorg/jruby/RubyModule;Ljava/lang/String;[Lorg/jruby/runtime/builtin/IRubyObject;Lorg/jruby/runtime/Block;)Lorg/jruby/runtime/builtin/IRubyObject;+27
j  org.jruby.RubyClass.finvoke(Lorg/jruby/runtime/ThreadContext;Lorg/jruby/runtime/builtin/IRubyObject;Ljava/lang/String;[Lorg/jruby/runtime/builtin/IRubyObject;Lorg/jruby/runtime/Block;)Lorg/jruby/runtime/builtin/IRubyObject;+64
j  org.jruby.runtime.Helpers.invoke(Lorg/jruby/runtime/ThreadContext;Lorg/jruby/runtime/builtin/IRubyObject;Ljava/lang/String;[Lorg/jruby/runtime/builtin/IRubyObject;Lorg/jruby/runtime/Block;)Lorg/jruby/runtime/builtin/IRubyObject;+12
j  org.jruby.RubyBasicObject.callMethod(Lorg/jruby/runtime/ThreadContext;Ljava/lang/String;[Lorg/jruby/runtime/builtin/IRubyObject;Lorg/jruby/runtime/Block;)Lorg/jruby/runtime/builtin/IRubyObject;+6
j  org.jruby.RubyEnumerator.each(Lorg/jruby/runtime/ThreadContext;Lorg/jruby/runtime/Block;)Lorg/jruby/runtime/builtin/IRubyObject;+14
j  org.jruby.RubyEnumerator$INVOKER$i$each.call(Lorg/jruby/runtime/ThreadContext;Lorg/jruby/runtime/builtin/IRubyObject;Lorg/jruby/RubyModule;Ljava/lang/String;Lorg/jruby/runtime/Block;)Lorg/jruby/runtime/builtin/IRubyObject;+7
j  org.jruby.runtime.callsite.CachingCallSite.cacheAndCall(Lorg/jruby/runtime/builtin/IRubyObject;Lorg/jruby/RubyClass;Lorg/jruby/runtime/Block;Lorg/jruby/runtime/ThreadContext;Lorg/jruby/runtime/builtin/IRubyObject;)Lorg/jruby/runtime/builtin/IRubyObject;+57
j  org.jruby.runtime.callsite.CachingCallSite.callBlock(Lorg/jruby/runtime/ThreadContext;Lorg/jruby/runtime/builtin/IRubyObject;Lorg/jruby/runtime/builtin/IRubyObject;Lorg/jruby/runtime/Block;)Lorg/jruby/runtime/builtin/IRubyObject;+50
j  org.jruby.runtime.callsite.CachingCallSite.callIter(Lorg/jruby/runtime/ThreadContext;Lorg/jruby/runtime/builtin/IRubyObject;Lorg/jruby/runtime/builtin/IRubyObject;Lorg/jruby/runtime/Block;)Lorg/jruby/runtime/builtin/IRubyObject;+6
j  org.jruby.ast.CallNoArgBlockNode.interpret(Lorg/jruby/Ruby;Lorg/jruby/runtime/ThreadContext;Lorg/jruby/runtime/builtin/IRubyObject;Lorg/jruby/runtime/Block;)Lorg/jruby/runtime/builtin/IRubyObject;+35
J  org.jruby.ast.BlockNode.interpret(Lorg/jruby/Ruby;Lorg/jruby/runtime/ThreadContext;Lorg/jruby/runtime/builtin/IRubyObject;Lorg/jruby/runtime/Block;)Lorg/jruby/runtime/builtin/IRubyObject;
j  org.jruby.evaluator.ASTInterpreter.INTERPRET_METHOD(Lorg/jruby/Ruby;Lorg/jruby/runtime/ThreadContext;Ljava/lang/String;ILorg/jruby/RubyModule;Lorg/jruby/ast/Node;Ljava/lang/String;Lorg/jruby/runtime/builtin/IRubyObject;Lorg/jruby/runtime/Block;Z)Lorg/jruby/runtime/builtin/IRubyObject;+30
j  org.jruby.internal.runtime.methods.InterpretedMethod.call(Lorg/jruby/runtime/ThreadContext;Lorg/jruby/runtime/builtin/IRubyObject;Lorg/jruby/RubyModule;Ljava/lang/String;)Lorg/jruby/runtime/builtin/IRubyObject;+80
j  org.jruby.internal.runtime.methods.DefaultMethod.call(Lorg/jruby/runtime/ThreadContext;Lorg/jruby/runtime/builtin/IRubyObject;Lorg/jruby/RubyModule;Ljava/lang/String;)Lorg/jruby/runtime/builtin/IRubyObject;+20
J  org.jruby.ast.CallNoArgNode.interpret(Lorg/jruby/Ruby;Lorg/jruby/runtime/ThreadContext;Lorg/jruby/runtime/builtin/IRubyObject;Lorg/jruby/runtime/Block;)Lorg/jruby/runtime/builtin/IRubyObject;
j  org.jruby.ast.FCallTwoArgNode.interpret(Lorg/jruby/Ruby;Lorg/jruby/runtime/ThreadContext;Lorg/jruby/runtime/builtin/IRubyObject;Lorg/jruby/runtime/Block;)Lorg/jruby/runtime/builtin/IRubyObject;+28
J  org.jruby.ast.BlockNode.interpret(Lorg/jruby/Ruby;Lorg/jruby/runtime/ThreadContext;Lorg/jruby/runtime/builtin/IRubyObject;Lorg/jruby/runtime/Block;)Lorg/jruby/runtime/builtin/IRubyObject;
j  org.jruby.evaluator.ASTInterpreter.INTERPRET_METHOD(Lorg/jruby/Ruby;Lorg/jruby/runtime/ThreadContext;Ljava/lang/String;ILorg/jruby/RubyModule;Lorg/jruby/ast/Node;Ljava/lang/String;Lorg/jruby/runtime/builtin/IRubyObject;Lorg/jruby/runtime/Block;Z)Lorg/jruby/runtime/builtin/IRubyObject;+30
j  org.jruby.internal.runtime.methods.InterpretedMethod.call(Lorg/jruby/runtime/ThreadContext;Lorg/jruby/runtime/builtin/IRubyObject;Lorg/jruby/RubyModule;Ljava/lang/String;)Lorg/jruby/runtime/builtin/IRubyObject;+80
j  org.jruby.internal.runtime.methods.DefaultMethod.call(Lorg/jruby/runtime/ThreadContext;Lorg/jruby/runtime/builtin/IRubyObject;Lorg/jruby/RubyModule;Ljava/lang/String;)Lorg/jruby/runtime/builtin/IRubyObject;+20
j  org.jruby.runtime.callsite.CachingCallSite.cacheAndCall(Lorg/jruby/runtime/builtin/IRubyObject;Lorg/jruby/RubyClass;Lorg/jruby/runtime/ThreadContext;Lorg/jruby/runtime/builtin/IRubyObject;)Lorg/jruby/runtime/builtin/IRubyObject;+53
j  org.jruby.runtime.callsite.CachingCallSite.call(Lorg/jruby/runtime/ThreadContext;Lorg/jruby/runtime/builtin/IRubyObject;Lorg/jruby/runtime/builtin/IRubyObject;)Lorg/jruby/runtime/builtin/IRubyObject;+46
j  Makefile.method__2$RUBY$test(LMakefile;Lorg/jruby/runtime/ThreadContext;Lorg/jruby/runtime/builtin/IRubyObject;Lorg/jruby/runtime/Block;)Lorg/jruby/runtime/builtin/IRubyObject;+130
j  Makefile$method__2$RUBY$test.call(Lorg/jruby/runtime/ThreadContext;Lorg/jruby/runtime/builtin/IRubyObject;Lorg/jruby/RubyModule;Ljava/lang/String;Lorg/jruby/runtime/Block;)Lorg/jruby/runtime/builtin/IRubyObject;+17
j  org.jruby.RubyClass.finvoke(Lorg/jruby/runtime/ThreadContext;Lorg/jruby/runtime/builtin/IRubyObject;Ljava/lang/String;Lorg/jruby/runtime/Block;)Lorg/jruby/runtime/builtin/IRubyObject;+41
j  org.jruby.RubyBasicObject.send19(Lorg/jruby/runtime/ThreadContext;Lorg/jruby/runtime/builtin/IRubyObject;Lorg/jruby/runtime/Block;)Lorg/jruby/runtime/builtin/IRubyObject;+15
j  org.jruby.RubyKernel.send19(Lorg/jruby/runtime/ThreadContext;Lorg/jruby/runtime/builtin/IRubyObject;Lorg/jruby/runtime/builtin/IRubyObject;Lorg/jruby/runtime/Block;)Lorg/jruby/runtime/builtin/IRubyObject;+7
j  org.jruby.RubyKernel$INVOKER$s$send19.call(Lorg/jruby/runtime/ThreadContext;Lorg/jruby/runtime/builtin/IRubyObject;Lorg/jruby/RubyModule;Ljava/lang/String;Lorg/jruby/runtime/builtin/IRubyObject;Lorg/jruby/runtime/Block;)Lorg/jruby/runtime/builtin/IRubyObject;+6
j  org.jruby.internal.runtime.methods.JavaMethod$JavaMethodOneOrNBlock.call(Lorg/jruby/runtime/ThreadContext;Lorg/jruby/runtime/builtin/IRubyObject;Lorg/jruby/RubyModule;Ljava/lang/String;Lorg/jruby/runtime/builtin/IRubyObject;)Lorg/jruby/runtime/builtin/IRubyObject;+11
j  org.jruby.runtime.callsite.CachingCallSite.call(Lorg/jruby/runtime/ThreadContext;Lorg/jruby/runtime/builtin/IRubyObject;Lorg/jruby/runtime/builtin/IRubyObject;Lorg/jruby/runtime/builtin/IRubyObject;)Lorg/jruby/runtime/builtin/IRubyObject;+38
j  Makefile.block_7$RUBY$__file__(LMakefile;Lorg/jruby/runtime/ThreadContext;Lorg/jruby/runtime/builtin/IRubyObject;[Lorg/jruby/runtime/builtin/IRubyObject;Lorg/jruby/runtime/Block;)Lorg/jruby/runtime/builtin/IRubyObject;+46
j  Makefile$block_7$RUBY$__file__.call(Lorg/jruby/runtime/ThreadContext;Lorg/jruby/runtime/builtin/IRubyObject;[Lorg/jruby/runtime/builtin/IRubyObject;Lorg/jruby/runtime/Block;)Lorg/jruby/runtime/builtin/IRubyObject;+9
j  org.jruby.runtime.CompiledBlock19.yield(Lorg/jruby/runtime/ThreadContext;Lorg/jruby/runtime/builtin/IRubyObject;Lorg/jruby/runtime/Binding;Lorg/jruby/runtime/Block$Type;)Lorg/jruby/runtime/builtin/IRubyObject;+52
j  org.jruby.runtime.Block.yield(Lorg/jruby/runtime/ThreadContext;Lorg/jruby/runtime/builtin/IRubyObject;)Lorg/jruby/runtime/builtin/IRubyObject;+14
j  org.jruby.RubyArray.eachCommon(Lorg/jruby/runtime/ThreadContext;Lorg/jruby/runtime/Block;)Lorg/jruby/runtime/builtin/IRubyObject;+41
j  org.jruby.RubyArray.each(Lorg/jruby/runtime/ThreadContext;Lorg/jruby/runtime/Block;)Lorg/jruby/runtime/builtin/IRubyObject;+10
j  org.jruby.RubyArray$INVOKER$i$0$0$each.call(Lorg/jruby/runtime/ThreadContext;Lorg/jruby/runtime/builtin/IRubyObject;Lorg/jruby/RubyModule;Ljava/lang/String;Lorg/jruby/runtime/Block;)Lorg/jruby/runtime/builtin/IRubyObject;+7
j  org.jruby.runtime.callsite.CachingCallSite.cacheAndCall(Lorg/jruby/runtime/builtin/IRubyObject;Lorg/jruby/RubyClass;Lorg/jruby/runtime/Block;Lorg/jruby/runtime/ThreadContext;Lorg/jruby/runtime/builtin/IRubyObject;)Lorg/jruby/runtime/builtin/IRubyObject;+57
j  org.jruby.runtime.callsite.CachingCallSite.callBlock(Lorg/jruby/runtime/ThreadContext;Lorg/jruby/runtime/builtin/IRubyObject;Lorg/jruby/runtime/builtin/IRubyObject;Lorg/jruby/runtime/Block;)Lorg/jruby/runtime/builtin/IRubyObject;+50
j  org.jruby.runtime.callsite.CachingCallSite.callIter(Lorg/jruby/runtime/ThreadContext;Lorg/jruby/runtime/builtin/IRubyObject;Lorg/jruby/runtime/builtin/IRubyObject;Lorg/jruby/runtime/Block;)Lorg/jruby/runtime/builtin/IRubyObject;+6
j  Makefile.__file__(LMakefile;Lorg/jruby/runtime/ThreadContext;Lorg/jruby/runtime/builtin/IRubyObject;[Lorg/jruby/runtime/builtin/IRubyObject;Lorg/jruby/runtime/Block;)Lorg/jruby/runtime/builtin/IRubyObject;+907
j  Makefile.load(Lorg/jruby/runtime/ThreadContext;Lorg/jruby/runtime/builtin/IRubyObject;Z)Lorg/jruby/runtime/builtin/IRubyObject;+22
j  org.jruby.Ruby.runScript(Lorg/jruby/ast/executable/Script;Z)Lorg/jruby/runtime/builtin/IRubyObject;+12
j  org.jruby.Ruby.runScript(Lorg/jruby/ast/executable/Script;)Lorg/jruby/runtime/builtin/IRubyObject;+3
j  org.jruby.Ruby.runNormally(Lorg/jruby/ast/Node;)Lorg/jruby/runtime/builtin/IRubyObject;+73
j  org.jruby.Ruby.runFromMain(Ljava/io/InputStream;Ljava/lang/String;)V+320
j  org.jruby.Main.doRunFromMain(Lorg/jruby/Ruby;Ljava/io/InputStream;Ljava/lang/String;)Lorg/jruby/Main$Status;+12
j  org.jruby.Main.internalRun()Lorg/jruby/Main$Status;+234
j  org.jruby.Main.run([Ljava/lang/String;)Lorg/jruby/Main$Status;+9
j  org.jruby.Main.main([Ljava/lang/String;)V+35
v  ~StubRoutines::call_stub

---------------  P R O C E S S  ---------------

Java Threads: ( => current thread )
  0x00007f4cd045c000 JavaThread "ReferenceReaper" daemon [_thread_blocked, id=24448, stack(0x00007f4cc2063000,0x00007f4cc2264000)]
  0x00007f4cd0436000 JavaThread "JRubyJIT-2" daemon [_thread_blocked, id=24447, stack(0x00007f4cc2264000,0x00007f4cc2465000)]
  0x00007f4cd0428000 JavaThread "process reaper" daemon [_thread_blocked, id=24364, stack(0x00007f4cc2666000,0x00007f4cc269f000)]
  0x00007f4cd041b800 JavaThread "JRubyJIT-1" daemon [_thread_blocked, id=24361, stack(0x00007f4cc269f000,0x00007f4cc28a0000)]
  0x00007f4cd00ae000 JavaThread "Service Thread" daemon [_thread_blocked, id=24359, stack(0x00007f4cc8341000,0x00007f4cc8542000)]
  0x00007f4cd00ab800 JavaThread "C2 CompilerThread1" daemon [_thread_in_native, id=24358, stack(0x00007f4cc8542000,0x00007f4cc8643000)]
  0x00007f4cd00a8800 JavaThread "C2 CompilerThread0" daemon [_thread_in_native, id=24357, stack(0x00007f4cc8643000,0x00007f4cc8744000)]
  0x00007f4cd00a6800 JavaThread "Signal Dispatcher" daemon [_thread_blocked, id=24356, stack(0x00007f4cc8744000,0x00007f4cc8945000)]
  0x00007f4cd0082800 JavaThread "Finalizer" daemon [_thread_blocked, id=24355, stack(0x00007f4cc8d3f000,0x00007f4cc8f40000)]
  0x00007f4cd0080800 JavaThread "Reference Handler" daemon [_thread_blocked, id=24354, stack(0x00007f4cc8f40000,0x00007f4cc9141000)]
=>0x00007f4cd000a800 JavaThread "main" [_thread_in_native, id=24348, stack(0x00007f4cd41ea000,0x00007f4cd43eb000)]

Other Threads:
  0x00007f4cd007c800 VMThread [stack: 0x00007f4cc9141000,0x00007f4cc9242000] [id=24353]
  0x00007f4cd00b8800 WatcherThread [stack: 0x00007f4cc8240000,0x00007f4cc8341000] [id=24360]

VM state:not at safepoint (normal execution)

VM Mutex/Monitor currently owned by a thread: None

Heap
 PSYoungGen      total 32768K, used 26093K [0x00000000f5900000, 0x00000000f7b00000, 0x0000000100000000)
  eden space 30720K, 78% used [0x00000000f5900000,0x00000000f7082288,0x00000000f7700000)
  from space 2048K, 98% used [0x00000000f7900000,0x00000000f7af9518,0x00000000f7b00000)
  to   space 2048K, 0% used [0x00000000f7700000,0x00000000f7700000,0x00000000f7900000)
 ParOldGen       total 38400K, used 5919K [0x00000000e0c00000, 0x00000000e3180000, 0x00000000f5900000)
  object space 38400K, 15% used [0x00000000e0c00000,0x00000000e11c7f28,0x00000000e3180000)
 PSPermGen       total 25600K, used 25478K [0x00000000d6600000, 0x00000000d7f00000, 0x00000000e0c00000)
  object space 25600K, 99% used [0x00000000d6600000,0x00000000d7ee1950,0x00000000d7f00000)

Card table byte_map: [0x00007f4cd409c000,0x00007f4cd41ea000] byte_map_base: 0x00007f4cd39e9000

Polling page: 0x00007f4cd67f8000

Code Cache  [0x00007f4ccbf74000, 0x00007f4ccc1e4000, 0x00007f4ccef74000)
 total_blobs=974 nmethods=495 adapters=433 free_code_cache=47490Kb largest_free_block=48467648

Compilation events (10 events):
Event: 4,051 Thread 0x00007f4cd00ab800 nmethod 508 0x00007f4ccc008350 code [0x00007f4ccc008480, 0x00007f4ccc0084f8]
Event: 4,051 Thread 0x00007f4cd00ab800  510             org.jruby.RubyRandom::getDefaultRand (8 bytes)
Event: 4,051 Thread 0x00007f4cd00ab800 nmethod 510 0x00007f4ccc138010 code [0x00007f4ccc138140, 0x00007f4ccc1381b8]
Event: 4,052 Thread 0x00007f4cd00ab800  511             org.jruby.Ruby::getDefaultRand (5 bytes)
Event: 4,052 Thread 0x00007f4cd00ab800 nmethod 511 0x00007f4ccc139990 code [0x00007f4ccc139ac0, 0x00007f4ccc139b18]
Event: 4,056 Thread 0x00007f4cd00a8800 nmethod 509 0x00007f4ccc04e590 code [0x00007f4ccc04e740, 0x00007f4ccc04ea78]
Event: 4,064 Thread 0x00007f4cd00ab800  512             org.jruby.runtime.Block::yield (18 bytes)
Event: 4,067 Thread 0x00007f4cd00ab800 nmethod 512 0x00007f4ccbff2b90 code [0x00007f4ccbff2d00, 0x00007f4ccbff2f28]
Event: 4,068 Thread 0x00007f4cd00a8800  513             org.jruby.internal.runtime.methods.DynamicMethod::call (15 bytes)
Event: 4,072 Thread 0x00007f4cd00ab800  514             org.jruby.runtime.callsite.CachingCallSite::callBlock (58 bytes)

GC Heap History (4 events):
Event: 1,350 GC heap before
{Heap before GC invocations=1 (full 0):
 PSYoungGen      total 17408K, used 15360K [0x00000000f5900000, 0x00000000f6c00000, 0x0000000100000000)
  eden space 15360K, 100% used [0x00000000f5900000,0x00000000f6800000,0x00000000f6800000)
  from space 2048K, 0% used [0x00000000f6a00000,0x00000000f6a00000,0x00000000f6c00000)
  to   space 2048K, 0% used [0x00000000f6800000,0x00000000f6800000,0x00000000f6a00000)
 ParOldGen       total 38400K, used 0K [0x00000000e0c00000, 0x00000000e3180000, 0x00000000f5900000)
  object space 38400K, 0% used [0x00000000e0c00000,0x00000000e0c00000,0x00000000e3180000)
 PSPermGen       total 21504K, used 18949K [0x00000000d6600000, 0x00000000d7b00000, 0x00000000e0c00000)
  object space 21504K, 88% used [0x00000000d6600000,0x00000000d78816c8,0x00000000d7b00000)
Event: 1,367 GC heap after
Heap after GC invocations=1 (full 0):
 PSYoungGen      total 17408K, used 2037K [0x00000000f5900000, 0x00000000f7b00000, 0x0000000100000000)
  eden space 15360K, 0% used [0x00000000f5900000,0x00000000f5900000,0x00000000f6800000)
  from space 2048K, 99% used [0x00000000f6800000,0x00000000f69fd4d8,0x00000000f6a00000)
  to   space 2048K, 0% used [0x00000000f7900000,0x00000000f7900000,0x00000000f7b00000)
 ParOldGen       total 38400K, used 3780K [0x00000000e0c00000, 0x00000000e3180000, 0x00000000f5900000)
  object space 38400K, 9% used [0x00000000e0c00000,0x00000000e0fb1130,0x00000000e3180000)
 PSPermGen       total 21504K, used 18949K [0x00000000d6600000, 0x00000000d7b00000, 0x00000000e0c00000)
  object space 21504K, 88% used [0x00000000d6600000,0x00000000d78816c8,0x00000000d7b00000)
}
Event: 2,369 GC heap before
{Heap before GC invocations=2 (full 0):
 PSYoungGen      total 17408K, used 17397K [0x00000000f5900000, 0x00000000f7b00000, 0x0000000100000000)
  eden space 15360K, 100% used [0x00000000f5900000,0x00000000f6800000,0x00000000f6800000)
  from space 2048K, 99% used [0x00000000f6800000,0x00000000f69fd4d8,0x00000000f6a00000)
  to   space 2048K, 0% used [0x00000000f7900000,0x00000000f7900000,0x00000000f7b00000)
 ParOldGen       total 38400K, used 3780K [0x00000000e0c00000, 0x00000000e3180000, 0x00000000f5900000)
  object space 38400K, 9% used [0x00000000e0c00000,0x00000000e0fb1130,0x00000000e3180000)
 PSPermGen       total 23552K, used 23439K [0x00000000d6600000, 0x00000000d7d00000, 0x00000000e0c00000)
  object space 23552K, 99% used [0x00000000d6600000,0x00000000d7ce3cc0,0x00000000d7d00000)
Event: 2,384 GC heap after
Heap after GC invocations=2 (full 0):
 PSYoungGen      total 32768K, used 2021K [0x00000000f5900000, 0x00000000f7b00000, 0x0000000100000000)
  eden space 30720K, 0% used [0x00000000f5900000,0x00000000f5900000,0x00000000f7700000)
  from space 2048K, 98% used [0x00000000f7900000,0x00000000f7af9518,0x00000000f7b00000)
  to   space 2048K, 0% used [0x00000000f7700000,0x00000000f7700000,0x00000000f7900000)
 ParOldGen       total 38400K, used 5919K [0x00000000e0c00000, 0x00000000e3180000, 0x00000000f5900000)
  object space 38400K, 15% used [0x00000000e0c00000,0x00000000e11c7f28,0x00000000e3180000)
 PSPermGen       total 23552K, used 23439K [0x00000000d6600000, 0x00000000d7d00000, 0x00000000e0c00000)
  object space 23552K, 99% used [0x00000000d6600000,0x00000000d7ce3cc0,0x00000000d7d00000)
}

Deoptimization events (10 events):
Event: 3,835 Thread 0x00007f4cd000a800 Uncommon trap: reason=class_check action=maybe_recompile pc=0x00007f4ccc0d0878 method=org.jruby.RubyArray.compare(Lorg/jruby/runtime/ThreadContext;Lorg/jruby/runtime/invokedynamic/MethodNames;Lorg/jruby/runtime/builtin/IRubyObject;)Lorg/jruby/RubyBoolean;
Event: 3,864 Thread 0x00007f4cd000a800 Uncommon trap: reason=array_check action=maybe_recompile pc=0x00007f4ccc126ba4 method=org.jruby.util.Qsort.swap([Ljava/lang/Object;II)V @ 9
Event: 3,866 Thread 0x00007f4cd000a800 Uncommon trap: reason=array_check action=maybe_recompile pc=0x00007f4ccc126ba4 method=org.jruby.util.Qsort.swap([Ljava/lang/Object;II)V @ 9
Event: 3,867 Thread 0x00007f4cd000a800 Uncommon trap: reason=array_check action=maybe_recompile pc=0x00007f4ccc126ba4 method=org.jruby.util.Qsort.swap([Ljava/lang/Object;II)V @ 9
Event: 3,867 Thread 0x00007f4cd000a800 Uncommon trap: reason=array_check action=maybe_recompile pc=0x00007f4ccc126ba4 method=org.jruby.util.Qsort.swap([Ljava/lang/Object;II)V @ 9
Event: 3,897 Thread 0x00007f4cd000a800 Uncommon trap: reason=class_check action=maybe_recompile pc=0x00007f4ccc0d0878 method=org.jruby.RubyArray.compare(Lorg/jruby/runtime/ThreadContext;Lorg/jruby/runtime/invokedynamic/MethodNames;Lorg/jruby/runtime/builtin/IRubyObject;)Lorg/jruby/RubyBoolean;
Event: 3,931 Thread 0x00007f4cd000a800 Uncommon trap: reason=class_check action=maybe_recompile pc=0x00007f4ccc110740 method=org.jruby.runtime.Block.yield(Lorg/jruby/runtime/ThreadContext;Lorg/jruby/runtime/builtin/IRubyObject;)Lorg/jruby/runtime/builtin/IRubyObject; @ 14
Event: 3,931 Thread 0x00007f4cd000a800 Uncommon trap: reason=class_check action=maybe_recompile pc=0x00007f4ccc110740 method=org.jruby.runtime.Block.yield(Lorg/jruby/runtime/ThreadContext;Lorg/jruby/runtime/builtin/IRubyObject;)Lorg/jruby/runtime/builtin/IRubyObject; @ 14
Event: 3,931 Thread 0x00007f4cd000a800 Uncommon trap: reason=class_check action=maybe_recompile pc=0x00007f4ccc110740 method=org.jruby.runtime.Block.yield(Lorg/jruby/runtime/ThreadContext;Lorg/jruby/runtime/builtin/IRubyObject;)Lorg/jruby/runtime/builtin/IRubyObject; @ 14
Event: 3,932 Thread 0x00007f4cd000a800 Uncommon trap: reason=class_check action=maybe_recompile pc=0x00007f4ccc110740 method=org.jruby.runtime.Block.yield(Lorg/jruby/runtime/ThreadContext;Lorg/jruby/runtime/builtin/IRubyObject;)Lorg/jruby/runtime/builtin/IRubyObject; @ 14

Internal exceptions (10 events):
Event: 3,309 Thread 0x00007f4cd0436000 Threw 0x00000000f6385458 at /build/buildd/openjdk-7-7u51-2.4.4/build/openjdk/hotspot/src/share/vm/prims/jvm.cpp:1244
Event: 3,309 Thread 0x00007f4cd0436000 Threw 0x00000000f6386d88 at /build/buildd/openjdk-7-7u51-2.4.4/build/openjdk/hotspot/src/share/vm/prims/jvm.cpp:1244
Event: 3,358 Thread 0x00007f4cd041b800 Threw 0x00000000f63d3400 at /build/buildd/openjdk-7-7u51-2.4.4/build/openjdk/hotspot/src/share/vm/prims/jvm.cpp:1244
Event: 3,358 Thread 0x00007f4cd041b800 Threw 0x00000000f63d4d80 at /build/buildd/openjdk-7-7u51-2.4.4/build/openjdk/hotspot/src/share/vm/prims/jvm.cpp:1244
Event: 3,362 Thread 0x00007f4cd0436000 Threw 0x00000000f6512c00 at /build/buildd/openjdk-7-7u51-2.4.4/build/openjdk/hotspot/src/share/vm/prims/jvm.cpp:1244
Event: 3,362 Thread 0x00007f4cd041b800 Threw 0x00000000f65dcf88 at /build/buildd/openjdk-7-7u51-2.4.4/build/openjdk/hotspot/src/share/vm/prims/jvm.cpp:1244
Event: 3,362 Thread 0x00007f4cd041b800 Threw 0x00000000f65de9b0 at /build/buildd/openjdk-7-7u51-2.4.4/build/openjdk/hotspot/src/share/vm/prims/jvm.cpp:1244
Event: 3,362 Thread 0x00007f4cd0436000 Threw 0x00000000f6514578 at /build/buildd/openjdk-7-7u51-2.4.4/build/openjdk/hotspot/src/share/vm/prims/jvm.cpp:1244
Event: 3,389 Thread 0x00007f4cd041b800 Threw 0x00000000f66ca0e8 at /build/buildd/openjdk-7-7u51-2.4.4/build/openjdk/hotspot/src/share/vm/prims/jvm.cpp:1244
Event: 3,389 Thread 0x00007f4cd041b800 Threw 0x00000000f66cba68 at /build/buildd/openjdk-7-7u51-2.4.4/build/openjdk/hotspot/src/share/vm/prims/jvm.cpp:1244

Events (10 events):
Event: 3,932 Thread 0x00007f4cd000a800 DEOPT UNPACKING pc=0x00007f4ccbfad045 sp=0x00007f4cd43e7428 mode 2
Event: 3,992 Thread 0x00007f4cd00a8800 flushing nmethod 0x00007f4ccbfe6110
Event: 3,993 Thread 0x00007f4cd00ab800 flushing nmethod 0x00007f4ccbff2a10
Event: 3,993 Thread 0x00007f4cd00ab800 flushing nmethod 0x00007f4ccbffa750
Event: 4,014 Thread 0x00007f4cd00a8800 flushing nmethod 0x00007f4ccc000090
Event: 4,016 Thread 0x00007f4cd00ab800 flushing nmethod 0x00007f4ccc008350
Event: 4,017 Thread 0x00007f4cd00ab800 flushing nmethod 0x00007f4ccc010c10
Event: 4,025 Thread 0x00007f4cd00ab800 flushing nmethod 0x00007f4ccc0186d0
Event: 4,025 Thread 0x00007f4cd00ab800 flushing nmethod 0x00007f4ccc032090
Event: 4,025 Thread 0x00007f4cd00ab800 flushing nmethod 0x00007f4ccc048b50


Dynamic libraries:
00400000-00401000 r-xp 00000000 08:01 15861394                           /usr/lib/jvm/java-7-openjdk-amd64/jre/bin/java
00600000-00601000 r--p 00000000 08:01 15861394                           /usr/lib/jvm/java-7-openjdk-amd64/jre/bin/java
00601000-00602000 rw-p 00001000 08:01 15861394                           /usr/lib/jvm/java-7-openjdk-amd64/jre/bin/java
01f23000-01f44000 rw-p 00000000 00:00 0                                  [heap]
d6600000-d7f00000 rw-p 00000000 00:00 0 
d7f00000-e0c00000 rw-p 00000000 00:00 0 
e0c00000-e3180000 rw-p 00000000 00:00 0 
e3180000-f5900000 rw-p 00000000 00:00 0 
f5900000-f7b00000 rw-p 00000000 00:00 0 
f7b00000-100000000 rw-p 00000000 00:00 0 
7f4c7c000000-7f4c7c021000 rw-p 00000000 00:00 0 
7f4c7c021000-7f4c80000000 ---p 00000000 00:00 0 
7f4c84000000-7f4c84021000 rw-p 00000000 00:00 0 
7f4c84021000-7f4c88000000 ---p 00000000 00:00 0 
7f4c88000000-7f4c88021000 rw-p 00000000 00:00 0 
7f4c88021000-7f4c8c000000 ---p 00000000 00:00 0 
7f4c8c000000-7f4c8c027000 rw-p 00000000 00:00 0 
7f4c8c027000-7f4c90000000 ---p 00000000 00:00 0 
7f4c90000000-7f4c90021000 rw-p 00000000 00:00 0 
7f4c90021000-7f4c94000000 ---p 00000000 00:00 0 
7f4c94000000-7f4c94021000 rw-p 00000000 00:00 0 
7f4c94021000-7f4c98000000 ---p 00000000 00:00 0 
7f4c98000000-7f4c98021000 rw-p 00000000 00:00 0 
7f4c98021000-7f4c9c000000 ---p 00000000 00:00 0 
7f4c9c000000-7f4c9ccb1000 rw-p 00000000 00:00 0 
7f4c9ccb1000-7f4ca0000000 ---p 00000000 00:00 0 
7f4ca0000000-7f4ca0d4e000 rw-p 00000000 00:00 0 
7f4ca0d4e000-7f4ca4000000 ---p 00000000 00:00 0 
7f4ca4000000-7f4ca4021000 rw-p 00000000 00:00 0 
7f4ca4021000-7f4ca8000000 ---p 00000000 00:00 0 
7f4ca8000000-7f4ca8021000 rw-p 00000000 00:00 0 
7f4ca8021000-7f4cac000000 ---p 00000000 00:00 0 
7f4cac000000-7f4cac021000 rw-p 00000000 00:00 0 
7f4cac021000-7f4cb0000000 ---p 00000000 00:00 0 
7f4cb0000000-7f4cb0021000 rw-p 00000000 00:00 0 
7f4cb0021000-7f4cb4000000 ---p 00000000 00:00 0 
7f4cb4000000-7f4cb4021000 rw-p 00000000 00:00 0 
7f4cb4021000-7f4cb8000000 ---p 00000000 00:00 0 
7f4cb8000000-7f4cb8021000 rw-p 00000000 00:00 0 
7f4cb8021000-7f4cbc000000 ---p 00000000 00:00 0 
7f4cbc000000-7f4cbc021000 rw-p 00000000 00:00 0 
7f4cbc021000-7f4cc0000000 ---p 00000000 00:00 0 
7f4cc1855000-7f4cc1858000 r-xp 00000000 08:01 14162126                   /home/alex/Documents/8vo_Semestre/Geometría Computacional/Lab/practica04/src/lib/librange_tree.so
7f4cc1858000-7f4cc1a57000 ---p 00003000 08:01 14162126                   /home/alex/Documents/8vo_Semestre/Geometría Computacional/Lab/practica04/src/lib/librange_tree.so
7f4cc1a57000-7f4cc1a58000 r--p 00002000 08:01 14162126                   /home/alex/Documents/8vo_Semestre/Geometría Computacional/Lab/practica04/src/lib/librange_tree.so
7f4cc1a58000-7f4cc1a59000 rw-p 00003000 08:01 14162126                   /home/alex/Documents/8vo_Semestre/Geometría Computacional/Lab/practica04/src/lib/librange_tree.so
7f4cc1a59000-7f4cc1a5c000 r-xp 00000000 08:01 14162104                   /home/alex/Documents/8vo_Semestre/Geometría Computacional/Lab/practica04/src/lib/librb_tree.so
7f4cc1a5c000-7f4cc1c5b000 ---p 00003000 08:01 14162104                   /home/alex/Documents/8vo_Semestre/Geometría Computacional/Lab/practica04/src/lib/librb_tree.so
7f4cc1c5b000-7f4cc1c5c000 r--p 00002000 08:01 14162104                   /home/alex/Documents/8vo_Semestre/Geometría Computacional/Lab/practica04/src/lib/librb_tree.so
7f4cc1c5c000-7f4cc1c5d000 rw-p 00003000 08:01 14162104                   /home/alex/Documents/8vo_Semestre/Geometría Computacional/Lab/practica04/src/lib/librb_tree.so
7f4cc1c5d000-7f4cc1c5f000 r-xp 00000000 08:01 14162095                   /home/alex/Documents/8vo_Semestre/Geometría Computacional/Lab/practica04/src/lib/libdouble_linked_list.so
7f4cc1c5f000-7f4cc1e5e000 ---p 00002000 08:01 14162095                   /home/alex/Documents/8vo_Semestre/Geometría Computacional/Lab/practica04/src/lib/libdouble_linked_list.so
7f4cc1e5e000-7f4cc1e5f000 r--p 00001000 08:01 14162095                   /home/alex/Documents/8vo_Semestre/Geometría Computacional/Lab/practica04/src/lib/libdouble_linked_list.so
7f4cc1e5f000-7f4cc1e60000 rw-p 00002000 08:01 14162095                   /home/alex/Documents/8vo_Semestre/Geometría Computacional/Lab/practica04/src/lib/libdouble_linked_list.so
7f4cc1e60000-7f4cc1e61000 r-xp 00000000 08:01 14162103                   /home/alex/Documents/8vo_Semestre/Geometría Computacional/Lab/practica04/src/lib/lib2d_points.so
7f4cc1e61000-7f4cc2061000 ---p 00001000 08:01 14162103                   /home/alex/Documents/8vo_Semestre/Geometría Computacional/Lab/practica04/src/lib/lib2d_points.so
7f4cc2061000-7f4cc2062000 r--p 00001000 08:01 14162103                   /home/alex/Documents/8vo_Semestre/Geometría Computacional/Lab/practica04/src/lib/lib2d_points.so
7f4cc2062000-7f4cc2063000 rw-p 00002000 08:01 14162103                   /home/alex/Documents/8vo_Semestre/Geometría Computacional/Lab/practica04/src/lib/lib2d_points.so
7f4cc2063000-7f4cc2066000 ---p 00000000 00:00 0 
7f4cc2066000-7f4cc2264000 rw-p 00000000 00:00 0                          [stack:24448]
7f4cc2264000-7f4cc2267000 ---p 00000000 00:00 0 
7f4cc2267000-7f4cc2465000 rw-p 00000000 00:00 0                          [stack:24447]
7f4cc2465000-7f4cc2468000 ---p 00000000 00:00 0 
7f4cc2468000-7f4cc2666000 rw-p 00000000 00:00 0 
7f4cc2666000-7f4cc2669000 ---p 00000000 00:00 0 
7f4cc2669000-7f4cc269f000 rw-p 00000000 00:00 0                          [stack:24364]
7f4cc269f000-7f4cc26a2000 ---p 00000000 00:00 0 
7f4cc26a2000-7f4cc28a0000 rw-p 00000000 00:00 0                          [stack:24361]
7f4cc28a0000-7f4cc28b2000 r-xp 00000000 08:01 12059135                   /home/alex/.rbenv/versions/jruby-1.7.10/lib/jni/x86_64-Linux/libjffi-1.2.so
7f4cc28b2000-7f4cc2ab1000 ---p 00012000 08:01 12059135                   /home/alex/.rbenv/versions/jruby-1.7.10/lib/jni/x86_64-Linux/libjffi-1.2.so
7f4cc2ab1000-7f4cc2ab2000 rw-p 00011000 08:01 12059135                   /home/alex/.rbenv/versions/jruby-1.7.10/lib/jni/x86_64-Linux/libjffi-1.2.so
7f4cc2ab2000-7f4cc2ac2000 r-xp 00000000 08:01 15861288                   /usr/lib/jvm/java-7-openjdk-amd64/jre/lib/amd64/libnio.so
7f4cc2ac2000-7f4cc2cc2000 ---p 00010000 08:01 15861288                   /usr/lib/jvm/java-7-openjdk-amd64/jre/lib/amd64/libnio.so
7f4cc2cc2000-7f4cc2cc3000 r--p 00010000 08:01 15861288                   /usr/lib/jvm/java-7-openjdk-amd64/jre/lib/amd64/libnio.so
7f4cc2cc3000-7f4cc2cc4000 rw-p 00011000 08:01 15861288                   /usr/lib/jvm/java-7-openjdk-amd64/jre/lib/amd64/libnio.so
7f4cc2cc4000-7f4cc2d01000 r-xp 00000000 08:01 8130434                    /lib/x86_64-linux-gnu/libpcre.so.3.13.1
7f4cc2d01000-7f4cc2f01000 ---p 0003d000 08:01 8130434                    /lib/x86_64-linux-gnu/libpcre.so.3.13.1
7f4cc2f01000-7f4cc2f02000 r--p 0003d000 08:01 8130434                    /lib/x86_64-linux-gnu/libpcre.so.3.13.1
7f4cc2f02000-7f4cc2f03000 rw-p 0003e000 08:01 8130434                    /lib/x86_64-linux-gnu/libpcre.so.3.13.1
7f4cc2f03000-7f4cc2f0a000 r-xp 00000000 08:01 15735894                   /usr/lib/x86_64-linux-gnu/libffi.so.6.0.1
7f4cc2f0a000-7f4cc3109000 ---p 00007000 08:01 15735894                   /usr/lib/x86_64-linux-gnu/libffi.so.6.0.1
7f4cc3109000-7f4cc310a000 r--p 00006000 08:01 15735894                   /usr/lib/x86_64-linux-gnu/libffi.so.6.0.1
7f4cc310a000-7f4cc310b000 rw-p 00007000 08:01 15735894                   /usr/lib/x86_64-linux-gnu/libffi.so.6.0.1
7f4cc310b000-7f4cc3121000 r-xp 00000000 08:01 8130457                    /lib/x86_64-linux-gnu/libresolv-2.17.so
7f4cc3121000-7f4cc3321000 ---p 00016000 08:01 8130457                    /lib/x86_64-linux-gnu/libresolv-2.17.so
7f4cc3321000-7f4cc3322000 r--p 00016000 08:01 8130457                    /lib/x86_64-linux-gnu/libresolv-2.17.so
7f4cc3322000-7f4cc3323000 rw-p 00017000 08:01 8130457                    /lib/x86_64-linux-gnu/libresolv-2.17.so
7f4cc3323000-7f4cc3325000 rw-p 00000000 00:00 0 
7f4cc3325000-7f4cc3344000 r-xp 00000000 08:01 8130461                    /lib/x86_64-linux-gnu/libselinux.so.1
7f4cc3344000-7f4cc3544000 ---p 0001f000 08:01 8130461                    /lib/x86_64-linux-gnu/libselinux.so.1
7f4cc3544000-7f4cc3545000 r--p 0001f000 08:01 8130461                    /lib/x86_64-linux-gnu/libselinux.so.1
7f4cc3545000-7f4cc3546000 rw-p 00020000 08:01 8130461                    /lib/x86_64-linux-gnu/libselinux.so.1
7f4cc3546000-7f4cc3547000 rw-p 00000000 00:00 0 
7f4cc3547000-7f4cc354a000 r-xp 00000000 08:01 15729078                   /usr/lib/x86_64-linux-gnu/libgmodule-2.0.so.0.3800.1
7f4cc354a000-7f4cc3749000 ---p 00003000 08:01 15729078                   /usr/lib/x86_64-linux-gnu/libgmodule-2.0.so.0.3800.1
7f4cc3749000-7f4cc374a000 r--p 00002000 08:01 15729078                   /usr/lib/x86_64-linux-gnu/libgmodule-2.0.so.0.3800.1
7f4cc374a000-7f4cc374b000 rw-p 00003000 08:01 15729078                   /usr/lib/x86_64-linux-gnu/libgmodule-2.0.so.0.3800.1
7f4cc374b000-7f4cc3849000 r-xp 00000000 08:01 8130449                    /lib/x86_64-linux-gnu/libglib-2.0.so.0.3800.1
7f4cc3849000-7f4cc3a49000 ---p 000fe000 08:01 8130449                    /lib/x86_64-linux-gnu/libglib-2.0.so.0.3800.1
7f4cc3a49000-7f4cc3a4a000 r--p 000fe000 08:01 8130449                    /lib/x86_64-linux-gnu/libglib-2.0.so.0.3800.1
7f4cc3a4a000-7f4cc3a4b000 rw-p 000ff000 08:01 8130449                    /lib/x86_64-linux-gnu/libglib-2.0.so.0.3800.1
7f4cc3a4b000-7f4cc3a4c000 rw-p 00000000 00:00 0 
7f4cc3a4c000-7f4cc3a9b000 r-xp 00000000 08:01 15729069                   /usr/lib/x86_64-linux-gnu/libgobject-2.0.so.0.3800.1
7f4cc3a9b000-7f4cc3c9b000 ---p 0004f000 08:01 15729069                   /usr/lib/x86_64-linux-gnu/libgobject-2.0.so.0.3800.1
7f4cc3c9b000-7f4cc3c9c000 r--p 0004f000 08:01 15729069                   /usr/lib/x86_64-linux-gnu/libgobject-2.0.so.0.3800.1
7f4cc3c9c000-7f4cc3c9d000 rw-p 00050000 08:01 15729069                   /usr/lib/x86_64-linux-gnu/libgobject-2.0.so.0.3800.1
7f4cc3c9d000-7f4cc3df9000 r-xp 00000000 08:01 15729043                   /usr/lib/x86_64-linux-gnu/libgio-2.0.so.0.3800.1
7f4cc3df9000-7f4cc3ff8000 ---p 0015c000 08:01 15729043                   /usr/lib/x86_64-linux-gnu/libgio-2.0.so.0.3800.1
7f4cc3ff8000-7f4cc3ffc000 r--p 0015b000 08:01 15729043                   /usr/lib/x86_64-linux-gnu/libgio-2.0.so.0.3800.1
7f4cc3ffc000-7f4cc3ffe000 rw-p 0015f000 08:01 15729043                   /usr/lib/x86_64-linux-gnu/libgio-2.0.so.0.3800.1
7f4cc3ffe000-7f4cc4000000 rw-p 00000000 00:00 0 
7f4cc4000000-7f4cc4021000 rw-p 00000000 00:00 0 
7f4cc4021000-7f4cc8000000 ---p 00000000 00:00 0 
7f4cc8022000-7f4cc8029000 r--s 00000000 08:01 16127910                   /usr/lib/x86_64-linux-gnu/gconv/gconv-modules.cache
7f4cc8029000-7f4cc803f000 r-xp 00000000 08:01 15861076                   /usr/lib/jvm/java-7-openjdk-amd64/jre/lib/amd64/libnet.so
7f4cc803f000-7f4cc823e000 ---p 00016000 08:01 15861076                   /usr/lib/jvm/java-7-openjdk-amd64/jre/lib/amd64/libnet.so
7f4cc823e000-7f4cc823f000 r--p 00015000 08:01 15861076                   /usr/lib/jvm/java-7-openjdk-amd64/jre/lib/amd64/libnet.so
7f4cc823f000-7f4cc8240000 rw-p 00016000 08:01 15861076                   /usr/lib/jvm/java-7-openjdk-amd64/jre/lib/amd64/libnet.so
7f4cc8240000-7f4cc8241000 ---p 00000000 00:00 0 
7f4cc8241000-7f4cc8341000 rw-p 00000000 00:00 0                          [stack:24360]
7f4cc8341000-7f4cc8344000 ---p 00000000 00:00 0 
7f4cc8344000-7f4cc8542000 rw-p 00000000 00:00 0                          [stack:24359]
7f4cc8542000-7f4cc8545000 ---p 00000000 00:00 0 
7f4cc8545000-7f4cc8643000 rw-p 00000000 00:00 0                          [stack:24358]
7f4cc8643000-7f4cc8646000 ---p 00000000 00:00 0 
7f4cc8646000-7f4cc8744000 rw-p 00000000 00:00 0                          [stack:24357]
7f4cc8744000-7f4cc8747000 ---p 00000000 00:00 0 
7f4cc8747000-7f4cc8945000 rw-p 00000000 00:00 0                          [stack:24356]
7f4cc8945000-7f4cc8d3f000 r--p 00000000 08:01 15734328                   /usr/lib/locale/locale-archive
7f4cc8d3f000-7f4cc8d42000 ---p 00000000 00:00 0 
7f4cc8d42000-7f4cc8f40000 rw-p 00000000 00:00 0                          [stack:24355]
7f4cc8f40000-7f4cc8f43000 ---p 00000000 00:00 0 
7f4cc8f43000-7f4cc9141000 rw-p 00000000 00:00 0                          [stack:24354]
7f4cc9141000-7f4cc9142000 ---p 00000000 00:00 0 
7f4cc9142000-7f4cca1fe000 rw-p 00000000 00:00 0                          [stack:24353]
7f4cca1fe000-7f4cca2e7000 r--s 00bb9000 08:01 12059138                   /home/alex/.rbenv/versions/jruby-1.7.10/lib/jruby.jar
7f4cca2e7000-7f4cca32f000 rw-p 00000000 00:00 0 
7f4cca32f000-7f4cca4dd000 r--s 01cf4000 08:01 15861374                   /usr/lib/jvm/java-7-openjdk-amd64/jre/lib/rt.jar
7f4cca4dd000-7f4ccbb70000 rw-p 00000000 00:00 0 
7f4ccbb70000-7f4ccbb71000 ---p 00000000 00:00 0 
7f4ccbb71000-7f4ccbc71000 rw-p 00000000 00:00 0                          [stack:24352]
7f4ccbc71000-7f4ccbc72000 ---p 00000000 00:00 0 
7f4ccbc72000-7f4ccbd72000 rw-p 00000000 00:00 0                          [stack:24351]
7f4ccbd72000-7f4ccbd73000 ---p 00000000 00:00 0 
7f4ccbd73000-7f4ccbe73000 rw-p 00000000 00:00 0                          [stack:24350]
7f4ccbe73000-7f4ccbe74000 ---p 00000000 00:00 0 
7f4ccbe74000-7f4ccbf74000 rw-p 00000000 00:00 0                          [stack:24349]
7f4ccbf74000-7f4ccc1e4000 rwxp 00000000 00:00 0 
7f4ccc1e4000-7f4ccef74000 rw-p 00000000 00:00 0 
7f4ccef74000-7f4ccef7c000 r-xp 00000000 08:01 15861025                   /usr/lib/jvm/java-7-openjdk-amd64/jre/lib/amd64/libzip.so
7f4ccef7c000-7f4ccf17b000 ---p 00008000 08:01 15861025                   /usr/lib/jvm/java-7-openjdk-amd64/jre/lib/amd64/libzip.so
7f4ccf17b000-7f4ccf17c000 r--p 00007000 08:01 15861025                   /usr/lib/jvm/java-7-openjdk-amd64/jre/lib/amd64/libzip.so
7f4ccf17c000-7f4ccf17d000 rw-p 00008000 08:01 15861025                   /usr/lib/jvm/java-7-openjdk-amd64/jre/lib/amd64/libzip.so
7f4ccf17d000-7f4ccf189000 r-xp 00000000 08:01 8130412                    /lib/x86_64-linux-gnu/libnss_files-2.17.so
7f4ccf189000-7f4ccf388000 ---p 0000c000 08:01 8130412                    /lib/x86_64-linux-gnu/libnss_files-2.17.so
7f4ccf388000-7f4ccf389000 r--p 0000b000 08:01 8130412                    /lib/x86_64-linux-gnu/libnss_files-2.17.so
7f4ccf389000-7f4ccf38a000 rw-p 0000c000 08:01 8130412                    /lib/x86_64-linux-gnu/libnss_files-2.17.so
7f4ccf38a000-7f4ccf395000 r-xp 00000000 08:01 8130416                    /lib/x86_64-linux-gnu/libnss_nis-2.17.so
7f4ccf395000-7f4ccf594000 ---p 0000b000 08:01 8130416                    /lib/x86_64-linux-gnu/libnss_nis-2.17.so
7f4ccf594000-7f4ccf595000 r--p 0000a000 08:01 8130416                    /lib/x86_64-linux-gnu/libnss_nis-2.17.so
7f4ccf595000-7f4ccf596000 rw-p 0000b000 08:01 8130416                    /lib/x86_64-linux-gnu/libnss_nis-2.17.so
7f4ccf596000-7f4ccf5ad000 r-xp 00000000 08:01 8130406                    /lib/x86_64-linux-gnu/libnsl-2.17.so
7f4ccf5ad000-7f4ccf7ac000 ---p 00017000 08:01 8130406                    /lib/x86_64-linux-gnu/libnsl-2.17.so
7f4ccf7ac000-7f4ccf7ad000 r--p 00016000 08:01 8130406                    /lib/x86_64-linux-gnu/libnsl-2.17.so
7f4ccf7ad000-7f4ccf7ae000 rw-p 00017000 08:01 8130406                    /lib/x86_64-linux-gnu/libnsl-2.17.so
7f4ccf7ae000-7f4ccf7b0000 rw-p 00000000 00:00 0 
7f4ccf7b0000-7f4ccf7b8000 r-xp 00000000 08:01 8130408                    /lib/x86_64-linux-gnu/libnss_compat-2.17.so
7f4ccf7b8000-7f4ccf9b7000 ---p 00008000 08:01 8130408                    /lib/x86_64-linux-gnu/libnss_compat-2.17.so
7f4ccf9b7000-7f4ccf9b8000 r--p 00007000 08:01 8130408                    /lib/x86_64-linux-gnu/libnss_compat-2.17.so
7f4ccf9b8000-7f4ccf9b9000 rw-p 00008000 08:01 8130408                    /lib/x86_64-linux-gnu/libnss_compat-2.17.so
7f4ccf9b9000-7f4ccf9e4000 r-xp 00000000 08:01 15860951                   /usr/lib/jvm/java-7-openjdk-amd64/jre/lib/amd64/libjava.so
7f4ccf9e4000-7f4ccfbe3000 ---p 0002b000 08:01 15860951                   /usr/lib/jvm/java-7-openjdk-amd64/jre/lib/amd64/libjava.so
7f4ccfbe3000-7f4ccfbe4000 r--p 0002a000 08:01 15860951                   /usr/lib/jvm/java-7-openjdk-amd64/jre/lib/amd64/libjava.so
7f4ccfbe4000-7f4ccfbe6000 rw-p 0002b000 08:01 15860951                   /usr/lib/jvm/java-7-openjdk-amd64/jre/lib/amd64/libjava.so
7f4ccfbe6000-7f4ccfbf6000 r-xp 00000000 08:01 15861265                   /usr/lib/jvm/java-7-openjdk-amd64/jre/lib/amd64/libverify.so
7f4ccfbf6000-7f4ccfdf5000 ---p 00010000 08:01 15861265                   /usr/lib/jvm/java-7-openjdk-amd64/jre/lib/amd64/libverify.so
7f4ccfdf5000-7f4ccfdf7000 r--p 0000f000 08:01 15861265                   /usr/lib/jvm/java-7-openjdk-amd64/jre/lib/amd64/libverify.so
7f4ccfdf7000-7f4ccfdf8000 rw-p 00011000 08:01 15861265                   /usr/lib/jvm/java-7-openjdk-amd64/jre/lib/amd64/libverify.so
7f4ccfdf8000-7f4ccfdff000 r-xp 00000000 08:01 8130459                    /lib/x86_64-linux-gnu/librt-2.17.so
7f4ccfdff000-7f4ccfffe000 ---p 00007000 08:01 8130459                    /lib/x86_64-linux-gnu/librt-2.17.so
7f4ccfffe000-7f4ccffff000 r--p 00006000 08:01 8130459                    /lib/x86_64-linux-gnu/librt-2.17.so
7f4ccffff000-7f4cd0000000 rw-p 00007000 08:01 8130459                    /lib/x86_64-linux-gnu/librt-2.17.so
7f4cd0000000-7f4cd06c9000 rw-p 00000000 00:00 0 
7f4cd06c9000-7f4cd4000000 ---p 00000000 00:00 0 
7f4cd4002000-7f4cd4005000 rw-p 00000000 00:00 0 
7f4cd4005000-7f4cd4006000 r-xp 00000000 00:00 0 
7f4cd4006000-7f4cd4008000 r--s 00012000 08:01 15861308                   /usr/lib/jvm/java-7-openjdk-amd64/jre/lib/ext/zipfs.jar
7f4cd4008000-7f4cd400b000 r--s 00032000 08:01 15861310                   /usr/lib/jvm/java-7-openjdk-amd64/jre/lib/ext/sunjce_provider.jar
7f4cd400b000-7f4cd400f000 r--s 00085000 08:01 15861304                   /usr/lib/jvm/java-7-openjdk-amd64/jre/lib/ext/localedata.jar
7f4cd400f000-7f4cd4011000 r--s 00006000 08:01 16256853                   /usr/share/java/java-atk-wrapper.jar
7f4cd4011000-7f4cd4014000 r--s 0000f000 08:01 15861306                   /usr/lib/jvm/java-7-openjdk-amd64/jre/lib/ext/pulse-java.jar
7f4cd4014000-7f4cd4019000 r--s 0004c000 08:01 15861296                   /usr/lib/jvm/java-7-openjdk-amd64/jre/lib/jsse.jar
7f4cd4019000-7f4cd40a9000 rw-p 00000000 00:00 0 
7f4cd40a9000-7f4cd40ef000 rw-p 00000000 00:00 0 
7f4cd40ef000-7f4cd4102000 rw-p 00000000 00:00 0 
7f4cd4102000-7f4cd4195000 rw-p 00000000 00:00 0 
7f4cd4195000-7f4cd41a7000 rw-p 00000000 00:00 0 
7f4cd41a7000-7f4cd41e9000 rw-p 00000000 00:00 0 
7f4cd41e9000-7f4cd41ea000 rw-p 00000000 00:00 0 
7f4cd41ea000-7f4cd41ed000 ---p 00000000 00:00 0 
7f4cd41ed000-7f4cd43eb000 rw-p 00000000 00:00 0                          [stack:24348]
7f4cd43eb000-7f4cd4400000 r-xp 00000000 08:01 8126477                    /lib/x86_64-linux-gnu/libgcc_s.so.1
7f4cd4400000-7f4cd45ff000 ---p 00015000 08:01 8126477                    /lib/x86_64-linux-gnu/libgcc_s.so.1
7f4cd45ff000-7f4cd4600000 r--p 00014000 08:01 8126477                    /lib/x86_64-linux-gnu/libgcc_s.so.1
7f4cd4600000-7f4cd4601000 rw-p 00015000 08:01 8126477                    /lib/x86_64-linux-gnu/libgcc_s.so.1
7f4cd4601000-7f4cd4704000 r-xp 00000000 08:01 8130387                    /lib/x86_64-linux-gnu/libm-2.17.so
7f4cd4704000-7f4cd4903000 ---p 00103000 08:01 8130387                    /lib/x86_64-linux-gnu/libm-2.17.so
7f4cd4903000-7f4cd4904000 r--p 00102000 08:01 8130387                    /lib/x86_64-linux-gnu/libm-2.17.so
7f4cd4904000-7f4cd4905000 rw-p 00103000 08:01 8130387                    /lib/x86_64-linux-gnu/libm-2.17.so
7f4cd4905000-7f4cd49eb000 r-xp 00000000 08:01 15729831                   /usr/lib/x86_64-linux-gnu/libstdc++.so.6.0.18
7f4cd49eb000-7f4cd4bea000 ---p 000e6000 08:01 15729831                   /usr/lib/x86_64-linux-gnu/libstdc++.so.6.0.18
7f4cd4bea000-7f4cd4bf2000 r--p 000e5000 08:01 15729831                   /usr/lib/x86_64-linux-gnu/libstdc++.so.6.0.18
7f4cd4bf2000-7f4cd4bf4000 rw-p 000ed000 08:01 15729831                   /usr/lib/x86_64-linux-gnu/libstdc++.so.6.0.18
7f4cd4bf4000-7f4cd4c09000 rw-p 00000000 00:00 0 
7f4cd4c09000-7f4cd56e8000 r-xp 00000000 08:01 15861284                   /usr/lib/jvm/java-7-openjdk-amd64/jre/lib/amd64/server/libjvm.so
7f4cd56e8000-7f4cd58e7000 ---p 00adf000 08:01 15861284                   /usr/lib/jvm/java-7-openjdk-amd64/jre/lib/amd64/server/libjvm.so
7f4cd58e7000-7f4cd5979000 r--p 00ade000 08:01 15861284                   /usr/lib/jvm/java-7-openjdk-amd64/jre/lib/amd64/server/libjvm.so
7f4cd5979000-7f4cd599c000 rw-p 00b70000 08:01 15861284                   /usr/lib/jvm/java-7-openjdk-amd64/jre/lib/amd64/server/libjvm.so
7f4cd599c000-7f4cd59c9000 rw-p 00000000 00:00 0 
7f4cd59c9000-7f4cd59e1000 r-xp 00000000 08:01 8130494                    /lib/x86_64-linux-gnu/libz.so.1.2.8
7f4cd59e1000-7f4cd5be0000 ---p 00018000 08:01 8130494                    /lib/x86_64-linux-gnu/libz.so.1.2.8
7f4cd5be0000-7f4cd5be1000 r--p 00017000 08:01 8130494                    /lib/x86_64-linux-gnu/libz.so.1.2.8
7f4cd5be1000-7f4cd5be2000 rw-p 00018000 08:01 8130494                    /lib/x86_64-linux-gnu/libz.so.1.2.8
7f4cd5be2000-7f4cd5bf9000 r-xp 00000000 08:01 8130451                    /lib/x86_64-linux-gnu/libpthread-2.17.so
7f4cd5bf9000-7f4cd5df9000 ---p 00017000 08:01 8130451                    /lib/x86_64-linux-gnu/libpthread-2.17.so
7f4cd5df9000-7f4cd5dfa000 r--p 00017000 08:01 8130451                    /lib/x86_64-linux-gnu/libpthread-2.17.so
7f4cd5dfa000-7f4cd5dfb000 rw-p 00018000 08:01 8130451                    /lib/x86_64-linux-gnu/libpthread-2.17.so
7f4cd5dfb000-7f4cd5dff000 rw-p 00000000 00:00 0 
7f4cd5dff000-7f4cd5e02000 r-xp 00000000 08:01 8130351                    /lib/x86_64-linux-gnu/libdl-2.17.so
7f4cd5e02000-7f4cd6001000 ---p 00003000 08:01 8130351                    /lib/x86_64-linux-gnu/libdl-2.17.so
7f4cd6001000-7f4cd6002000 r--p 00002000 08:01 8130351                    /lib/x86_64-linux-gnu/libdl-2.17.so
7f4cd6002000-7f4cd6003000 rw-p 00003000 08:01 8130351                    /lib/x86_64-linux-gnu/libdl-2.17.so
7f4cd6003000-7f4cd61c0000 r-xp 00000000 08:01 8130336                    /lib/x86_64-linux-gnu/libc-2.17.so
7f4cd61c0000-7f4cd63c0000 ---p 001bd000 08:01 8130336                    /lib/x86_64-linux-gnu/libc-2.17.so
7f4cd63c0000-7f4cd63c4000 r--p 001bd000 08:01 8130336                    /lib/x86_64-linux-gnu/libc-2.17.so
7f4cd63c4000-7f4cd63c6000 rw-p 001c1000 08:01 8130336                    /lib/x86_64-linux-gnu/libc-2.17.so
7f4cd63c6000-7f4cd63cb000 rw-p 00000000 00:00 0 
7f4cd63cb000-7f4cd63d8000 r-xp 00000000 08:01 15861291                   /usr/lib/jvm/java-7-openjdk-amd64/jre/lib/amd64/jli/libjli.so
7f4cd63d8000-7f4cd65d7000 ---p 0000d000 08:01 15861291                   /usr/lib/jvm/java-7-openjdk-amd64/jre/lib/amd64/jli/libjli.so
7f4cd65d7000-7f4cd65d8000 r--p 0000c000 08:01 15861291                   /usr/lib/jvm/java-7-openjdk-amd64/jre/lib/amd64/jli/libjli.so
7f4cd65d8000-7f4cd65d9000 rw-p 0000d000 08:01 15861291                   /usr/lib/jvm/java-7-openjdk-amd64/jre/lib/amd64/jli/libjli.so
7f4cd65d9000-7f4cd65fc000 r-xp 00000000 08:01 8130312                    /lib/x86_64-linux-gnu/ld-2.17.so
7f4cd65fc000-7f4cd6600000 r--s 0003b000 08:01 15861316                   /usr/lib/jvm/java-7-openjdk-amd64/jre/lib/ext/sunpkcs11.jar
7f4cd6600000-7f4cd662e000 rw-p 00000000 00:00 0 
7f4cd662e000-7f4cd6674000 rw-p 00000000 00:00 0 
7f4cd6674000-7f4cd6687000 rw-p 00000000 00:00 0 
7f4cd6687000-7f4cd671b000 rw-p 00000000 00:00 0 
7f4cd671b000-7f4cd6725000 rw-p 00000000 00:00 0 
7f4cd6725000-7f4cd67db000 rw-p 00000000 00:00 0 
7f4cd67db000-7f4cd67e0000 rw-p 00000000 00:00 0 
7f4cd67e0000-7f4cd67e1000 r--s 00002000 08:01 15861314                   /usr/lib/jvm/java-7-openjdk-amd64/jre/lib/ext/dnsns.jar
7f4cd67e1000-7f4cd67ef000 rw-p 00000000 00:00 0 
7f4cd67ef000-7f4cd67f7000 rw-s 00000000 08:01 6029327                    /tmp/hsperfdata_alex/24323
7f4cd67f7000-7f4cd67f8000 rw-p 00000000 00:00 0 
7f4cd67f8000-7f4cd67f9000 r--p 00000000 00:00 0 
7f4cd67f9000-7f4cd67fb000 rw-p 00000000 00:00 0 
7f4cd67fb000-7f4cd67fc000 r--p 00022000 08:01 8130312                    /lib/x86_64-linux-gnu/ld-2.17.so
7f4cd67fc000-7f4cd67fe000 rw-p 00023000 08:01 8130312                    /lib/x86_64-linux-gnu/ld-2.17.so
7ffff41d2000-7ffff41f3000 rw-p 00000000 00:00 0                          [stack]
7ffff41fe000-7ffff4200000 r-xp 00000000 00:00 0                          [vdso]
ffffffffff600000-ffffffffff601000 r-xp 00000000 00:00 0                  [vsyscall]

VM Arguments:
jvm_args: -Djdk.home= -Djruby.home=/home/alex/.rbenv/versions/jruby-1.7.10 -Djruby.script=jruby -Djruby.shell=/bin/sh -Djffi.boot.library.path=/home/alex/.rbenv/versions/jruby-1.7.10/lib/jni:/home/alex/.rbenv/versions/jruby-1.7.10/lib/jni/i386-Linux:/home/alex/.rbenv/versions/jruby-1.7.10/lib/jni/arm-Linux:/home/alex/.rbenv/versions/jruby-1.7.10/lib/jni/x86_64-Linux -Xmx500m -Xss2048k -Xbootclasspath/a:/home/alex/.rbenv/versions/jruby-1.7.10/lib/jruby.jar 
java_command: org/jruby/Main Makefile.rb clean compile test clean
Launcher Type: SUN_STANDARD

Environment Variables:
PATH=/home/alex/.rbenv/versions/jruby-1.7.10/bin:/home/alex/.rbenv/libexec:/home/alex/.rbenv/plugins/ruby-build/bin:/home/alex/.rbenv/shims:~/.rbenv/bin:~/.rbenv/bin:/usr/local/sbin:/usr/local/bin:/usr/sbin:/usr/bin:/sbin:/bin:/usr/games:/usr/local/games
USERNAME=alex
SHELL=/bin/bash
DISPLAY=:0

Signal Handlers:
SIGSEGV: [libjvm.so+0x916ea0], sa_mask[0]=0x7ffbfeff, sa_flags=0x10000004
SIGBUS: [libjvm.so+0x916ea0], sa_mask[0]=0x7ffbfeff, sa_flags=0x10000004
SIGFPE: [libjvm.so+0x794800], sa_mask[0]=0x7ffbfeff, sa_flags=0x10000004
SIGPIPE: [libjvm.so+0x794800], sa_mask[0]=0x7ffbfeff, sa_flags=0x10000004
SIGXFSZ: [libjvm.so+0x794800], sa_mask[0]=0x7ffbfeff, sa_flags=0x10000004
SIGILL: [libjvm.so+0x794800], sa_mask[0]=0x7ffbfeff, sa_flags=0x10000004
SIGUSR1: SIG_DFL, sa_mask[0]=0x00000000, sa_flags=0x00000000
SIGUSR2: [libjvm.so+0x7946a0], sa_mask[0]=0x00000000, sa_flags=0x10000004
SIGHUP: [libjvm.so+0x794880], sa_mask[0]=0x7ffbfeff, sa_flags=0x10000004
SIGINT: [libjvm.so+0x794880], sa_mask[0]=0x7ffbfeff, sa_flags=0x10000004
SIGTERM: [libjvm.so+0x794880], sa_mask[0]=0x7ffbfeff, sa_flags=0x10000004
SIGQUIT: [libjvm.so+0x794880], sa_mask[0]=0x7ffbfeff, sa_flags=0x10000004


---------------  S Y S T E M  ---------------

OS:LinuxMint 16 (petra)
uname:Linux 3.11.0-12-generic #19-Ubuntu SMP Wed Oct 9 16:20:46 UTC 2013 x86_64
libc:glibc 2.17 NPTL 2.17 
rlimit: STACK 8192k, CORE 0k, NPROC 28798, NOFILE 4096, AS infinity
load average:0,94 0,56 0,32

/proc/meminfo:
MemTotal:        3715476 kB
MemFree:         1460456 kB
Buffers:          194464 kB
Cached:          1083636 kB
SwapCached:            0 kB
Active:          1296384 kB
Inactive:         756848 kB
Active(anon):     776812 kB
Inactive(anon):   176948 kB
Active(file):     519572 kB
Inactive(file):   579900 kB
Unevictable:          52 kB
Mlocked:              52 kB
SwapTotal:       3856380 kB
SwapFree:        3856380 kB
Dirty:               608 kB
Writeback:             0 kB
AnonPages:        775104 kB
Mapped:           183008 kB
Shmem:            178628 kB
Slab:             128368 kB
SReclaimable:     101700 kB
SUnreclaim:        26668 kB
KernelStack:        3448 kB
PageTables:        24604 kB
NFS_Unstable:          0 kB
Bounce:                0 kB
WritebackTmp:          0 kB
CommitLimit:     5714116 kB
Committed_AS:    3118564 kB
VmallocTotal:   34359738367 kB
VmallocUsed:      414316 kB
VmallocChunk:   34359319548 kB
HardwareCorrupted:     0 kB
AnonHugePages:         0 kB
HugePages_Total:       0
HugePages_Free:        0
HugePages_Rsvd:        0
HugePages_Surp:        0
Hugepagesize:       2048 kB
DirectMap4k:       58576 kB
DirectMap2M:     3799040 kB


CPU:total 4 (2 cores per cpu, 2 threads per core) family 6 model 37 stepping 5, cmov, cx8, fxsr, mmx, sse, sse2, sse3, ssse3, sse4.1, sse4.2, popcnt, ht, tsc, tscinvbit

/proc/cpuinfo:
processor	: 0
vendor_id	: GenuineIntel
cpu family	: 6
model		: 37
model name	: Intel(R) Core(TM) i3 CPU       M 380  @ 2.53GHz
stepping	: 5
microcode	: 0x2
cpu MHz		: 2533.000
cache size	: 3072 KB
physical id	: 0
siblings	: 4
core id		: 0
cpu cores	: 2
apicid		: 0
initial apicid	: 0
fpu		: yes
fpu_exception	: yes
cpuid level	: 11
wp		: yes
flags		: fpu vme de pse tsc msr pae mce cx8 apic sep mtrr pge mca cmov pat pse36 clflush dts acpi mmx fxsr sse sse2 ss ht tm pbe syscall nx rdtscp lm constant_tsc arch_perfmon pebs bts rep_good nopl xtopology nonstop_tsc aperfmperf pni dtes64 monitor ds_cpl vmx est tm2 ssse3 cx16 xtpr pdcm pcid sse4_1 sse4_2 popcnt lahf_lm arat dtherm tpr_shadow vnmi flexpriority ept vpid
bogomips	: 5053.98
clflush size	: 64
cache_alignment	: 64
address sizes	: 36 bits physical, 48 bits virtual
power management:

processor	: 1
vendor_id	: GenuineIntel
cpu family	: 6
model		: 37
model name	: Intel(R) Core(TM) i3 CPU       M 380  @ 2.53GHz
stepping	: 5
microcode	: 0x2
cpu MHz		: 2533.000
cache size	: 3072 KB
physical id	: 0
siblings	: 4
core id		: 0
cpu cores	: 2
apicid		: 1
initial apicid	: 1
fpu		: yes
fpu_exception	: yes
cpuid level	: 11
wp		: yes
flags		: fpu vme de pse tsc msr pae mce cx8 apic sep mtrr pge mca cmov pat pse36 clflush dts acpi mmx fxsr sse sse2 ss ht tm pbe syscall nx rdtscp lm constant_tsc arch_perfmon pebs bts rep_good nopl xtopology nonstop_tsc aperfmperf pni dtes64 monitor ds_cpl vmx est tm2 ssse3 cx16 xtpr pdcm pcid sse4_1 sse4_2 popcnt lahf_lm arat dtherm tpr_shadow vnmi flexpriority ept vpid
bogomips	: 5053.98
clflush size	: 64
cache_alignment	: 64
address sizes	: 36 bits physical, 48 bits virtual
power management:

processor	: 2
vendor_id	: GenuineIntel
cpu family	: 6
model		: 37
model name	: Intel(R) Core(TM) i3 CPU       M 380  @ 2.53GHz
stepping	: 5
microcode	: 0x2
cpu MHz		: 1733.000
cache size	: 3072 KB
physical id	: 0
siblings	: 4
core id		: 2
cpu cores	: 2
apicid		: 4
initial apicid	: 4
fpu		: yes
fpu_exception	: yes
cpuid level	: 11
wp		: yes
flags		: fpu vme de pse tsc msr pae mce cx8 apic sep mtrr pge mca cmov pat pse36 clflush dts acpi mmx fxsr sse sse2 ss ht tm pbe syscall nx rdtscp lm constant_tsc arch_perfmon pebs bts rep_good nopl xtopology nonstop_tsc aperfmperf pni dtes64 monitor ds_cpl vmx est tm2 ssse3 cx16 xtpr pdcm pcid sse4_1 sse4_2 popcnt lahf_lm arat dtherm tpr_shadow vnmi flexpriority ept vpid
bogomips	: 5053.98
clflush size	: 64
cache_alignment	: 64
address sizes	: 36 bits physical, 48 bits virtual
power management:

processor	: 3
vendor_id	: GenuineIntel
cpu family	: 6
model		: 37
model name	: Intel(R) Core(TM) i3 CPU       M 380  @ 2.53GHz
stepping	: 5
microcode	: 0x2
cpu MHz		: 933.000
cache size	: 3072 KB
physical id	: 0
siblings	: 4
core id		: 2
cpu cores	: 2
apicid		: 5
initial apicid	: 5
fpu		: yes
fpu_exception	: yes
cpuid level	: 11
wp		: yes
flags		: fpu vme de pse tsc msr pae mce cx8 apic sep mtrr pge mca cmov pat pse36 clflush dts acpi mmx fxsr sse sse2 ss ht tm pbe syscall nx rdtscp lm constant_tsc arch_perfmon pebs bts rep_good nopl xtopology nonstop_tsc aperfmperf pni dtes64 monitor ds_cpl vmx est tm2 ssse3 cx16 xtpr pdcm pcid sse4_1 sse4_2 popcnt lahf_lm arat dtherm tpr_shadow vnmi flexpriority ept vpid
bogomips	: 5053.98
clflush size	: 64
cache_alignment	: 64
address sizes	: 36 bits physical, 48 bits virtual
power management:



Memory: 4k page, physical 3715476k(1460208k free), swap 3856380k(3856380k free)

vm_info: OpenJDK 64-Bit Server VM (24.45-b08) for linux-amd64 JRE (1.7.0_51-b00), built on Jan 15 2014 22:02:57 by "buildd" with gcc 4.8.1

time: Fri May 30 20:41:52 2014
elapsed time: 4 seconds

