#
# A fatal error has been detected by the Java Runtime Environment:
#
#  SIGSEGV (0xb) at pc=0x00007f5c137f3b80, pid=21318, tid=140034765752064
#
# JRE version: OpenJDK Runtime Environment (7.0_51) (build 1.7.0_51-b00)
# Java VM: OpenJDK 64-Bit Server VM (24.45-b08 mixed mode linux-amd64 compressed oops)
# Problematic frame:
# C  [librange_tree.so+0x1b80]  aux_range_query+0x23f
#
# Failed to write core dump. Core dumps have been disabled. To enable core dumping, try "ulimit -c unlimited" before starting Java again
#
# If you would like to submit a bug report, please include
# instructions on how to reproduce the bug and visit:
#   http://icedtea.classpath.org/bugzilla
# The crash happened outside the Java Virtual Machine in native code.
# See problematic frame for where to report the bug.
#

---------------  T H R E A D  ---------------

Current thread (0x00007f5c5c00a800):  JavaThread "main" [_thread_in_native, id=21343, stack(0x00007f5c62580000,0x00007f5c62781000)]

siginfo:si_signo=SIGSEGV: si_errno=0, si_code=1 (SEGV_MAPERR), si_addr=0x0000000000000018

Registers:
RAX=0x0000000000000000, RBX=0x0000000000000001, RCX=0x00007f5c5c000020, RDX=0x00007f5c13bf9100
RSP=0x00007f5c6277d280, RBP=0x00007f5c6277d2f0, RSI=0x0000000000000000, RDI=0x00007f5c5c57b9b0
R8 =0x0000000000000003, R9 =0x0000000000000018, R10=0x00000000000001d1, R11=0x00007f5c5c000078
R12=0x0000000000000008, R13=0x0000000000000005, R14=0x00007f5c6277d4c0, R15=0x00007f5c6277d350
RIP=0x00007f5c137f3b80, EFLAGS=0x0000000000010202, CSGSFS=0x0000000000000033, ERR=0x0000000000000004
  TRAPNO=0x000000000000000e

Top of Stack: (sp=0x00007f5c6277d280)
0x00007f5c6277d280:   0000000000000004 40a3400000000000
0x00007f5c6277d290:   00007f5c5c5c2d80 40a9000000000000
0x00007f5c6277d2a0:   40a3400000000000 409ae00000000000
0x00007f5c6277d2b0:   408a580000000000 00007f5c5c528050
0x00007f5c6277d2c0:   409ae00000000000 00007f5c5c57b9b0
0x00007f5c6277d2d0:   00007f5c5c535480 00007f5c5c528050
0x00007f5c6277d2e0:   0000000000000018 0000000000000001
0x00007f5c6277d2f0:   00007f5c6277d340 00007f5c137f3d27
0x00007f5c6277d300:   408a580000000000 40a9000000000000
0x00007f5c6277d310:   40a3400000000000 409ae00000000000
0x00007f5c6277d320:   408a580000000000 00007f5c5c528050
0x00007f5c6277d330:   0000000000000000 00007f5c5c5c2d80
0x00007f5c6277d340:   00007f5c6277d350 00007f5c48ac1a78
0x00007f5c6277d350:   000000000000080e 00007f5c6277d590
0x00007f5c6277d360:   00007f5c6277d440 00007f5c48ac1901
0x00007f5c6277d370:   0000000000000000 00007f5c6277d390
0x00007f5c6277d380:   00007f5c6277d2a0 00007f5c6277d3f0
0x00007f5c6277d390:   00007f5c6277d400 00007f5c6277d3f0
0x00007f5c6277d3a0:   00007f5c6277d404 00007f5c6277d460
0x00007f5c6277d3b0:   00007f5c6277d590 00007f5c137f3c73
0x00007f5c6277d3c0:   00007f5c5c4dcc50 00007f5c5c43b000
0x00007f5c6277d3d0:   0000000400000001 0000000500000005
0x00007f5c6277d3e0:   00007f5c6277d2a0 0000000159006233
0x00007f5c6277d3f0:   0000000000000005 0000000000000000
0x00007f5c6277d400:   0000000000000001 a3c366ff2b453900
0x00007f5c6277d410:   00007f5c5c00a800 00007f5c6277d4a0
0x00007f5c6277d420:   0000000000000000 0000000000000000
0x00007f5c6277d430:   00007f5c6277d658 00007f5c5c00a800
0x00007f5c6277d440:   00007f5c6277d570 00007f5c48abeddc
0x00007f5c6277d450:   00000000f6fd75d8 00007f5c6277d4a0
0x00007f5c6277d460:   00007f5c6277d4a0 00007f5c6277d4a8
0x00007f5c6277d470:   00007f5c6277d4b0 00007f5c6277d4b8 

Instructions: (pc=0x00007f5c137f3b80)
0x00007f5c137f3b60:   48 89 45 d8 eb 5e 48 8b 45 d8 48 8b 00 f2 0f 10
0x00007f5c137f3b70:   00 66 0f 2e 45 c0 72 40 48 8b 45 d8 48 8b 40 10
0x00007f5c137f3b80:   48 8b 48 18 48 8b 75 a0 48 8b 55 a8 48 8b 45 b0
0x00007f5c137f3b90:   48 89 55 98 f2 0f 10 4d 98 48 89 45 98 f2 0f 10 

Register to memory mapping:

RAX=0x0000000000000000 is an unknown value
RBX=0x0000000000000001 is an unknown value
RCX=0x00007f5c5c000020 is an unknown value
RDX=0x00007f5c13bf9100: sentinel+0 in lib/librb_tree.so at 0x00007f5c139f6000
RSP=0x00007f5c6277d280 is pointing into the stack for thread: 0x00007f5c5c00a800
RBP=0x00007f5c6277d2f0 is pointing into the stack for thread: 0x00007f5c5c00a800
RSI=0x0000000000000000 is an unknown value
RDI=0x00007f5c5c57b9b0 is an unknown value
R8 =0x0000000000000003 is an unknown value
R9 =0x0000000000000018 is an unknown value
R10=0x00000000000001d1 is an unknown value
R11=0x00007f5c5c000078 is an unknown value
R12=0x0000000000000008 is an unknown value
R13=0x0000000000000005 is an unknown value
R14=0x00007f5c6277d4c0 is pointing into the stack for thread: 0x00007f5c5c00a800
R15=0x00007f5c6277d350 is pointing into the stack for thread: 0x00007f5c5c00a800


Stack: [0x00007f5c62580000,0x00007f5c62781000],  sp=0x00007f5c6277d280,  free space=2036k
Native frames: (J=compiled Java code, j=interpreted, Vv=VM code, C=native code)
C  [librange_tree.so+0x1b80]  aux_range_query+0x23f
C  [librange_tree.so+0x1d27]  two_d_range_query+0xb4
C  [libjffi-1.2.so+0xda78]  ffi_call_unix64+0x4c

Java frames: (J=compiled Java code, j=interpreted, Vv=VM code)
j  com.kenai.jffi.Foreign.invokeArrayReturnLong(JJ[B)J+0
j  com.kenai.jffi.Invoker.invokeLong(Lcom/kenai/jffi/CallContext;JLcom/kenai/jffi/HeapInvocationBuffer;)J+38
j  com.kenai.jffi.Invoker$LP64.invokeAddress(Lcom/kenai/jffi/CallContext;JLcom/kenai/jffi/HeapInvocationBuffer;)J+5
j  com.kenai.jffi.Invoker.invokeAddress(Lcom/kenai/jffi/Function;Lcom/kenai/jffi/HeapInvocationBuffer;)J+10
j  org.jruby.ext.ffi.jffi.DefaultMethodFactory$Pointer64Invoker.invoke(Lorg/jruby/runtime/ThreadContext;Lcom/kenai/jffi/Function;Lcom/kenai/jffi/HeapInvocationBuffer;)Lorg/jruby/runtime/builtin/IRubyObject;+6
j  org.jruby.ext.ffi.jffi.DefaultMethodFactory$ConvertingInvoker.invoke(Lorg/jruby/runtime/ThreadContext;Lcom/kenai/jffi/Function;Lcom/kenai/jffi/HeapInvocationBuffer;)Lorg/jruby/runtime/builtin/IRubyObject;+12
j  org.jruby.ext.ffi.jffi.BufferNativeInvoker.call(Lorg/jruby/runtime/ThreadContext;Lorg/jruby/runtime/builtin/IRubyObject;Lorg/jruby/RubyModule;Ljava/lang/String;[Lorg/jruby/runtime/builtin/IRubyObject;)Lorg/jruby/runtime/builtin/IRubyObject;+160
j  org.jruby.ext.ffi.jffi.DefaultMethod.call(Lorg/jruby/runtime/ThreadContext;Lorg/jruby/runtime/builtin/IRubyObject;Lorg/jruby/RubyModule;Ljava/lang/String;[Lorg/jruby/runtime/builtin/IRubyObject;)Lorg/jruby/runtime/builtin/IRubyObject;+11
j  org.jruby.runtime.callsite.CachingCallSite.cacheAndCall(Lorg/jruby/runtime/builtin/IRubyObject;Lorg/jruby/RubyClass;[Lorg/jruby/runtime/builtin/IRubyObject;Lorg/jruby/runtime/ThreadContext;Lorg/jruby/runtime/builtin/IRubyObject;)Lorg/jruby/runtime/builtin/IRubyObject;+57
j  org.jruby.runtime.callsite.CachingCallSite.call(Lorg/jruby/runtime/ThreadContext;Lorg/jruby/runtime/builtin/IRubyObject;Lorg/jruby/runtime/builtin/IRubyObject;[Lorg/jruby/runtime/builtin/IRubyObject;)Lorg/jruby/runtime/builtin/IRubyObject;+50
j  org.jruby.ast.CallManyArgsNode.interpret(Lorg/jruby/Ruby;Lorg/jruby/runtime/ThreadContext;Lorg/jruby/runtime/builtin/IRubyObject;Lorg/jruby/runtime/Block;)Lorg/jruby/runtime/builtin/IRubyObject;+41
j  org.jruby.ast.DAsgnNode.interpret(Lorg/jruby/Ruby;Lorg/jruby/runtime/ThreadContext;Lorg/jruby/runtime/builtin/IRubyObject;Lorg/jruby/runtime/Block;)Lorg/jruby/runtime/builtin/IRubyObject;+17
J  org.jruby.runtime.Interpreted19Block.evalBlockBody(Lorg/jruby/runtime/ThreadContext;Lorg/jruby/runtime/Binding;Lorg/jruby/runtime/builtin/IRubyObject;)Lorg/jruby/runtime/builtin/IRubyObject;
J  org.jruby.runtime.Interpreted19Block.yield(Lorg/jruby/runtime/ThreadContext;Lorg/jruby/runtime/builtin/IRubyObject;Lorg/jruby/runtime/Binding;Lorg/jruby/runtime/Block$Type;)Lorg/jruby/runtime/builtin/IRubyObject;
j  org.jruby.runtime.Interpreted19Block.yieldSpecific(Lorg/jruby/runtime/ThreadContext;Lorg/jruby/runtime/Binding;Lorg/jruby/runtime/Block$Type;)Lorg/jruby/runtime/builtin/IRubyObject;+5
j  org.jruby.runtime.Block.yieldSpecific(Lorg/jruby/runtime/ThreadContext;)Lorg/jruby/runtime/builtin/IRubyObject;+13
j  org.jruby.RubyFixnum.times(Lorg/jruby/runtime/ThreadContext;Lorg/jruby/runtime/Block;)Lorg/jruby/runtime/builtin/IRubyObject;+102
j  org.jruby.RubyFixnum$INVOKER$i$0$0$times.call(Lorg/jruby/runtime/ThreadContext;Lorg/jruby/runtime/builtin/IRubyObject;Lorg/jruby/RubyModule;Ljava/lang/String;Lorg/jruby/runtime/Block;)Lorg/jruby/runtime/builtin/IRubyObject;+7
j  org.jruby.internal.runtime.methods.JavaMethod$JavaMethodZeroBlock.call(Lorg/jruby/runtime/ThreadContext;Lorg/jruby/runtime/builtin/IRubyObject;Lorg/jruby/RubyModule;Ljava/lang/String;[Lorg/jruby/runtime/builtin/IRubyObject;Lorg/jruby/runtime/Block;)Lorg/jruby/runtime/builtin/IRubyObject;+27
j  org.jruby.RubyClass.finvoke(Lorg/jruby/runtime/ThreadContext;Lorg/jruby/runtime/builtin/IRubyObject;Ljava/lang/String;[Lorg/jruby/runtime/builtin/IRubyObject;Lorg/jruby/runtime/Block;)Lorg/jruby/runtime/builtin/IRubyObject;+64
j  org.jruby.runtime.Helpers.invoke(Lorg/jruby/runtime/ThreadContext;Lorg/jruby/runtime/builtin/IRubyObject;Ljava/lang/String;[Lorg/jruby/runtime/builtin/IRubyObject;Lorg/jruby/runtime/Block;)Lorg/jruby/runtime/builtin/IRubyObject;+12
j  org.jruby.RubyBasicObject.callMethod(Lorg/jruby/runtime/ThreadContext;Ljava/lang/String;[Lorg/jruby/runtime/builtin/IRubyObject;Lorg/jruby/runtime/Block;)Lorg/jruby/runtime/builtin/IRubyObject;+6
j  org.jruby.RubyEnumerator.each(Lorg/jruby/runtime/ThreadContext;Lorg/jruby/runtime/Block;)Lorg/jruby/runtime/builtin/IRubyObject;+14
j  org.jruby.RubyEnumerator$INVOKER$i$each.call(Lorg/jruby/runtime/ThreadContext;Lorg/jruby/runtime/builtin/IRubyObject;Lorg/jruby/RubyModule;Ljava/lang/String;Lorg/jruby/runtime/Block;)Lorg/jruby/runtime/builtin/IRubyObject;+7
j  org.jruby.runtime.callsite.CachingCallSite.cacheAndCall(Lorg/jruby/runtime/builtin/IRubyObject;Lorg/jruby/RubyClass;Lorg/jruby/runtime/Block;Lorg/jruby/runtime/ThreadContext;Lorg/jruby/runtime/builtin/IRubyObject;)Lorg/jruby/runtime/builtin/IRubyObject;+57
j  org.jruby.runtime.callsite.CachingCallSite.callBlock(Lorg/jruby/runtime/ThreadContext;Lorg/jruby/runtime/builtin/IRubyObject;Lorg/jruby/runtime/builtin/IRubyObject;Lorg/jruby/runtime/Block;)Lorg/jruby/runtime/builtin/IRubyObject;+50
j  org.jruby.runtime.callsite.CachingCallSite.callIter(Lorg/jruby/runtime/ThreadContext;Lorg/jruby/runtime/builtin/IRubyObject;Lorg/jruby/runtime/builtin/IRubyObject;Lorg/jruby/runtime/Block;)Lorg/jruby/runtime/builtin/IRubyObject;+6
j  org.jruby.ast.CallNoArgBlockNode.interpret(Lorg/jruby/Ruby;Lorg/jruby/runtime/ThreadContext;Lorg/jruby/runtime/builtin/IRubyObject;Lorg/jruby/runtime/Block;)Lorg/jruby/runtime/builtin/IRubyObject;+35
J  org.jruby.ast.BlockNode.interpret(Lorg/jruby/Ruby;Lorg/jruby/runtime/ThreadContext;Lorg/jruby/runtime/builtin/IRubyObject;Lorg/jruby/runtime/Block;)Lorg/jruby/runtime/builtin/IRubyObject;
j  org.jruby.evaluator.ASTInterpreter.INTERPRET_METHOD(Lorg/jruby/Ruby;Lorg/jruby/runtime/ThreadContext;Ljava/lang/String;ILorg/jruby/RubyModule;Lorg/jruby/ast/Node;Ljava/lang/String;Lorg/jruby/runtime/builtin/IRubyObject;Lorg/jruby/runtime/Block;Z)Lorg/jruby/runtime/builtin/IRubyObject;+30
j  org.jruby.internal.runtime.methods.InterpretedMethod.call(Lorg/jruby/runtime/ThreadContext;Lorg/jruby/runtime/builtin/IRubyObject;Lorg/jruby/RubyModule;Ljava/lang/String;)Lorg/jruby/runtime/builtin/IRubyObject;+80
j  org.jruby.internal.runtime.methods.DefaultMethod.call(Lorg/jruby/runtime/ThreadContext;Lorg/jruby/runtime/builtin/IRubyObject;Lorg/jruby/RubyModule;Ljava/lang/String;)Lorg/jruby/runtime/builtin/IRubyObject;+20
J  org.jruby.ast.CallNoArgNode.interpret(Lorg/jruby/Ruby;Lorg/jruby/runtime/ThreadContext;Lorg/jruby/runtime/builtin/IRubyObject;Lorg/jruby/runtime/Block;)Lorg/jruby/runtime/builtin/IRubyObject;
j  org.jruby.ast.FCallTwoArgNode.interpret(Lorg/jruby/Ruby;Lorg/jruby/runtime/ThreadContext;Lorg/jruby/runtime/builtin/IRubyObject;Lorg/jruby/runtime/Block;)Lorg/jruby/runtime/builtin/IRubyObject;+28
J  org.jruby.ast.BlockNode.interpret(Lorg/jruby/Ruby;Lorg/jruby/runtime/ThreadContext;Lorg/jruby/runtime/builtin/IRubyObject;Lorg/jruby/runtime/Block;)Lorg/jruby/runtime/builtin/IRubyObject;
j  org.jruby.evaluator.ASTInterpreter.INTERPRET_METHOD(Lorg/jruby/Ruby;Lorg/jruby/runtime/ThreadContext;Ljava/lang/String;ILorg/jruby/RubyModule;Lorg/jruby/ast/Node;Ljava/lang/String;Lorg/jruby/runtime/builtin/IRubyObject;Lorg/jruby/runtime/Block;Z)Lorg/jruby/runtime/builtin/IRubyObject;+30
j  org.jruby.internal.runtime.methods.InterpretedMethod.call(Lorg/jruby/runtime/ThreadContext;Lorg/jruby/runtime/builtin/IRubyObject;Lorg/jruby/RubyModule;Ljava/lang/String;)Lorg/jruby/runtime/builtin/IRubyObject;+80
j  org.jruby.internal.runtime.methods.DefaultMethod.call(Lorg/jruby/runtime/ThreadContext;Lorg/jruby/runtime/builtin/IRubyObject;Lorg/jruby/RubyModule;Ljava/lang/String;)Lorg/jruby/runtime/builtin/IRubyObject;+20
j  org.jruby.runtime.callsite.CachingCallSite.cacheAndCall(Lorg/jruby/runtime/builtin/IRubyObject;Lorg/jruby/RubyClass;Lorg/jruby/runtime/ThreadContext;Lorg/jruby/runtime/builtin/IRubyObject;)Lorg/jruby/runtime/builtin/IRubyObject;+53
j  org.jruby.runtime.callsite.CachingCallSite.call(Lorg/jruby/runtime/ThreadContext;Lorg/jruby/runtime/builtin/IRubyObject;Lorg/jruby/runtime/builtin/IRubyObject;)Lorg/jruby/runtime/builtin/IRubyObject;+46
j  Makefile.method__2$RUBY$test(LMakefile;Lorg/jruby/runtime/ThreadContext;Lorg/jruby/runtime/builtin/IRubyObject;Lorg/jruby/runtime/Block;)Lorg/jruby/runtime/builtin/IRubyObject;+130
j  Makefile$method__2$RUBY$test.call(Lorg/jruby/runtime/ThreadContext;Lorg/jruby/runtime/builtin/IRubyObject;Lorg/jruby/RubyModule;Ljava/lang/String;Lorg/jruby/runtime/Block;)Lorg/jruby/runtime/builtin/IRubyObject;+17
j  org.jruby.RubyClass.finvoke(Lorg/jruby/runtime/ThreadContext;Lorg/jruby/runtime/builtin/IRubyObject;Ljava/lang/String;Lorg/jruby/runtime/Block;)Lorg/jruby/runtime/builtin/IRubyObject;+41
j  org.jruby.RubyBasicObject.send19(Lorg/jruby/runtime/ThreadContext;Lorg/jruby/runtime/builtin/IRubyObject;Lorg/jruby/runtime/Block;)Lorg/jruby/runtime/builtin/IRubyObject;+15
j  org.jruby.RubyKernel.send19(Lorg/jruby/runtime/ThreadContext;Lorg/jruby/runtime/builtin/IRubyObject;Lorg/jruby/runtime/builtin/IRubyObject;Lorg/jruby/runtime/Block;)Lorg/jruby/runtime/builtin/IRubyObject;+7
j  org.jruby.RubyKernel$INVOKER$s$send19.call(Lorg/jruby/runtime/ThreadContext;Lorg/jruby/runtime/builtin/IRubyObject;Lorg/jruby/RubyModule;Ljava/lang/String;Lorg/jruby/runtime/builtin/IRubyObject;Lorg/jruby/runtime/Block;)Lorg/jruby/runtime/builtin/IRubyObject;+6
j  org.jruby.internal.runtime.methods.JavaMethod$JavaMethodOneOrNBlock.call(Lorg/jruby/runtime/ThreadContext;Lorg/jruby/runtime/builtin/IRubyObject;Lorg/jruby/RubyModule;Ljava/lang/String;Lorg/jruby/runtime/builtin/IRubyObject;)Lorg/jruby/runtime/builtin/IRubyObject;+11
j  org.jruby.runtime.callsite.CachingCallSite.call(Lorg/jruby/runtime/ThreadContext;Lorg/jruby/runtime/builtin/IRubyObject;Lorg/jruby/runtime/builtin/IRubyObject;Lorg/jruby/runtime/builtin/IRubyObject;)Lorg/jruby/runtime/builtin/IRubyObject;+38
j  Makefile.block_7$RUBY$__file__(LMakefile;Lorg/jruby/runtime/ThreadContext;Lorg/jruby/runtime/builtin/IRubyObject;[Lorg/jruby/runtime/builtin/IRubyObject;Lorg/jruby/runtime/Block;)Lorg/jruby/runtime/builtin/IRubyObject;+46
j  Makefile$block_7$RUBY$__file__.call(Lorg/jruby/runtime/ThreadContext;Lorg/jruby/runtime/builtin/IRubyObject;[Lorg/jruby/runtime/builtin/IRubyObject;Lorg/jruby/runtime/Block;)Lorg/jruby/runtime/builtin/IRubyObject;+9
j  org.jruby.runtime.CompiledBlock19.yield(Lorg/jruby/runtime/ThreadContext;Lorg/jruby/runtime/builtin/IRubyObject;Lorg/jruby/runtime/Binding;Lorg/jruby/runtime/Block$Type;)Lorg/jruby/runtime/builtin/IRubyObject;+52
j  org.jruby.runtime.Block.yield(Lorg/jruby/runtime/ThreadContext;Lorg/jruby/runtime/builtin/IRubyObject;)Lorg/jruby/runtime/builtin/IRubyObject;+14
j  org.jruby.RubyArray.eachCommon(Lorg/jruby/runtime/ThreadContext;Lorg/jruby/runtime/Block;)Lorg/jruby/runtime/builtin/IRubyObject;+41
j  org.jruby.RubyArray.each(Lorg/jruby/runtime/ThreadContext;Lorg/jruby/runtime/Block;)Lorg/jruby/runtime/builtin/IRubyObject;+10
j  org.jruby.RubyArray$INVOKER$i$0$0$each.call(Lorg/jruby/runtime/ThreadContext;Lorg/jruby/runtime/builtin/IRubyObject;Lorg/jruby/RubyModule;Ljava/lang/String;Lorg/jruby/runtime/Block;)Lorg/jruby/runtime/builtin/IRubyObject;+7
j  org.jruby.runtime.callsite.CachingCallSite.cacheAndCall(Lorg/jruby/runtime/builtin/IRubyObject;Lorg/jruby/RubyClass;Lorg/jruby/runtime/Block;Lorg/jruby/runtime/ThreadContext;Lorg/jruby/runtime/builtin/IRubyObject;)Lorg/jruby/runtime/builtin/IRubyObject;+57
j  org.jruby.runtime.callsite.CachingCallSite.callBlock(Lorg/jruby/runtime/ThreadContext;Lorg/jruby/runtime/builtin/IRubyObject;Lorg/jruby/runtime/builtin/IRubyObject;Lorg/jruby/runtime/Block;)Lorg/jruby/runtime/builtin/IRubyObject;+50
j  org.jruby.runtime.callsite.CachingCallSite.callIter(Lorg/jruby/runtime/ThreadContext;Lorg/jruby/runtime/builtin/IRubyObject;Lorg/jruby/runtime/builtin/IRubyObject;Lorg/jruby/runtime/Block;)Lorg/jruby/runtime/builtin/IRubyObject;+6
j  Makefile.__file__(LMakefile;Lorg/jruby/runtime/ThreadContext;Lorg/jruby/runtime/builtin/IRubyObject;[Lorg/jruby/runtime/builtin/IRubyObject;Lorg/jruby/runtime/Block;)Lorg/jruby/runtime/builtin/IRubyObject;+907
j  Makefile.load(Lorg/jruby/runtime/ThreadContext;Lorg/jruby/runtime/builtin/IRubyObject;Z)Lorg/jruby/runtime/builtin/IRubyObject;+22
j  org.jruby.Ruby.runScript(Lorg/jruby/ast/executable/Script;Z)Lorg/jruby/runtime/builtin/IRubyObject;+12
j  org.jruby.Ruby.runScript(Lorg/jruby/ast/executable/Script;)Lorg/jruby/runtime/builtin/IRubyObject;+3
j  org.jruby.Ruby.runNormally(Lorg/jruby/ast/Node;)Lorg/jruby/runtime/builtin/IRubyObject;+73
j  org.jruby.Ruby.runFromMain(Ljava/io/InputStream;Ljava/lang/String;)V+320
j  org.jruby.Main.doRunFromMain(Lorg/jruby/Ruby;Ljava/io/InputStream;Ljava/lang/String;)Lorg/jruby/Main$Status;+12
j  org.jruby.Main.internalRun()Lorg/jruby/Main$Status;+234
j  org.jruby.Main.run([Ljava/lang/String;)Lorg/jruby/Main$Status;+9
j  org.jruby.Main.main([Ljava/lang/String;)V+35
v  ~StubRoutines::call_stub

---------------  P R O C E S S  ---------------

Java Threads: ( => current thread )
  0x00007f5c5c4ed000 JavaThread "ReferenceReaper" daemon [_thread_blocked, id=21443, stack(0x00007f5c4852d000,0x00007f5c4872e000)]
  0x00007f5c5c4bc000 JavaThread "JRubyJIT-2" daemon [_thread_blocked, id=21442, stack(0x00007f5c4832c000,0x00007f5c4852d000)]
  0x00007f5c5c448000 JavaThread "process reaper" daemon [_thread_blocked, id=21359, stack(0x00007f5c60073000,0x00007f5c600ac000)]
  0x00007f5c5c43b800 JavaThread "JRubyJIT-1" daemon [_thread_blocked, id=21356, stack(0x00007f5c488b3000,0x00007f5c48ab4000)]
  0x00007f5c5c0ae000 JavaThread "Service Thread" daemon [_thread_blocked, id=21354, stack(0x00007f5c4a52c000,0x00007f5c4a72d000)]
  0x00007f5c5c0ab800 JavaThread "C2 CompilerThread1" daemon [_thread_blocked, id=21353, stack(0x00007f5c4a72d000,0x00007f5c4a82e000)]
  0x00007f5c5c0a8800 JavaThread "C2 CompilerThread0" daemon [_thread_blocked, id=21352, stack(0x00007f5c4a82e000,0x00007f5c4a92f000)]
  0x00007f5c5c0a6800 JavaThread "Signal Dispatcher" daemon [_thread_blocked, id=21351, stack(0x00007f5c4a92f000,0x00007f5c4ab30000)]
  0x00007f5c5c082800 JavaThread "Finalizer" daemon [_thread_blocked, id=21350, stack(0x00007f5c584f7000,0x00007f5c586f8000)]
  0x00007f5c5c080800 JavaThread "Reference Handler" daemon [_thread_blocked, id=21349, stack(0x00007f5c586f8000,0x00007f5c588f9000)]
=>0x00007f5c5c00a800 JavaThread "main" [_thread_in_native, id=21343, stack(0x00007f5c62580000,0x00007f5c62781000)]

Other Threads:
  0x00007f5c5c07c800 VMThread [stack: 0x00007f5c588f9000,0x00007f5c589fa000] [id=21348]
  0x00007f5c5c0b8800 WatcherThread [stack: 0x00007f5c4a42b000,0x00007f5c4a52c000] [id=21355]

VM state:not at safepoint (normal execution)

VM Mutex/Monitor currently owned by a thread: None

Heap
 PSYoungGen      total 32768K, used 25879K [0x00000000f5900000, 0x00000000f7b00000, 0x0000000100000000)
  eden space 30720K, 77% used [0x00000000f5900000,0x00000000f7048aa8,0x00000000f7700000)
  from space 2048K, 99% used [0x00000000f7900000,0x00000000f7afd528,0x00000000f7b00000)
  to   space 2048K, 0% used [0x00000000f7700000,0x00000000f7700000,0x00000000f7900000)
 ParOldGen       total 38400K, used 5895K [0x00000000e0c00000, 0x00000000e3180000, 0x00000000f5900000)
  object space 38400K, 15% used [0x00000000e0c00000,0x00000000e11c1f08,0x00000000e3180000)
 PSPermGen       total 25600K, used 25457K [0x00000000d6600000, 0x00000000d7f00000, 0x00000000e0c00000)
  object space 25600K, 99% used [0x00000000d6600000,0x00000000d7edc6d8,0x00000000d7f00000)

Card table byte_map: [0x00007f5c613a6000,0x00007f5c614f4000] byte_map_base: 0x00007f5c60cf3000

Polling page: 0x00007f5c64b8e000

Code Cache  [0x00007f5c59000000, 0x00007f5c59270000, 0x00007f5c5c000000)
 total_blobs=936 nmethods=457 adapters=433 free_code_cache=47560Kb largest_free_block=48658816

Compilation events (10 events):
Event: 3,885 Thread 0x00007f5c5c0a8800 nmethod 469 0x00007f5c5918f750 code [0x00007f5c5918f960, 0x00007f5c591902f0]
Event: 3,885 Thread 0x00007f5c5c0a8800  471             org.jruby.runtime.ivars.VariableAccessorField::getVariableAccessorForRead (5 bytes)
Event: 3,886 Thread 0x00007f5c5c0a8800 nmethod 471 0x00007f5c5918f550 code [0x00007f5c5918f680, 0x00007f5c5918f6d8]
Event: 3,886 Thread 0x00007f5c5c0a8800  472             org.jruby.RubyBasicObject::getFFIHandle (12 bytes)
Event: 3,888 Thread 0x00007f5c5c0a8800 nmethod 472 0x00007f5c59191410 code [0x00007f5c59191560, 0x00007f5c59191658]
Event: 3,888 Thread 0x00007f5c5c0a8800  473             org.jruby.runtime.ivars.VariableTableManager::getFFIHandle (9 bytes)
Event: 3,889 Thread 0x00007f5c5c0a8800 nmethod 473 0x00007f5c5918f1d0 code [0x00007f5c5918f320, 0x00007f5c5918f3f8]
Event: 3,889 Thread 0x00007f5c5c0a8800  474             org.jruby.runtime.ivars.VariableTableManager::getFFIHandleAccessorForRead (8 bytes)
Event: 3,890 Thread 0x00007f5c5c0a8800 nmethod 474 0x00007f5c591911d0 code [0x00007f5c59191300, 0x00007f5c59191378]
Event: 3,894 Thread 0x00007f5c5c0ab800 nmethod 470 0x00007f5c59196d50 code [0x00007f5c59196f60, 0x00007f5c591978a0]

GC Heap History (4 events):
Event: 1,356 GC heap before
{Heap before GC invocations=1 (full 0):
 PSYoungGen      total 17408K, used 15360K [0x00000000f5900000, 0x00000000f6c00000, 0x0000000100000000)
  eden space 15360K, 100% used [0x00000000f5900000,0x00000000f6800000,0x00000000f6800000)
  from space 2048K, 0% used [0x00000000f6a00000,0x00000000f6a00000,0x00000000f6c00000)
  to   space 2048K, 0% used [0x00000000f6800000,0x00000000f6800000,0x00000000f6a00000)
 ParOldGen       total 38400K, used 0K [0x00000000e0c00000, 0x00000000e3180000, 0x00000000f5900000)
  object space 38400K, 0% used [0x00000000e0c00000,0x00000000e0c00000,0x00000000e3180000)
 PSPermGen       total 21504K, used 18949K [0x00000000d6600000, 0x00000000d7b00000, 0x00000000e0c00000)
  object space 21504K, 88% used [0x00000000d6600000,0x00000000d7881770,0x00000000d7b00000)
Event: 1,371 GC heap after
Heap after GC invocations=1 (full 0):
 PSYoungGen      total 17408K, used 2021K [0x00000000f5900000, 0x00000000f7b00000, 0x0000000100000000)
  eden space 15360K, 0% used [0x00000000f5900000,0x00000000f5900000,0x00000000f6800000)
  from space 2048K, 98% used [0x00000000f6800000,0x00000000f69f94c8,0x00000000f6a00000)
  to   space 2048K, 0% used [0x00000000f7900000,0x00000000f7900000,0x00000000f7b00000)
 ParOldGen       total 38400K, used 3812K [0x00000000e0c00000, 0x00000000e3180000, 0x00000000f5900000)
  object space 38400K, 9% used [0x00000000e0c00000,0x00000000e0fb9110,0x00000000e3180000)
 PSPermGen       total 21504K, used 18949K [0x00000000d6600000, 0x00000000d7b00000, 0x00000000e0c00000)
  object space 21504K, 88% used [0x00000000d6600000,0x00000000d7881770,0x00000000d7b00000)
}
Event: 2,391 GC heap before
{Heap before GC invocations=2 (full 0):
 PSYoungGen      total 17408K, used 17381K [0x00000000f5900000, 0x00000000f7b00000, 0x0000000100000000)
  eden space 15360K, 100% used [0x00000000f5900000,0x00000000f6800000,0x00000000f6800000)
  from space 2048K, 98% used [0x00000000f6800000,0x00000000f69f94c8,0x00000000f6a00000)
  to   space 2048K, 0% used [0x00000000f7900000,0x00000000f7900000,0x00000000f7b00000)
 ParOldGen       total 38400K, used 3812K [0x00000000e0c00000, 0x00000000e3180000, 0x00000000f5900000)
  object space 38400K, 9% used [0x00000000e0c00000,0x00000000e0fb9110,0x00000000e3180000)
 PSPermGen       total 23552K, used 23439K [0x00000000d6600000, 0x00000000d7d00000, 0x00000000e0c00000)
  object space 23552K, 99% used [0x00000000d6600000,0x00000000d7ce3ce8,0x00000000d7d00000)
Event: 2,409 GC heap after
Heap after GC invocations=2 (full 0):
 PSYoungGen      total 32768K, used 2037K [0x00000000f5900000, 0x00000000f7b00000, 0x0000000100000000)
  eden space 30720K, 0% used [0x00000000f5900000,0x00000000f5900000,0x00000000f7700000)
  from space 2048K, 99% used [0x00000000f7900000,0x00000000f7afd528,0x00000000f7b00000)
  to   space 2048K, 0% used [0x00000000f7700000,0x00000000f7700000,0x00000000f7900000)
 ParOldGen       total 38400K, used 5895K [0x00000000e0c00000, 0x00000000e3180000, 0x00000000f5900000)
  object space 38400K, 15% used [0x00000000e0c00000,0x00000000e11c1f08,0x00000000e3180000)
 PSPermGen       total 23552K, used 23439K [0x00000000d6600000, 0x00000000d7d00000, 0x00000000e0c00000)
  object space 23552K, 99% used [0x00000000d6600000,0x00000000d7ce3ce8,0x00000000d7d00000)
}

Deoptimization events (10 events):
Event: 3,593 Thread 0x00007f5c5c00a800 Uncommon trap: reason=class_check action=maybe_recompile pc=0x00007f5c591689bc method=org.jruby.evaluator.ASTInterpreter.INTERPRET_BLOCK(Lorg/jruby/Ruby;Lorg/jruby/runtime/ThreadContext;Ljava/lang/String;ILorg/jruby/ast/Node;Ljava/lang/String;Lorg/jruby/r
Event: 3,653 Thread 0x00007f5c5c00a800 Uncommon trap: reason=unreached action=reinterpret pc=0x00007f5c59167190 method=org.jruby.runtime.Helpers.restructureBlockArgs19(Lorg/jruby/runtime/builtin/IRubyObject;Lorg/jruby/runtime/Arity;Lorg/jruby/runtime/Block$Type;ZZ)[Lorg/jruby/runtime/builtin/I
Event: 3,654 Thread 0x00007f5c5c00a800 Uncommon trap: reason=unreached action=reinterpret pc=0x00007f5c59162de4 method=org.jruby.runtime.Helpers.restructureBlockArgs19(Lorg/jruby/runtime/builtin/IRubyObject;Lorg/jruby/runtime/Arity;Lorg/jruby/runtime/Block$Type;ZZ)[Lorg/jruby/runtime/builtin/I
Event: 3,677 Thread 0x00007f5c5c00a800 Uncommon trap: reason=class_check action=maybe_recompile pc=0x00007f5c590ddeb8 method=org.jruby.RubyArray.compare(Lorg/jruby/runtime/ThreadContext;Lorg/jruby/runtime/invokedynamic/MethodNames;Lorg/jruby/runtime/builtin/IRubyObject;)Lorg/jruby/RubyBoolean;
Event: 3,777 Thread 0x00007f5c5c00a800 Uncommon trap: reason=class_check action=maybe_recompile pc=0x00007f5c590ddeb8 method=org.jruby.RubyArray.compare(Lorg/jruby/runtime/ThreadContext;Lorg/jruby/runtime/invokedynamic/MethodNames;Lorg/jruby/runtime/builtin/IRubyObject;)Lorg/jruby/RubyBoolean;
Event: 3,828 Thread 0x00007f5c5c00a800 Uncommon trap: reason=class_check action=maybe_recompile pc=0x00007f5c590ddeb8 method=org.jruby.RubyArray.compare(Lorg/jruby/runtime/ThreadContext;Lorg/jruby/runtime/invokedynamic/MethodNames;Lorg/jruby/runtime/builtin/IRubyObject;)Lorg/jruby/RubyBoolean;
Event: 3,869 Thread 0x00007f5c5c00a800 Uncommon trap: reason=class_check action=maybe_recompile pc=0x00007f5c5916bc18 method=org.jruby.runtime.Block.yield(Lorg/jruby/runtime/ThreadContext;Lorg/jruby/runtime/builtin/IRubyObject;)Lorg/jruby/runtime/builtin/IRubyObject; @ 14
Event: 3,870 Thread 0x00007f5c5c00a800 Uncommon trap: reason=class_check action=maybe_recompile pc=0x00007f5c5916bc18 method=org.jruby.runtime.Block.yield(Lorg/jruby/runtime/ThreadContext;Lorg/jruby/runtime/builtin/IRubyObject;)Lorg/jruby/runtime/builtin/IRubyObject; @ 14
Event: 3,870 Thread 0x00007f5c5c00a800 Uncommon trap: reason=class_check action=maybe_recompile pc=0x00007f5c5916bc18 method=org.jruby.runtime.Block.yield(Lorg/jruby/runtime/ThreadContext;Lorg/jruby/runtime/builtin/IRubyObject;)Lorg/jruby/runtime/builtin/IRubyObject; @ 14
Event: 3,870 Thread 0x00007f5c5c00a800 Uncommon trap: reason=class_check action=maybe_recompile pc=0x00007f5c5916bc18 method=org.jruby.runtime.Block.yield(Lorg/jruby/runtime/ThreadContext;Lorg/jruby/runtime/builtin/IRubyObject;)Lorg/jruby/runtime/builtin/IRubyObject; @ 14

Internal exceptions (10 events):
Event: 3,248 Thread 0x00007f5c5c4bc000 Threw 0x00000000f65ebc38 at /build/buildd/openjdk-7-7u51-2.4.4/build/openjdk/hotspot/src/share/vm/prims/jvm.cpp:1244
Event: 3,248 Thread 0x00007f5c5c4bc000 Threw 0x00000000f65ed568 at /build/buildd/openjdk-7-7u51-2.4.4/build/openjdk/hotspot/src/share/vm/prims/jvm.cpp:1244
Event: 3,300 Thread 0x00007f5c5c43b800 Threw 0x00000000f6653ab0 at /build/buildd/openjdk-7-7u51-2.4.4/build/openjdk/hotspot/src/share/vm/prims/jvm.cpp:1244
Event: 3,300 Thread 0x00007f5c5c43b800 Threw 0x00000000f6655430 at /build/buildd/openjdk-7-7u51-2.4.4/build/openjdk/hotspot/src/share/vm/prims/jvm.cpp:1244
Event: 3,300 Thread 0x00007f5c5c4bc000 Threw 0x00000000f6806e00 at /build/buildd/openjdk-7-7u51-2.4.4/build/openjdk/hotspot/src/share/vm/prims/jvm.cpp:1244
Event: 3,300 Thread 0x00007f5c5c4bc000 Threw 0x00000000f6808778 at /build/buildd/openjdk-7-7u51-2.4.4/build/openjdk/hotspot/src/share/vm/prims/jvm.cpp:1244
Event: 3,303 Thread 0x00007f5c5c4bc000 Threw 0x00000000f6830318 at /build/buildd/openjdk-7-7u51-2.4.4/build/openjdk/hotspot/src/share/vm/prims/jvm.cpp:1244
Event: 3,304 Thread 0x00007f5c5c4bc000 Threw 0x00000000f6831d40 at /build/buildd/openjdk-7-7u51-2.4.4/build/openjdk/hotspot/src/share/vm/prims/jvm.cpp:1244
Event: 3,340 Thread 0x00007f5c5c43b800 Threw 0x00000000f6879968 at /build/buildd/openjdk-7-7u51-2.4.4/build/openjdk/hotspot/src/share/vm/prims/jvm.cpp:1244
Event: 3,340 Thread 0x00007f5c5c43b800 Threw 0x00000000f6955b88 at /build/buildd/openjdk-7-7u51-2.4.4/build/openjdk/hotspot/src/share/vm/prims/jvm.cpp:1244

Events (10 events):
Event: 3,870 Thread 0x00007f5c5c00a800 DEOPT UNPACKING pc=0x00007f5c59039045 sp=0x00007f5c6277d3c8 mode 2
Event: 3,870 Thread 0x00007f5c5c00a800 Uncommon trap: trap_request=0xffffffde fr.pc=0x00007f5c5916bc18
Event: 3,870 Thread 0x00007f5c5c00a800 DEOPT PACKING pc=0x00007f5c5916bc18 sp=0x00007f5c6277d3e0
Event: 3,870 Thread 0x00007f5c5c00a800 DEOPT UNPACKING pc=0x00007f5c59039045 sp=0x00007f5c6277d3c8 mode 2
Event: 3,870 Thread 0x00007f5c5c00a800 Uncommon trap: trap_request=0xffffffde fr.pc=0x00007f5c5916bc18
Event: 3,870 Thread 0x00007f5c5c00a800 DEOPT PACKING pc=0x00007f5c5916bc18 sp=0x00007f5c6277d3e0
Event: 3,870 Thread 0x00007f5c5c00a800 DEOPT UNPACKING pc=0x00007f5c59039045 sp=0x00007f5c6277d3c8 mode 2
Event: 3,870 Thread 0x00007f5c5c00a800 Uncommon trap: trap_request=0xffffffde fr.pc=0x00007f5c5916bc18
Event: 3,870 Thread 0x00007f5c5c00a800 DEOPT PACKING pc=0x00007f5c5916bc18 sp=0x00007f5c6277d3e0
Event: 3,870 Thread 0x00007f5c5c00a800 DEOPT UNPACKING pc=0x00007f5c59039045 sp=0x00007f5c6277d3c8 mode 2


Dynamic libraries:
00400000-00401000 r-xp 00000000 08:01 15861394                           /usr/lib/jvm/java-7-openjdk-amd64/jre/bin/java
00600000-00601000 r--p 00000000 08:01 15861394                           /usr/lib/jvm/java-7-openjdk-amd64/jre/bin/java
00601000-00602000 rw-p 00001000 08:01 15861394                           /usr/lib/jvm/java-7-openjdk-amd64/jre/bin/java
01f0a000-01f2b000 rw-p 00000000 00:00 0                                  [heap]
d6600000-d7f00000 rw-p 00000000 00:00 0 
d7f00000-e0c00000 rw-p 00000000 00:00 0 
e0c00000-e3180000 rw-p 00000000 00:00 0 
e3180000-f5900000 rw-p 00000000 00:00 0 
f5900000-f7b00000 rw-p 00000000 00:00 0 
f7b00000-100000000 rw-p 00000000 00:00 0 
7f5c0c000000-7f5c0c021000 rw-p 00000000 00:00 0 
7f5c0c021000-7f5c10000000 ---p 00000000 00:00 0 
7f5c137f2000-7f5c137f5000 r-xp 00000000 08:01 14162111                   /home/alex/Documents/8vo_Semestre/Geometría Computacional/Lab/practica04/src/lib/librange_tree.so
7f5c137f5000-7f5c139f4000 ---p 00003000 08:01 14162111                   /home/alex/Documents/8vo_Semestre/Geometría Computacional/Lab/practica04/src/lib/librange_tree.so
7f5c139f4000-7f5c139f5000 r--p 00002000 08:01 14162111                   /home/alex/Documents/8vo_Semestre/Geometría Computacional/Lab/practica04/src/lib/librange_tree.so
7f5c139f5000-7f5c139f6000 rw-p 00003000 08:01 14162111                   /home/alex/Documents/8vo_Semestre/Geometría Computacional/Lab/practica04/src/lib/librange_tree.so
7f5c139f6000-7f5c139f9000 r-xp 00000000 08:01 14162104                   /home/alex/Documents/8vo_Semestre/Geometría Computacional/Lab/practica04/src/lib/librb_tree.so
7f5c139f9000-7f5c13bf8000 ---p 00003000 08:01 14162104                   /home/alex/Documents/8vo_Semestre/Geometría Computacional/Lab/practica04/src/lib/librb_tree.so
7f5c13bf8000-7f5c13bf9000 r--p 00002000 08:01 14162104                   /home/alex/Documents/8vo_Semestre/Geometría Computacional/Lab/practica04/src/lib/librb_tree.so
7f5c13bf9000-7f5c13bfa000 rw-p 00003000 08:01 14162104                   /home/alex/Documents/8vo_Semestre/Geometría Computacional/Lab/practica04/src/lib/librb_tree.so
7f5c13bfa000-7f5c13bfc000 r-xp 00000000 08:01 14162095                   /home/alex/Documents/8vo_Semestre/Geometría Computacional/Lab/practica04/src/lib/libdouble_linked_list.so
7f5c13bfc000-7f5c13dfb000 ---p 00002000 08:01 14162095                   /home/alex/Documents/8vo_Semestre/Geometría Computacional/Lab/practica04/src/lib/libdouble_linked_list.so
7f5c13dfb000-7f5c13dfc000 r--p 00001000 08:01 14162095                   /home/alex/Documents/8vo_Semestre/Geometría Computacional/Lab/practica04/src/lib/libdouble_linked_list.so
7f5c13dfc000-7f5c13dfd000 rw-p 00002000 08:01 14162095                   /home/alex/Documents/8vo_Semestre/Geometría Computacional/Lab/practica04/src/lib/libdouble_linked_list.so
7f5c13dfd000-7f5c13dfe000 r-xp 00000000 08:01 14162103                   /home/alex/Documents/8vo_Semestre/Geometría Computacional/Lab/practica04/src/lib/lib2d_points.so
7f5c13dfe000-7f5c13ffe000 ---p 00001000 08:01 14162103                   /home/alex/Documents/8vo_Semestre/Geometría Computacional/Lab/practica04/src/lib/lib2d_points.so
7f5c13ffe000-7f5c13fff000 r--p 00001000 08:01 14162103                   /home/alex/Documents/8vo_Semestre/Geometría Computacional/Lab/practica04/src/lib/lib2d_points.so
7f5c13fff000-7f5c14000000 rw-p 00002000 08:01 14162103                   /home/alex/Documents/8vo_Semestre/Geometría Computacional/Lab/practica04/src/lib/lib2d_points.so
7f5c14000000-7f5c14021000 rw-p 00000000 00:00 0 
7f5c14021000-7f5c18000000 ---p 00000000 00:00 0 
7f5c18000000-7f5c18021000 rw-p 00000000 00:00 0 
7f5c18021000-7f5c1c000000 ---p 00000000 00:00 0 
7f5c1c000000-7f5c1c027000 rw-p 00000000 00:00 0 
7f5c1c027000-7f5c20000000 ---p 00000000 00:00 0 
7f5c20000000-7f5c20021000 rw-p 00000000 00:00 0 
7f5c20021000-7f5c24000000 ---p 00000000 00:00 0 
7f5c24000000-7f5c24021000 rw-p 00000000 00:00 0 
7f5c24021000-7f5c28000000 ---p 00000000 00:00 0 
7f5c28000000-7f5c28021000 rw-p 00000000 00:00 0 
7f5c28021000-7f5c2c000000 ---p 00000000 00:00 0 
7f5c2c000000-7f5c2cc72000 rw-p 00000000 00:00 0 
7f5c2cc72000-7f5c30000000 ---p 00000000 00:00 0 
7f5c30000000-7f5c30c9f000 rw-p 00000000 00:00 0 
7f5c30c9f000-7f5c34000000 ---p 00000000 00:00 0 
7f5c34000000-7f5c34021000 rw-p 00000000 00:00 0 
7f5c34021000-7f5c38000000 ---p 00000000 00:00 0 
7f5c38000000-7f5c38021000 rw-p 00000000 00:00 0 
7f5c38021000-7f5c3c000000 ---p 00000000 00:00 0 
7f5c3c000000-7f5c3c021000 rw-p 00000000 00:00 0 
7f5c3c021000-7f5c40000000 ---p 00000000 00:00 0 
7f5c40000000-7f5c40021000 rw-p 00000000 00:00 0 
7f5c40021000-7f5c44000000 ---p 00000000 00:00 0 
7f5c44000000-7f5c44021000 rw-p 00000000 00:00 0 
7f5c44021000-7f5c48000000 ---p 00000000 00:00 0 
7f5c4812b000-7f5c4812e000 ---p 00000000 00:00 0 
7f5c4812e000-7f5c4832c000 rw-p 00000000 00:00 0 
7f5c4832c000-7f5c4832f000 ---p 00000000 00:00 0 
7f5c4832f000-7f5c4852d000 rw-p 00000000 00:00 0                          [stack:21442]
7f5c4852d000-7f5c48530000 ---p 00000000 00:00 0 
7f5c48530000-7f5c4872e000 rw-p 00000000 00:00 0                          [stack:21443]
7f5c488b3000-7f5c488b6000 ---p 00000000 00:00 0 
7f5c488b6000-7f5c48ab4000 rw-p 00000000 00:00 0                          [stack:21356]
7f5c48ab4000-7f5c48ac6000 r-xp 00000000 08:01 12059135                   /home/alex/.rbenv/versions/jruby-1.7.10/lib/jni/x86_64-Linux/libjffi-1.2.so
7f5c48ac6000-7f5c48cc5000 ---p 00012000 08:01 12059135                   /home/alex/.rbenv/versions/jruby-1.7.10/lib/jni/x86_64-Linux/libjffi-1.2.so
7f5c48cc5000-7f5c48cc6000 rw-p 00011000 08:01 12059135                   /home/alex/.rbenv/versions/jruby-1.7.10/lib/jni/x86_64-Linux/libjffi-1.2.so
7f5c48cc6000-7f5c48cd6000 r-xp 00000000 08:01 15861288                   /usr/lib/jvm/java-7-openjdk-amd64/jre/lib/amd64/libnio.so
7f5c48cd6000-7f5c48ed6000 ---p 00010000 08:01 15861288                   /usr/lib/jvm/java-7-openjdk-amd64/jre/lib/amd64/libnio.so
7f5c48ed6000-7f5c48ed7000 r--p 00010000 08:01 15861288                   /usr/lib/jvm/java-7-openjdk-amd64/jre/lib/amd64/libnio.so
7f5c48ed7000-7f5c48ed8000 rw-p 00011000 08:01 15861288                   /usr/lib/jvm/java-7-openjdk-amd64/jre/lib/amd64/libnio.so
7f5c48ed8000-7f5c48f15000 r-xp 00000000 08:01 8130434                    /lib/x86_64-linux-gnu/libpcre.so.3.13.1
7f5c48f15000-7f5c49115000 ---p 0003d000 08:01 8130434                    /lib/x86_64-linux-gnu/libpcre.so.3.13.1
7f5c49115000-7f5c49116000 r--p 0003d000 08:01 8130434                    /lib/x86_64-linux-gnu/libpcre.so.3.13.1
7f5c49116000-7f5c49117000 rw-p 0003e000 08:01 8130434                    /lib/x86_64-linux-gnu/libpcre.so.3.13.1
7f5c49117000-7f5c4911e000 r-xp 00000000 08:01 15735894                   /usr/lib/x86_64-linux-gnu/libffi.so.6.0.1
7f5c4911e000-7f5c4931d000 ---p 00007000 08:01 15735894                   /usr/lib/x86_64-linux-gnu/libffi.so.6.0.1
7f5c4931d000-7f5c4931e000 r--p 00006000 08:01 15735894                   /usr/lib/x86_64-linux-gnu/libffi.so.6.0.1
7f5c4931e000-7f5c4931f000 rw-p 00007000 08:01 15735894                   /usr/lib/x86_64-linux-gnu/libffi.so.6.0.1
7f5c4931f000-7f5c49335000 r-xp 00000000 08:01 8130457                    /lib/x86_64-linux-gnu/libresolv-2.17.so
7f5c49335000-7f5c49535000 ---p 00016000 08:01 8130457                    /lib/x86_64-linux-gnu/libresolv-2.17.so
7f5c49535000-7f5c49536000 r--p 00016000 08:01 8130457                    /lib/x86_64-linux-gnu/libresolv-2.17.so
7f5c49536000-7f5c49537000 rw-p 00017000 08:01 8130457                    /lib/x86_64-linux-gnu/libresolv-2.17.so
7f5c49537000-7f5c49539000 rw-p 00000000 00:00 0 
7f5c49539000-7f5c49558000 r-xp 00000000 08:01 8130461                    /lib/x86_64-linux-gnu/libselinux.so.1
7f5c49558000-7f5c49758000 ---p 0001f000 08:01 8130461                    /lib/x86_64-linux-gnu/libselinux.so.1
7f5c49758000-7f5c49759000 r--p 0001f000 08:01 8130461                    /lib/x86_64-linux-gnu/libselinux.so.1
7f5c49759000-7f5c4975a000 rw-p 00020000 08:01 8130461                    /lib/x86_64-linux-gnu/libselinux.so.1
7f5c4975a000-7f5c4975b000 rw-p 00000000 00:00 0 
7f5c4975b000-7f5c4975e000 r-xp 00000000 08:01 15729078                   /usr/lib/x86_64-linux-gnu/libgmodule-2.0.so.0.3800.1
7f5c4975e000-7f5c4995d000 ---p 00003000 08:01 15729078                   /usr/lib/x86_64-linux-gnu/libgmodule-2.0.so.0.3800.1
7f5c4995d000-7f5c4995e000 r--p 00002000 08:01 15729078                   /usr/lib/x86_64-linux-gnu/libgmodule-2.0.so.0.3800.1
7f5c4995e000-7f5c4995f000 rw-p 00003000 08:01 15729078                   /usr/lib/x86_64-linux-gnu/libgmodule-2.0.so.0.3800.1
7f5c4995f000-7f5c49a5d000 r-xp 00000000 08:01 8130449                    /lib/x86_64-linux-gnu/libglib-2.0.so.0.3800.1
7f5c49a5d000-7f5c49c5d000 ---p 000fe000 08:01 8130449                    /lib/x86_64-linux-gnu/libglib-2.0.so.0.3800.1
7f5c49c5d000-7f5c49c5e000 r--p 000fe000 08:01 8130449                    /lib/x86_64-linux-gnu/libglib-2.0.so.0.3800.1
7f5c49c5e000-7f5c49c5f000 rw-p 000ff000 08:01 8130449                    /lib/x86_64-linux-gnu/libglib-2.0.so.0.3800.1
7f5c49c5f000-7f5c49c60000 rw-p 00000000 00:00 0 
7f5c49c60000-7f5c49caf000 r-xp 00000000 08:01 15729069                   /usr/lib/x86_64-linux-gnu/libgobject-2.0.so.0.3800.1
7f5c49caf000-7f5c49eaf000 ---p 0004f000 08:01 15729069                   /usr/lib/x86_64-linux-gnu/libgobject-2.0.so.0.3800.1
7f5c49eaf000-7f5c49eb0000 r--p 0004f000 08:01 15729069                   /usr/lib/x86_64-linux-gnu/libgobject-2.0.so.0.3800.1
7f5c49eb0000-7f5c49eb1000 rw-p 00050000 08:01 15729069                   /usr/lib/x86_64-linux-gnu/libgobject-2.0.so.0.3800.1
7f5c49eb1000-7f5c4a00d000 r-xp 00000000 08:01 15729043                   /usr/lib/x86_64-linux-gnu/libgio-2.0.so.0.3800.1
7f5c4a00d000-7f5c4a20c000 ---p 0015c000 08:01 15729043                   /usr/lib/x86_64-linux-gnu/libgio-2.0.so.0.3800.1
7f5c4a20c000-7f5c4a210000 r--p 0015b000 08:01 15729043                   /usr/lib/x86_64-linux-gnu/libgio-2.0.so.0.3800.1
7f5c4a210000-7f5c4a212000 rw-p 0015f000 08:01 15729043                   /usr/lib/x86_64-linux-gnu/libgio-2.0.so.0.3800.1
7f5c4a212000-7f5c4a214000 rw-p 00000000 00:00 0 
7f5c4a214000-7f5c4a22a000 r-xp 00000000 08:01 15861076                   /usr/lib/jvm/java-7-openjdk-amd64/jre/lib/amd64/libnet.so
7f5c4a22a000-7f5c4a429000 ---p 00016000 08:01 15861076                   /usr/lib/jvm/java-7-openjdk-amd64/jre/lib/amd64/libnet.so
7f5c4a429000-7f5c4a42a000 r--p 00015000 08:01 15861076                   /usr/lib/jvm/java-7-openjdk-amd64/jre/lib/amd64/libnet.so
7f5c4a42a000-7f5c4a42b000 rw-p 00016000 08:01 15861076                   /usr/lib/jvm/java-7-openjdk-amd64/jre/lib/amd64/libnet.so
7f5c4a42b000-7f5c4a42c000 ---p 00000000 00:00 0 
7f5c4a42c000-7f5c4a52c000 rw-p 00000000 00:00 0                          [stack:21355]
7f5c4a52c000-7f5c4a52f000 ---p 00000000 00:00 0 
7f5c4a52f000-7f5c4a72d000 rw-p 00000000 00:00 0                          [stack:21354]
7f5c4a72d000-7f5c4a730000 ---p 00000000 00:00 0 
7f5c4a730000-7f5c4a82e000 rw-p 00000000 00:00 0                          [stack:21353]
7f5c4a82e000-7f5c4a831000 ---p 00000000 00:00 0 
7f5c4a831000-7f5c4a92f000 rw-p 00000000 00:00 0                          [stack:21352]
7f5c4a92f000-7f5c4a932000 ---p 00000000 00:00 0 
7f5c4a932000-7f5c4c000000 rw-p 00000000 00:00 0                          [stack:21351]
7f5c4c000000-7f5c4c021000 rw-p 00000000 00:00 0 
7f5c4c021000-7f5c50000000 ---p 00000000 00:00 0 
7f5c50000000-7f5c50021000 rw-p 00000000 00:00 0 
7f5c50021000-7f5c54000000 ---p 00000000 00:00 0 
7f5c54000000-7f5c54021000 rw-p 00000000 00:00 0 
7f5c54021000-7f5c58000000 ---p 00000000 00:00 0 
7f5c580fd000-7f5c584f7000 r--p 00000000 08:01 15734328                   /usr/lib/locale/locale-archive
7f5c584f7000-7f5c584fa000 ---p 00000000 00:00 0 
7f5c584fa000-7f5c586f8000 rw-p 00000000 00:00 0                          [stack:21350]
7f5c586f8000-7f5c586fb000 ---p 00000000 00:00 0 
7f5c586fb000-7f5c588f9000 rw-p 00000000 00:00 0                          [stack:21349]
7f5c588f9000-7f5c588fa000 ---p 00000000 00:00 0 
7f5c588fa000-7f5c59000000 rw-p 00000000 00:00 0                          [stack:21348]
7f5c59000000-7f5c59270000 rwxp 00000000 00:00 0 
7f5c59270000-7f5c5c5c3000 rw-p 00000000 00:00 0 
7f5c5c5c3000-7f5c60000000 ---p 00000000 00:00 0 
7f5c60071000-7f5c60073000 rw-p 00000000 00:00 0 
7f5c60073000-7f5c60076000 ---p 00000000 00:00 0 
7f5c60076000-7f5c600ac000 rw-p 00000000 00:00 0                          [stack:21359]
7f5c600ac000-7f5c600ad000 r-xp 00000000 00:00 0 
7f5c600ad000-7f5c600b4000 r--s 00000000 08:01 16127910                   /usr/lib/x86_64-linux-gnu/gconv/gconv-modules.cache
7f5c600b4000-7f5c600b6000 r--s 00012000 08:01 15861308                   /usr/lib/jvm/java-7-openjdk-amd64/jre/lib/ext/zipfs.jar
7f5c600b6000-7f5c600b9000 r--s 00032000 08:01 15861310                   /usr/lib/jvm/java-7-openjdk-amd64/jre/lib/ext/sunjce_provider.jar
7f5c600b9000-7f5c600bd000 r--s 00085000 08:01 15861304                   /usr/lib/jvm/java-7-openjdk-amd64/jre/lib/ext/localedata.jar
7f5c600bd000-7f5c600bf000 r--s 00006000 08:01 16256853                   /usr/share/java/java-atk-wrapper.jar
7f5c600bf000-7f5c600c2000 r--s 0000f000 08:01 15861306                   /usr/lib/jvm/java-7-openjdk-amd64/jre/lib/ext/pulse-java.jar
7f5c600c2000-7f5c600c7000 r--s 0004c000 08:01 15861296                   /usr/lib/jvm/java-7-openjdk-amd64/jre/lib/jsse.jar
7f5c600c7000-7f5c60a7d000 rw-p 00000000 00:00 0 
7f5c60a7d000-7f5c60b66000 r--s 00bb9000 08:01 12059138                   /home/alex/.rbenv/versions/jruby-1.7.10/lib/jruby.jar
7f5c60b66000-7f5c60bae000 rw-p 00000000 00:00 0 
7f5c60bae000-7f5c60d5c000 r--s 01cf4000 08:01 15861374                   /usr/lib/jvm/java-7-openjdk-amd64/jre/lib/rt.jar
7f5c60d5c000-7f5c60fa2000 rw-p 00000000 00:00 0 
7f5c60fa2000-7f5c60fa3000 ---p 00000000 00:00 0 
7f5c60fa3000-7f5c610a3000 rw-p 00000000 00:00 0                          [stack:21347]
7f5c610a3000-7f5c610a4000 ---p 00000000 00:00 0 
7f5c610a4000-7f5c611a4000 rw-p 00000000 00:00 0                          [stack:21346]
7f5c611a4000-7f5c611a5000 ---p 00000000 00:00 0 
7f5c611a5000-7f5c612a5000 rw-p 00000000 00:00 0                          [stack:21345]
7f5c612a5000-7f5c612a6000 ---p 00000000 00:00 0 
7f5c612a6000-7f5c613b3000 rw-p 00000000 00:00 0                          [stack:21344]
7f5c613b3000-7f5c613f9000 rw-p 00000000 00:00 0 
7f5c613f9000-7f5c6140c000 rw-p 00000000 00:00 0 
7f5c6140c000-7f5c6149f000 rw-p 00000000 00:00 0 
7f5c6149f000-7f5c614b1000 rw-p 00000000 00:00 0 
7f5c614b1000-7f5c614f3000 rw-p 00000000 00:00 0 
7f5c614f3000-7f5c614f4000 rw-p 00000000 00:00 0 
7f5c614f4000-7f5c614fc000 r-xp 00000000 08:01 15861025                   /usr/lib/jvm/java-7-openjdk-amd64/jre/lib/amd64/libzip.so
7f5c614fc000-7f5c616fb000 ---p 00008000 08:01 15861025                   /usr/lib/jvm/java-7-openjdk-amd64/jre/lib/amd64/libzip.so
7f5c616fb000-7f5c616fc000 r--p 00007000 08:01 15861025                   /usr/lib/jvm/java-7-openjdk-amd64/jre/lib/amd64/libzip.so
7f5c616fc000-7f5c616fd000 rw-p 00008000 08:01 15861025                   /usr/lib/jvm/java-7-openjdk-amd64/jre/lib/amd64/libzip.so
7f5c616fd000-7f5c61709000 r-xp 00000000 08:01 8130412                    /lib/x86_64-linux-gnu/libnss_files-2.17.so
7f5c61709000-7f5c61908000 ---p 0000c000 08:01 8130412                    /lib/x86_64-linux-gnu/libnss_files-2.17.so
7f5c61908000-7f5c61909000 r--p 0000b000 08:01 8130412                    /lib/x86_64-linux-gnu/libnss_files-2.17.so
7f5c61909000-7f5c6190a000 rw-p 0000c000 08:01 8130412                    /lib/x86_64-linux-gnu/libnss_files-2.17.so
7f5c6190a000-7f5c61915000 r-xp 00000000 08:01 8130416                    /lib/x86_64-linux-gnu/libnss_nis-2.17.so
7f5c61915000-7f5c61b14000 ---p 0000b000 08:01 8130416                    /lib/x86_64-linux-gnu/libnss_nis-2.17.so
7f5c61b14000-7f5c61b15000 r--p 0000a000 08:01 8130416                    /lib/x86_64-linux-gnu/libnss_nis-2.17.so
7f5c61b15000-7f5c61b16000 rw-p 0000b000 08:01 8130416                    /lib/x86_64-linux-gnu/libnss_nis-2.17.so
7f5c61b16000-7f5c61b2d000 r-xp 00000000 08:01 8130406                    /lib/x86_64-linux-gnu/libnsl-2.17.so
7f5c61b2d000-7f5c61d2c000 ---p 00017000 08:01 8130406                    /lib/x86_64-linux-gnu/libnsl-2.17.so
7f5c61d2c000-7f5c61d2d000 r--p 00016000 08:01 8130406                    /lib/x86_64-linux-gnu/libnsl-2.17.so
7f5c61d2d000-7f5c61d2e000 rw-p 00017000 08:01 8130406                    /lib/x86_64-linux-gnu/libnsl-2.17.so
7f5c61d2e000-7f5c61d30000 rw-p 00000000 00:00 0 
7f5c61d30000-7f5c61d38000 r-xp 00000000 08:01 8130408                    /lib/x86_64-linux-gnu/libnss_compat-2.17.so
7f5c61d38000-7f5c61f37000 ---p 00008000 08:01 8130408                    /lib/x86_64-linux-gnu/libnss_compat-2.17.so
7f5c61f37000-7f5c61f38000 r--p 00007000 08:01 8130408                    /lib/x86_64-linux-gnu/libnss_compat-2.17.so
7f5c61f38000-7f5c61f39000 rw-p 00008000 08:01 8130408                    /lib/x86_64-linux-gnu/libnss_compat-2.17.so
7f5c61f39000-7f5c61f64000 r-xp 00000000 08:01 15860951                   /usr/lib/jvm/java-7-openjdk-amd64/jre/lib/amd64/libjava.so
7f5c61f64000-7f5c62163000 ---p 0002b000 08:01 15860951                   /usr/lib/jvm/java-7-openjdk-amd64/jre/lib/amd64/libjava.so
7f5c62163000-7f5c62164000 r--p 0002a000 08:01 15860951                   /usr/lib/jvm/java-7-openjdk-amd64/jre/lib/amd64/libjava.so
7f5c62164000-7f5c62166000 rw-p 0002b000 08:01 15860951                   /usr/lib/jvm/java-7-openjdk-amd64/jre/lib/amd64/libjava.so
7f5c62166000-7f5c62176000 r-xp 00000000 08:01 15861265                   /usr/lib/jvm/java-7-openjdk-amd64/jre/lib/amd64/libverify.so
7f5c62176000-7f5c62375000 ---p 00010000 08:01 15861265                   /usr/lib/jvm/java-7-openjdk-amd64/jre/lib/amd64/libverify.so
7f5c62375000-7f5c62377000 r--p 0000f000 08:01 15861265                   /usr/lib/jvm/java-7-openjdk-amd64/jre/lib/amd64/libverify.so
7f5c62377000-7f5c62378000 rw-p 00011000 08:01 15861265                   /usr/lib/jvm/java-7-openjdk-amd64/jre/lib/amd64/libverify.so
7f5c62378000-7f5c6237f000 r-xp 00000000 08:01 8130459                    /lib/x86_64-linux-gnu/librt-2.17.so
7f5c6237f000-7f5c6257e000 ---p 00007000 08:01 8130459                    /lib/x86_64-linux-gnu/librt-2.17.so
7f5c6257e000-7f5c6257f000 r--p 00006000 08:01 8130459                    /lib/x86_64-linux-gnu/librt-2.17.so
7f5c6257f000-7f5c62580000 rw-p 00007000 08:01 8130459                    /lib/x86_64-linux-gnu/librt-2.17.so
7f5c62580000-7f5c62583000 ---p 00000000 00:00 0 
7f5c62583000-7f5c62781000 rw-p 00000000 00:00 0                          [stack:21343]
7f5c62781000-7f5c62796000 r-xp 00000000 08:01 8126477                    /lib/x86_64-linux-gnu/libgcc_s.so.1
7f5c62796000-7f5c62995000 ---p 00015000 08:01 8126477                    /lib/x86_64-linux-gnu/libgcc_s.so.1
7f5c62995000-7f5c62996000 r--p 00014000 08:01 8126477                    /lib/x86_64-linux-gnu/libgcc_s.so.1
7f5c62996000-7f5c62997000 rw-p 00015000 08:01 8126477                    /lib/x86_64-linux-gnu/libgcc_s.so.1
7f5c62997000-7f5c62a9a000 r-xp 00000000 08:01 8130387                    /lib/x86_64-linux-gnu/libm-2.17.so
7f5c62a9a000-7f5c62c99000 ---p 00103000 08:01 8130387                    /lib/x86_64-linux-gnu/libm-2.17.so
7f5c62c99000-7f5c62c9a000 r--p 00102000 08:01 8130387                    /lib/x86_64-linux-gnu/libm-2.17.so
7f5c62c9a000-7f5c62c9b000 rw-p 00103000 08:01 8130387                    /lib/x86_64-linux-gnu/libm-2.17.so
7f5c62c9b000-7f5c62d81000 r-xp 00000000 08:01 15729831                   /usr/lib/x86_64-linux-gnu/libstdc++.so.6.0.18
7f5c62d81000-7f5c62f80000 ---p 000e6000 08:01 15729831                   /usr/lib/x86_64-linux-gnu/libstdc++.so.6.0.18
7f5c62f80000-7f5c62f88000 r--p 000e5000 08:01 15729831                   /usr/lib/x86_64-linux-gnu/libstdc++.so.6.0.18
7f5c62f88000-7f5c62f8a000 rw-p 000ed000 08:01 15729831                   /usr/lib/x86_64-linux-gnu/libstdc++.so.6.0.18
7f5c62f8a000-7f5c62f9f000 rw-p 00000000 00:00 0 
7f5c62f9f000-7f5c63a7e000 r-xp 00000000 08:01 15861284                   /usr/lib/jvm/java-7-openjdk-amd64/jre/lib/amd64/server/libjvm.so
7f5c63a7e000-7f5c63c7d000 ---p 00adf000 08:01 15861284                   /usr/lib/jvm/java-7-openjdk-amd64/jre/lib/amd64/server/libjvm.so
7f5c63c7d000-7f5c63d0f000 r--p 00ade000 08:01 15861284                   /usr/lib/jvm/java-7-openjdk-amd64/jre/lib/amd64/server/libjvm.so
7f5c63d0f000-7f5c63d32000 rw-p 00b70000 08:01 15861284                   /usr/lib/jvm/java-7-openjdk-amd64/jre/lib/amd64/server/libjvm.so
7f5c63d32000-7f5c63d5f000 rw-p 00000000 00:00 0 
7f5c63d5f000-7f5c63d77000 r-xp 00000000 08:01 8130494                    /lib/x86_64-linux-gnu/libz.so.1.2.8
7f5c63d77000-7f5c63f76000 ---p 00018000 08:01 8130494                    /lib/x86_64-linux-gnu/libz.so.1.2.8
7f5c63f76000-7f5c63f77000 r--p 00017000 08:01 8130494                    /lib/x86_64-linux-gnu/libz.so.1.2.8
7f5c63f77000-7f5c63f78000 rw-p 00018000 08:01 8130494                    /lib/x86_64-linux-gnu/libz.so.1.2.8
7f5c63f78000-7f5c63f8f000 r-xp 00000000 08:01 8130451                    /lib/x86_64-linux-gnu/libpthread-2.17.so
7f5c63f8f000-7f5c6418f000 ---p 00017000 08:01 8130451                    /lib/x86_64-linux-gnu/libpthread-2.17.so
7f5c6418f000-7f5c64190000 r--p 00017000 08:01 8130451                    /lib/x86_64-linux-gnu/libpthread-2.17.so
7f5c64190000-7f5c64191000 rw-p 00018000 08:01 8130451                    /lib/x86_64-linux-gnu/libpthread-2.17.so
7f5c64191000-7f5c64195000 rw-p 00000000 00:00 0 
7f5c64195000-7f5c64198000 r-xp 00000000 08:01 8130351                    /lib/x86_64-linux-gnu/libdl-2.17.so
7f5c64198000-7f5c64397000 ---p 00003000 08:01 8130351                    /lib/x86_64-linux-gnu/libdl-2.17.so
7f5c64397000-7f5c64398000 r--p 00002000 08:01 8130351                    /lib/x86_64-linux-gnu/libdl-2.17.so
7f5c64398000-7f5c64399000 rw-p 00003000 08:01 8130351                    /lib/x86_64-linux-gnu/libdl-2.17.so
7f5c64399000-7f5c64556000 r-xp 00000000 08:01 8130336                    /lib/x86_64-linux-gnu/libc-2.17.so
7f5c64556000-7f5c64756000 ---p 001bd000 08:01 8130336                    /lib/x86_64-linux-gnu/libc-2.17.so
7f5c64756000-7f5c6475a000 r--p 001bd000 08:01 8130336                    /lib/x86_64-linux-gnu/libc-2.17.so
7f5c6475a000-7f5c6475c000 rw-p 001c1000 08:01 8130336                    /lib/x86_64-linux-gnu/libc-2.17.so
7f5c6475c000-7f5c64761000 rw-p 00000000 00:00 0 
7f5c64761000-7f5c6476e000 r-xp 00000000 08:01 15861291                   /usr/lib/jvm/java-7-openjdk-amd64/jre/lib/amd64/jli/libjli.so
7f5c6476e000-7f5c6496d000 ---p 0000d000 08:01 15861291                   /usr/lib/jvm/java-7-openjdk-amd64/jre/lib/amd64/jli/libjli.so
7f5c6496d000-7f5c6496e000 r--p 0000c000 08:01 15861291                   /usr/lib/jvm/java-7-openjdk-amd64/jre/lib/amd64/jli/libjli.so
7f5c6496e000-7f5c6496f000 rw-p 0000d000 08:01 15861291                   /usr/lib/jvm/java-7-openjdk-amd64/jre/lib/amd64/jli/libjli.so
7f5c6496f000-7f5c64992000 r-xp 00000000 08:01 8130312                    /lib/x86_64-linux-gnu/ld-2.17.so
7f5c64992000-7f5c64996000 r--s 0003b000 08:01 15861316                   /usr/lib/jvm/java-7-openjdk-amd64/jre/lib/ext/sunpkcs11.jar
7f5c64996000-7f5c649c4000 rw-p 00000000 00:00 0 
7f5c649c4000-7f5c64a0a000 rw-p 00000000 00:00 0 
7f5c64a0a000-7f5c64a1d000 rw-p 00000000 00:00 0 
7f5c64a1d000-7f5c64ab1000 rw-p 00000000 00:00 0 
7f5c64ab1000-7f5c64abb000 rw-p 00000000 00:00 0 
7f5c64abb000-7f5c64b71000 rw-p 00000000 00:00 0 
7f5c64b71000-7f5c64b76000 rw-p 00000000 00:00 0 
7f5c64b76000-7f5c64b77000 r--s 00002000 08:01 15861314                   /usr/lib/jvm/java-7-openjdk-amd64/jre/lib/ext/dnsns.jar
7f5c64b77000-7f5c64b85000 rw-p 00000000 00:00 0 
7f5c64b85000-7f5c64b8d000 rw-s 00000000 08:01 6029327                    /tmp/hsperfdata_alex/21318
7f5c64b8d000-7f5c64b8e000 rw-p 00000000 00:00 0 
7f5c64b8e000-7f5c64b8f000 r--p 00000000 00:00 0 
7f5c64b8f000-7f5c64b91000 rw-p 00000000 00:00 0 
7f5c64b91000-7f5c64b92000 r--p 00022000 08:01 8130312                    /lib/x86_64-linux-gnu/ld-2.17.so
7f5c64b92000-7f5c64b94000 rw-p 00023000 08:01 8130312                    /lib/x86_64-linux-gnu/ld-2.17.so
7fff4e4d7000-7fff4e4f8000 rw-p 00000000 00:00 0                          [stack]
7fff4e5fe000-7fff4e600000 r-xp 00000000 00:00 0                          [vdso]
ffffffffff600000-ffffffffff601000 r-xp 00000000 00:00 0                  [vsyscall]

VM Arguments:
jvm_args: -Djdk.home= -Djruby.home=/home/alex/.rbenv/versions/jruby-1.7.10 -Djruby.script=jruby -Djruby.shell=/bin/sh -Djffi.boot.library.path=/home/alex/.rbenv/versions/jruby-1.7.10/lib/jni:/home/alex/.rbenv/versions/jruby-1.7.10/lib/jni/i386-Linux:/home/alex/.rbenv/versions/jruby-1.7.10/lib/jni/arm-Linux:/home/alex/.rbenv/versions/jruby-1.7.10/lib/jni/x86_64-Linux -Xmx500m -Xss2048k -Xbootclasspath/a:/home/alex/.rbenv/versions/jruby-1.7.10/lib/jruby.jar 
java_command: org/jruby/Main Makefile.rb clean compile test clean
Launcher Type: SUN_STANDARD

Environment Variables:
PATH=/home/alex/.rbenv/versions/jruby-1.7.10/bin:/home/alex/.rbenv/libexec:/home/alex/.rbenv/plugins/ruby-build/bin:/home/alex/.rbenv/shims:~/.rbenv/bin:~/.rbenv/bin:/usr/local/sbin:/usr/local/bin:/usr/sbin:/usr/bin:/sbin:/bin:/usr/games:/usr/local/games
USERNAME=alex
SHELL=/bin/bash
DISPLAY=:0

Signal Handlers:
SIGSEGV: [libjvm.so+0x916ea0], sa_mask[0]=0x7ffbfeff, sa_flags=0x10000004
SIGBUS: [libjvm.so+0x916ea0], sa_mask[0]=0x7ffbfeff, sa_flags=0x10000004
SIGFPE: [libjvm.so+0x794800], sa_mask[0]=0x7ffbfeff, sa_flags=0x10000004
SIGPIPE: [libjvm.so+0x794800], sa_mask[0]=0x7ffbfeff, sa_flags=0x10000004
SIGXFSZ: [libjvm.so+0x794800], sa_mask[0]=0x7ffbfeff, sa_flags=0x10000004
SIGILL: [libjvm.so+0x794800], sa_mask[0]=0x7ffbfeff, sa_flags=0x10000004
SIGUSR1: SIG_DFL, sa_mask[0]=0x00000000, sa_flags=0x00000000
SIGUSR2: [libjvm.so+0x7946a0], sa_mask[0]=0x00000000, sa_flags=0x10000004
SIGHUP: [libjvm.so+0x794880], sa_mask[0]=0x7ffbfeff, sa_flags=0x10000004
SIGINT: [libjvm.so+0x794880], sa_mask[0]=0x7ffbfeff, sa_flags=0x10000004
SIGTERM: [libjvm.so+0x794880], sa_mask[0]=0x7ffbfeff, sa_flags=0x10000004
SIGQUIT: [libjvm.so+0x794880], sa_mask[0]=0x7ffbfeff, sa_flags=0x10000004


---------------  S Y S T E M  ---------------

OS:LinuxMint 16 (petra)
uname:Linux 3.11.0-12-generic #19-Ubuntu SMP Wed Oct 9 16:20:46 UTC 2013 x86_64
libc:glibc 2.17 NPTL 2.17 
rlimit: STACK 8192k, CORE 0k, NPROC 28798, NOFILE 4096, AS infinity
load average:0,81 0,40 0,29

/proc/meminfo:
MemTotal:        3715476 kB
MemFree:         1432964 kB
Buffers:          188964 kB
Cached:          1101688 kB
SwapCached:            0 kB
Active:          1300904 kB
Inactive:         778920 kB
Active(anon):     790852 kB
Inactive(anon):   204180 kB
Active(file):     510052 kB
Inactive(file):   574740 kB
Unevictable:          52 kB
Mlocked:              52 kB
SwapTotal:       3856380 kB
SwapFree:        3856380 kB
Dirty:               460 kB
Writeback:             0 kB
AnonPages:        789624 kB
Mapped:           186076 kB
Shmem:            205864 kB
Slab:             128012 kB
SReclaimable:     101036 kB
SUnreclaim:        26976 kB
KernelStack:        3576 kB
PageTables:        25796 kB
NFS_Unstable:          0 kB
Bounce:                0 kB
WritebackTmp:          0 kB
CommitLimit:     5714116 kB
Committed_AS:    3336216 kB
VmallocTotal:   34359738367 kB
VmallocUsed:      414316 kB
VmallocChunk:   34359319548 kB
HardwareCorrupted:     0 kB
AnonHugePages:         0 kB
HugePages_Total:       0
HugePages_Free:        0
HugePages_Rsvd:        0
HugePages_Surp:        0
Hugepagesize:       2048 kB
DirectMap4k:       58576 kB
DirectMap2M:     3799040 kB


CPU:total 4 (2 cores per cpu, 2 threads per core) family 6 model 37 stepping 5, cmov, cx8, fxsr, mmx, sse, sse2, sse3, ssse3, sse4.1, sse4.2, popcnt, ht, tsc, tscinvbit

/proc/cpuinfo:
processor	: 0
vendor_id	: GenuineIntel
cpu family	: 6
model		: 37
model name	: Intel(R) Core(TM) i3 CPU       M 380  @ 2.53GHz
stepping	: 5
microcode	: 0x2
cpu MHz		: 933.000
cache size	: 3072 KB
physical id	: 0
siblings	: 4
core id		: 0
cpu cores	: 2
apicid		: 0
initial apicid	: 0
fpu		: yes
fpu_exception	: yes
cpuid level	: 11
wp		: yes
flags		: fpu vme de pse tsc msr pae mce cx8 apic sep mtrr pge mca cmov pat pse36 clflush dts acpi mmx fxsr sse sse2 ss ht tm pbe syscall nx rdtscp lm constant_tsc arch_perfmon pebs bts rep_good nopl xtopology nonstop_tsc aperfmperf pni dtes64 monitor ds_cpl vmx est tm2 ssse3 cx16 xtpr pdcm pcid sse4_1 sse4_2 popcnt lahf_lm arat dtherm tpr_shadow vnmi flexpriority ept vpid
bogomips	: 5053.98
clflush size	: 64
cache_alignment	: 64
address sizes	: 36 bits physical, 48 bits virtual
power management:

processor	: 1
vendor_id	: GenuineIntel
cpu family	: 6
model		: 37
model name	: Intel(R) Core(TM) i3 CPU       M 380  @ 2.53GHz
stepping	: 5
microcode	: 0x2
cpu MHz		: 2533.000
cache size	: 3072 KB
physical id	: 0
siblings	: 4
core id		: 0
cpu cores	: 2
apicid		: 1
initial apicid	: 1
fpu		: yes
fpu_exception	: yes
cpuid level	: 11
wp		: yes
flags		: fpu vme de pse tsc msr pae mce cx8 apic sep mtrr pge mca cmov pat pse36 clflush dts acpi mmx fxsr sse sse2 ss ht tm pbe syscall nx rdtscp lm constant_tsc arch_perfmon pebs bts rep_good nopl xtopology nonstop_tsc aperfmperf pni dtes64 monitor ds_cpl vmx est tm2 ssse3 cx16 xtpr pdcm pcid sse4_1 sse4_2 popcnt lahf_lm arat dtherm tpr_shadow vnmi flexpriority ept vpid
bogomips	: 5053.98
clflush size	: 64
cache_alignment	: 64
address sizes	: 36 bits physical, 48 bits virtual
power management:

processor	: 2
vendor_id	: GenuineIntel
cpu family	: 6
model		: 37
model name	: Intel(R) Core(TM) i3 CPU       M 380  @ 2.53GHz
stepping	: 5
microcode	: 0x2
cpu MHz		: 2533.000
cache size	: 3072 KB
physical id	: 0
siblings	: 4
core id		: 2
cpu cores	: 2
apicid		: 4
initial apicid	: 4
fpu		: yes
fpu_exception	: yes
cpuid level	: 11
wp		: yes
flags		: fpu vme de pse tsc msr pae mce cx8 apic sep mtrr pge mca cmov pat pse36 clflush dts acpi mmx fxsr sse sse2 ss ht tm pbe syscall nx rdtscp lm constant_tsc arch_perfmon pebs bts rep_good nopl xtopology nonstop_tsc aperfmperf pni dtes64 monitor ds_cpl vmx est tm2 ssse3 cx16 xtpr pdcm pcid sse4_1 sse4_2 popcnt lahf_lm arat dtherm tpr_shadow vnmi flexpriority ept vpid
bogomips	: 5053.98
clflush size	: 64
cache_alignment	: 64
address sizes	: 36 bits physical, 48 bits virtual
power management:

processor	: 3
vendor_id	: GenuineIntel
cpu family	: 6
model		: 37
model name	: Intel(R) Core(TM) i3 CPU       M 380  @ 2.53GHz
stepping	: 5
microcode	: 0x2
cpu MHz		: 933.000
cache size	: 3072 KB
physical id	: 0
siblings	: 4
core id		: 2
cpu cores	: 2
apicid		: 5
initial apicid	: 5
fpu		: yes
fpu_exception	: yes
cpuid level	: 11
wp		: yes
flags		: fpu vme de pse tsc msr pae mce cx8 apic sep mtrr pge mca cmov pat pse36 clflush dts acpi mmx fxsr sse sse2 ss ht tm pbe syscall nx rdtscp lm constant_tsc arch_perfmon pebs bts rep_good nopl xtopology nonstop_tsc aperfmperf pni dtes64 monitor ds_cpl vmx est tm2 ssse3 cx16 xtpr pdcm pcid sse4_1 sse4_2 popcnt lahf_lm arat dtherm tpr_shadow vnmi flexpriority ept vpid
bogomips	: 5053.98
clflush size	: 64
cache_alignment	: 64
address sizes	: 36 bits physical, 48 bits virtual
power management:



Memory: 4k page, physical 3715476k(1432964k free), swap 3856380k(3856380k free)

vm_info: OpenJDK 64-Bit Server VM (24.45-b08) for linux-amd64 JRE (1.7.0_51-b00), built on Jan 15 2014 22:02:57 by "buildd" with gcc 4.8.1

time: Fri May 30 19:24:16 2014
elapsed time: 3 seconds

