#
# A fatal error has been detected by the Java Runtime Environment:
#
#  SIGSEGV (0xb) at pc=0x00007f6fab3f1b44, pid=26359, tid=140117974615808
#
# JRE version: OpenJDK Runtime Environment (7.0_51) (build 1.7.0_51-b00)
# Java VM: OpenJDK 64-Bit Server VM (24.45-b08 mixed mode linux-amd64 compressed oops)
# Problematic frame:
# C  [librange_tree.so+0x1b44]  aux_range_query+0x203
#
# Failed to write core dump. Core dumps have been disabled. To enable core dumping, try "ulimit -c unlimited" before starting Java again
#
# If you would like to submit a bug report, please include
# instructions on how to reproduce the bug and visit:
#   http://icedtea.classpath.org/bugzilla
# The crash happened outside the Java Virtual Machine in native code.
# See problematic frame for where to report the bug.
#

---------------  T H R E A D  ---------------

Current thread (0x00007f6fbc00a800):  JavaThread "main" [_thread_in_native, id=26384, stack(0x00007f6fc1fa8000,0x00007f6fc21a9000)]

siginfo:si_signo=SIGSEGV: si_errno=0, si_code=1 (SEGV_MAPERR), si_addr=0x0000000000000018

Registers:
RAX=0x0000000000000000, RBX=0x0000000000000001, RCX=0x0000000000000024, RDX=0x00007f6fab7f7120
RSP=0x00007f6fc21a5370, RBP=0x00007f6fc21a53e0, RSI=0x0000000000000000, RDI=0x00007f6fbc4e89c0
R8 =0x00007f6fc41816a0, R9 =0x00007f6fc3e0f134, R10=0x0000000000000000, R11=0x0000000000000000
R12=0x0000000000000008, R13=0x0000000000000005, R14=0x00007f6fc21a55b0, R15=0x00007f6fc21a5440
RIP=0x00007f6fab3f1b44, EFLAGS=0x0000000000010202, CSGSFS=0x0000000000000033, ERR=0x0000000000000004
  TRAPNO=0x000000000000000e

Top of Stack: (sp=0x00007f6fc21a5370)
0x00007f6fc21a5370:   0000000000000004 4095dc0000000000
0x00007f6fc21a5380:   00007f6fbc4ea840 40b9a60000000000
0x00007f6fc21a5390:   4095dc0000000000 40bb010000000000
0x00007f6fc21a53a0:   407f100000000000 00007f6fbc4e8290
0x00007f6fc21a53b0:   00000000d6b95a8f 00007f6fbc4e89c0
0x00007f6fc21a53c0:   00007f6fbc4e88c0 00007f6fab7f8b27
0x00007f6fc21a53d0:   40bb010000000000 0000000000000001
0x00007f6fc21a53e0:   00007f6fc21a5430 00007f6fab3f1ceb
0x00007f6fc21a53f0:   407f100000000000 40b9a60000000000
0x00007f6fc21a5400:   4095dc0000000000 40bb010000000000
0x00007f6fc21a5410:   407f100000000000 00007f6fbc4e8290
0x00007f6fc21a5420:   00000000d7edb8df 00007f6fbc4ea840
0x00007f6fc21a5430:   00007f6fc21a5440 00007f6fb0492a78
0x00007f6fc21a5440:   000000000000080e 00007f6fc21a5680
0x00007f6fc21a5450:   00007f6fc21a5530 00007f6fb0492901
0x00007f6fc21a5460:   0000000000000000 00007f6fc21a5480
0x00007f6fc21a5470:   00007f6fc21a5390 00007f6fc21a54e0
0x00007f6fc21a5480:   00007f6fc21a54f0 00007f6fc21a54e0
0x00007f6fc21a5490:   00007f6fc21a54f4 00007f6fc21a5550
0x00007f6fc21a54a0:   00007f6fc21a5680 00007f6fab3f1c37
0x00007f6fc21a54b0:   00007f6fbc3fbdd0 00007f6fbc416830
0x00007f6fc21a54c0:   0000000400000001 0000000500000005
0x00007f6fc21a54d0:   00007f6fc21a5390 00000001b9006233
0x00007f6fc21a54e0:   0000000000000005 0000000000000000
0x00007f6fc21a54f0:   0000000000000001 cf970257ed963800
0x00007f6fc21a5500:   00007f6fbc00a800 00007f6fc21a5590
0x00007f6fc21a5510:   0000000000000000 0000000000000000
0x00007f6fc21a5520:   00007f6fc21a5748 00007f6fbc00a800
0x00007f6fc21a5530:   00007f6fc21a5660 00007f6fb048fddc
0x00007f6fc21a5540:   00000000f7092a98 00007f6fc21a5590
0x00007f6fc21a5550:   00007f6fc21a5590 00007f6fc21a5598
0x00007f6fc21a5560:   00007f6fc21a55a0 00007f6fc21a55a8 

Instructions: (pc=0x00007f6fab3f1b44)
0x00007f6fab3f1b24:   48 89 45 d8 eb 5e 48 8b 45 d8 48 8b 00 f2 0f 10
0x00007f6fab3f1b34:   00 66 0f 2e 45 c0 72 40 48 8b 45 d8 48 8b 40 10
0x00007f6fab3f1b44:   48 8b 48 18 48 8b 75 a0 48 8b 55 a8 48 8b 45 b0
0x00007f6fab3f1b54:   48 89 55 98 f2 0f 10 4d 98 48 89 45 98 f2 0f 10 

Register to memory mapping:

RAX=0x0000000000000000 is an unknown value
RBX=0x0000000000000001 is an unknown value
RCX=0x0000000000000024 is an unknown value
RDX=0x00007f6fab7f7120: sentinel+0 in lib/librb_tree.so at 0x00007f6fab5f4000
RSP=0x00007f6fc21a5370 is pointing into the stack for thread: 0x00007f6fbc00a800
RBP=0x00007f6fc21a53e0 is pointing into the stack for thread: 0x00007f6fbc00a800
RSI=0x0000000000000000 is an unknown value
RDI=0x00007f6fbc4e89c0 is an unknown value
R8 =0x00007f6fc41816a0: _IO_file_jumps+0 in /lib/x86_64-linux-gnu/libc.so.6 at 0x00007f6fc3dc1000
R9 =0x00007f6fc3e0f134: _IO_vfprintf+0x49b4 in /lib/x86_64-linux-gnu/libc.so.6 at 0x00007f6fc3dc1000
R10=0x0000000000000000 is an unknown value
R11=0x0000000000000000 is an unknown value
R12=0x0000000000000008 is an unknown value
R13=0x0000000000000005 is an unknown value
R14=0x00007f6fc21a55b0 is pointing into the stack for thread: 0x00007f6fbc00a800
R15=0x00007f6fc21a5440 is pointing into the stack for thread: 0x00007f6fbc00a800


Stack: [0x00007f6fc1fa8000,0x00007f6fc21a9000],  sp=0x00007f6fc21a5370,  free space=2036k
Native frames: (J=compiled Java code, j=interpreted, Vv=VM code, C=native code)
C  [librange_tree.so+0x1b44]  aux_range_query+0x203
C  [librange_tree.so+0x1ceb]  two_d_range_query+0xb4
C  [libjffi-1.2.so+0xda78]  ffi_call_unix64+0x4c

Java frames: (J=compiled Java code, j=interpreted, Vv=VM code)
j  com.kenai.jffi.Foreign.invokeArrayReturnLong(JJ[B)J+0
j  com.kenai.jffi.Invoker.invokeLong(Lcom/kenai/jffi/CallContext;JLcom/kenai/jffi/HeapInvocationBuffer;)J+38
j  com.kenai.jffi.Invoker$LP64.invokeAddress(Lcom/kenai/jffi/CallContext;JLcom/kenai/jffi/HeapInvocationBuffer;)J+5
j  com.kenai.jffi.Invoker.invokeAddress(Lcom/kenai/jffi/Function;Lcom/kenai/jffi/HeapInvocationBuffer;)J+10
j  org.jruby.ext.ffi.jffi.DefaultMethodFactory$Pointer64Invoker.invoke(Lorg/jruby/runtime/ThreadContext;Lcom/kenai/jffi/Function;Lcom/kenai/jffi/HeapInvocationBuffer;)Lorg/jruby/runtime/builtin/IRubyObject;+6
j  org.jruby.ext.ffi.jffi.DefaultMethodFactory$ConvertingInvoker.invoke(Lorg/jruby/runtime/ThreadContext;Lcom/kenai/jffi/Function;Lcom/kenai/jffi/HeapInvocationBuffer;)Lorg/jruby/runtime/builtin/IRubyObject;+12
j  org.jruby.ext.ffi.jffi.BufferNativeInvoker.call(Lorg/jruby/runtime/ThreadContext;Lorg/jruby/runtime/builtin/IRubyObject;Lorg/jruby/RubyModule;Ljava/lang/String;[Lorg/jruby/runtime/builtin/IRubyObject;)Lorg/jruby/runtime/builtin/IRubyObject;+160
j  org.jruby.ext.ffi.jffi.DefaultMethod.call(Lorg/jruby/runtime/ThreadContext;Lorg/jruby/runtime/builtin/IRubyObject;Lorg/jruby/RubyModule;Ljava/lang/String;[Lorg/jruby/runtime/builtin/IRubyObject;)Lorg/jruby/runtime/builtin/IRubyObject;+11
j  org.jruby.runtime.callsite.CachingCallSite.call(Lorg/jruby/runtime/ThreadContext;Lorg/jruby/runtime/builtin/IRubyObject;Lorg/jruby/runtime/builtin/IRubyObject;[Lorg/jruby/runtime/builtin/IRubyObject;)Lorg/jruby/runtime/builtin/IRubyObject;+38
j  org.jruby.ast.CallManyArgsNode.interpret(Lorg/jruby/Ruby;Lorg/jruby/runtime/ThreadContext;Lorg/jruby/runtime/builtin/IRubyObject;Lorg/jruby/runtime/Block;)Lorg/jruby/runtime/builtin/IRubyObject;+41
j  org.jruby.ast.DAsgnNode.interpret(Lorg/jruby/Ruby;Lorg/jruby/runtime/ThreadContext;Lorg/jruby/runtime/builtin/IRubyObject;Lorg/jruby/runtime/Block;)Lorg/jruby/runtime/builtin/IRubyObject;+17
J  org.jruby.runtime.Interpreted19Block.yield(Lorg/jruby/runtime/ThreadContext;Lorg/jruby/runtime/builtin/IRubyObject;Lorg/jruby/runtime/Binding;Lorg/jruby/runtime/Block$Type;)Lorg/jruby/runtime/builtin/IRubyObject;
j  org.jruby.runtime.Interpreted19Block.yieldSpecific(Lorg/jruby/runtime/ThreadContext;Lorg/jruby/runtime/Binding;Lorg/jruby/runtime/Block$Type;)Lorg/jruby/runtime/builtin/IRubyObject;+5
j  org.jruby.runtime.Block.yieldSpecific(Lorg/jruby/runtime/ThreadContext;)Lorg/jruby/runtime/builtin/IRubyObject;+13
j  org.jruby.RubyFixnum.times(Lorg/jruby/runtime/ThreadContext;Lorg/jruby/runtime/Block;)Lorg/jruby/runtime/builtin/IRubyObject;+102
j  org.jruby.RubyFixnum$INVOKER$i$0$0$times.call(Lorg/jruby/runtime/ThreadContext;Lorg/jruby/runtime/builtin/IRubyObject;Lorg/jruby/RubyModule;Ljava/lang/String;Lorg/jruby/runtime/Block;)Lorg/jruby/runtime/builtin/IRubyObject;+7
j  org.jruby.internal.runtime.methods.JavaMethod$JavaMethodZeroBlock.call(Lorg/jruby/runtime/ThreadContext;Lorg/jruby/runtime/builtin/IRubyObject;Lorg/jruby/RubyModule;Ljava/lang/String;[Lorg/jruby/runtime/builtin/IRubyObject;Lorg/jruby/runtime/Block;)Lorg/jruby/runtime/builtin/IRubyObject;+27
j  org.jruby.RubyClass.finvoke(Lorg/jruby/runtime/ThreadContext;Lorg/jruby/runtime/builtin/IRubyObject;Ljava/lang/String;[Lorg/jruby/runtime/builtin/IRubyObject;Lorg/jruby/runtime/Block;)Lorg/jruby/runtime/builtin/IRubyObject;+64
j  org.jruby.runtime.Helpers.invoke(Lorg/jruby/runtime/ThreadContext;Lorg/jruby/runtime/builtin/IRubyObject;Ljava/lang/String;[Lorg/jruby/runtime/builtin/IRubyObject;Lorg/jruby/runtime/Block;)Lorg/jruby/runtime/builtin/IRubyObject;+12
j  org.jruby.RubyBasicObject.callMethod(Lorg/jruby/runtime/ThreadContext;Ljava/lang/String;[Lorg/jruby/runtime/builtin/IRubyObject;Lorg/jruby/runtime/Block;)Lorg/jruby/runtime/builtin/IRubyObject;+6
j  org.jruby.RubyEnumerator.each(Lorg/jruby/runtime/ThreadContext;Lorg/jruby/runtime/Block;)Lorg/jruby/runtime/builtin/IRubyObject;+14
j  org.jruby.RubyEnumerator$INVOKER$i$each.call(Lorg/jruby/runtime/ThreadContext;Lorg/jruby/runtime/builtin/IRubyObject;Lorg/jruby/RubyModule;Ljava/lang/String;Lorg/jruby/runtime/Block;)Lorg/jruby/runtime/builtin/IRubyObject;+7
j  org.jruby.runtime.callsite.CachingCallSite.cacheAndCall(Lorg/jruby/runtime/builtin/IRubyObject;Lorg/jruby/RubyClass;Lorg/jruby/runtime/Block;Lorg/jruby/runtime/ThreadContext;Lorg/jruby/runtime/builtin/IRubyObject;)Lorg/jruby/runtime/builtin/IRubyObject;+57
j  org.jruby.runtime.callsite.CachingCallSite.callBlock(Lorg/jruby/runtime/ThreadContext;Lorg/jruby/runtime/builtin/IRubyObject;Lorg/jruby/runtime/builtin/IRubyObject;Lorg/jruby/runtime/Block;)Lorg/jruby/runtime/builtin/IRubyObject;+50
j  org.jruby.runtime.callsite.CachingCallSite.callIter(Lorg/jruby/runtime/ThreadContext;Lorg/jruby/runtime/builtin/IRubyObject;Lorg/jruby/runtime/builtin/IRubyObject;Lorg/jruby/runtime/Block;)Lorg/jruby/runtime/builtin/IRubyObject;+6
j  org.jruby.ast.CallNoArgBlockNode.interpret(Lorg/jruby/Ruby;Lorg/jruby/runtime/ThreadContext;Lorg/jruby/runtime/builtin/IRubyObject;Lorg/jruby/runtime/Block;)Lorg/jruby/runtime/builtin/IRubyObject;+35
J  org.jruby.ast.BlockNode.interpret(Lorg/jruby/Ruby;Lorg/jruby/runtime/ThreadContext;Lorg/jruby/runtime/builtin/IRubyObject;Lorg/jruby/runtime/Block;)Lorg/jruby/runtime/builtin/IRubyObject;
j  org.jruby.evaluator.ASTInterpreter.INTERPRET_METHOD(Lorg/jruby/Ruby;Lorg/jruby/runtime/ThreadContext;Ljava/lang/String;ILorg/jruby/RubyModule;Lorg/jruby/ast/Node;Ljava/lang/String;Lorg/jruby/runtime/builtin/IRubyObject;Lorg/jruby/runtime/Block;Z)Lorg/jruby/runtime/builtin/IRubyObject;+30
j  org.jruby.internal.runtime.methods.InterpretedMethod.call(Lorg/jruby/runtime/ThreadContext;Lorg/jruby/runtime/builtin/IRubyObject;Lorg/jruby/RubyModule;Ljava/lang/String;)Lorg/jruby/runtime/builtin/IRubyObject;+80
j  org.jruby.internal.runtime.methods.DefaultMethod.call(Lorg/jruby/runtime/ThreadContext;Lorg/jruby/runtime/builtin/IRubyObject;Lorg/jruby/RubyModule;Ljava/lang/String;)Lorg/jruby/runtime/builtin/IRubyObject;+20
J  org.jruby.ast.CallNoArgNode.interpret(Lorg/jruby/Ruby;Lorg/jruby/runtime/ThreadContext;Lorg/jruby/runtime/builtin/IRubyObject;Lorg/jruby/runtime/Block;)Lorg/jruby/runtime/builtin/IRubyObject;
j  org.jruby.ast.FCallTwoArgNode.interpret(Lorg/jruby/Ruby;Lorg/jruby/runtime/ThreadContext;Lorg/jruby/runtime/builtin/IRubyObject;Lorg/jruby/runtime/Block;)Lorg/jruby/runtime/builtin/IRubyObject;+28
J  org.jruby.ast.BlockNode.interpret(Lorg/jruby/Ruby;Lorg/jruby/runtime/ThreadContext;Lorg/jruby/runtime/builtin/IRubyObject;Lorg/jruby/runtime/Block;)Lorg/jruby/runtime/builtin/IRubyObject;
j  org.jruby.evaluator.ASTInterpreter.INTERPRET_METHOD(Lorg/jruby/Ruby;Lorg/jruby/runtime/ThreadContext;Ljava/lang/String;ILorg/jruby/RubyModule;Lorg/jruby/ast/Node;Ljava/lang/String;Lorg/jruby/runtime/builtin/IRubyObject;Lorg/jruby/runtime/Block;Z)Lorg/jruby/runtime/builtin/IRubyObject;+30
j  org.jruby.internal.runtime.methods.InterpretedMethod.call(Lorg/jruby/runtime/ThreadContext;Lorg/jruby/runtime/builtin/IRubyObject;Lorg/jruby/RubyModule;Ljava/lang/String;)Lorg/jruby/runtime/builtin/IRubyObject;+80
j  org.jruby.internal.runtime.methods.DefaultMethod.call(Lorg/jruby/runtime/ThreadContext;Lorg/jruby/runtime/builtin/IRubyObject;Lorg/jruby/RubyModule;Ljava/lang/String;)Lorg/jruby/runtime/builtin/IRubyObject;+20
j  org.jruby.runtime.callsite.CachingCallSite.cacheAndCall(Lorg/jruby/runtime/builtin/IRubyObject;Lorg/jruby/RubyClass;Lorg/jruby/runtime/ThreadContext;Lorg/jruby/runtime/builtin/IRubyObject;)Lorg/jruby/runtime/builtin/IRubyObject;+53
j  org.jruby.runtime.callsite.CachingCallSite.call(Lorg/jruby/runtime/ThreadContext;Lorg/jruby/runtime/builtin/IRubyObject;Lorg/jruby/runtime/builtin/IRubyObject;)Lorg/jruby/runtime/builtin/IRubyObject;+46
j  Makefile.method__2$RUBY$test(LMakefile;Lorg/jruby/runtime/ThreadContext;Lorg/jruby/runtime/builtin/IRubyObject;Lorg/jruby/runtime/Block;)Lorg/jruby/runtime/builtin/IRubyObject;+130
j  Makefile$method__2$RUBY$test.call(Lorg/jruby/runtime/ThreadContext;Lorg/jruby/runtime/builtin/IRubyObject;Lorg/jruby/RubyModule;Ljava/lang/String;Lorg/jruby/runtime/Block;)Lorg/jruby/runtime/builtin/IRubyObject;+17
j  org.jruby.RubyClass.finvoke(Lorg/jruby/runtime/ThreadContext;Lorg/jruby/runtime/builtin/IRubyObject;Ljava/lang/String;Lorg/jruby/runtime/Block;)Lorg/jruby/runtime/builtin/IRubyObject;+41
j  org.jruby.RubyBasicObject.send19(Lorg/jruby/runtime/ThreadContext;Lorg/jruby/runtime/builtin/IRubyObject;Lorg/jruby/runtime/Block;)Lorg/jruby/runtime/builtin/IRubyObject;+15
j  org.jruby.RubyKernel.send19(Lorg/jruby/runtime/ThreadContext;Lorg/jruby/runtime/builtin/IRubyObject;Lorg/jruby/runtime/builtin/IRubyObject;Lorg/jruby/runtime/Block;)Lorg/jruby/runtime/builtin/IRubyObject;+7
j  org.jruby.RubyKernel$INVOKER$s$send19.call(Lorg/jruby/runtime/ThreadContext;Lorg/jruby/runtime/builtin/IRubyObject;Lorg/jruby/RubyModule;Ljava/lang/String;Lorg/jruby/runtime/builtin/IRubyObject;Lorg/jruby/runtime/Block;)Lorg/jruby/runtime/builtin/IRubyObject;+6
j  org.jruby.internal.runtime.methods.JavaMethod$JavaMethodOneOrNBlock.call(Lorg/jruby/runtime/ThreadContext;Lorg/jruby/runtime/builtin/IRubyObject;Lorg/jruby/RubyModule;Ljava/lang/String;Lorg/jruby/runtime/builtin/IRubyObject;)Lorg/jruby/runtime/builtin/IRubyObject;+11
j  org.jruby.runtime.callsite.CachingCallSite.call(Lorg/jruby/runtime/ThreadContext;Lorg/jruby/runtime/builtin/IRubyObject;Lorg/jruby/runtime/builtin/IRubyObject;Lorg/jruby/runtime/builtin/IRubyObject;)Lorg/jruby/runtime/builtin/IRubyObject;+38
j  Makefile.block_7$RUBY$__file__(LMakefile;Lorg/jruby/runtime/ThreadContext;Lorg/jruby/runtime/builtin/IRubyObject;[Lorg/jruby/runtime/builtin/IRubyObject;Lorg/jruby/runtime/Block;)Lorg/jruby/runtime/builtin/IRubyObject;+46
j  Makefile$block_7$RUBY$__file__.call(Lorg/jruby/runtime/ThreadContext;Lorg/jruby/runtime/builtin/IRubyObject;[Lorg/jruby/runtime/builtin/IRubyObject;Lorg/jruby/runtime/Block;)Lorg/jruby/runtime/builtin/IRubyObject;+9
j  org.jruby.runtime.CompiledBlock19.yield(Lorg/jruby/runtime/ThreadContext;Lorg/jruby/runtime/builtin/IRubyObject;Lorg/jruby/runtime/Binding;Lorg/jruby/runtime/Block$Type;)Lorg/jruby/runtime/builtin/IRubyObject;+52
j  org.jruby.runtime.Block.yield(Lorg/jruby/runtime/ThreadContext;Lorg/jruby/runtime/builtin/IRubyObject;)Lorg/jruby/runtime/builtin/IRubyObject;+14
j  org.jruby.RubyArray.eachCommon(Lorg/jruby/runtime/ThreadContext;Lorg/jruby/runtime/Block;)Lorg/jruby/runtime/builtin/IRubyObject;+41
j  org.jruby.RubyArray.each(Lorg/jruby/runtime/ThreadContext;Lorg/jruby/runtime/Block;)Lorg/jruby/runtime/builtin/IRubyObject;+10
j  org.jruby.RubyArray$INVOKER$i$0$0$each.call(Lorg/jruby/runtime/ThreadContext;Lorg/jruby/runtime/builtin/IRubyObject;Lorg/jruby/RubyModule;Ljava/lang/String;Lorg/jruby/runtime/Block;)Lorg/jruby/runtime/builtin/IRubyObject;+7
j  org.jruby.runtime.callsite.CachingCallSite.cacheAndCall(Lorg/jruby/runtime/builtin/IRubyObject;Lorg/jruby/RubyClass;Lorg/jruby/runtime/Block;Lorg/jruby/runtime/ThreadContext;Lorg/jruby/runtime/builtin/IRubyObject;)Lorg/jruby/runtime/builtin/IRubyObject;+57
j  org.jruby.runtime.callsite.CachingCallSite.callBlock(Lorg/jruby/runtime/ThreadContext;Lorg/jruby/runtime/builtin/IRubyObject;Lorg/jruby/runtime/builtin/IRubyObject;Lorg/jruby/runtime/Block;)Lorg/jruby/runtime/builtin/IRubyObject;+50
j  org.jruby.runtime.callsite.CachingCallSite.callIter(Lorg/jruby/runtime/ThreadContext;Lorg/jruby/runtime/builtin/IRubyObject;Lorg/jruby/runtime/builtin/IRubyObject;Lorg/jruby/runtime/Block;)Lorg/jruby/runtime/builtin/IRubyObject;+6
j  Makefile.__file__(LMakefile;Lorg/jruby/runtime/ThreadContext;Lorg/jruby/runtime/builtin/IRubyObject;[Lorg/jruby/runtime/builtin/IRubyObject;Lorg/jruby/runtime/Block;)Lorg/jruby/runtime/builtin/IRubyObject;+907
j  Makefile.load(Lorg/jruby/runtime/ThreadContext;Lorg/jruby/runtime/builtin/IRubyObject;Z)Lorg/jruby/runtime/builtin/IRubyObject;+22
j  org.jruby.Ruby.runScript(Lorg/jruby/ast/executable/Script;Z)Lorg/jruby/runtime/builtin/IRubyObject;+12
j  org.jruby.Ruby.runScript(Lorg/jruby/ast/executable/Script;)Lorg/jruby/runtime/builtin/IRubyObject;+3
j  org.jruby.Ruby.runNormally(Lorg/jruby/ast/Node;)Lorg/jruby/runtime/builtin/IRubyObject;+73
j  org.jruby.Ruby.runFromMain(Ljava/io/InputStream;Ljava/lang/String;)V+320
j  org.jruby.Main.doRunFromMain(Lorg/jruby/Ruby;Ljava/io/InputStream;Ljava/lang/String;)Lorg/jruby/Main$Status;+12
j  org.jruby.Main.internalRun()Lorg/jruby/Main$Status;+234
j  org.jruby.Main.run([Ljava/lang/String;)Lorg/jruby/Main$Status;+9
j  org.jruby.Main.main([Ljava/lang/String;)V+35
v  ~StubRoutines::call_stub

---------------  P R O C E S S  ---------------

Java Threads: ( => current thread )
  0x00007f6fbc43c800 JavaThread "ReferenceReaper" daemon [_thread_blocked, id=26484, stack(0x00007f6fabbfe000,0x00007f6fabdff000)]
  0x00007f6fbc418000 JavaThread "JRubyJIT-2" daemon [_thread_blocked, id=26483, stack(0x00007f6fabdff000,0x00007f6fac000000)]
  0x00007f6fbc408000 JavaThread "process reaper" daemon [_thread_blocked, id=26400, stack(0x00007f6fb8091000,0x00007f6fb80ca000)]
  0x00007f6fbc3fb800 JavaThread "JRubyJIT-1" daemon [_thread_blocked, id=26397, stack(0x00007f6fb0284000,0x00007f6fb0485000)]
  0x00007f6fbc0ae000 JavaThread "Service Thread" daemon [_thread_blocked, id=26395, stack(0x00007f6fb2032000,0x00007f6fb2233000)]
  0x00007f6fbc0ab800 JavaThread "C2 CompilerThread1" daemon [_thread_blocked, id=26394, stack(0x00007f6fb2233000,0x00007f6fb2334000)]
  0x00007f6fbc0a8800 JavaThread "C2 CompilerThread0" daemon [_thread_blocked, id=26393, stack(0x00007f6fb80d1000,0x00007f6fb81d2000)]
  0x00007f6fbc0a6800 JavaThread "Signal Dispatcher" daemon [_thread_blocked, id=26392, stack(0x00007f6fb2334000,0x00007f6fb2535000)]
  0x00007f6fbc082800 JavaThread "Finalizer" daemon [_thread_blocked, id=26391, stack(0x00007f6fb292f000,0x00007f6fb2b30000)]
  0x00007f6fbc080800 JavaThread "Reference Handler" daemon [_thread_blocked, id=26390, stack(0x00007f6fb81d2000,0x00007f6fb83d3000)]
=>0x00007f6fbc00a800 JavaThread "main" [_thread_in_native, id=26384, stack(0x00007f6fc1fa8000,0x00007f6fc21a9000)]

Other Threads:
  0x00007f6fbc07c800 VMThread [stack: 0x00007f6fb83d3000,0x00007f6fb84d4000] [id=26389]
  0x00007f6fbc0b8800 WatcherThread [stack: 0x00007f6fb1f31000,0x00007f6fb2032000] [id=26396]

VM state:not at safepoint (normal execution)

VM Mutex/Monitor currently owned by a thread: None

Heap
 PSYoungGen      total 32768K, used 26271K [0x00000000f5900000, 0x00000000f7b00000, 0x0000000100000000)
  eden space 30720K, 78% used [0x00000000f5900000,0x00000000f70ae708,0x00000000f7700000)
  from space 2048K, 98% used [0x00000000f7900000,0x00000000f7af9518,0x00000000f7b00000)
  to   space 2048K, 0% used [0x00000000f7700000,0x00000000f7700000,0x00000000f7900000)
 ParOldGen       total 38400K, used 5879K [0x00000000e0c00000, 0x00000000e3180000, 0x00000000f5900000)
  object space 38400K, 15% used [0x00000000e0c00000,0x00000000e11bddc0,0x00000000e3180000)
 PSPermGen       total 25600K, used 25467K [0x00000000d6600000, 0x00000000d7f00000, 0x00000000e0c00000)
  object space 25600K, 99% used [0x00000000d6600000,0x00000000d7eded70,0x00000000d7f00000)

Card table byte_map: [0x00007f6fc0dce000,0x00007f6fc0f1c000] byte_map_base: 0x00007f6fc071b000

Polling page: 0x00007f6fc45b6000

Code Cache  [0x00007f6fb9000000, 0x00007f6fb9270000, 0x00007f6fbc000000)
 total_blobs=955 nmethods=476 adapters=433 free_code_cache=47386Kb largest_free_block=48490240

Compilation events (10 events):
Event: 3,853 Thread 0x00007f6fbc0a8800 nmethod 480 0x00007f6fb91b9890 code [0x00007f6fb91b9a20, 0x00007f6fb91b9ea8]
Event: 3,853 Thread 0x00007f6fbc0a8800  481             org.jruby.RubyModule::getCachedMethods (5 bytes)
Event: 3,853 Thread 0x00007f6fbc0a8800 nmethod 481 0x00007f6fb91b9690 code [0x00007f6fb91b97c0, 0x00007f6fb91b9818]
Event: 3,853 Thread 0x00007f6fbc0a8800  482             org.jruby.internal.runtime.methods.DynamicMethod::isUndefined (13 bytes)
Event: 3,854 Thread 0x00007f6fbc0a8800 nmethod 482 0x00007f6fb91b9490 code [0x00007f6fb91b95c0, 0x00007f6fb91b9638]
Event: 3,861 Thread 0x00007f6fbc0a8800  483             org.jruby.RubyModule::searchMethod (9 bytes)
Event: 3,874 Thread 0x00007f6fbc0a8800 nmethod 483 0x00007f6fb91be490 code [0x00007f6fb91be6a0, 0x00007f6fb91bf030]
Event: 3,874 Thread 0x00007f6fbc0a8800  484             org.jruby.Ruby::getFloat (5 bytes)
Event: 3,874 Thread 0x00007f6fbc0a8800 nmethod 484 0x00007f6fb91b9290 code [0x00007f6fb91b93c0, 0x00007f6fb91b9418]
Event: 3,878 Thread 0x00007f6fbc0ab800 nmethod 479 0x00007f6fb91bfc10 code [0x00007f6fb91bfe40, 0x00007f6fb91c0bf8]

GC Heap History (4 events):
Event: 1,364 GC heap before
{Heap before GC invocations=1 (full 0):
 PSYoungGen      total 17408K, used 15360K [0x00000000f5900000, 0x00000000f6c00000, 0x0000000100000000)
  eden space 15360K, 100% used [0x00000000f5900000,0x00000000f6800000,0x00000000f6800000)
  from space 2048K, 0% used [0x00000000f6a00000,0x00000000f6a00000,0x00000000f6c00000)
  to   space 2048K, 0% used [0x00000000f6800000,0x00000000f6800000,0x00000000f6a00000)
 ParOldGen       total 38400K, used 0K [0x00000000e0c00000, 0x00000000e3180000, 0x00000000f5900000)
  object space 38400K, 0% used [0x00000000e0c00000,0x00000000e0c00000,0x00000000e3180000)
 PSPermGen       total 21504K, used 18949K [0x00000000d6600000, 0x00000000d7b00000, 0x00000000e0c00000)
  object space 21504K, 88% used [0x00000000d6600000,0x00000000d78816c8,0x00000000d7b00000)
Event: 1,378 GC heap after
Heap after GC invocations=1 (full 0):
 PSYoungGen      total 17408K, used 2037K [0x00000000f5900000, 0x00000000f7b00000, 0x0000000100000000)
  eden space 15360K, 0% used [0x00000000f5900000,0x00000000f5900000,0x00000000f6800000)
  from space 2048K, 99% used [0x00000000f6800000,0x00000000f69fd4b8,0x00000000f6a00000)
  to   space 2048K, 0% used [0x00000000f7900000,0x00000000f7900000,0x00000000f7b00000)
 ParOldGen       total 38400K, used 3792K [0x00000000e0c00000, 0x00000000e3180000, 0x00000000f5900000)
  object space 38400K, 9% used [0x00000000e0c00000,0x00000000e0fb4008,0x00000000e3180000)
 PSPermGen       total 21504K, used 18949K [0x00000000d6600000, 0x00000000d7b00000, 0x00000000e0c00000)
  object space 21504K, 88% used [0x00000000d6600000,0x00000000d78816c8,0x00000000d7b00000)
}
Event: 2,363 GC heap before
{Heap before GC invocations=2 (full 0):
 PSYoungGen      total 17408K, used 17397K [0x00000000f5900000, 0x00000000f7b00000, 0x0000000100000000)
  eden space 15360K, 100% used [0x00000000f5900000,0x00000000f6800000,0x00000000f6800000)
  from space 2048K, 99% used [0x00000000f6800000,0x00000000f69fd4b8,0x00000000f6a00000)
  to   space 2048K, 0% used [0x00000000f7900000,0x00000000f7900000,0x00000000f7b00000)
 ParOldGen       total 38400K, used 3792K [0x00000000e0c00000, 0x00000000e3180000, 0x00000000f5900000)
  object space 38400K, 9% used [0x00000000e0c00000,0x00000000e0fb4008,0x00000000e3180000)
 PSPermGen       total 23552K, used 23439K [0x00000000d6600000, 0x00000000d7d00000, 0x00000000e0c00000)
  object space 23552K, 99% used [0x00000000d6600000,0x00000000d7ce3c58,0x00000000d7d00000)
Event: 2,381 GC heap after
Heap after GC invocations=2 (full 0):
 PSYoungGen      total 32768K, used 2021K [0x00000000f5900000, 0x00000000f7b00000, 0x0000000100000000)
  eden space 30720K, 0% used [0x00000000f5900000,0x00000000f5900000,0x00000000f7700000)
  from space 2048K, 98% used [0x00000000f7900000,0x00000000f7af9518,0x00000000f7b00000)
  to   space 2048K, 0% used [0x00000000f7700000,0x00000000f7700000,0x00000000f7900000)
 ParOldGen       total 38400K, used 5879K [0x00000000e0c00000, 0x00000000e3180000, 0x00000000f5900000)
  object space 38400K, 15% used [0x00000000e0c00000,0x00000000e11bddc0,0x00000000e3180000)
 PSPermGen       total 23552K, used 23439K [0x00000000d6600000, 0x00000000d7d00000, 0x00000000e0c00000)
  object space 23552K, 99% used [0x00000000d6600000,0x00000000d7ce3c58,0x00000000d7d00000)
}

Deoptimization events (10 events):
Event: 3,686 Thread 0x00007f6fbc00a800 Uncommon trap: reason=unreached action=reinterpret pc=0x00007f6fb918c750 method=org.jruby.runtime.Helpers.restructureBlockArgs19(Lorg/jruby/runtime/builtin/IRubyObject;Lorg/jruby/runtime/Arity;Lorg/jruby/runtime/Block$Type;ZZ)[Lorg/jruby/runtime/builtin/I
Event: 3,687 Thread 0x00007f6fbc00a800 Uncommon trap: reason=unreached action=reinterpret pc=0x00007f6fb9188024 method=org.jruby.runtime.Helpers.restructureBlockArgs19(Lorg/jruby/runtime/builtin/IRubyObject;Lorg/jruby/runtime/Arity;Lorg/jruby/runtime/Block$Type;ZZ)[Lorg/jruby/runtime/builtin/I
Event: 3,718 Thread 0x00007f6fbc00a800 Uncommon trap: reason=class_check action=maybe_recompile pc=0x00007f6fb915d538 method=org.jruby.RubyArray.compare(Lorg/jruby/runtime/ThreadContext;Lorg/jruby/runtime/invokedynamic/MethodNames;Lorg/jruby/runtime/builtin/IRubyObject;)Lorg/jruby/RubyBoolean;
Event: 3,752 Thread 0x00007f6fbc00a800 Uncommon trap: reason=class_check action=maybe_recompile pc=0x00007f6fb915d538 method=org.jruby.RubyArray.compare(Lorg/jruby/runtime/ThreadContext;Lorg/jruby/runtime/invokedynamic/MethodNames;Lorg/jruby/runtime/builtin/IRubyObject;)Lorg/jruby/RubyBoolean;
Event: 3,838 Thread 0x00007f6fbc00a800 Uncommon trap: reason=class_check action=maybe_recompile pc=0x00007f6fb915d538 method=org.jruby.RubyArray.compare(Lorg/jruby/runtime/ThreadContext;Lorg/jruby/runtime/invokedynamic/MethodNames;Lorg/jruby/runtime/builtin/IRubyObject;)Lorg/jruby/RubyBoolean;
Event: 3,840 Thread 0x00007f6fbc00a800 Uncommon trap: reason=class_check action=maybe_recompile pc=0x00007f6fb91aeb44 method=org.jruby.ext.ffi.StructByReference.to_native(Lorg/jruby/runtime/ThreadContext;Lorg/jruby/runtime/builtin/IRubyObject;Lorg/jruby/runtime/builtin/IRubyObject;)Lorg/jruby/
Event: 3,864 Thread 0x00007f6fbc00a800 Uncommon trap: reason=class_check action=maybe_recompile pc=0x00007f6fb9198070 method=org.jruby.runtime.Block.yield(Lorg/jruby/runtime/ThreadContext;Lorg/jruby/runtime/builtin/IRubyObject;)Lorg/jruby/runtime/builtin/IRubyObject; @ 14
Event: 3,865 Thread 0x00007f6fbc00a800 Uncommon trap: reason=class_check action=maybe_recompile pc=0x00007f6fb9198070 method=org.jruby.runtime.Block.yield(Lorg/jruby/runtime/ThreadContext;Lorg/jruby/runtime/builtin/IRubyObject;)Lorg/jruby/runtime/builtin/IRubyObject; @ 14
Event: 3,865 Thread 0x00007f6fbc00a800 Uncommon trap: reason=class_check action=maybe_recompile pc=0x00007f6fb9198070 method=org.jruby.runtime.Block.yield(Lorg/jruby/runtime/ThreadContext;Lorg/jruby/runtime/builtin/IRubyObject;)Lorg/jruby/runtime/builtin/IRubyObject; @ 14
Event: 3,865 Thread 0x00007f6fbc00a800 Uncommon trap: reason=class_check action=maybe_recompile pc=0x00007f6fb9198070 method=org.jruby.runtime.Block.yield(Lorg/jruby/runtime/ThreadContext;Lorg/jruby/runtime/builtin/IRubyObject;)Lorg/jruby/runtime/builtin/IRubyObject; @ 14

Internal exceptions (10 events):
Event: 3,240 Thread 0x00007f6fbc418000 Threw 0x00000000f65ebb88 at /build/buildd/openjdk-7-7u51-2.4.4/build/openjdk/hotspot/src/share/vm/prims/jvm.cpp:1244
Event: 3,240 Thread 0x00007f6fbc418000 Threw 0x00000000f65ed4b8 at /build/buildd/openjdk-7-7u51-2.4.4/build/openjdk/hotspot/src/share/vm/prims/jvm.cpp:1244
Event: 3,294 Thread 0x00007f6fbc3fb800 Threw 0x00000000f6653a00 at /build/buildd/openjdk-7-7u51-2.4.4/build/openjdk/hotspot/src/share/vm/prims/jvm.cpp:1244
Event: 3,294 Thread 0x00007f6fbc3fb800 Threw 0x00000000f6655380 at /build/buildd/openjdk-7-7u51-2.4.4/build/openjdk/hotspot/src/share/vm/prims/jvm.cpp:1244
Event: 3,294 Thread 0x00007f6fbc418000 Threw 0x00000000f6806e08 at /build/buildd/openjdk-7-7u51-2.4.4/build/openjdk/hotspot/src/share/vm/prims/jvm.cpp:1244
Event: 3,295 Thread 0x00007f6fbc418000 Threw 0x00000000f6808780 at /build/buildd/openjdk-7-7u51-2.4.4/build/openjdk/hotspot/src/share/vm/prims/jvm.cpp:1244
Event: 3,298 Thread 0x00007f6fbc3fb800 Threw 0x00000000f6876da0 at /build/buildd/openjdk-7-7u51-2.4.4/build/openjdk/hotspot/src/share/vm/prims/jvm.cpp:1244
Event: 3,298 Thread 0x00007f6fbc3fb800 Threw 0x00000000f68787c8 at /build/buildd/openjdk-7-7u51-2.4.4/build/openjdk/hotspot/src/share/vm/prims/jvm.cpp:1244
Event: 3,325 Thread 0x00007f6fbc418000 Threw 0x00000000f6832ef0 at /build/buildd/openjdk-7-7u51-2.4.4/build/openjdk/hotspot/src/share/vm/prims/jvm.cpp:1244
Event: 3,325 Thread 0x00007f6fbc418000 Threw 0x00000000f6834870 at /build/buildd/openjdk-7-7u51-2.4.4/build/openjdk/hotspot/src/share/vm/prims/jvm.cpp:1244

Events (10 events):
Event: 3,865 Thread 0x00007f6fbc00a800 DEOPT UNPACKING pc=0x00007f6fb9039045 sp=0x00007f6fc21a5428 mode 2
Event: 3,865 Thread 0x00007f6fbc00a800 Uncommon trap: trap_request=0xffffffde fr.pc=0x00007f6fb9198070
Event: 3,865 Thread 0x00007f6fbc00a800 DEOPT PACKING pc=0x00007f6fb9198070 sp=0x00007f6fc21a53e0
Event: 3,865 Thread 0x00007f6fbc00a800 DEOPT UNPACKING pc=0x00007f6fb9039045 sp=0x00007f6fc21a5428 mode 2
Event: 3,865 Thread 0x00007f6fbc00a800 Uncommon trap: trap_request=0xffffffde fr.pc=0x00007f6fb9198070
Event: 3,865 Thread 0x00007f6fbc00a800 DEOPT PACKING pc=0x00007f6fb9198070 sp=0x00007f6fc21a53e0
Event: 3,865 Thread 0x00007f6fbc00a800 DEOPT UNPACKING pc=0x00007f6fb9039045 sp=0x00007f6fc21a5428 mode 2
Event: 3,865 Thread 0x00007f6fbc00a800 Uncommon trap: trap_request=0xffffffde fr.pc=0x00007f6fb9198070
Event: 3,865 Thread 0x00007f6fbc00a800 DEOPT PACKING pc=0x00007f6fb9198070 sp=0x00007f6fc21a53e0
Event: 3,865 Thread 0x00007f6fbc00a800 DEOPT UNPACKING pc=0x00007f6fb9039045 sp=0x00007f6fc21a5428 mode 2


Dynamic libraries:
00400000-00401000 r-xp 00000000 08:01 15861394                           /usr/lib/jvm/java-7-openjdk-amd64/jre/bin/java
00600000-00601000 r--p 00000000 08:01 15861394                           /usr/lib/jvm/java-7-openjdk-amd64/jre/bin/java
00601000-00602000 rw-p 00001000 08:01 15861394                           /usr/lib/jvm/java-7-openjdk-amd64/jre/bin/java
00674000-00695000 rw-p 00000000 00:00 0                                  [heap]
d6600000-d7f00000 rw-p 00000000 00:00 0 
d7f00000-e0c00000 rw-p 00000000 00:00 0 
e0c00000-e3180000 rw-p 00000000 00:00 0 
e3180000-f5900000 rw-p 00000000 00:00 0 
f5900000-f7b00000 rw-p 00000000 00:00 0 
f7b00000-100000000 rw-p 00000000 00:00 0 
7f6f6c000000-7f6f6c021000 rw-p 00000000 00:00 0 
7f6f6c021000-7f6f70000000 ---p 00000000 00:00 0 
7f6f70000000-7f6f70021000 rw-p 00000000 00:00 0 
7f6f70021000-7f6f74000000 ---p 00000000 00:00 0 
7f6f74000000-7f6f74021000 rw-p 00000000 00:00 0 
7f6f74021000-7f6f78000000 ---p 00000000 00:00 0 
7f6f78000000-7f6f78021000 rw-p 00000000 00:00 0 
7f6f78021000-7f6f7c000000 ---p 00000000 00:00 0 
7f6f7c000000-7f6f7c021000 rw-p 00000000 00:00 0 
7f6f7c021000-7f6f80000000 ---p 00000000 00:00 0 
7f6f80000000-7f6f80027000 rw-p 00000000 00:00 0 
7f6f80027000-7f6f84000000 ---p 00000000 00:00 0 
7f6f84000000-7f6f84b7a000 rw-p 00000000 00:00 0 
7f6f84b7a000-7f6f88000000 ---p 00000000 00:00 0 
7f6f88000000-7f6f88021000 rw-p 00000000 00:00 0 
7f6f88021000-7f6f8c000000 ---p 00000000 00:00 0 
7f6f8c000000-7f6f8c021000 rw-p 00000000 00:00 0 
7f6f8c021000-7f6f90000000 ---p 00000000 00:00 0 
7f6f90000000-7f6f90e1d000 rw-p 00000000 00:00 0 
7f6f90e1d000-7f6f94000000 ---p 00000000 00:00 0 
7f6f94000000-7f6f94021000 rw-p 00000000 00:00 0 
7f6f94021000-7f6f98000000 ---p 00000000 00:00 0 
7f6f98000000-7f6f98021000 rw-p 00000000 00:00 0 
7f6f98021000-7f6f9c000000 ---p 00000000 00:00 0 
7f6f9c000000-7f6f9c021000 rw-p 00000000 00:00 0 
7f6f9c021000-7f6fa0000000 ---p 00000000 00:00 0 
7f6fa0000000-7f6fa0021000 rw-p 00000000 00:00 0 
7f6fa0021000-7f6fa4000000 ---p 00000000 00:00 0 
7f6fa4000000-7f6fa4021000 rw-p 00000000 00:00 0 
7f6fa4021000-7f6fa8000000 ---p 00000000 00:00 0 
7f6fab3f0000-7f6fab3f3000 r-xp 00000000 08:01 14162126                   /home/alex/Documents/8vo_Semestre/Geometría Computacional/Lab/practica04/src/lib/librange_tree.so
7f6fab3f3000-7f6fab5f2000 ---p 00003000 08:01 14162126                   /home/alex/Documents/8vo_Semestre/Geometría Computacional/Lab/practica04/src/lib/librange_tree.so
7f6fab5f2000-7f6fab5f3000 r--p 00002000 08:01 14162126                   /home/alex/Documents/8vo_Semestre/Geometría Computacional/Lab/practica04/src/lib/librange_tree.so
7f6fab5f3000-7f6fab5f4000 rw-p 00003000 08:01 14162126                   /home/alex/Documents/8vo_Semestre/Geometría Computacional/Lab/practica04/src/lib/librange_tree.so
7f6fab5f4000-7f6fab5f7000 r-xp 00000000 08:01 14162104                   /home/alex/Documents/8vo_Semestre/Geometría Computacional/Lab/practica04/src/lib/librb_tree.so
7f6fab5f7000-7f6fab7f6000 ---p 00003000 08:01 14162104                   /home/alex/Documents/8vo_Semestre/Geometría Computacional/Lab/practica04/src/lib/librb_tree.so
7f6fab7f6000-7f6fab7f7000 r--p 00002000 08:01 14162104                   /home/alex/Documents/8vo_Semestre/Geometría Computacional/Lab/practica04/src/lib/librb_tree.so
7f6fab7f7000-7f6fab7f8000 rw-p 00003000 08:01 14162104                   /home/alex/Documents/8vo_Semestre/Geometría Computacional/Lab/practica04/src/lib/librb_tree.so
7f6fab7f8000-7f6fab7fa000 r-xp 00000000 08:01 14162095                   /home/alex/Documents/8vo_Semestre/Geometría Computacional/Lab/practica04/src/lib/libdouble_linked_list.so
7f6fab7fa000-7f6fab9f9000 ---p 00002000 08:01 14162095                   /home/alex/Documents/8vo_Semestre/Geometría Computacional/Lab/practica04/src/lib/libdouble_linked_list.so
7f6fab9f9000-7f6fab9fa000 r--p 00001000 08:01 14162095                   /home/alex/Documents/8vo_Semestre/Geometría Computacional/Lab/practica04/src/lib/libdouble_linked_list.so
7f6fab9fa000-7f6fab9fb000 rw-p 00002000 08:01 14162095                   /home/alex/Documents/8vo_Semestre/Geometría Computacional/Lab/practica04/src/lib/libdouble_linked_list.so
7f6fab9fb000-7f6fab9fc000 r-xp 00000000 08:01 14162103                   /home/alex/Documents/8vo_Semestre/Geometría Computacional/Lab/practica04/src/lib/lib2d_points.so
7f6fab9fc000-7f6fabbfc000 ---p 00001000 08:01 14162103                   /home/alex/Documents/8vo_Semestre/Geometría Computacional/Lab/practica04/src/lib/lib2d_points.so
7f6fabbfc000-7f6fabbfd000 r--p 00001000 08:01 14162103                   /home/alex/Documents/8vo_Semestre/Geometría Computacional/Lab/practica04/src/lib/lib2d_points.so
7f6fabbfd000-7f6fabbfe000 rw-p 00002000 08:01 14162103                   /home/alex/Documents/8vo_Semestre/Geometría Computacional/Lab/practica04/src/lib/lib2d_points.so
7f6fabbfe000-7f6fabc01000 ---p 00000000 00:00 0 
7f6fabc01000-7f6fabdff000 rw-p 00000000 00:00 0                          [stack:26484]
7f6fabdff000-7f6fabe02000 ---p 00000000 00:00 0 
7f6fabe02000-7f6fac000000 rw-p 00000000 00:00 0                          [stack:26483]
7f6fac000000-7f6fac021000 rw-p 00000000 00:00 0 
7f6fac021000-7f6fb0000000 ---p 00000000 00:00 0 
7f6fb0083000-7f6fb0086000 ---p 00000000 00:00 0 
7f6fb0086000-7f6fb0284000 rw-p 00000000 00:00 0 
7f6fb0284000-7f6fb0287000 ---p 00000000 00:00 0 
7f6fb0287000-7f6fb0485000 rw-p 00000000 00:00 0                          [stack:26397]
7f6fb0485000-7f6fb0497000 r-xp 00000000 08:01 12059135                   /home/alex/.rbenv/versions/jruby-1.7.10/lib/jni/x86_64-Linux/libjffi-1.2.so
7f6fb0497000-7f6fb0696000 ---p 00012000 08:01 12059135                   /home/alex/.rbenv/versions/jruby-1.7.10/lib/jni/x86_64-Linux/libjffi-1.2.so
7f6fb0696000-7f6fb0697000 rw-p 00011000 08:01 12059135                   /home/alex/.rbenv/versions/jruby-1.7.10/lib/jni/x86_64-Linux/libjffi-1.2.so
7f6fb07cc000-7f6fb07dc000 r-xp 00000000 08:01 15861288                   /usr/lib/jvm/java-7-openjdk-amd64/jre/lib/amd64/libnio.so
7f6fb07dc000-7f6fb09dc000 ---p 00010000 08:01 15861288                   /usr/lib/jvm/java-7-openjdk-amd64/jre/lib/amd64/libnio.so
7f6fb09dc000-7f6fb09dd000 r--p 00010000 08:01 15861288                   /usr/lib/jvm/java-7-openjdk-amd64/jre/lib/amd64/libnio.so
7f6fb09dd000-7f6fb09de000 rw-p 00011000 08:01 15861288                   /usr/lib/jvm/java-7-openjdk-amd64/jre/lib/amd64/libnio.so
7f6fb09de000-7f6fb0a1b000 r-xp 00000000 08:01 8130434                    /lib/x86_64-linux-gnu/libpcre.so.3.13.1
7f6fb0a1b000-7f6fb0c1b000 ---p 0003d000 08:01 8130434                    /lib/x86_64-linux-gnu/libpcre.so.3.13.1
7f6fb0c1b000-7f6fb0c1c000 r--p 0003d000 08:01 8130434                    /lib/x86_64-linux-gnu/libpcre.so.3.13.1
7f6fb0c1c000-7f6fb0c1d000 rw-p 0003e000 08:01 8130434                    /lib/x86_64-linux-gnu/libpcre.so.3.13.1
7f6fb0c1d000-7f6fb0c24000 r-xp 00000000 08:01 15735894                   /usr/lib/x86_64-linux-gnu/libffi.so.6.0.1
7f6fb0c24000-7f6fb0e23000 ---p 00007000 08:01 15735894                   /usr/lib/x86_64-linux-gnu/libffi.so.6.0.1
7f6fb0e23000-7f6fb0e24000 r--p 00006000 08:01 15735894                   /usr/lib/x86_64-linux-gnu/libffi.so.6.0.1
7f6fb0e24000-7f6fb0e25000 rw-p 00007000 08:01 15735894                   /usr/lib/x86_64-linux-gnu/libffi.so.6.0.1
7f6fb0e25000-7f6fb0e3b000 r-xp 00000000 08:01 8130457                    /lib/x86_64-linux-gnu/libresolv-2.17.so
7f6fb0e3b000-7f6fb103b000 ---p 00016000 08:01 8130457                    /lib/x86_64-linux-gnu/libresolv-2.17.so
7f6fb103b000-7f6fb103c000 r--p 00016000 08:01 8130457                    /lib/x86_64-linux-gnu/libresolv-2.17.so
7f6fb103c000-7f6fb103d000 rw-p 00017000 08:01 8130457                    /lib/x86_64-linux-gnu/libresolv-2.17.so
7f6fb103d000-7f6fb103f000 rw-p 00000000 00:00 0 
7f6fb103f000-7f6fb105e000 r-xp 00000000 08:01 8130461                    /lib/x86_64-linux-gnu/libselinux.so.1
7f6fb105e000-7f6fb125e000 ---p 0001f000 08:01 8130461                    /lib/x86_64-linux-gnu/libselinux.so.1
7f6fb125e000-7f6fb125f000 r--p 0001f000 08:01 8130461                    /lib/x86_64-linux-gnu/libselinux.so.1
7f6fb125f000-7f6fb1260000 rw-p 00020000 08:01 8130461                    /lib/x86_64-linux-gnu/libselinux.so.1
7f6fb1260000-7f6fb1261000 rw-p 00000000 00:00 0 
7f6fb1261000-7f6fb1264000 r-xp 00000000 08:01 15729078                   /usr/lib/x86_64-linux-gnu/libgmodule-2.0.so.0.3800.1
7f6fb1264000-7f6fb1463000 ---p 00003000 08:01 15729078                   /usr/lib/x86_64-linux-gnu/libgmodule-2.0.so.0.3800.1
7f6fb1463000-7f6fb1464000 r--p 00002000 08:01 15729078                   /usr/lib/x86_64-linux-gnu/libgmodule-2.0.so.0.3800.1
7f6fb1464000-7f6fb1465000 rw-p 00003000 08:01 15729078                   /usr/lib/x86_64-linux-gnu/libgmodule-2.0.so.0.3800.1
7f6fb1465000-7f6fb1563000 r-xp 00000000 08:01 8130449                    /lib/x86_64-linux-gnu/libglib-2.0.so.0.3800.1
7f6fb1563000-7f6fb1763000 ---p 000fe000 08:01 8130449                    /lib/x86_64-linux-gnu/libglib-2.0.so.0.3800.1
7f6fb1763000-7f6fb1764000 r--p 000fe000 08:01 8130449                    /lib/x86_64-linux-gnu/libglib-2.0.so.0.3800.1
7f6fb1764000-7f6fb1765000 rw-p 000ff000 08:01 8130449                    /lib/x86_64-linux-gnu/libglib-2.0.so.0.3800.1
7f6fb1765000-7f6fb1766000 rw-p 00000000 00:00 0 
7f6fb1766000-7f6fb17b5000 r-xp 00000000 08:01 15729069                   /usr/lib/x86_64-linux-gnu/libgobject-2.0.so.0.3800.1
7f6fb17b5000-7f6fb19b5000 ---p 0004f000 08:01 15729069                   /usr/lib/x86_64-linux-gnu/libgobject-2.0.so.0.3800.1
7f6fb19b5000-7f6fb19b6000 r--p 0004f000 08:01 15729069                   /usr/lib/x86_64-linux-gnu/libgobject-2.0.so.0.3800.1
7f6fb19b6000-7f6fb19b7000 rw-p 00050000 08:01 15729069                   /usr/lib/x86_64-linux-gnu/libgobject-2.0.so.0.3800.1
7f6fb19b7000-7f6fb1b13000 r-xp 00000000 08:01 15729043                   /usr/lib/x86_64-linux-gnu/libgio-2.0.so.0.3800.1
7f6fb1b13000-7f6fb1d12000 ---p 0015c000 08:01 15729043                   /usr/lib/x86_64-linux-gnu/libgio-2.0.so.0.3800.1
7f6fb1d12000-7f6fb1d16000 r--p 0015b000 08:01 15729043                   /usr/lib/x86_64-linux-gnu/libgio-2.0.so.0.3800.1
7f6fb1d16000-7f6fb1d18000 rw-p 0015f000 08:01 15729043                   /usr/lib/x86_64-linux-gnu/libgio-2.0.so.0.3800.1
7f6fb1d18000-7f6fb1d1a000 rw-p 00000000 00:00 0 
7f6fb1d1a000-7f6fb1d30000 r-xp 00000000 08:01 15861076                   /usr/lib/jvm/java-7-openjdk-amd64/jre/lib/amd64/libnet.so
7f6fb1d30000-7f6fb1f2f000 ---p 00016000 08:01 15861076                   /usr/lib/jvm/java-7-openjdk-amd64/jre/lib/amd64/libnet.so
7f6fb1f2f000-7f6fb1f30000 r--p 00015000 08:01 15861076                   /usr/lib/jvm/java-7-openjdk-amd64/jre/lib/amd64/libnet.so
7f6fb1f30000-7f6fb1f31000 rw-p 00016000 08:01 15861076                   /usr/lib/jvm/java-7-openjdk-amd64/jre/lib/amd64/libnet.so
7f6fb1f31000-7f6fb1f32000 ---p 00000000 00:00 0 
7f6fb1f32000-7f6fb2032000 rw-p 00000000 00:00 0                          [stack:26396]
7f6fb2032000-7f6fb2035000 ---p 00000000 00:00 0 
7f6fb2035000-7f6fb2233000 rw-p 00000000 00:00 0                          [stack:26395]
7f6fb2233000-7f6fb2236000 ---p 00000000 00:00 0 
7f6fb2236000-7f6fb2334000 rw-p 00000000 00:00 0                          [stack:26394]
7f6fb2334000-7f6fb2337000 ---p 00000000 00:00 0 
7f6fb2337000-7f6fb2535000 rw-p 00000000 00:00 0                          [stack:26392]
7f6fb2535000-7f6fb292f000 r--p 00000000 08:01 15734328                   /usr/lib/locale/locale-archive
7f6fb292f000-7f6fb2932000 ---p 00000000 00:00 0 
7f6fb2932000-7f6fb4000000 rw-p 00000000 00:00 0                          [stack:26391]
7f6fb4000000-7f6fb4021000 rw-p 00000000 00:00 0 
7f6fb4021000-7f6fb8000000 ---p 00000000 00:00 0 
7f6fb8090000-7f6fb8091000 rw-p 00000000 00:00 0 
7f6fb8091000-7f6fb8094000 ---p 00000000 00:00 0 
7f6fb8094000-7f6fb80ca000 rw-p 00000000 00:00 0                          [stack:26400]
7f6fb80ca000-7f6fb80d1000 r--s 00000000 08:01 16127910                   /usr/lib/x86_64-linux-gnu/gconv/gconv-modules.cache
7f6fb80d1000-7f6fb80d4000 ---p 00000000 00:00 0 
7f6fb80d4000-7f6fb81d2000 rw-p 00000000 00:00 0                          [stack:26393]
7f6fb81d2000-7f6fb81d5000 ---p 00000000 00:00 0 
7f6fb81d5000-7f6fb83d3000 rw-p 00000000 00:00 0                          [stack:26390]
7f6fb83d3000-7f6fb83d4000 ---p 00000000 00:00 0 
7f6fb83d4000-7f6fb9000000 rw-p 00000000 00:00 0                          [stack:26389]
7f6fb9000000-7f6fb9270000 rwxp 00000000 00:00 0 
7f6fb9270000-7f6fbc4eb000 rw-p 00000000 00:00 0 
7f6fbc4eb000-7f6fc0000000 ---p 00000000 00:00 0 
7f6fc0000000-7f6fc0001000 rw-p 00000000 00:00 0 
7f6fc0001000-7f6fc0002000 r-xp 00000000 00:00 0 
7f6fc0002000-7f6fc0004000 r--s 00012000 08:01 15861308                   /usr/lib/jvm/java-7-openjdk-amd64/jre/lib/ext/zipfs.jar
7f6fc0004000-7f6fc0007000 r--s 00032000 08:01 15861310                   /usr/lib/jvm/java-7-openjdk-amd64/jre/lib/ext/sunjce_provider.jar
7f6fc0007000-7f6fc000b000 r--s 00085000 08:01 15861304                   /usr/lib/jvm/java-7-openjdk-amd64/jre/lib/ext/localedata.jar
7f6fc000b000-7f6fc000d000 r--s 00006000 08:01 16256853                   /usr/share/java/java-atk-wrapper.jar
7f6fc000d000-7f6fc0010000 r--s 0000f000 08:01 15861306                   /usr/lib/jvm/java-7-openjdk-amd64/jre/lib/ext/pulse-java.jar
7f6fc0010000-7f6fc0015000 r--s 0004c000 08:01 15861296                   /usr/lib/jvm/java-7-openjdk-amd64/jre/lib/jsse.jar
7f6fc0015000-7f6fc04a5000 rw-p 00000000 00:00 0 
7f6fc04a5000-7f6fc058e000 r--s 00bb9000 08:01 12059138                   /home/alex/.rbenv/versions/jruby-1.7.10/lib/jruby.jar
7f6fc058e000-7f6fc05d6000 rw-p 00000000 00:00 0 
7f6fc05d6000-7f6fc0784000 r--s 01cf4000 08:01 15861374                   /usr/lib/jvm/java-7-openjdk-amd64/jre/lib/rt.jar
7f6fc0784000-7f6fc09ca000 rw-p 00000000 00:00 0 
7f6fc09ca000-7f6fc09cb000 ---p 00000000 00:00 0 
7f6fc09cb000-7f6fc0acb000 rw-p 00000000 00:00 0                          [stack:26388]
7f6fc0acb000-7f6fc0acc000 ---p 00000000 00:00 0 
7f6fc0acc000-7f6fc0bcc000 rw-p 00000000 00:00 0                          [stack:26387]
7f6fc0bcc000-7f6fc0bcd000 ---p 00000000 00:00 0 
7f6fc0bcd000-7f6fc0ccd000 rw-p 00000000 00:00 0                          [stack:26386]
7f6fc0ccd000-7f6fc0cce000 ---p 00000000 00:00 0 
7f6fc0cce000-7f6fc0ddb000 rw-p 00000000 00:00 0                          [stack:26385]
7f6fc0ddb000-7f6fc0e21000 rw-p 00000000 00:00 0 
7f6fc0e21000-7f6fc0e34000 rw-p 00000000 00:00 0 
7f6fc0e34000-7f6fc0ec7000 rw-p 00000000 00:00 0 
7f6fc0ec7000-7f6fc0ed9000 rw-p 00000000 00:00 0 
7f6fc0ed9000-7f6fc0f1b000 rw-p 00000000 00:00 0 
7f6fc0f1b000-7f6fc0f1c000 rw-p 00000000 00:00 0 
7f6fc0f1c000-7f6fc0f24000 r-xp 00000000 08:01 15861025                   /usr/lib/jvm/java-7-openjdk-amd64/jre/lib/amd64/libzip.so
7f6fc0f24000-7f6fc1123000 ---p 00008000 08:01 15861025                   /usr/lib/jvm/java-7-openjdk-amd64/jre/lib/amd64/libzip.so
7f6fc1123000-7f6fc1124000 r--p 00007000 08:01 15861025                   /usr/lib/jvm/java-7-openjdk-amd64/jre/lib/amd64/libzip.so
7f6fc1124000-7f6fc1125000 rw-p 00008000 08:01 15861025                   /usr/lib/jvm/java-7-openjdk-amd64/jre/lib/amd64/libzip.so
7f6fc1125000-7f6fc1131000 r-xp 00000000 08:01 8130412                    /lib/x86_64-linux-gnu/libnss_files-2.17.so
7f6fc1131000-7f6fc1330000 ---p 0000c000 08:01 8130412                    /lib/x86_64-linux-gnu/libnss_files-2.17.so
7f6fc1330000-7f6fc1331000 r--p 0000b000 08:01 8130412                    /lib/x86_64-linux-gnu/libnss_files-2.17.so
7f6fc1331000-7f6fc1332000 rw-p 0000c000 08:01 8130412                    /lib/x86_64-linux-gnu/libnss_files-2.17.so
7f6fc1332000-7f6fc133d000 r-xp 00000000 08:01 8130416                    /lib/x86_64-linux-gnu/libnss_nis-2.17.so
7f6fc133d000-7f6fc153c000 ---p 0000b000 08:01 8130416                    /lib/x86_64-linux-gnu/libnss_nis-2.17.so
7f6fc153c000-7f6fc153d000 r--p 0000a000 08:01 8130416                    /lib/x86_64-linux-gnu/libnss_nis-2.17.so
7f6fc153d000-7f6fc153e000 rw-p 0000b000 08:01 8130416                    /lib/x86_64-linux-gnu/libnss_nis-2.17.so
7f6fc153e000-7f6fc1555000 r-xp 00000000 08:01 8130406                    /lib/x86_64-linux-gnu/libnsl-2.17.so
7f6fc1555000-7f6fc1754000 ---p 00017000 08:01 8130406                    /lib/x86_64-linux-gnu/libnsl-2.17.so
7f6fc1754000-7f6fc1755000 r--p 00016000 08:01 8130406                    /lib/x86_64-linux-gnu/libnsl-2.17.so
7f6fc1755000-7f6fc1756000 rw-p 00017000 08:01 8130406                    /lib/x86_64-linux-gnu/libnsl-2.17.so
7f6fc1756000-7f6fc1758000 rw-p 00000000 00:00 0 
7f6fc1758000-7f6fc1760000 r-xp 00000000 08:01 8130408                    /lib/x86_64-linux-gnu/libnss_compat-2.17.so
7f6fc1760000-7f6fc195f000 ---p 00008000 08:01 8130408                    /lib/x86_64-linux-gnu/libnss_compat-2.17.so
7f6fc195f000-7f6fc1960000 r--p 00007000 08:01 8130408                    /lib/x86_64-linux-gnu/libnss_compat-2.17.so
7f6fc1960000-7f6fc1961000 rw-p 00008000 08:01 8130408                    /lib/x86_64-linux-gnu/libnss_compat-2.17.so
7f6fc1961000-7f6fc198c000 r-xp 00000000 08:01 15860951                   /usr/lib/jvm/java-7-openjdk-amd64/jre/lib/amd64/libjava.so
7f6fc198c000-7f6fc1b8b000 ---p 0002b000 08:01 15860951                   /usr/lib/jvm/java-7-openjdk-amd64/jre/lib/amd64/libjava.so
7f6fc1b8b000-7f6fc1b8c000 r--p 0002a000 08:01 15860951                   /usr/lib/jvm/java-7-openjdk-amd64/jre/lib/amd64/libjava.so
7f6fc1b8c000-7f6fc1b8e000 rw-p 0002b000 08:01 15860951                   /usr/lib/jvm/java-7-openjdk-amd64/jre/lib/amd64/libjava.so
7f6fc1b8e000-7f6fc1b9e000 r-xp 00000000 08:01 15861265                   /usr/lib/jvm/java-7-openjdk-amd64/jre/lib/amd64/libverify.so
7f6fc1b9e000-7f6fc1d9d000 ---p 00010000 08:01 15861265                   /usr/lib/jvm/java-7-openjdk-amd64/jre/lib/amd64/libverify.so
7f6fc1d9d000-7f6fc1d9f000 r--p 0000f000 08:01 15861265                   /usr/lib/jvm/java-7-openjdk-amd64/jre/lib/amd64/libverify.so
7f6fc1d9f000-7f6fc1da0000 rw-p 00011000 08:01 15861265                   /usr/lib/jvm/java-7-openjdk-amd64/jre/lib/amd64/libverify.so
7f6fc1da0000-7f6fc1da7000 r-xp 00000000 08:01 8130459                    /lib/x86_64-linux-gnu/librt-2.17.so
7f6fc1da7000-7f6fc1fa6000 ---p 00007000 08:01 8130459                    /lib/x86_64-linux-gnu/librt-2.17.so
7f6fc1fa6000-7f6fc1fa7000 r--p 00006000 08:01 8130459                    /lib/x86_64-linux-gnu/librt-2.17.so
7f6fc1fa7000-7f6fc1fa8000 rw-p 00007000 08:01 8130459                    /lib/x86_64-linux-gnu/librt-2.17.so
7f6fc1fa8000-7f6fc1fab000 ---p 00000000 00:00 0 
7f6fc1fab000-7f6fc21a9000 rw-p 00000000 00:00 0                          [stack:26384]
7f6fc21a9000-7f6fc21be000 r-xp 00000000 08:01 8126477                    /lib/x86_64-linux-gnu/libgcc_s.so.1
7f6fc21be000-7f6fc23bd000 ---p 00015000 08:01 8126477                    /lib/x86_64-linux-gnu/libgcc_s.so.1
7f6fc23bd000-7f6fc23be000 r--p 00014000 08:01 8126477                    /lib/x86_64-linux-gnu/libgcc_s.so.1
7f6fc23be000-7f6fc23bf000 rw-p 00015000 08:01 8126477                    /lib/x86_64-linux-gnu/libgcc_s.so.1
7f6fc23bf000-7f6fc24c2000 r-xp 00000000 08:01 8130387                    /lib/x86_64-linux-gnu/libm-2.17.so
7f6fc24c2000-7f6fc26c1000 ---p 00103000 08:01 8130387                    /lib/x86_64-linux-gnu/libm-2.17.so
7f6fc26c1000-7f6fc26c2000 r--p 00102000 08:01 8130387                    /lib/x86_64-linux-gnu/libm-2.17.so
7f6fc26c2000-7f6fc26c3000 rw-p 00103000 08:01 8130387                    /lib/x86_64-linux-gnu/libm-2.17.so
7f6fc26c3000-7f6fc27a9000 r-xp 00000000 08:01 15729831                   /usr/lib/x86_64-linux-gnu/libstdc++.so.6.0.18
7f6fc27a9000-7f6fc29a8000 ---p 000e6000 08:01 15729831                   /usr/lib/x86_64-linux-gnu/libstdc++.so.6.0.18
7f6fc29a8000-7f6fc29b0000 r--p 000e5000 08:01 15729831                   /usr/lib/x86_64-linux-gnu/libstdc++.so.6.0.18
7f6fc29b0000-7f6fc29b2000 rw-p 000ed000 08:01 15729831                   /usr/lib/x86_64-linux-gnu/libstdc++.so.6.0.18
7f6fc29b2000-7f6fc29c7000 rw-p 00000000 00:00 0 
7f6fc29c7000-7f6fc34a6000 r-xp 00000000 08:01 15861284                   /usr/lib/jvm/java-7-openjdk-amd64/jre/lib/amd64/server/libjvm.so
7f6fc34a6000-7f6fc36a5000 ---p 00adf000 08:01 15861284                   /usr/lib/jvm/java-7-openjdk-amd64/jre/lib/amd64/server/libjvm.so
7f6fc36a5000-7f6fc3737000 r--p 00ade000 08:01 15861284                   /usr/lib/jvm/java-7-openjdk-amd64/jre/lib/amd64/server/libjvm.so
7f6fc3737000-7f6fc375a000 rw-p 00b70000 08:01 15861284                   /usr/lib/jvm/java-7-openjdk-amd64/jre/lib/amd64/server/libjvm.so
7f6fc375a000-7f6fc3787000 rw-p 00000000 00:00 0 
7f6fc3787000-7f6fc379f000 r-xp 00000000 08:01 8130494                    /lib/x86_64-linux-gnu/libz.so.1.2.8
7f6fc379f000-7f6fc399e000 ---p 00018000 08:01 8130494                    /lib/x86_64-linux-gnu/libz.so.1.2.8
7f6fc399e000-7f6fc399f000 r--p 00017000 08:01 8130494                    /lib/x86_64-linux-gnu/libz.so.1.2.8
7f6fc399f000-7f6fc39a0000 rw-p 00018000 08:01 8130494                    /lib/x86_64-linux-gnu/libz.so.1.2.8
7f6fc39a0000-7f6fc39b7000 r-xp 00000000 08:01 8130451                    /lib/x86_64-linux-gnu/libpthread-2.17.so
7f6fc39b7000-7f6fc3bb7000 ---p 00017000 08:01 8130451                    /lib/x86_64-linux-gnu/libpthread-2.17.so
7f6fc3bb7000-7f6fc3bb8000 r--p 00017000 08:01 8130451                    /lib/x86_64-linux-gnu/libpthread-2.17.so
7f6fc3bb8000-7f6fc3bb9000 rw-p 00018000 08:01 8130451                    /lib/x86_64-linux-gnu/libpthread-2.17.so
7f6fc3bb9000-7f6fc3bbd000 rw-p 00000000 00:00 0 
7f6fc3bbd000-7f6fc3bc0000 r-xp 00000000 08:01 8130351                    /lib/x86_64-linux-gnu/libdl-2.17.so
7f6fc3bc0000-7f6fc3dbf000 ---p 00003000 08:01 8130351                    /lib/x86_64-linux-gnu/libdl-2.17.so
7f6fc3dbf000-7f6fc3dc0000 r--p 00002000 08:01 8130351                    /lib/x86_64-linux-gnu/libdl-2.17.so
7f6fc3dc0000-7f6fc3dc1000 rw-p 00003000 08:01 8130351                    /lib/x86_64-linux-gnu/libdl-2.17.so
7f6fc3dc1000-7f6fc3f7e000 r-xp 00000000 08:01 8130336                    /lib/x86_64-linux-gnu/libc-2.17.so
7f6fc3f7e000-7f6fc417e000 ---p 001bd000 08:01 8130336                    /lib/x86_64-linux-gnu/libc-2.17.so
7f6fc417e000-7f6fc4182000 r--p 001bd000 08:01 8130336                    /lib/x86_64-linux-gnu/libc-2.17.so
7f6fc4182000-7f6fc4184000 rw-p 001c1000 08:01 8130336                    /lib/x86_64-linux-gnu/libc-2.17.so
7f6fc4184000-7f6fc4189000 rw-p 00000000 00:00 0 
7f6fc4189000-7f6fc4196000 r-xp 00000000 08:01 15861291                   /usr/lib/jvm/java-7-openjdk-amd64/jre/lib/amd64/jli/libjli.so
7f6fc4196000-7f6fc4395000 ---p 0000d000 08:01 15861291                   /usr/lib/jvm/java-7-openjdk-amd64/jre/lib/amd64/jli/libjli.so
7f6fc4395000-7f6fc4396000 r--p 0000c000 08:01 15861291                   /usr/lib/jvm/java-7-openjdk-amd64/jre/lib/amd64/jli/libjli.so
7f6fc4396000-7f6fc4397000 rw-p 0000d000 08:01 15861291                   /usr/lib/jvm/java-7-openjdk-amd64/jre/lib/amd64/jli/libjli.so
7f6fc4397000-7f6fc43ba000 r-xp 00000000 08:01 8130312                    /lib/x86_64-linux-gnu/ld-2.17.so
7f6fc43ba000-7f6fc43be000 r--s 0003b000 08:01 15861316                   /usr/lib/jvm/java-7-openjdk-amd64/jre/lib/ext/sunpkcs11.jar
7f6fc43be000-7f6fc43ec000 rw-p 00000000 00:00 0 
7f6fc43ec000-7f6fc4432000 rw-p 00000000 00:00 0 
7f6fc4432000-7f6fc4445000 rw-p 00000000 00:00 0 
7f6fc4445000-7f6fc44d9000 rw-p 00000000 00:00 0 
7f6fc44d9000-7f6fc44e3000 rw-p 00000000 00:00 0 
7f6fc44e3000-7f6fc4599000 rw-p 00000000 00:00 0 
7f6fc4599000-7f6fc459e000 rw-p 00000000 00:00 0 
7f6fc459e000-7f6fc459f000 r--s 00002000 08:01 15861314                   /usr/lib/jvm/java-7-openjdk-amd64/jre/lib/ext/dnsns.jar
7f6fc459f000-7f6fc45ad000 rw-p 00000000 00:00 0 
7f6fc45ad000-7f6fc45b5000 rw-s 00000000 08:01 6029327                    /tmp/hsperfdata_alex/26359
7f6fc45b5000-7f6fc45b6000 rw-p 00000000 00:00 0 
7f6fc45b6000-7f6fc45b7000 r--p 00000000 00:00 0 
7f6fc45b7000-7f6fc45b9000 rw-p 00000000 00:00 0 
7f6fc45b9000-7f6fc45ba000 r--p 00022000 08:01 8130312                    /lib/x86_64-linux-gnu/ld-2.17.so
7f6fc45ba000-7f6fc45bc000 rw-p 00023000 08:01 8130312                    /lib/x86_64-linux-gnu/ld-2.17.so
7fff748d0000-7fff748f1000 rw-p 00000000 00:00 0                          [stack]
7fff749fe000-7fff74a00000 r-xp 00000000 00:00 0                          [vdso]
ffffffffff600000-ffffffffff601000 r-xp 00000000 00:00 0                  [vsyscall]

VM Arguments:
jvm_args: -Djdk.home= -Djruby.home=/home/alex/.rbenv/versions/jruby-1.7.10 -Djruby.script=jruby -Djruby.shell=/bin/sh -Djffi.boot.library.path=/home/alex/.rbenv/versions/jruby-1.7.10/lib/jni:/home/alex/.rbenv/versions/jruby-1.7.10/lib/jni/i386-Linux:/home/alex/.rbenv/versions/jruby-1.7.10/lib/jni/arm-Linux:/home/alex/.rbenv/versions/jruby-1.7.10/lib/jni/x86_64-Linux -Xmx500m -Xss2048k -Xbootclasspath/a:/home/alex/.rbenv/versions/jruby-1.7.10/lib/jruby.jar 
java_command: org/jruby/Main Makefile.rb clean compile test clean
Launcher Type: SUN_STANDARD

Environment Variables:
PATH=/home/alex/.rbenv/versions/jruby-1.7.10/bin:/home/alex/.rbenv/libexec:/home/alex/.rbenv/plugins/ruby-build/bin:/home/alex/.rbenv/shims:~/.rbenv/bin:~/.rbenv/bin:/usr/local/sbin:/usr/local/bin:/usr/sbin:/usr/bin:/sbin:/bin:/usr/games:/usr/local/games
USERNAME=alex
SHELL=/bin/bash
DISPLAY=:0

Signal Handlers:
SIGSEGV: [libjvm.so+0x916ea0], sa_mask[0]=0x7ffbfeff, sa_flags=0x10000004
SIGBUS: [libjvm.so+0x916ea0], sa_mask[0]=0x7ffbfeff, sa_flags=0x10000004
SIGFPE: [libjvm.so+0x794800], sa_mask[0]=0x7ffbfeff, sa_flags=0x10000004
SIGPIPE: [libjvm.so+0x794800], sa_mask[0]=0x7ffbfeff, sa_flags=0x10000004
SIGXFSZ: [libjvm.so+0x794800], sa_mask[0]=0x7ffbfeff, sa_flags=0x10000004
SIGILL: [libjvm.so+0x794800], sa_mask[0]=0x7ffbfeff, sa_flags=0x10000004
SIGUSR1: SIG_DFL, sa_mask[0]=0x00000000, sa_flags=0x00000000
SIGUSR2: [libjvm.so+0x7946a0], sa_mask[0]=0x00000000, sa_flags=0x10000004
SIGHUP: [libjvm.so+0x794880], sa_mask[0]=0x7ffbfeff, sa_flags=0x10000004
SIGINT: [libjvm.so+0x794880], sa_mask[0]=0x7ffbfeff, sa_flags=0x10000004
SIGTERM: [libjvm.so+0x794880], sa_mask[0]=0x7ffbfeff, sa_flags=0x10000004
SIGQUIT: [libjvm.so+0x794880], sa_mask[0]=0x7ffbfeff, sa_flags=0x10000004


---------------  S Y S T E M  ---------------

OS:LinuxMint 16 (petra)
uname:Linux 3.11.0-12-generic #19-Ubuntu SMP Wed Oct 9 16:20:46 UTC 2013 x86_64
libc:glibc 2.17 NPTL 2.17 
rlimit: STACK 8192k, CORE 0k, NPROC 28798, NOFILE 4096, AS infinity
load average:0,83 0,35 0,32

/proc/meminfo:
MemTotal:        3715476 kB
MemFree:         1450088 kB
Buffers:          195380 kB
Cached:          1081232 kB
SwapCached:            0 kB
Active:          1309084 kB
Inactive:         753852 kB
Active(anon):     788000 kB
Inactive(anon):   173676 kB
Active(file):     521084 kB
Inactive(file):   580176 kB
Unevictable:          52 kB
Mlocked:              52 kB
SwapTotal:       3856380 kB
SwapFree:        3856380 kB
Dirty:               248 kB
Writeback:             0 kB
AnonPages:        786468 kB
Mapped:           179528 kB
Shmem:            175356 kB
Slab:             128452 kB
SReclaimable:     101828 kB
SUnreclaim:        26624 kB
KernelStack:        3448 kB
PageTables:        24744 kB
NFS_Unstable:          0 kB
Bounce:                0 kB
WritebackTmp:          0 kB
CommitLimit:     5714116 kB
Committed_AS:    3151340 kB
VmallocTotal:   34359738367 kB
VmallocUsed:      414316 kB
VmallocChunk:   34359319548 kB
HardwareCorrupted:     0 kB
AnonHugePages:         0 kB
HugePages_Total:       0
HugePages_Free:        0
HugePages_Rsvd:        0
HugePages_Surp:        0
Hugepagesize:       2048 kB
DirectMap4k:       58576 kB
DirectMap2M:     3799040 kB


CPU:total 4 (2 cores per cpu, 2 threads per core) family 6 model 37 stepping 5, cmov, cx8, fxsr, mmx, sse, sse2, sse3, ssse3, sse4.1, sse4.2, popcnt, ht, tsc, tscinvbit

/proc/cpuinfo:
processor	: 0
vendor_id	: GenuineIntel
cpu family	: 6
model		: 37
model name	: Intel(R) Core(TM) i3 CPU       M 380  @ 2.53GHz
stepping	: 5
microcode	: 0x2
cpu MHz		: 2533.000
cache size	: 3072 KB
physical id	: 0
siblings	: 4
core id		: 0
cpu cores	: 2
apicid		: 0
initial apicid	: 0
fpu		: yes
fpu_exception	: yes
cpuid level	: 11
wp		: yes
flags		: fpu vme de pse tsc msr pae mce cx8 apic sep mtrr pge mca cmov pat pse36 clflush dts acpi mmx fxsr sse sse2 ss ht tm pbe syscall nx rdtscp lm constant_tsc arch_perfmon pebs bts rep_good nopl xtopology nonstop_tsc aperfmperf pni dtes64 monitor ds_cpl vmx est tm2 ssse3 cx16 xtpr pdcm pcid sse4_1 sse4_2 popcnt lahf_lm arat dtherm tpr_shadow vnmi flexpriority ept vpid
bogomips	: 5053.98
clflush size	: 64
cache_alignment	: 64
address sizes	: 36 bits physical, 48 bits virtual
power management:

processor	: 1
vendor_id	: GenuineIntel
cpu family	: 6
model		: 37
model name	: Intel(R) Core(TM) i3 CPU       M 380  @ 2.53GHz
stepping	: 5
microcode	: 0x2
cpu MHz		: 2533.000
cache size	: 3072 KB
physical id	: 0
siblings	: 4
core id		: 0
cpu cores	: 2
apicid		: 1
initial apicid	: 1
fpu		: yes
fpu_exception	: yes
cpuid level	: 11
wp		: yes
flags		: fpu vme de pse tsc msr pae mce cx8 apic sep mtrr pge mca cmov pat pse36 clflush dts acpi mmx fxsr sse sse2 ss ht tm pbe syscall nx rdtscp lm constant_tsc arch_perfmon pebs bts rep_good nopl xtopology nonstop_tsc aperfmperf pni dtes64 monitor ds_cpl vmx est tm2 ssse3 cx16 xtpr pdcm pcid sse4_1 sse4_2 popcnt lahf_lm arat dtherm tpr_shadow vnmi flexpriority ept vpid
bogomips	: 5053.98
clflush size	: 64
cache_alignment	: 64
address sizes	: 36 bits physical, 48 bits virtual
power management:

processor	: 2
vendor_id	: GenuineIntel
cpu family	: 6
model		: 37
model name	: Intel(R) Core(TM) i3 CPU       M 380  @ 2.53GHz
stepping	: 5
microcode	: 0x2
cpu MHz		: 933.000
cache size	: 3072 KB
physical id	: 0
siblings	: 4
core id		: 2
cpu cores	: 2
apicid		: 4
initial apicid	: 4
fpu		: yes
fpu_exception	: yes
cpuid level	: 11
wp		: yes
flags		: fpu vme de pse tsc msr pae mce cx8 apic sep mtrr pge mca cmov pat pse36 clflush dts acpi mmx fxsr sse sse2 ss ht tm pbe syscall nx rdtscp lm constant_tsc arch_perfmon pebs bts rep_good nopl xtopology nonstop_tsc aperfmperf pni dtes64 monitor ds_cpl vmx est tm2 ssse3 cx16 xtpr pdcm pcid sse4_1 sse4_2 popcnt lahf_lm arat dtherm tpr_shadow vnmi flexpriority ept vpid
bogomips	: 5053.98
clflush size	: 64
cache_alignment	: 64
address sizes	: 36 bits physical, 48 bits virtual
power management:

processor	: 3
vendor_id	: GenuineIntel
cpu family	: 6
model		: 37
model name	: Intel(R) Core(TM) i3 CPU       M 380  @ 2.53GHz
stepping	: 5
microcode	: 0x2
cpu MHz		: 933.000
cache size	: 3072 KB
physical id	: 0
siblings	: 4
core id		: 2
cpu cores	: 2
apicid		: 5
initial apicid	: 5
fpu		: yes
fpu_exception	: yes
cpuid level	: 11
wp		: yes
flags		: fpu vme de pse tsc msr pae mce cx8 apic sep mtrr pge mca cmov pat pse36 clflush dts acpi mmx fxsr sse sse2 ss ht tm pbe syscall nx rdtscp lm constant_tsc arch_perfmon pebs bts rep_good nopl xtopology nonstop_tsc aperfmperf pni dtes64 monitor ds_cpl vmx est tm2 ssse3 cx16 xtpr pdcm pcid sse4_1 sse4_2 popcnt lahf_lm arat dtherm tpr_shadow vnmi flexpriority ept vpid
bogomips	: 5053.98
clflush size	: 64
cache_alignment	: 64
address sizes	: 36 bits physical, 48 bits virtual
power management:



Memory: 4k page, physical 3715476k(1450088k free), swap 3856380k(3856380k free)

vm_info: OpenJDK 64-Bit Server VM (24.45-b08) for linux-amd64 JRE (1.7.0_51-b00), built on Jan 15 2014 22:02:57 by "buildd" with gcc 4.8.1

time: Fri May 30 20:56:08 2014
elapsed time: 3 seconds

