#
# A fatal error has been detected by the Java Runtime Environment:
#
#  SIGSEGV (0xb) at pc=0x00007f4280b79b44, pid=25308, tid=139923919038208
#
# JRE version: OpenJDK Runtime Environment (7.0_51) (build 1.7.0_51-b00)
# Java VM: OpenJDK 64-Bit Server VM (24.45-b08 mixed mode linux-amd64 compressed oops)
# Problematic frame:
# C  [librange_tree.so+0x1b44]  aux_range_query+0x203
#
# Failed to write core dump. Core dumps have been disabled. To enable core dumping, try "ulimit -c unlimited" before starting Java again
#
# If you would like to submit a bug report, please include
# instructions on how to reproduce the bug and visit:
#   http://icedtea.classpath.org/bugzilla
# The crash happened outside the Java Virtual Machine in native code.
# See problematic frame for where to report the bug.
#

---------------  T H R E A D  ---------------

Current thread (0x00007f428c00a800):  JavaThread "main" [_thread_in_native, id=25333, stack(0x00007f42935d6000,0x00007f42937d7000)]

siginfo:si_signo=SIGSEGV: si_errno=0, si_code=1 (SEGV_MAPERR), si_addr=0x0000000000000018

Registers:
RAX=0x0000000000000000, RBX=0x0000000000000001, RCX=0x00007f428c000020, RDX=0x00007f4280f7f100
RSP=0x00007f42937d32e0, RBP=0x00007f42937d3350, RSI=0x0000000000000000, RDI=0x00007f428c4b73f0
R8 =0x0000000000000003, R9 =0x0000000000000018, R10=0x0000000000000b91, R11=0x00007f428c000078
R12=0x0000000000000008, R13=0x0000000000000005, R14=0x00007f42937d3520, R15=0x00007f42937d33b0
RIP=0x00007f4280b79b44, EFLAGS=0x0000000000010202, CSGSFS=0x0000000000000033, ERR=0x0000000000000004
  TRAPNO=0x000000000000000e

Top of Stack: (sp=0x00007f42937d32e0)
0x00007f42937d32e0:   0000000000000004 408ad00000000000
0x00007f42937d32f0:   00007f428c4dce80 40a1f40000000000
0x00007f42937d3300:   408ad00000000000 40c02c8000000000
0x00007f42937d3310:   40a3740000000000 00007f428c49c3d0
0x00007f42937d3320:   40c02c8000000000 00007f428c4b73f0
0x00007f42937d3330:   00007f428c412c80 00007f428c49c3d0
0x00007f42937d3340:   0000000000000018 0000000000000001
0x00007f42937d3350:   00007f42937d33a0 00007f4280b79ceb
0x00007f42937d3360:   40a3740000000000 40a1f40000000000
0x00007f42937d3370:   408ad00000000000 40c02c8000000000
0x00007f42937d3380:   40a3740000000000 00007f428c49c3d0
0x00007f42937d3390:   0000000000000000 00007f428c4dce80
0x00007f42937d33a0:   00007f42937d33b0 00007f4281b97a78
0x00007f42937d33b0:   000000000000080e 00007f42937d35f0
0x00007f42937d33c0:   00007f42937d34a0 00007f4281b97901
0x00007f42937d33d0:   0000000000000000 00007f42937d33f0
0x00007f42937d33e0:   00007f42937d3300 00007f42937d3450
0x00007f42937d33f0:   00007f42937d3460 00007f42937d3450
0x00007f42937d3400:   00007f42937d3464 00007f42937d34c0
0x00007f42937d3410:   00007f42937d35f0 00007f4280b79c37
0x00007f42937d3420:   00007f428c44d6c0 00007f428c431d50
0x00007f42937d3430:   0000000400000001 0000000500000005
0x00007f42937d3440:   00007f42937d3300 0000000189006233
0x00007f42937d3450:   0000000000000005 0000000000000000
0x00007f42937d3460:   0000000000000001 74a35311cac34200
0x00007f42937d3470:   00007f428c00a800 00007f42937d3500
0x00007f42937d3480:   0000000000000000 0000000000000000
0x00007f42937d3490:   00007f42937d36b8 00007f428c00a800
0x00007f42937d34a0:   00007f42937d35d0 00007f4281b94ddc
0x00007f42937d34b0:   00000000f6fb8d20 00007f42937d3500
0x00007f42937d34c0:   00007f42937d3500 00007f42937d3508
0x00007f42937d34d0:   00007f42937d3510 00007f42937d3518 

Instructions: (pc=0x00007f4280b79b44)
0x00007f4280b79b24:   48 89 45 d8 eb 5e 48 8b 45 d8 48 8b 00 f2 0f 10
0x00007f4280b79b34:   00 66 0f 2e 45 c0 72 40 48 8b 45 d8 48 8b 40 10
0x00007f4280b79b44:   48 8b 48 18 48 8b 75 a0 48 8b 55 a8 48 8b 45 b0
0x00007f4280b79b54:   48 89 55 98 f2 0f 10 4d 98 48 89 45 98 f2 0f 10 

Register to memory mapping:

RAX=0x0000000000000000 is an unknown value
RBX=0x0000000000000001 is an unknown value
RCX=0x00007f428c000020 is an unknown value
RDX=0x00007f4280f7f100: sentinel+0 in lib/librb_tree.so at 0x00007f4280d7c000
RSP=0x00007f42937d32e0 is pointing into the stack for thread: 0x00007f428c00a800
RBP=0x00007f42937d3350 is pointing into the stack for thread: 0x00007f428c00a800
RSI=0x0000000000000000 is an unknown value
RDI=0x00007f428c4b73f0 is an unknown value
R8 =0x0000000000000003 is an unknown value
R9 =0x0000000000000018 is an unknown value
R10=0x0000000000000b91 is an unknown value
R11=0x00007f428c000078 is an unknown value
R12=0x0000000000000008 is an unknown value
R13=0x0000000000000005 is an unknown value
R14=0x00007f42937d3520 is pointing into the stack for thread: 0x00007f428c00a800
R15=0x00007f42937d33b0 is pointing into the stack for thread: 0x00007f428c00a800


Stack: [0x00007f42935d6000,0x00007f42937d7000],  sp=0x00007f42937d32e0,  free space=2036k
Native frames: (J=compiled Java code, j=interpreted, Vv=VM code, C=native code)
C  [librange_tree.so+0x1b44]  aux_range_query+0x203
C  [librange_tree.so+0x1ceb]  two_d_range_query+0xb4
C  [libjffi-1.2.so+0xda78]  ffi_call_unix64+0x4c

Java frames: (J=compiled Java code, j=interpreted, Vv=VM code)
j  com.kenai.jffi.Foreign.invokeArrayReturnLong(JJ[B)J+0
j  com.kenai.jffi.Invoker.invokeLong(Lcom/kenai/jffi/CallContext;JLcom/kenai/jffi/HeapInvocationBuffer;)J+38
j  com.kenai.jffi.Invoker$LP64.invokeAddress(Lcom/kenai/jffi/CallContext;JLcom/kenai/jffi/HeapInvocationBuffer;)J+5
j  com.kenai.jffi.Invoker.invokeAddress(Lcom/kenai/jffi/Function;Lcom/kenai/jffi/HeapInvocationBuffer;)J+10
j  org.jruby.ext.ffi.jffi.DefaultMethodFactory$Pointer64Invoker.invoke(Lorg/jruby/runtime/ThreadContext;Lcom/kenai/jffi/Function;Lcom/kenai/jffi/HeapInvocationBuffer;)Lorg/jruby/runtime/builtin/IRubyObject;+6
j  org.jruby.ext.ffi.jffi.DefaultMethodFactory$ConvertingInvoker.invoke(Lorg/jruby/runtime/ThreadContext;Lcom/kenai/jffi/Function;Lcom/kenai/jffi/HeapInvocationBuffer;)Lorg/jruby/runtime/builtin/IRubyObject;+12
j  org.jruby.ext.ffi.jffi.BufferNativeInvoker.call(Lorg/jruby/runtime/ThreadContext;Lorg/jruby/runtime/builtin/IRubyObject;Lorg/jruby/RubyModule;Ljava/lang/String;[Lorg/jruby/runtime/builtin/IRubyObject;)Lorg/jruby/runtime/builtin/IRubyObject;+160
j  org.jruby.ext.ffi.jffi.DefaultMethod.call(Lorg/jruby/runtime/ThreadContext;Lorg/jruby/runtime/builtin/IRubyObject;Lorg/jruby/RubyModule;Ljava/lang/String;[Lorg/jruby/runtime/builtin/IRubyObject;)Lorg/jruby/runtime/builtin/IRubyObject;+11
j  org.jruby.runtime.callsite.CachingCallSite.cacheAndCall(Lorg/jruby/runtime/builtin/IRubyObject;Lorg/jruby/RubyClass;[Lorg/jruby/runtime/builtin/IRubyObject;Lorg/jruby/runtime/ThreadContext;Lorg/jruby/runtime/builtin/IRubyObject;)Lorg/jruby/runtime/builtin/IRubyObject;+57
j  org.jruby.runtime.callsite.CachingCallSite.call(Lorg/jruby/runtime/ThreadContext;Lorg/jruby/runtime/builtin/IRubyObject;Lorg/jruby/runtime/builtin/IRubyObject;[Lorg/jruby/runtime/builtin/IRubyObject;)Lorg/jruby/runtime/builtin/IRubyObject;+50
j  org.jruby.ast.CallManyArgsNode.interpret(Lorg/jruby/Ruby;Lorg/jruby/runtime/ThreadContext;Lorg/jruby/runtime/builtin/IRubyObject;Lorg/jruby/runtime/Block;)Lorg/jruby/runtime/builtin/IRubyObject;+41
j  org.jruby.ast.DAsgnNode.interpret(Lorg/jruby/Ruby;Lorg/jruby/runtime/ThreadContext;Lorg/jruby/runtime/builtin/IRubyObject;Lorg/jruby/runtime/Block;)Lorg/jruby/runtime/builtin/IRubyObject;+17
J  org.jruby.runtime.Interpreted19Block.yield(Lorg/jruby/runtime/ThreadContext;Lorg/jruby/runtime/builtin/IRubyObject;Lorg/jruby/runtime/Binding;Lorg/jruby/runtime/Block$Type;)Lorg/jruby/runtime/builtin/IRubyObject;
j  org.jruby.runtime.Interpreted19Block.yieldSpecific(Lorg/jruby/runtime/ThreadContext;Lorg/jruby/runtime/Binding;Lorg/jruby/runtime/Block$Type;)Lorg/jruby/runtime/builtin/IRubyObject;+5
j  org.jruby.runtime.Block.yieldSpecific(Lorg/jruby/runtime/ThreadContext;)Lorg/jruby/runtime/builtin/IRubyObject;+13
j  org.jruby.RubyFixnum.times(Lorg/jruby/runtime/ThreadContext;Lorg/jruby/runtime/Block;)Lorg/jruby/runtime/builtin/IRubyObject;+102
j  org.jruby.RubyFixnum$INVOKER$i$0$0$times.call(Lorg/jruby/runtime/ThreadContext;Lorg/jruby/runtime/builtin/IRubyObject;Lorg/jruby/RubyModule;Ljava/lang/String;Lorg/jruby/runtime/Block;)Lorg/jruby/runtime/builtin/IRubyObject;+7
j  org.jruby.internal.runtime.methods.JavaMethod$JavaMethodZeroBlock.call(Lorg/jruby/runtime/ThreadContext;Lorg/jruby/runtime/builtin/IRubyObject;Lorg/jruby/RubyModule;Ljava/lang/String;[Lorg/jruby/runtime/builtin/IRubyObject;Lorg/jruby/runtime/Block;)Lorg/jruby/runtime/builtin/IRubyObject;+27
j  org.jruby.RubyClass.finvoke(Lorg/jruby/runtime/ThreadContext;Lorg/jruby/runtime/builtin/IRubyObject;Ljava/lang/String;[Lorg/jruby/runtime/builtin/IRubyObject;Lorg/jruby/runtime/Block;)Lorg/jruby/runtime/builtin/IRubyObject;+64
j  org.jruby.runtime.Helpers.invoke(Lorg/jruby/runtime/ThreadContext;Lorg/jruby/runtime/builtin/IRubyObject;Ljava/lang/String;[Lorg/jruby/runtime/builtin/IRubyObject;Lorg/jruby/runtime/Block;)Lorg/jruby/runtime/builtin/IRubyObject;+12
j  org.jruby.RubyBasicObject.callMethod(Lorg/jruby/runtime/ThreadContext;Ljava/lang/String;[Lorg/jruby/runtime/builtin/IRubyObject;Lorg/jruby/runtime/Block;)Lorg/jruby/runtime/builtin/IRubyObject;+6
j  org.jruby.RubyEnumerator.each(Lorg/jruby/runtime/ThreadContext;Lorg/jruby/runtime/Block;)Lorg/jruby/runtime/builtin/IRubyObject;+14
j  org.jruby.RubyEnumerator$INVOKER$i$each.call(Lorg/jruby/runtime/ThreadContext;Lorg/jruby/runtime/builtin/IRubyObject;Lorg/jruby/RubyModule;Ljava/lang/String;Lorg/jruby/runtime/Block;)Lorg/jruby/runtime/builtin/IRubyObject;+7
j  org.jruby.runtime.callsite.CachingCallSite.cacheAndCall(Lorg/jruby/runtime/builtin/IRubyObject;Lorg/jruby/RubyClass;Lorg/jruby/runtime/Block;Lorg/jruby/runtime/ThreadContext;Lorg/jruby/runtime/builtin/IRubyObject;)Lorg/jruby/runtime/builtin/IRubyObject;+57
j  org.jruby.runtime.callsite.CachingCallSite.callBlock(Lorg/jruby/runtime/ThreadContext;Lorg/jruby/runtime/builtin/IRubyObject;Lorg/jruby/runtime/builtin/IRubyObject;Lorg/jruby/runtime/Block;)Lorg/jruby/runtime/builtin/IRubyObject;+50
j  org.jruby.runtime.callsite.CachingCallSite.callIter(Lorg/jruby/runtime/ThreadContext;Lorg/jruby/runtime/builtin/IRubyObject;Lorg/jruby/runtime/builtin/IRubyObject;Lorg/jruby/runtime/Block;)Lorg/jruby/runtime/builtin/IRubyObject;+6
j  org.jruby.ast.CallNoArgBlockNode.interpret(Lorg/jruby/Ruby;Lorg/jruby/runtime/ThreadContext;Lorg/jruby/runtime/builtin/IRubyObject;Lorg/jruby/runtime/Block;)Lorg/jruby/runtime/builtin/IRubyObject;+35
J  org.jruby.ast.BlockNode.interpret(Lorg/jruby/Ruby;Lorg/jruby/runtime/ThreadContext;Lorg/jruby/runtime/builtin/IRubyObject;Lorg/jruby/runtime/Block;)Lorg/jruby/runtime/builtin/IRubyObject;
j  org.jruby.evaluator.ASTInterpreter.INTERPRET_METHOD(Lorg/jruby/Ruby;Lorg/jruby/runtime/ThreadContext;Ljava/lang/String;ILorg/jruby/RubyModule;Lorg/jruby/ast/Node;Ljava/lang/String;Lorg/jruby/runtime/builtin/IRubyObject;Lorg/jruby/runtime/Block;Z)Lorg/jruby/runtime/builtin/IRubyObject;+30
j  org.jruby.internal.runtime.methods.InterpretedMethod.call(Lorg/jruby/runtime/ThreadContext;Lorg/jruby/runtime/builtin/IRubyObject;Lorg/jruby/RubyModule;Ljava/lang/String;)Lorg/jruby/runtime/builtin/IRubyObject;+80
j  org.jruby.internal.runtime.methods.DefaultMethod.call(Lorg/jruby/runtime/ThreadContext;Lorg/jruby/runtime/builtin/IRubyObject;Lorg/jruby/RubyModule;Ljava/lang/String;)Lorg/jruby/runtime/builtin/IRubyObject;+20
J  org.jruby.ast.CallNoArgNode.interpret(Lorg/jruby/Ruby;Lorg/jruby/runtime/ThreadContext;Lorg/jruby/runtime/builtin/IRubyObject;Lorg/jruby/runtime/Block;)Lorg/jruby/runtime/builtin/IRubyObject;
j  org.jruby.ast.FCallTwoArgNode.interpret(Lorg/jruby/Ruby;Lorg/jruby/runtime/ThreadContext;Lorg/jruby/runtime/builtin/IRubyObject;Lorg/jruby/runtime/Block;)Lorg/jruby/runtime/builtin/IRubyObject;+28
J  org.jruby.ast.BlockNode.interpret(Lorg/jruby/Ruby;Lorg/jruby/runtime/ThreadContext;Lorg/jruby/runtime/builtin/IRubyObject;Lorg/jruby/runtime/Block;)Lorg/jruby/runtime/builtin/IRubyObject;
j  org.jruby.evaluator.ASTInterpreter.INTERPRET_METHOD(Lorg/jruby/Ruby;Lorg/jruby/runtime/ThreadContext;Ljava/lang/String;ILorg/jruby/RubyModule;Lorg/jruby/ast/Node;Ljava/lang/String;Lorg/jruby/runtime/builtin/IRubyObject;Lorg/jruby/runtime/Block;Z)Lorg/jruby/runtime/builtin/IRubyObject;+30
j  org.jruby.internal.runtime.methods.InterpretedMethod.call(Lorg/jruby/runtime/ThreadContext;Lorg/jruby/runtime/builtin/IRubyObject;Lorg/jruby/RubyModule;Ljava/lang/String;)Lorg/jruby/runtime/builtin/IRubyObject;+80
j  org.jruby.internal.runtime.methods.DefaultMethod.call(Lorg/jruby/runtime/ThreadContext;Lorg/jruby/runtime/builtin/IRubyObject;Lorg/jruby/RubyModule;Ljava/lang/String;)Lorg/jruby/runtime/builtin/IRubyObject;+20
j  org.jruby.runtime.callsite.CachingCallSite.cacheAndCall(Lorg/jruby/runtime/builtin/IRubyObject;Lorg/jruby/RubyClass;Lorg/jruby/runtime/ThreadContext;Lorg/jruby/runtime/builtin/IRubyObject;)Lorg/jruby/runtime/builtin/IRubyObject;+53
j  org.jruby.runtime.callsite.CachingCallSite.call(Lorg/jruby/runtime/ThreadContext;Lorg/jruby/runtime/builtin/IRubyObject;Lorg/jruby/runtime/builtin/IRubyObject;)Lorg/jruby/runtime/builtin/IRubyObject;+46
j  Makefile.method__2$RUBY$test(LMakefile;Lorg/jruby/runtime/ThreadContext;Lorg/jruby/runtime/builtin/IRubyObject;Lorg/jruby/runtime/Block;)Lorg/jruby/runtime/builtin/IRubyObject;+130
j  Makefile$method__2$RUBY$test.call(Lorg/jruby/runtime/ThreadContext;Lorg/jruby/runtime/builtin/IRubyObject;Lorg/jruby/RubyModule;Ljava/lang/String;Lorg/jruby/runtime/Block;)Lorg/jruby/runtime/builtin/IRubyObject;+17
j  org.jruby.RubyClass.finvoke(Lorg/jruby/runtime/ThreadContext;Lorg/jruby/runtime/builtin/IRubyObject;Ljava/lang/String;Lorg/jruby/runtime/Block;)Lorg/jruby/runtime/builtin/IRubyObject;+41
j  org.jruby.RubyBasicObject.send19(Lorg/jruby/runtime/ThreadContext;Lorg/jruby/runtime/builtin/IRubyObject;Lorg/jruby/runtime/Block;)Lorg/jruby/runtime/builtin/IRubyObject;+15
j  org.jruby.RubyKernel.send19(Lorg/jruby/runtime/ThreadContext;Lorg/jruby/runtime/builtin/IRubyObject;Lorg/jruby/runtime/builtin/IRubyObject;Lorg/jruby/runtime/Block;)Lorg/jruby/runtime/builtin/IRubyObject;+7
j  org.jruby.RubyKernel$INVOKER$s$send19.call(Lorg/jruby/runtime/ThreadContext;Lorg/jruby/runtime/builtin/IRubyObject;Lorg/jruby/RubyModule;Ljava/lang/String;Lorg/jruby/runtime/builtin/IRubyObject;Lorg/jruby/runtime/Block;)Lorg/jruby/runtime/builtin/IRubyObject;+6
j  org.jruby.internal.runtime.methods.JavaMethod$JavaMethodOneOrNBlock.call(Lorg/jruby/runtime/ThreadContext;Lorg/jruby/runtime/builtin/IRubyObject;Lorg/jruby/RubyModule;Ljava/lang/String;Lorg/jruby/runtime/builtin/IRubyObject;)Lorg/jruby/runtime/builtin/IRubyObject;+11
j  org.jruby.runtime.callsite.CachingCallSite.call(Lorg/jruby/runtime/ThreadContext;Lorg/jruby/runtime/builtin/IRubyObject;Lorg/jruby/runtime/builtin/IRubyObject;Lorg/jruby/runtime/builtin/IRubyObject;)Lorg/jruby/runtime/builtin/IRubyObject;+38
j  Makefile.block_7$RUBY$__file__(LMakefile;Lorg/jruby/runtime/ThreadContext;Lorg/jruby/runtime/builtin/IRubyObject;[Lorg/jruby/runtime/builtin/IRubyObject;Lorg/jruby/runtime/Block;)Lorg/jruby/runtime/builtin/IRubyObject;+46
j  Makefile$block_7$RUBY$__file__.call(Lorg/jruby/runtime/ThreadContext;Lorg/jruby/runtime/builtin/IRubyObject;[Lorg/jruby/runtime/builtin/IRubyObject;Lorg/jruby/runtime/Block;)Lorg/jruby/runtime/builtin/IRubyObject;+9
j  org.jruby.runtime.CompiledBlock19.yield(Lorg/jruby/runtime/ThreadContext;Lorg/jruby/runtime/builtin/IRubyObject;Lorg/jruby/runtime/Binding;Lorg/jruby/runtime/Block$Type;)Lorg/jruby/runtime/builtin/IRubyObject;+52
j  org.jruby.runtime.Block.yield(Lorg/jruby/runtime/ThreadContext;Lorg/jruby/runtime/builtin/IRubyObject;)Lorg/jruby/runtime/builtin/IRubyObject;+14
j  org.jruby.RubyArray.eachCommon(Lorg/jruby/runtime/ThreadContext;Lorg/jruby/runtime/Block;)Lorg/jruby/runtime/builtin/IRubyObject;+41
j  org.jruby.RubyArray.each(Lorg/jruby/runtime/ThreadContext;Lorg/jruby/runtime/Block;)Lorg/jruby/runtime/builtin/IRubyObject;+10
j  org.jruby.RubyArray$INVOKER$i$0$0$each.call(Lorg/jruby/runtime/ThreadContext;Lorg/jruby/runtime/builtin/IRubyObject;Lorg/jruby/RubyModule;Ljava/lang/String;Lorg/jruby/runtime/Block;)Lorg/jruby/runtime/builtin/IRubyObject;+7
j  org.jruby.runtime.callsite.CachingCallSite.cacheAndCall(Lorg/jruby/runtime/builtin/IRubyObject;Lorg/jruby/RubyClass;Lorg/jruby/runtime/Block;Lorg/jruby/runtime/ThreadContext;Lorg/jruby/runtime/builtin/IRubyObject;)Lorg/jruby/runtime/builtin/IRubyObject;+57
j  org.jruby.runtime.callsite.CachingCallSite.callBlock(Lorg/jruby/runtime/ThreadContext;Lorg/jruby/runtime/builtin/IRubyObject;Lorg/jruby/runtime/builtin/IRubyObject;Lorg/jruby/runtime/Block;)Lorg/jruby/runtime/builtin/IRubyObject;+50
j  org.jruby.runtime.callsite.CachingCallSite.callIter(Lorg/jruby/runtime/ThreadContext;Lorg/jruby/runtime/builtin/IRubyObject;Lorg/jruby/runtime/builtin/IRubyObject;Lorg/jruby/runtime/Block;)Lorg/jruby/runtime/builtin/IRubyObject;+6
j  Makefile.__file__(LMakefile;Lorg/jruby/runtime/ThreadContext;Lorg/jruby/runtime/builtin/IRubyObject;[Lorg/jruby/runtime/builtin/IRubyObject;Lorg/jruby/runtime/Block;)Lorg/jruby/runtime/builtin/IRubyObject;+907
j  Makefile.load(Lorg/jruby/runtime/ThreadContext;Lorg/jruby/runtime/builtin/IRubyObject;Z)Lorg/jruby/runtime/builtin/IRubyObject;+22
j  org.jruby.Ruby.runScript(Lorg/jruby/ast/executable/Script;Z)Lorg/jruby/runtime/builtin/IRubyObject;+12
j  org.jruby.Ruby.runScript(Lorg/jruby/ast/executable/Script;)Lorg/jruby/runtime/builtin/IRubyObject;+3
j  org.jruby.Ruby.runNormally(Lorg/jruby/ast/Node;)Lorg/jruby/runtime/builtin/IRubyObject;+73
j  org.jruby.Ruby.runFromMain(Ljava/io/InputStream;Ljava/lang/String;)V+320
j  org.jruby.Main.doRunFromMain(Lorg/jruby/Ruby;Ljava/io/InputStream;Ljava/lang/String;)Lorg/jruby/Main$Status;+12
j  org.jruby.Main.internalRun()Lorg/jruby/Main$Status;+234
j  org.jruby.Main.run([Ljava/lang/String;)Lorg/jruby/Main$Status;+9
j  org.jruby.Main.main([Ljava/lang/String;)V+35
v  ~StubRoutines::call_stub

---------------  P R O C E S S  ---------------

Java Threads: ( => current thread )
  0x00007f428c45c000 JavaThread "ReferenceReaper" daemon [_thread_blocked, id=25433, stack(0x00007f4281788000,0x00007f4281989000)]
  0x00007f428c42c000 JavaThread "JRubyJIT-2" daemon [_thread_blocked, id=25432, stack(0x00007f4281587000,0x00007f4281788000)]
  0x00007f428c420000 JavaThread "process reaper" daemon [_thread_blocked, id=25349, stack(0x00007f42880ba000,0x00007f42880f3000)]
  0x00007f428c413000 JavaThread "JRubyJIT-1" daemon [_thread_blocked, id=25346, stack(0x00007f4281989000,0x00007f4281b8a000)]
  0x00007f428c0ae000 JavaThread "Service Thread" daemon [_thread_blocked, id=25344, stack(0x00007f4283602000,0x00007f4283803000)]
  0x00007f428c0ab800 JavaThread "C2 CompilerThread1" daemon [_thread_in_native, id=25343, stack(0x00007f4283803000,0x00007f4283904000)]
  0x00007f428c0a8800 JavaThread "C2 CompilerThread0" daemon [_thread_in_native, id=25342, stack(0x00007f4283904000,0x00007f4283a05000)]
  0x00007f428c0a6800 JavaThread "Signal Dispatcher" daemon [_thread_blocked, id=25341, stack(0x00007f4283a05000,0x00007f4283c06000)]
  0x00007f428c082800 JavaThread "Finalizer" daemon [_thread_blocked, id=25340, stack(0x00007f42880f3000,0x00007f42882f4000)]
  0x00007f428c080800 JavaThread "Reference Handler" daemon [_thread_blocked, id=25339, stack(0x00007f42882f4000,0x00007f42884f5000)]
=>0x00007f428c00a800 JavaThread "main" [_thread_in_native, id=25333, stack(0x00007f42935d6000,0x00007f42937d7000)]

Other Threads:
  0x00007f428c07c800 VMThread [stack: 0x00007f42884f5000,0x00007f42885f6000] [id=25338]
  0x00007f428c0b8800 WatcherThread [stack: 0x00007f4283501000,0x00007f4283602000] [id=25345]

VM state:not at safepoint (normal execution)

VM Mutex/Monitor currently owned by a thread: None

Heap
 PSYoungGen      total 32768K, used 25315K [0x00000000f5900000, 0x00000000f7b00000, 0x0000000100000000)
  eden space 30720K, 75% used [0x00000000f5900000,0x00000000f6fbb6f0,0x00000000f7700000)
  from space 2048K, 99% used [0x00000000f7900000,0x00000000f7afd528,0x00000000f7b00000)
  to   space 2048K, 0% used [0x00000000f7700000,0x00000000f7700000,0x00000000f7900000)
 ParOldGen       total 38400K, used 5883K [0x00000000e0c00000, 0x00000000e3180000, 0x00000000f5900000)
  object space 38400K, 15% used [0x00000000e0c00000,0x00000000e11beed0,0x00000000e3180000)
 PSPermGen       total 25600K, used 25454K [0x00000000d6600000, 0x00000000d7f00000, 0x00000000e0c00000)
  object space 25600K, 99% used [0x00000000d6600000,0x00000000d7edb9c0,0x00000000d7f00000)

Card table byte_map: [0x00007f42923fc000,0x00007f429254a000] byte_map_base: 0x00007f4291d49000

Polling page: 0x00007f4295be4000

Code Cache  [0x00007f4289000000, 0x00007f4289270000, 0x00007f428c000000)
 total_blobs=944 nmethods=463 adapters=433 free_code_cache=47368Kb largest_free_block=48482752

Compilation events (10 events):
Event: 3,874 Thread 0x00007f428c0ab800 nmethod 467 0x00007f42891ba090 code [0x00007f42891ba1c0, 0x00007f42891ba238]
Event: 3,874 Thread 0x00007f428c0ab800  468             org.jruby.RubyObject::<init> (6 bytes)
Event: 3,874 Thread 0x00007f428c0ab800 nmethod 468 0x00007f42891bd190 code [0x00007f42891bd2c0, 0x00007f42891bd358]
Event: 3,874 Thread 0x00007f428c0ab800  469             org.jruby.RubyBasicObject::<init> (10 bytes)
Event: 3,875 Thread 0x00007f428c0ab800 nmethod 469 0x00007f42891bcf10 code [0x00007f42891bd040, 0x00007f42891bd0d8]
Event: 3,875 Thread 0x00007f428c0ab800  470             org.jruby.runtime.Interpreted19Block::setupBlockArgs (70 bytes)
Event: 3,887 Thread 0x00007f428c0a8800 nmethod 462 0x00007f42891bd410 code [0x00007f42891bd600, 0x00007f42891be308]
Event: 3,887 Thread 0x00007f428c0a8800  471             org.jruby.runtime.Helpers::restructureBlockArgs19 (91 bytes)
Event: 3,893 Thread 0x00007f428c0a8800 nmethod 471 0x00007f42891bc150 code [0x00007f42891bc2e0, 0x00007f42891bc6e8]
Event: 3,893 Thread 0x00007f428c0a8800  472             org.jruby.RubyArray::append (113 bytes)

GC Heap History (4 events):
Event: 1,372 GC heap before
{Heap before GC invocations=1 (full 0):
 PSYoungGen      total 17408K, used 15360K [0x00000000f5900000, 0x00000000f6c00000, 0x0000000100000000)
  eden space 15360K, 100% used [0x00000000f5900000,0x00000000f6800000,0x00000000f6800000)
  from space 2048K, 0% used [0x00000000f6a00000,0x00000000f6a00000,0x00000000f6c00000)
  to   space 2048K, 0% used [0x00000000f6800000,0x00000000f6800000,0x00000000f6a00000)
 ParOldGen       total 38400K, used 0K [0x00000000e0c00000, 0x00000000e3180000, 0x00000000f5900000)
  object space 38400K, 0% used [0x00000000e0c00000,0x00000000e0c00000,0x00000000e3180000)
 PSPermGen       total 21504K, used 18949K [0x00000000d6600000, 0x00000000d7b00000, 0x00000000e0c00000)
  object space 21504K, 88% used [0x00000000d6600000,0x00000000d78816c8,0x00000000d7b00000)
Event: 1,389 GC heap after
Heap after GC invocations=1 (full 0):
 PSYoungGen      total 17408K, used 2023K [0x00000000f5900000, 0x00000000f7b00000, 0x0000000100000000)
  eden space 15360K, 0% used [0x00000000f5900000,0x00000000f5900000,0x00000000f6800000)
  from space 2048K, 98% used [0x00000000f6800000,0x00000000f69f9f98,0x00000000f6a00000)
  to   space 2048K, 0% used [0x00000000f7900000,0x00000000f7900000,0x00000000f7b00000)
 ParOldGen       total 38400K, used 3809K [0x00000000e0c00000, 0x00000000e3180000, 0x00000000f5900000)
  object space 38400K, 9% used [0x00000000e0c00000,0x00000000e0fb85e8,0x00000000e3180000)
 PSPermGen       total 21504K, used 18949K [0x00000000d6600000, 0x00000000d7b00000, 0x00000000e0c00000)
  object space 21504K, 88% used [0x00000000d6600000,0x00000000d78816c8,0x00000000d7b00000)
}
Event: 2,439 GC heap before
{Heap before GC invocations=2 (full 0):
 PSYoungGen      total 17408K, used 17383K [0x00000000f5900000, 0x00000000f7b00000, 0x0000000100000000)
  eden space 15360K, 100% used [0x00000000f5900000,0x00000000f6800000,0x00000000f6800000)
  from space 2048K, 98% used [0x00000000f6800000,0x00000000f69f9f98,0x00000000f6a00000)
  to   space 2048K, 0% used [0x00000000f7900000,0x00000000f7900000,0x00000000f7b00000)
 ParOldGen       total 38400K, used 3809K [0x00000000e0c00000, 0x00000000e3180000, 0x00000000f5900000)
  object space 38400K, 9% used [0x00000000e0c00000,0x00000000e0fb85e8,0x00000000e3180000)
 PSPermGen       total 23552K, used 23438K [0x00000000d6600000, 0x00000000d7d00000, 0x00000000e0c00000)
  object space 23552K, 99% used [0x00000000d6600000,0x00000000d7ce3b50,0x00000000d7d00000)
Event: 2,465 GC heap after
Heap after GC invocations=2 (full 0):
 PSYoungGen      total 32768K, used 2037K [0x00000000f5900000, 0x00000000f7b00000, 0x0000000100000000)
  eden space 30720K, 0% used [0x00000000f5900000,0x00000000f5900000,0x00000000f7700000)
  from space 2048K, 99% used [0x00000000f7900000,0x00000000f7afd528,0x00000000f7b00000)
  to   space 2048K, 0% used [0x00000000f7700000,0x00000000f7700000,0x00000000f7900000)
 ParOldGen       total 38400K, used 5883K [0x00000000e0c00000, 0x00000000e3180000, 0x00000000f5900000)
  object space 38400K, 15% used [0x00000000e0c00000,0x00000000e11beed0,0x00000000e3180000)
 PSPermGen       total 23552K, used 23438K [0x00000000d6600000, 0x00000000d7d00000, 0x00000000e0c00000)
  object space 23552K, 99% used [0x00000000d6600000,0x00000000d7ce3b50,0x00000000d7d00000)
}

Deoptimization events (10 events):
Event: 3,652 Thread 0x00007f428c00a800 Uncommon trap: reason=class_check action=maybe_recompile pc=0x00007f42891935bc method=org.jruby.evaluator.ASTInterpreter.INTERPRET_BLOCK(Lorg/jruby/Ruby;Lorg/jruby/runtime/ThreadContext;Ljava/lang/String;ILorg/jruby/ast/Node;Ljava/lang/String;Lorg/jruby/r
Event: 3,715 Thread 0x00007f428c00a800 Uncommon trap: reason=unreached action=reinterpret pc=0x00007f428918c82c method=org.jruby.runtime.Helpers.restructureBlockArgs19(Lorg/jruby/runtime/builtin/IRubyObject;Lorg/jruby/runtime/Arity;Lorg/jruby/runtime/Block$Type;ZZ)[Lorg/jruby/runtime/builtin/I
Event: 3,716 Thread 0x00007f428c00a800 Uncommon trap: reason=unreached action=reinterpret pc=0x00007f42891703a4 method=org.jruby.runtime.Helpers.restructureBlockArgs19(Lorg/jruby/runtime/builtin/IRubyObject;Lorg/jruby/runtime/Arity;Lorg/jruby/runtime/Block$Type;ZZ)[Lorg/jruby/runtime/builtin/I
Event: 3,726 Thread 0x00007f428c00a800 Uncommon trap: reason=class_check action=maybe_recompile pc=0x00007f4289157138 method=org.jruby.RubyArray.compare(Lorg/jruby/runtime/ThreadContext;Lorg/jruby/runtime/invokedynamic/MethodNames;Lorg/jruby/runtime/builtin/IRubyObject;)Lorg/jruby/RubyBoolean;
Event: 3,800 Thread 0x00007f428c00a800 Uncommon trap: reason=class_check action=maybe_recompile pc=0x00007f4289157138 method=org.jruby.RubyArray.compare(Lorg/jruby/runtime/ThreadContext;Lorg/jruby/runtime/invokedynamic/MethodNames;Lorg/jruby/runtime/builtin/IRubyObject;)Lorg/jruby/RubyBoolean;
Event: 3,865 Thread 0x00007f428c00a800 Uncommon trap: reason=class_check action=maybe_recompile pc=0x00007f4289157138 method=org.jruby.RubyArray.compare(Lorg/jruby/runtime/ThreadContext;Lorg/jruby/runtime/invokedynamic/MethodNames;Lorg/jruby/runtime/builtin/IRubyObject;)Lorg/jruby/RubyBoolean;
Event: 3,883 Thread 0x00007f428c00a800 Uncommon trap: reason=class_check action=maybe_recompile pc=0x00007f4289199a2c method=org.jruby.runtime.Block.yield(Lorg/jruby/runtime/ThreadContext;Lorg/jruby/runtime/builtin/IRubyObject;)Lorg/jruby/runtime/builtin/IRubyObject; @ 14
Event: 3,883 Thread 0x00007f428c00a800 Uncommon trap: reason=class_check action=maybe_recompile pc=0x00007f4289199a2c method=org.jruby.runtime.Block.yield(Lorg/jruby/runtime/ThreadContext;Lorg/jruby/runtime/builtin/IRubyObject;)Lorg/jruby/runtime/builtin/IRubyObject; @ 14
Event: 3,883 Thread 0x00007f428c00a800 Uncommon trap: reason=class_check action=maybe_recompile pc=0x00007f4289199a2c method=org.jruby.runtime.Block.yield(Lorg/jruby/runtime/ThreadContext;Lorg/jruby/runtime/builtin/IRubyObject;)Lorg/jruby/runtime/builtin/IRubyObject; @ 14
Event: 3,883 Thread 0x00007f428c00a800 Uncommon trap: reason=class_check action=maybe_recompile pc=0x00007f4289199a2c method=org.jruby.runtime.Block.yield(Lorg/jruby/runtime/ThreadContext;Lorg/jruby/runtime/builtin/IRubyObject;)Lorg/jruby/runtime/builtin/IRubyObject; @ 14

Internal exceptions (10 events):
Event: 3,347 Thread 0x00007f428c42c000 Threw 0x00000000f65ebb08 at /build/buildd/openjdk-7-7u51-2.4.4/build/openjdk/hotspot/src/share/vm/prims/jvm.cpp:1244
Event: 3,347 Thread 0x00007f428c42c000 Threw 0x00000000f65ed438 at /build/buildd/openjdk-7-7u51-2.4.4/build/openjdk/hotspot/src/share/vm/prims/jvm.cpp:1244
Event: 3,394 Thread 0x00007f428c413000 Threw 0x00000000f6653448 at /build/buildd/openjdk-7-7u51-2.4.4/build/openjdk/hotspot/src/share/vm/prims/jvm.cpp:1244
Event: 3,394 Thread 0x00007f428c413000 Threw 0x00000000f6654dc8 at /build/buildd/openjdk-7-7u51-2.4.4/build/openjdk/hotspot/src/share/vm/prims/jvm.cpp:1244
Event: 3,398 Thread 0x00007f428c42c000 Threw 0x00000000f682ee58 at /build/buildd/openjdk-7-7u51-2.4.4/build/openjdk/hotspot/src/share/vm/prims/jvm.cpp:1244
Event: 3,398 Thread 0x00007f428c42c000 Threw 0x00000000f68307d0 at /build/buildd/openjdk-7-7u51-2.4.4/build/openjdk/hotspot/src/share/vm/prims/jvm.cpp:1244
Event: 3,401 Thread 0x00007f428c42c000 Threw 0x00000000f6858418 at /build/buildd/openjdk-7-7u51-2.4.4/build/openjdk/hotspot/src/share/vm/prims/jvm.cpp:1244
Event: 3,401 Thread 0x00007f428c42c000 Threw 0x00000000f6859e40 at /build/buildd/openjdk-7-7u51-2.4.4/build/openjdk/hotspot/src/share/vm/prims/jvm.cpp:1244
Event: 3,424 Thread 0x00007f428c413000 Threw 0x00000000f682c6a0 at /build/buildd/openjdk-7-7u51-2.4.4/build/openjdk/hotspot/src/share/vm/prims/jvm.cpp:1244
Event: 3,424 Thread 0x00007f428c413000 Threw 0x00000000f6955638 at /build/buildd/openjdk-7-7u51-2.4.4/build/openjdk/hotspot/src/share/vm/prims/jvm.cpp:1244

Events (10 events):
Event: 3,883 Thread 0x00007f428c00a800 DEOPT UNPACKING pc=0x00007f4289039045 sp=0x00007f42937d3428 mode 2
Event: 3,883 Thread 0x00007f428c00a800 Uncommon trap: trap_request=0xffffffde fr.pc=0x00007f4289199a2c
Event: 3,883 Thread 0x00007f428c00a800 DEOPT PACKING pc=0x00007f4289199a2c sp=0x00007f42937d33e0
Event: 3,883 Thread 0x00007f428c00a800 DEOPT UNPACKING pc=0x00007f4289039045 sp=0x00007f42937d3428 mode 2
Event: 3,883 Thread 0x00007f428c00a800 Uncommon trap: trap_request=0xffffffde fr.pc=0x00007f4289199a2c
Event: 3,883 Thread 0x00007f428c00a800 DEOPT PACKING pc=0x00007f4289199a2c sp=0x00007f42937d33e0
Event: 3,883 Thread 0x00007f428c00a800 DEOPT UNPACKING pc=0x00007f4289039045 sp=0x00007f42937d3428 mode 2
Event: 3,883 Thread 0x00007f428c00a800 Uncommon trap: trap_request=0xffffffde fr.pc=0x00007f4289199a2c
Event: 3,883 Thread 0x00007f428c00a800 DEOPT PACKING pc=0x00007f4289199a2c sp=0x00007f42937d33e0
Event: 3,883 Thread 0x00007f428c00a800 DEOPT UNPACKING pc=0x00007f4289039045 sp=0x00007f42937d3428 mode 2


Dynamic libraries:
00400000-00401000 r-xp 00000000 08:01 15861394                           /usr/lib/jvm/java-7-openjdk-amd64/jre/bin/java
00600000-00601000 r--p 00000000 08:01 15861394                           /usr/lib/jvm/java-7-openjdk-amd64/jre/bin/java
00601000-00602000 rw-p 00001000 08:01 15861394                           /usr/lib/jvm/java-7-openjdk-amd64/jre/bin/java
006c1000-006e2000 rw-p 00000000 00:00 0                                  [heap]
d6600000-d7f00000 rw-p 00000000 00:00 0 
d7f00000-e0c00000 rw-p 00000000 00:00 0 
e0c00000-e3180000 rw-p 00000000 00:00 0 
e3180000-f5900000 rw-p 00000000 00:00 0 
f5900000-f7b00000 rw-p 00000000 00:00 0 
f7b00000-100000000 rw-p 00000000 00:00 0 
7f423c000000-7f423c021000 rw-p 00000000 00:00 0 
7f423c021000-7f4240000000 ---p 00000000 00:00 0 
7f4240000000-7f4240021000 rw-p 00000000 00:00 0 
7f4240021000-7f4244000000 ---p 00000000 00:00 0 
7f4244000000-7f4244021000 rw-p 00000000 00:00 0 
7f4244021000-7f4248000000 ---p 00000000 00:00 0 
7f4248000000-7f4248021000 rw-p 00000000 00:00 0 
7f4248021000-7f424c000000 ---p 00000000 00:00 0 
7f424c000000-7f424c021000 rw-p 00000000 00:00 0 
7f424c021000-7f4250000000 ---p 00000000 00:00 0 
7f4250000000-7f4250027000 rw-p 00000000 00:00 0 
7f4250027000-7f4254000000 ---p 00000000 00:00 0 
7f4254000000-7f4254cd5000 rw-p 00000000 00:00 0 
7f4254cd5000-7f4258000000 ---p 00000000 00:00 0 
7f4258000000-7f4258021000 rw-p 00000000 00:00 0 
7f4258021000-7f425c000000 ---p 00000000 00:00 0 
7f425c000000-7f425c021000 rw-p 00000000 00:00 0 
7f425c021000-7f4260000000 ---p 00000000 00:00 0 
7f4260000000-7f4260c3e000 rw-p 00000000 00:00 0 
7f4260c3e000-7f4264000000 ---p 00000000 00:00 0 
7f4264000000-7f4264021000 rw-p 00000000 00:00 0 
7f4264021000-7f4268000000 ---p 00000000 00:00 0 
7f4268000000-7f4268021000 rw-p 00000000 00:00 0 
7f4268021000-7f426c000000 ---p 00000000 00:00 0 
7f426c000000-7f426c021000 rw-p 00000000 00:00 0 
7f426c021000-7f4270000000 ---p 00000000 00:00 0 
7f4270000000-7f4270021000 rw-p 00000000 00:00 0 
7f4270021000-7f4274000000 ---p 00000000 00:00 0 
7f4274000000-7f4274021000 rw-p 00000000 00:00 0 
7f4274021000-7f4278000000 ---p 00000000 00:00 0 
7f427c000000-7f427c021000 rw-p 00000000 00:00 0 
7f427c021000-7f4280000000 ---p 00000000 00:00 0 
7f4280b78000-7f4280b7b000 r-xp 00000000 08:01 14162126                   /home/alex/Documents/8vo_Semestre/Geometría Computacional/Lab/practica04/src/lib/librange_tree.so
7f4280b7b000-7f4280d7a000 ---p 00003000 08:01 14162126                   /home/alex/Documents/8vo_Semestre/Geometría Computacional/Lab/practica04/src/lib/librange_tree.so
7f4280d7a000-7f4280d7b000 r--p 00002000 08:01 14162126                   /home/alex/Documents/8vo_Semestre/Geometría Computacional/Lab/practica04/src/lib/librange_tree.so
7f4280d7b000-7f4280d7c000 rw-p 00003000 08:01 14162126                   /home/alex/Documents/8vo_Semestre/Geometría Computacional/Lab/practica04/src/lib/librange_tree.so
7f4280d7c000-7f4280d7f000 r-xp 00000000 08:01 14162104                   /home/alex/Documents/8vo_Semestre/Geometría Computacional/Lab/practica04/src/lib/librb_tree.so
7f4280d7f000-7f4280f7e000 ---p 00003000 08:01 14162104                   /home/alex/Documents/8vo_Semestre/Geometría Computacional/Lab/practica04/src/lib/librb_tree.so
7f4280f7e000-7f4280f7f000 r--p 00002000 08:01 14162104                   /home/alex/Documents/8vo_Semestre/Geometría Computacional/Lab/practica04/src/lib/librb_tree.so
7f4280f7f000-7f4280f80000 rw-p 00003000 08:01 14162104                   /home/alex/Documents/8vo_Semestre/Geometría Computacional/Lab/practica04/src/lib/librb_tree.so
7f4280f80000-7f4280f82000 r-xp 00000000 08:01 14162095                   /home/alex/Documents/8vo_Semestre/Geometría Computacional/Lab/practica04/src/lib/libdouble_linked_list.so
7f4280f82000-7f4281181000 ---p 00002000 08:01 14162095                   /home/alex/Documents/8vo_Semestre/Geometría Computacional/Lab/practica04/src/lib/libdouble_linked_list.so
7f4281181000-7f4281182000 r--p 00001000 08:01 14162095                   /home/alex/Documents/8vo_Semestre/Geometría Computacional/Lab/practica04/src/lib/libdouble_linked_list.so
7f4281182000-7f4281183000 rw-p 00002000 08:01 14162095                   /home/alex/Documents/8vo_Semestre/Geometría Computacional/Lab/practica04/src/lib/libdouble_linked_list.so
7f4281183000-7f4281184000 r-xp 00000000 08:01 14162103                   /home/alex/Documents/8vo_Semestre/Geometría Computacional/Lab/practica04/src/lib/lib2d_points.so
7f4281184000-7f4281384000 ---p 00001000 08:01 14162103                   /home/alex/Documents/8vo_Semestre/Geometría Computacional/Lab/practica04/src/lib/lib2d_points.so
7f4281384000-7f4281385000 r--p 00001000 08:01 14162103                   /home/alex/Documents/8vo_Semestre/Geometría Computacional/Lab/practica04/src/lib/lib2d_points.so
7f4281385000-7f4281386000 rw-p 00002000 08:01 14162103                   /home/alex/Documents/8vo_Semestre/Geometría Computacional/Lab/practica04/src/lib/lib2d_points.so
7f4281386000-7f4281389000 ---p 00000000 00:00 0 
7f4281389000-7f4281587000 rw-p 00000000 00:00 0 
7f4281587000-7f428158a000 ---p 00000000 00:00 0 
7f428158a000-7f4281788000 rw-p 00000000 00:00 0                          [stack:25432]
7f4281788000-7f428178b000 ---p 00000000 00:00 0 
7f428178b000-7f4281989000 rw-p 00000000 00:00 0                          [stack:25433]
7f4281989000-7f428198c000 ---p 00000000 00:00 0 
7f428198c000-7f4281b8a000 rw-p 00000000 00:00 0                          [stack:25346]
7f4281b8a000-7f4281b9c000 r-xp 00000000 08:01 12059135                   /home/alex/.rbenv/versions/jruby-1.7.10/lib/jni/x86_64-Linux/libjffi-1.2.so
7f4281b9c000-7f4281d9b000 ---p 00012000 08:01 12059135                   /home/alex/.rbenv/versions/jruby-1.7.10/lib/jni/x86_64-Linux/libjffi-1.2.so
7f4281d9b000-7f4281d9c000 rw-p 00011000 08:01 12059135                   /home/alex/.rbenv/versions/jruby-1.7.10/lib/jni/x86_64-Linux/libjffi-1.2.so
7f4281d9c000-7f4281dac000 r-xp 00000000 08:01 15861288                   /usr/lib/jvm/java-7-openjdk-amd64/jre/lib/amd64/libnio.so
7f4281dac000-7f4281fac000 ---p 00010000 08:01 15861288                   /usr/lib/jvm/java-7-openjdk-amd64/jre/lib/amd64/libnio.so
7f4281fac000-7f4281fad000 r--p 00010000 08:01 15861288                   /usr/lib/jvm/java-7-openjdk-amd64/jre/lib/amd64/libnio.so
7f4281fad000-7f4281fae000 rw-p 00011000 08:01 15861288                   /usr/lib/jvm/java-7-openjdk-amd64/jre/lib/amd64/libnio.so
7f4281fae000-7f4281feb000 r-xp 00000000 08:01 8130434                    /lib/x86_64-linux-gnu/libpcre.so.3.13.1
7f4281feb000-7f42821eb000 ---p 0003d000 08:01 8130434                    /lib/x86_64-linux-gnu/libpcre.so.3.13.1
7f42821eb000-7f42821ec000 r--p 0003d000 08:01 8130434                    /lib/x86_64-linux-gnu/libpcre.so.3.13.1
7f42821ec000-7f42821ed000 rw-p 0003e000 08:01 8130434                    /lib/x86_64-linux-gnu/libpcre.so.3.13.1
7f42821ed000-7f42821f4000 r-xp 00000000 08:01 15735894                   /usr/lib/x86_64-linux-gnu/libffi.so.6.0.1
7f42821f4000-7f42823f3000 ---p 00007000 08:01 15735894                   /usr/lib/x86_64-linux-gnu/libffi.so.6.0.1
7f42823f3000-7f42823f4000 r--p 00006000 08:01 15735894                   /usr/lib/x86_64-linux-gnu/libffi.so.6.0.1
7f42823f4000-7f42823f5000 rw-p 00007000 08:01 15735894                   /usr/lib/x86_64-linux-gnu/libffi.so.6.0.1
7f42823f5000-7f428240b000 r-xp 00000000 08:01 8130457                    /lib/x86_64-linux-gnu/libresolv-2.17.so
7f428240b000-7f428260b000 ---p 00016000 08:01 8130457                    /lib/x86_64-linux-gnu/libresolv-2.17.so
7f428260b000-7f428260c000 r--p 00016000 08:01 8130457                    /lib/x86_64-linux-gnu/libresolv-2.17.so
7f428260c000-7f428260d000 rw-p 00017000 08:01 8130457                    /lib/x86_64-linux-gnu/libresolv-2.17.so
7f428260d000-7f428260f000 rw-p 00000000 00:00 0 
7f428260f000-7f428262e000 r-xp 00000000 08:01 8130461                    /lib/x86_64-linux-gnu/libselinux.so.1
7f428262e000-7f428282e000 ---p 0001f000 08:01 8130461                    /lib/x86_64-linux-gnu/libselinux.so.1
7f428282e000-7f428282f000 r--p 0001f000 08:01 8130461                    /lib/x86_64-linux-gnu/libselinux.so.1
7f428282f000-7f4282830000 rw-p 00020000 08:01 8130461                    /lib/x86_64-linux-gnu/libselinux.so.1
7f4282830000-7f4282831000 rw-p 00000000 00:00 0 
7f4282831000-7f4282834000 r-xp 00000000 08:01 15729078                   /usr/lib/x86_64-linux-gnu/libgmodule-2.0.so.0.3800.1
7f4282834000-7f4282a33000 ---p 00003000 08:01 15729078                   /usr/lib/x86_64-linux-gnu/libgmodule-2.0.so.0.3800.1
7f4282a33000-7f4282a34000 r--p 00002000 08:01 15729078                   /usr/lib/x86_64-linux-gnu/libgmodule-2.0.so.0.3800.1
7f4282a34000-7f4282a35000 rw-p 00003000 08:01 15729078                   /usr/lib/x86_64-linux-gnu/libgmodule-2.0.so.0.3800.1
7f4282a35000-7f4282b33000 r-xp 00000000 08:01 8130449                    /lib/x86_64-linux-gnu/libglib-2.0.so.0.3800.1
7f4282b33000-7f4282d33000 ---p 000fe000 08:01 8130449                    /lib/x86_64-linux-gnu/libglib-2.0.so.0.3800.1
7f4282d33000-7f4282d34000 r--p 000fe000 08:01 8130449                    /lib/x86_64-linux-gnu/libglib-2.0.so.0.3800.1
7f4282d34000-7f4282d35000 rw-p 000ff000 08:01 8130449                    /lib/x86_64-linux-gnu/libglib-2.0.so.0.3800.1
7f4282d35000-7f4282d36000 rw-p 00000000 00:00 0 
7f4282d36000-7f4282d85000 r-xp 00000000 08:01 15729069                   /usr/lib/x86_64-linux-gnu/libgobject-2.0.so.0.3800.1
7f4282d85000-7f4282f85000 ---p 0004f000 08:01 15729069                   /usr/lib/x86_64-linux-gnu/libgobject-2.0.so.0.3800.1
7f4282f85000-7f4282f86000 r--p 0004f000 08:01 15729069                   /usr/lib/x86_64-linux-gnu/libgobject-2.0.so.0.3800.1
7f4282f86000-7f4282f87000 rw-p 00050000 08:01 15729069                   /usr/lib/x86_64-linux-gnu/libgobject-2.0.so.0.3800.1
7f4282f87000-7f42830e3000 r-xp 00000000 08:01 15729043                   /usr/lib/x86_64-linux-gnu/libgio-2.0.so.0.3800.1
7f42830e3000-7f42832e2000 ---p 0015c000 08:01 15729043                   /usr/lib/x86_64-linux-gnu/libgio-2.0.so.0.3800.1
7f42832e2000-7f42832e6000 r--p 0015b000 08:01 15729043                   /usr/lib/x86_64-linux-gnu/libgio-2.0.so.0.3800.1
7f42832e6000-7f42832e8000 rw-p 0015f000 08:01 15729043                   /usr/lib/x86_64-linux-gnu/libgio-2.0.so.0.3800.1
7f42832e8000-7f42832ea000 rw-p 00000000 00:00 0 
7f42832ea000-7f4283300000 r-xp 00000000 08:01 15861076                   /usr/lib/jvm/java-7-openjdk-amd64/jre/lib/amd64/libnet.so
7f4283300000-7f42834ff000 ---p 00016000 08:01 15861076                   /usr/lib/jvm/java-7-openjdk-amd64/jre/lib/amd64/libnet.so
7f42834ff000-7f4283500000 r--p 00015000 08:01 15861076                   /usr/lib/jvm/java-7-openjdk-amd64/jre/lib/amd64/libnet.so
7f4283500000-7f4283501000 rw-p 00016000 08:01 15861076                   /usr/lib/jvm/java-7-openjdk-amd64/jre/lib/amd64/libnet.so
7f4283501000-7f4283502000 ---p 00000000 00:00 0 
7f4283502000-7f4283602000 rw-p 00000000 00:00 0                          [stack:25345]
7f4283602000-7f4283605000 ---p 00000000 00:00 0 
7f4283605000-7f4283803000 rw-p 00000000 00:00 0                          [stack:25344]
7f4283803000-7f4283806000 ---p 00000000 00:00 0 
7f4283806000-7f4283904000 rw-p 00000000 00:00 0                          [stack:25343]
7f4283904000-7f4283907000 ---p 00000000 00:00 0 
7f4283907000-7f4283a05000 rw-p 00000000 00:00 0                          [stack:25342]
7f4283a05000-7f4283a08000 ---p 00000000 00:00 0 
7f4283a08000-7f4283c06000 rw-p 00000000 00:00 0                          [stack:25341]
7f4283c06000-7f4284000000 r--p 00000000 08:01 15734328                   /usr/lib/locale/locale-archive
7f4284000000-7f4284021000 rw-p 00000000 00:00 0 
7f4284021000-7f4288000000 ---p 00000000 00:00 0 
7f42880ba000-7f42880bd000 ---p 00000000 00:00 0 
7f42880bd000-7f42880f3000 rw-p 00000000 00:00 0                          [stack:25349]
7f42880f3000-7f42880f6000 ---p 00000000 00:00 0 
7f42880f6000-7f42882f4000 rw-p 00000000 00:00 0                          [stack:25340]
7f42882f4000-7f42882f7000 ---p 00000000 00:00 0 
7f42882f7000-7f42884f5000 rw-p 00000000 00:00 0                          [stack:25339]
7f42884f5000-7f42884f6000 ---p 00000000 00:00 0 
7f42884f6000-7f4289000000 rw-p 00000000 00:00 0                          [stack:25338]
7f4289000000-7f4289270000 rwxp 00000000 00:00 0 
7f4289270000-7f428c4de000 rw-p 00000000 00:00 0 
7f428c4de000-7f4290000000 ---p 00000000 00:00 0 
7f4290034000-7f4290036000 rw-p 00000000 00:00 0 
7f4290036000-7f4290037000 r-xp 00000000 00:00 0 
7f4290037000-7f429003e000 r--s 00000000 08:01 16127910                   /usr/lib/x86_64-linux-gnu/gconv/gconv-modules.cache
7f429003e000-7f4290040000 r--s 00012000 08:01 15861308                   /usr/lib/jvm/java-7-openjdk-amd64/jre/lib/ext/zipfs.jar
7f4290040000-7f4290043000 r--s 00032000 08:01 15861310                   /usr/lib/jvm/java-7-openjdk-amd64/jre/lib/ext/sunjce_provider.jar
7f4290043000-7f4290047000 r--s 00085000 08:01 15861304                   /usr/lib/jvm/java-7-openjdk-amd64/jre/lib/ext/localedata.jar
7f4290047000-7f4290049000 r--s 00006000 08:01 16256853                   /usr/share/java/java-atk-wrapper.jar
7f4290049000-7f429004c000 r--s 0000f000 08:01 15861306                   /usr/lib/jvm/java-7-openjdk-amd64/jre/lib/ext/pulse-java.jar
7f429004c000-7f4290051000 r--s 0004c000 08:01 15861296                   /usr/lib/jvm/java-7-openjdk-amd64/jre/lib/jsse.jar
7f4290051000-7f4290603000 rw-p 00000000 00:00 0 
7f4290603000-7f42906ec000 r--s 00bb9000 08:01 12059138                   /home/alex/.rbenv/versions/jruby-1.7.10/lib/jruby.jar
7f42906ec000-7f4290734000 rw-p 00000000 00:00 0 
7f4290734000-7f42908e2000 r--s 01cf4000 08:01 15861374                   /usr/lib/jvm/java-7-openjdk-amd64/jre/lib/rt.jar
7f42908e2000-7f4291ff8000 rw-p 00000000 00:00 0 
7f4291ff8000-7f4291ff9000 ---p 00000000 00:00 0 
7f4291ff9000-7f42920f9000 rw-p 00000000 00:00 0                          [stack:25337]
7f42920f9000-7f42920fa000 ---p 00000000 00:00 0 
7f42920fa000-7f42921fa000 rw-p 00000000 00:00 0                          [stack:25336]
7f42921fa000-7f42921fb000 ---p 00000000 00:00 0 
7f42921fb000-7f42922fb000 rw-p 00000000 00:00 0                          [stack:25335]
7f42922fb000-7f42922fc000 ---p 00000000 00:00 0 
7f42922fc000-7f4292409000 rw-p 00000000 00:00 0                          [stack:25334]
7f4292409000-7f429244f000 rw-p 00000000 00:00 0 
7f429244f000-7f4292462000 rw-p 00000000 00:00 0 
7f4292462000-7f42924f5000 rw-p 00000000 00:00 0 
7f42924f5000-7f4292507000 rw-p 00000000 00:00 0 
7f4292507000-7f4292549000 rw-p 00000000 00:00 0 
7f4292549000-7f429254a000 rw-p 00000000 00:00 0 
7f429254a000-7f4292552000 r-xp 00000000 08:01 15861025                   /usr/lib/jvm/java-7-openjdk-amd64/jre/lib/amd64/libzip.so
7f4292552000-7f4292751000 ---p 00008000 08:01 15861025                   /usr/lib/jvm/java-7-openjdk-amd64/jre/lib/amd64/libzip.so
7f4292751000-7f4292752000 r--p 00007000 08:01 15861025                   /usr/lib/jvm/java-7-openjdk-amd64/jre/lib/amd64/libzip.so
7f4292752000-7f4292753000 rw-p 00008000 08:01 15861025                   /usr/lib/jvm/java-7-openjdk-amd64/jre/lib/amd64/libzip.so
7f4292753000-7f429275f000 r-xp 00000000 08:01 8130412                    /lib/x86_64-linux-gnu/libnss_files-2.17.so
7f429275f000-7f429295e000 ---p 0000c000 08:01 8130412                    /lib/x86_64-linux-gnu/libnss_files-2.17.so
7f429295e000-7f429295f000 r--p 0000b000 08:01 8130412                    /lib/x86_64-linux-gnu/libnss_files-2.17.so
7f429295f000-7f4292960000 rw-p 0000c000 08:01 8130412                    /lib/x86_64-linux-gnu/libnss_files-2.17.so
7f4292960000-7f429296b000 r-xp 00000000 08:01 8130416                    /lib/x86_64-linux-gnu/libnss_nis-2.17.so
7f429296b000-7f4292b6a000 ---p 0000b000 08:01 8130416                    /lib/x86_64-linux-gnu/libnss_nis-2.17.so
7f4292b6a000-7f4292b6b000 r--p 0000a000 08:01 8130416                    /lib/x86_64-linux-gnu/libnss_nis-2.17.so
7f4292b6b000-7f4292b6c000 rw-p 0000b000 08:01 8130416                    /lib/x86_64-linux-gnu/libnss_nis-2.17.so
7f4292b6c000-7f4292b83000 r-xp 00000000 08:01 8130406                    /lib/x86_64-linux-gnu/libnsl-2.17.so
7f4292b83000-7f4292d82000 ---p 00017000 08:01 8130406                    /lib/x86_64-linux-gnu/libnsl-2.17.so
7f4292d82000-7f4292d83000 r--p 00016000 08:01 8130406                    /lib/x86_64-linux-gnu/libnsl-2.17.so
7f4292d83000-7f4292d84000 rw-p 00017000 08:01 8130406                    /lib/x86_64-linux-gnu/libnsl-2.17.so
7f4292d84000-7f4292d86000 rw-p 00000000 00:00 0 
7f4292d86000-7f4292d8e000 r-xp 00000000 08:01 8130408                    /lib/x86_64-linux-gnu/libnss_compat-2.17.so
7f4292d8e000-7f4292f8d000 ---p 00008000 08:01 8130408                    /lib/x86_64-linux-gnu/libnss_compat-2.17.so
7f4292f8d000-7f4292f8e000 r--p 00007000 08:01 8130408                    /lib/x86_64-linux-gnu/libnss_compat-2.17.so
7f4292f8e000-7f4292f8f000 rw-p 00008000 08:01 8130408                    /lib/x86_64-linux-gnu/libnss_compat-2.17.so
7f4292f8f000-7f4292fba000 r-xp 00000000 08:01 15860951                   /usr/lib/jvm/java-7-openjdk-amd64/jre/lib/amd64/libjava.so
7f4292fba000-7f42931b9000 ---p 0002b000 08:01 15860951                   /usr/lib/jvm/java-7-openjdk-amd64/jre/lib/amd64/libjava.so
7f42931b9000-7f42931ba000 r--p 0002a000 08:01 15860951                   /usr/lib/jvm/java-7-openjdk-amd64/jre/lib/amd64/libjava.so
7f42931ba000-7f42931bc000 rw-p 0002b000 08:01 15860951                   /usr/lib/jvm/java-7-openjdk-amd64/jre/lib/amd64/libjava.so
7f42931bc000-7f42931cc000 r-xp 00000000 08:01 15861265                   /usr/lib/jvm/java-7-openjdk-amd64/jre/lib/amd64/libverify.so
7f42931cc000-7f42933cb000 ---p 00010000 08:01 15861265                   /usr/lib/jvm/java-7-openjdk-amd64/jre/lib/amd64/libverify.so
7f42933cb000-7f42933cd000 r--p 0000f000 08:01 15861265                   /usr/lib/jvm/java-7-openjdk-amd64/jre/lib/amd64/libverify.so
7f42933cd000-7f42933ce000 rw-p 00011000 08:01 15861265                   /usr/lib/jvm/java-7-openjdk-amd64/jre/lib/amd64/libverify.so
7f42933ce000-7f42933d5000 r-xp 00000000 08:01 8130459                    /lib/x86_64-linux-gnu/librt-2.17.so
7f42933d5000-7f42935d4000 ---p 00007000 08:01 8130459                    /lib/x86_64-linux-gnu/librt-2.17.so
7f42935d4000-7f42935d5000 r--p 00006000 08:01 8130459                    /lib/x86_64-linux-gnu/librt-2.17.so
7f42935d5000-7f42935d6000 rw-p 00007000 08:01 8130459                    /lib/x86_64-linux-gnu/librt-2.17.so
7f42935d6000-7f42935d9000 ---p 00000000 00:00 0 
7f42935d9000-7f42937d7000 rw-p 00000000 00:00 0                          [stack:25333]
7f42937d7000-7f42937ec000 r-xp 00000000 08:01 8126477                    /lib/x86_64-linux-gnu/libgcc_s.so.1
7f42937ec000-7f42939eb000 ---p 00015000 08:01 8126477                    /lib/x86_64-linux-gnu/libgcc_s.so.1
7f42939eb000-7f42939ec000 r--p 00014000 08:01 8126477                    /lib/x86_64-linux-gnu/libgcc_s.so.1
7f42939ec000-7f42939ed000 rw-p 00015000 08:01 8126477                    /lib/x86_64-linux-gnu/libgcc_s.so.1
7f42939ed000-7f4293af0000 r-xp 00000000 08:01 8130387                    /lib/x86_64-linux-gnu/libm-2.17.so
7f4293af0000-7f4293cef000 ---p 00103000 08:01 8130387                    /lib/x86_64-linux-gnu/libm-2.17.so
7f4293cef000-7f4293cf0000 r--p 00102000 08:01 8130387                    /lib/x86_64-linux-gnu/libm-2.17.so
7f4293cf0000-7f4293cf1000 rw-p 00103000 08:01 8130387                    /lib/x86_64-linux-gnu/libm-2.17.so
7f4293cf1000-7f4293dd7000 r-xp 00000000 08:01 15729831                   /usr/lib/x86_64-linux-gnu/libstdc++.so.6.0.18
7f4293dd7000-7f4293fd6000 ---p 000e6000 08:01 15729831                   /usr/lib/x86_64-linux-gnu/libstdc++.so.6.0.18
7f4293fd6000-7f4293fde000 r--p 000e5000 08:01 15729831                   /usr/lib/x86_64-linux-gnu/libstdc++.so.6.0.18
7f4293fde000-7f4293fe0000 rw-p 000ed000 08:01 15729831                   /usr/lib/x86_64-linux-gnu/libstdc++.so.6.0.18
7f4293fe0000-7f4293ff5000 rw-p 00000000 00:00 0 
7f4293ff5000-7f4294ad4000 r-xp 00000000 08:01 15861284                   /usr/lib/jvm/java-7-openjdk-amd64/jre/lib/amd64/server/libjvm.so
7f4294ad4000-7f4294cd3000 ---p 00adf000 08:01 15861284                   /usr/lib/jvm/java-7-openjdk-amd64/jre/lib/amd64/server/libjvm.so
7f4294cd3000-7f4294d65000 r--p 00ade000 08:01 15861284                   /usr/lib/jvm/java-7-openjdk-amd64/jre/lib/amd64/server/libjvm.so
7f4294d65000-7f4294d88000 rw-p 00b70000 08:01 15861284                   /usr/lib/jvm/java-7-openjdk-amd64/jre/lib/amd64/server/libjvm.so
7f4294d88000-7f4294db5000 rw-p 00000000 00:00 0 
7f4294db5000-7f4294dcd000 r-xp 00000000 08:01 8130494                    /lib/x86_64-linux-gnu/libz.so.1.2.8
7f4294dcd000-7f4294fcc000 ---p 00018000 08:01 8130494                    /lib/x86_64-linux-gnu/libz.so.1.2.8
7f4294fcc000-7f4294fcd000 r--p 00017000 08:01 8130494                    /lib/x86_64-linux-gnu/libz.so.1.2.8
7f4294fcd000-7f4294fce000 rw-p 00018000 08:01 8130494                    /lib/x86_64-linux-gnu/libz.so.1.2.8
7f4294fce000-7f4294fe5000 r-xp 00000000 08:01 8130451                    /lib/x86_64-linux-gnu/libpthread-2.17.so
7f4294fe5000-7f42951e5000 ---p 00017000 08:01 8130451                    /lib/x86_64-linux-gnu/libpthread-2.17.so
7f42951e5000-7f42951e6000 r--p 00017000 08:01 8130451                    /lib/x86_64-linux-gnu/libpthread-2.17.so
7f42951e6000-7f42951e7000 rw-p 00018000 08:01 8130451                    /lib/x86_64-linux-gnu/libpthread-2.17.so
7f42951e7000-7f42951eb000 rw-p 00000000 00:00 0 
7f42951eb000-7f42951ee000 r-xp 00000000 08:01 8130351                    /lib/x86_64-linux-gnu/libdl-2.17.so
7f42951ee000-7f42953ed000 ---p 00003000 08:01 8130351                    /lib/x86_64-linux-gnu/libdl-2.17.so
7f42953ed000-7f42953ee000 r--p 00002000 08:01 8130351                    /lib/x86_64-linux-gnu/libdl-2.17.so
7f42953ee000-7f42953ef000 rw-p 00003000 08:01 8130351                    /lib/x86_64-linux-gnu/libdl-2.17.so
7f42953ef000-7f42955ac000 r-xp 00000000 08:01 8130336                    /lib/x86_64-linux-gnu/libc-2.17.so
7f42955ac000-7f42957ac000 ---p 001bd000 08:01 8130336                    /lib/x86_64-linux-gnu/libc-2.17.so
7f42957ac000-7f42957b0000 r--p 001bd000 08:01 8130336                    /lib/x86_64-linux-gnu/libc-2.17.so
7f42957b0000-7f42957b2000 rw-p 001c1000 08:01 8130336                    /lib/x86_64-linux-gnu/libc-2.17.so
7f42957b2000-7f42957b7000 rw-p 00000000 00:00 0 
7f42957b7000-7f42957c4000 r-xp 00000000 08:01 15861291                   /usr/lib/jvm/java-7-openjdk-amd64/jre/lib/amd64/jli/libjli.so
7f42957c4000-7f42959c3000 ---p 0000d000 08:01 15861291                   /usr/lib/jvm/java-7-openjdk-amd64/jre/lib/amd64/jli/libjli.so
7f42959c3000-7f42959c4000 r--p 0000c000 08:01 15861291                   /usr/lib/jvm/java-7-openjdk-amd64/jre/lib/amd64/jli/libjli.so
7f42959c4000-7f42959c5000 rw-p 0000d000 08:01 15861291                   /usr/lib/jvm/java-7-openjdk-amd64/jre/lib/amd64/jli/libjli.so
7f42959c5000-7f42959e8000 r-xp 00000000 08:01 8130312                    /lib/x86_64-linux-gnu/ld-2.17.so
7f42959e8000-7f42959ec000 r--s 0003b000 08:01 15861316                   /usr/lib/jvm/java-7-openjdk-amd64/jre/lib/ext/sunpkcs11.jar
7f42959ec000-7f4295a1a000 rw-p 00000000 00:00 0 
7f4295a1a000-7f4295a60000 rw-p 00000000 00:00 0 
7f4295a60000-7f4295a73000 rw-p 00000000 00:00 0 
7f4295a73000-7f4295b07000 rw-p 00000000 00:00 0 
7f4295b07000-7f4295b11000 rw-p 00000000 00:00 0 
7f4295b11000-7f4295bc7000 rw-p 00000000 00:00 0 
7f4295bc7000-7f4295bcc000 rw-p 00000000 00:00 0 
7f4295bcc000-7f4295bcd000 r--s 00002000 08:01 15861314                   /usr/lib/jvm/java-7-openjdk-amd64/jre/lib/ext/dnsns.jar
7f4295bcd000-7f4295bdb000 rw-p 00000000 00:00 0 
7f4295bdb000-7f4295be3000 rw-s 00000000 08:01 6029327                    /tmp/hsperfdata_alex/25308
7f4295be3000-7f4295be4000 rw-p 00000000 00:00 0 
7f4295be4000-7f4295be5000 r--p 00000000 00:00 0 
7f4295be5000-7f4295be7000 rw-p 00000000 00:00 0 
7f4295be7000-7f4295be8000 r--p 00022000 08:01 8130312                    /lib/x86_64-linux-gnu/ld-2.17.so
7f4295be8000-7f4295bea000 rw-p 00023000 08:01 8130312                    /lib/x86_64-linux-gnu/ld-2.17.so
7fff8b847000-7fff8b868000 rw-p 00000000 00:00 0                          [stack]
7fff8b8cc000-7fff8b8ce000 r-xp 00000000 00:00 0                          [vdso]
ffffffffff600000-ffffffffff601000 r-xp 00000000 00:00 0                  [vsyscall]

VM Arguments:
jvm_args: -Djdk.home= -Djruby.home=/home/alex/.rbenv/versions/jruby-1.7.10 -Djruby.script=jruby -Djruby.shell=/bin/sh -Djffi.boot.library.path=/home/alex/.rbenv/versions/jruby-1.7.10/lib/jni:/home/alex/.rbenv/versions/jruby-1.7.10/lib/jni/i386-Linux:/home/alex/.rbenv/versions/jruby-1.7.10/lib/jni/arm-Linux:/home/alex/.rbenv/versions/jruby-1.7.10/lib/jni/x86_64-Linux -Xmx500m -Xss2048k -Xbootclasspath/a:/home/alex/.rbenv/versions/jruby-1.7.10/lib/jruby.jar 
java_command: org/jruby/Main Makefile.rb clean compile test clean
Launcher Type: SUN_STANDARD

Environment Variables:
PATH=/home/alex/.rbenv/versions/jruby-1.7.10/bin:/home/alex/.rbenv/libexec:/home/alex/.rbenv/plugins/ruby-build/bin:/home/alex/.rbenv/shims:~/.rbenv/bin:~/.rbenv/bin:/usr/local/sbin:/usr/local/bin:/usr/sbin:/usr/bin:/sbin:/bin:/usr/games:/usr/local/games
USERNAME=alex
SHELL=/bin/bash
DISPLAY=:0

Signal Handlers:
SIGSEGV: [libjvm.so+0x916ea0], sa_mask[0]=0x7ffbfeff, sa_flags=0x10000004
SIGBUS: [libjvm.so+0x916ea0], sa_mask[0]=0x7ffbfeff, sa_flags=0x10000004
SIGFPE: [libjvm.so+0x794800], sa_mask[0]=0x7ffbfeff, sa_flags=0x10000004
SIGPIPE: [libjvm.so+0x794800], sa_mask[0]=0x7ffbfeff, sa_flags=0x10000004
SIGXFSZ: [libjvm.so+0x794800], sa_mask[0]=0x7ffbfeff, sa_flags=0x10000004
SIGILL: [libjvm.so+0x794800], sa_mask[0]=0x7ffbfeff, sa_flags=0x10000004
SIGUSR1: SIG_DFL, sa_mask[0]=0x00000000, sa_flags=0x00000000
SIGUSR2: [libjvm.so+0x7946a0], sa_mask[0]=0x00000000, sa_flags=0x10000004
SIGHUP: [libjvm.so+0x794880], sa_mask[0]=0x7ffbfeff, sa_flags=0x10000004
SIGINT: [libjvm.so+0x794880], sa_mask[0]=0x7ffbfeff, sa_flags=0x10000004
SIGTERM: [libjvm.so+0x794880], sa_mask[0]=0x7ffbfeff, sa_flags=0x10000004
SIGQUIT: [libjvm.so+0x794880], sa_mask[0]=0x7ffbfeff, sa_flags=0x10000004


---------------  S Y S T E M  ---------------

OS:LinuxMint 16 (petra)
uname:Linux 3.11.0-12-generic #19-Ubuntu SMP Wed Oct 9 16:20:46 UTC 2013 x86_64
libc:glibc 2.17 NPTL 2.17 
rlimit: STACK 8192k, CORE 0k, NPROC 28798, NOFILE 4096, AS infinity
load average:1,11 0,69 0,39

/proc/meminfo:
MemTotal:        3715476 kB
MemFree:         1451152 kB
Buffers:          194584 kB
Cached:          1083092 kB
SwapCached:            0 kB
Active:          1305104 kB
Inactive:         756128 kB
Active(anon):     785228 kB
Inactive(anon):   176208 kB
Active(file):     519876 kB
Inactive(file):   579920 kB
Unevictable:          52 kB
Mlocked:              52 kB
SwapTotal:       3856380 kB
SwapFree:        3856380 kB
Dirty:               772 kB
Writeback:             0 kB
AnonPages:        783628 kB
Mapped:           181740 kB
Shmem:            177884 kB
Slab:             128660 kB
SReclaimable:     101908 kB
SUnreclaim:        26752 kB
KernelStack:        3448 kB
PageTables:        24668 kB
NFS_Unstable:          0 kB
Bounce:                0 kB
WritebackTmp:          0 kB
CommitLimit:     5714116 kB
Committed_AS:    3132816 kB
VmallocTotal:   34359738367 kB
VmallocUsed:      414316 kB
VmallocChunk:   34359319548 kB
HardwareCorrupted:     0 kB
AnonHugePages:         0 kB
HugePages_Total:       0
HugePages_Free:        0
HugePages_Rsvd:        0
HugePages_Surp:        0
Hugepagesize:       2048 kB
DirectMap4k:       58576 kB
DirectMap2M:     3799040 kB


CPU:total 4 (2 cores per cpu, 2 threads per core) family 6 model 37 stepping 5, cmov, cx8, fxsr, mmx, sse, sse2, sse3, ssse3, sse4.1, sse4.2, popcnt, ht, tsc, tscinvbit

/proc/cpuinfo:
processor	: 0
vendor_id	: GenuineIntel
cpu family	: 6
model		: 37
model name	: Intel(R) Core(TM) i3 CPU       M 380  @ 2.53GHz
stepping	: 5
microcode	: 0x2
cpu MHz		: 2533.000
cache size	: 3072 KB
physical id	: 0
siblings	: 4
core id		: 0
cpu cores	: 2
apicid		: 0
initial apicid	: 0
fpu		: yes
fpu_exception	: yes
cpuid level	: 11
wp		: yes
flags		: fpu vme de pse tsc msr pae mce cx8 apic sep mtrr pge mca cmov pat pse36 clflush dts acpi mmx fxsr sse sse2 ss ht tm pbe syscall nx rdtscp lm constant_tsc arch_perfmon pebs bts rep_good nopl xtopology nonstop_tsc aperfmperf pni dtes64 monitor ds_cpl vmx est tm2 ssse3 cx16 xtpr pdcm pcid sse4_1 sse4_2 popcnt lahf_lm arat dtherm tpr_shadow vnmi flexpriority ept vpid
bogomips	: 5053.98
clflush size	: 64
cache_alignment	: 64
address sizes	: 36 bits physical, 48 bits virtual
power management:

processor	: 1
vendor_id	: GenuineIntel
cpu family	: 6
model		: 37
model name	: Intel(R) Core(TM) i3 CPU       M 380  @ 2.53GHz
stepping	: 5
microcode	: 0x2
cpu MHz		: 2533.000
cache size	: 3072 KB
physical id	: 0
siblings	: 4
core id		: 0
cpu cores	: 2
apicid		: 1
initial apicid	: 1
fpu		: yes
fpu_exception	: yes
cpuid level	: 11
wp		: yes
flags		: fpu vme de pse tsc msr pae mce cx8 apic sep mtrr pge mca cmov pat pse36 clflush dts acpi mmx fxsr sse sse2 ss ht tm pbe syscall nx rdtscp lm constant_tsc arch_perfmon pebs bts rep_good nopl xtopology nonstop_tsc aperfmperf pni dtes64 monitor ds_cpl vmx est tm2 ssse3 cx16 xtpr pdcm pcid sse4_1 sse4_2 popcnt lahf_lm arat dtherm tpr_shadow vnmi flexpriority ept vpid
bogomips	: 5053.98
clflush size	: 64
cache_alignment	: 64
address sizes	: 36 bits physical, 48 bits virtual
power management:

processor	: 2
vendor_id	: GenuineIntel
cpu family	: 6
model		: 37
model name	: Intel(R) Core(TM) i3 CPU       M 380  @ 2.53GHz
stepping	: 5
microcode	: 0x2
cpu MHz		: 933.000
cache size	: 3072 KB
physical id	: 0
siblings	: 4
core id		: 2
cpu cores	: 2
apicid		: 4
initial apicid	: 4
fpu		: yes
fpu_exception	: yes
cpuid level	: 11
wp		: yes
flags		: fpu vme de pse tsc msr pae mce cx8 apic sep mtrr pge mca cmov pat pse36 clflush dts acpi mmx fxsr sse sse2 ss ht tm pbe syscall nx rdtscp lm constant_tsc arch_perfmon pebs bts rep_good nopl xtopology nonstop_tsc aperfmperf pni dtes64 monitor ds_cpl vmx est tm2 ssse3 cx16 xtpr pdcm pcid sse4_1 sse4_2 popcnt lahf_lm arat dtherm tpr_shadow vnmi flexpriority ept vpid
bogomips	: 5053.98
clflush size	: 64
cache_alignment	: 64
address sizes	: 36 bits physical, 48 bits virtual
power management:

processor	: 3
vendor_id	: GenuineIntel
cpu family	: 6
model		: 37
model name	: Intel(R) Core(TM) i3 CPU       M 380  @ 2.53GHz
stepping	: 5
microcode	: 0x2
cpu MHz		: 2533.000
cache size	: 3072 KB
physical id	: 0
siblings	: 4
core id		: 2
cpu cores	: 2
apicid		: 5
initial apicid	: 5
fpu		: yes
fpu_exception	: yes
cpuid level	: 11
wp		: yes
flags		: fpu vme de pse tsc msr pae mce cx8 apic sep mtrr pge mca cmov pat pse36 clflush dts acpi mmx fxsr sse sse2 ss ht tm pbe syscall nx rdtscp lm constant_tsc arch_perfmon pebs bts rep_good nopl xtopology nonstop_tsc aperfmperf pni dtes64 monitor ds_cpl vmx est tm2 ssse3 cx16 xtpr pdcm pcid sse4_1 sse4_2 popcnt lahf_lm arat dtherm tpr_shadow vnmi flexpriority ept vpid
bogomips	: 5053.98
clflush size	: 64
cache_alignment	: 64
address sizes	: 36 bits physical, 48 bits virtual
power management:



Memory: 4k page, physical 3715476k(1451152k free), swap 3856380k(3856380k free)

vm_info: OpenJDK 64-Bit Server VM (24.45-b08) for linux-amd64 JRE (1.7.0_51-b00), built on Jan 15 2014 22:02:57 by "buildd" with gcc 4.8.1

time: Fri May 30 20:43:21 2014
elapsed time: 3 seconds

